  [1m[35m (17.0ms)[0m  [1m[35mCREATE TABLE "schema_migrations" ("version" character varying NOT NULL PRIMARY KEY)[0m
  [1m[35m (22.9ms)[0m  [1m[35mCREATE TABLE "ar_internal_metadata" ("key" character varying NOT NULL PRIMARY KEY, "value" character varying, "created_at" timestamp NOT NULL, "updated_at" timestamp NOT NULL)[0m
  [1m[35m (0.3ms)[0m  [1m[34mSELECT pg_try_advisory_lock(723150122408807205)[0m
  [1m[35m (1.2ms)[0m  [1m[34mSELECT "schema_migrations"."version" FROM "schema_migrations" ORDER BY "schema_migrations"."version" ASC[0m
Migrating to CreateCats (20170713053554)
  [1m[35m (0.2ms)[0m  [1m[35mBEGIN[0m
  [1m[35m (22.5ms)[0m  [1m[35mCREATE TABLE "cats" ("id" bigserial primary key, "birth_date" date NOT NULL, "color" character varying NOT NULL, "name" character varying NOT NULL, "sex" character varying NOT NULL, "description" text, "created_at" timestamp NOT NULL, "updated_at" timestamp NOT NULL)[0m
  [1m[35mSQL (0.9ms)[0m  [1m[32mINSERT INTO "schema_migrations" ("version") VALUES ($1) RETURNING "version"[0m  [["version", "20170713053554"]]
  [1m[35m (1.9ms)[0m  [1m[35mCOMMIT[0m
Migrating to CreateCatRentalRequests (20170713053709)
  [1m[35m (10.7ms)[0m  [1m[35mBEGIN[0m
  [1m[35m (12.3ms)[0m  [1m[35mCREATE TABLE "cat_rental_requests" ("id" bigserial primary key, "cat_id" integer NOT NULL, "end_date" date NOT NULL, "start_date" date NOT NULL, "status" character varying NOT NULL, "created_at" timestamp NOT NULL, "updated_at" timestamp NOT NULL)[0m
  [1m[35m (5.2ms)[0m  [1m[35mCREATE  INDEX  "index_cat_rental_requests_on_cat_id" ON "cat_rental_requests"  ("cat_id")[0m
  [1m[35mSQL (0.8ms)[0m  [1m[32mINSERT INTO "schema_migrations" ("version") VALUES ($1) RETURNING "version"[0m  [["version", "20170713053709"]]
  [1m[35m (1.4ms)[0m  [1m[35mCOMMIT[0m
Migrating to CreateUsers (20180710222234)
  [1m[35m (6.3ms)[0m  [1m[34mSELECT pg_advisory_unlock(723150122408807205)[0m
Started GET "/" for 127.0.0.1 at 2018-07-10 16:29:47 -0700
  [1m[35m (1.1ms)[0m  [1m[34mSELECT "schema_migrations"."version" FROM "schema_migrations" ORDER BY "schema_migrations"."version" ASC[0m

ActiveRecord::PendingMigrationError - Migrations are pending. To resolve this issue, run:

        bin/rails db:migrate RAILS_ENV=development

:

Started POST "/__better_errors/5c8decdb4a03a7e0/variables" for 127.0.0.1 at 2018-07-10 16:29:49 -0700
  [1m[35m (0.3ms)[0m  [1m[34mSELECT pg_try_advisory_lock(723150122408807205)[0m
  [1m[35m (1.0ms)[0m  [1m[34mSELECT "schema_migrations"."version" FROM "schema_migrations" ORDER BY "schema_migrations"."version" ASC[0m
Migrating to CreateUsers (20180710222234)
  [1m[35m (0.5ms)[0m  [1m[34mSELECT pg_advisory_unlock(723150122408807205)[0m
  [1m[35m (6.4ms)[0m  [1m[34mSELECT "schema_migrations"."version" FROM "schema_migrations" ORDER BY "schema_migrations"."version" ASC[0m
  [1m[35m (5.2ms)[0m  [1m[34mSELECT "ar_internal_metadata"."value" FROM "ar_internal_metadata" WHERE "ar_internal_metadata"."key" = $1[0m  [["key", "environment"]]
  [1m[35m (1.1ms)[0m  [1m[34mSELECT "schema_migrations"."version" FROM "schema_migrations" ORDER BY "schema_migrations"."version" ASC[0m
  [1m[35m (0.5ms)[0m  [1m[34mSELECT "ar_internal_metadata"."value" FROM "ar_internal_metadata" WHERE "ar_internal_metadata"."key" = $1[0m  [["key", "environment"]]
  [1m[35m (1.1ms)[0m  [1m[34mSELECT "schema_migrations"."version" FROM "schema_migrations" ORDER BY "schema_migrations"."version" ASC[0m
  [1m[35m (0.5ms)[0m  [1m[34mSELECT "ar_internal_metadata"."value" FROM "ar_internal_metadata" WHERE "ar_internal_metadata"."key" = $1[0m  [["key", "environment"]]
  [1m[36mActiveRecord::InternalMetadata Load (2.9ms)[0m  [1m[34mSELECT  "ar_internal_metadata".* FROM "ar_internal_metadata" WHERE "ar_internal_metadata"."key" = $1 LIMIT $2[0m  [["key", "environment"], ["LIMIT", 1]]
  [1m[35m (0.2ms)[0m  [1m[35mBEGIN[0m
  [1m[35mSQL (0.9ms)[0m  [1m[32mINSERT INTO "ar_internal_metadata" ("key", "value", "created_at", "updated_at") VALUES ($1, $2, $3, $4) RETURNING "key"[0m  [["key", "environment"], ["value", "development"], ["created_at", "2018-07-10 23:32:38.342404"], ["updated_at", "2018-07-10 23:32:38.342404"]]
  [1m[35m (6.0ms)[0m  [1m[35mCOMMIT[0m
  [1m[35m (1.7ms)[0m  [1m[34mSELECT "schema_migrations"."version" FROM "schema_migrations" ORDER BY "schema_migrations"."version" ASC[0m
  [1m[35m (0.7ms)[0m  [1m[34mSELECT "ar_internal_metadata"."value" FROM "ar_internal_metadata" WHERE "ar_internal_metadata"."key" = $1[0m  [["key", "environment"]]
  [1m[35m (0.4ms)[0m  [1m[34mSELECT "schema_migrations"."version" FROM "schema_migrations" ORDER BY "schema_migrations"."version" ASC[0m
  [1m[35m (0.3ms)[0m  [1m[34mSELECT "ar_internal_metadata"."value" FROM "ar_internal_metadata" WHERE "ar_internal_metadata"."key" = $1[0m  [["key", "environment"]]
  [1m[35m (0.4ms)[0m  [1m[34mSELECT "schema_migrations"."version" FROM "schema_migrations" ORDER BY "schema_migrations"."version" ASC[0m
  [1m[35m (1.1ms)[0m  [1m[34mSELECT "ar_internal_metadata"."value" FROM "ar_internal_metadata" WHERE "ar_internal_metadata"."key" = $1[0m  [["key", "environment"]]
  [1m[35mSQL (16.2ms)[0m  [1m[35mCREATE EXTENSION IF NOT EXISTS "plpgsql"[0m
  [1m[35m (40.2ms)[0m  [1m[35mDROP TABLE IF EXISTS "cat_rental_requests" CASCADE[0m
  [1m[35m (27.2ms)[0m  [1m[35mCREATE TABLE "cat_rental_requests" ("id" bigserial primary key, "cat_id" integer NOT NULL, "end_date" date NOT NULL, "start_date" date NOT NULL, "status" character varying NOT NULL, "created_at" timestamp NOT NULL, "updated_at" timestamp NOT NULL)[0m
  [1m[35m (7.9ms)[0m  [1m[35mCREATE  INDEX  "index_cat_rental_requests_on_cat_id" ON "cat_rental_requests"  ("cat_id")[0m
  [1m[35m (6.6ms)[0m  [1m[35mDROP TABLE IF EXISTS "cats" CASCADE[0m
  [1m[35m (23.1ms)[0m  [1m[35mCREATE TABLE "cats" ("id" bigserial primary key, "birth_date" date NOT NULL, "color" character varying NOT NULL, "name" character varying NOT NULL, "sex" character varying NOT NULL, "description" text, "created_at" timestamp NOT NULL, "updated_at" timestamp NOT NULL)[0m
  [1m[35m (1.7ms)[0m  [1m[34mSELECT "schema_migrations"."version" FROM "schema_migrations" ORDER BY "schema_migrations"."version" ASC[0m
  [1m[36mActiveRecord::InternalMetadata Load (0.6ms)[0m  [1m[34mSELECT  "ar_internal_metadata".* FROM "ar_internal_metadata" WHERE "ar_internal_metadata"."key" = $1 LIMIT $2[0m  [["key", "environment"], ["LIMIT", 1]]
  [1m[35m (0.3ms)[0m  [1m[35mBEGIN[0m
  [1m[35m (0.2ms)[0m  [1m[35mCOMMIT[0m
  [1m[36mActiveRecord::InternalMetadata Load (0.3ms)[0m  [1m[34mSELECT  "ar_internal_metadata".* FROM "ar_internal_metadata" WHERE "ar_internal_metadata"."key" = $1 LIMIT $2[0m  [["key", "environment"], ["LIMIT", 1]]
  [1m[35m (0.2ms)[0m  [1m[35mBEGIN[0m
  [1m[35m (0.2ms)[0m  [1m[35mCOMMIT[0m
  [1m[35mSQL (6.9ms)[0m  [1m[35mCREATE EXTENSION IF NOT EXISTS "plpgsql"[0m
  [1m[35m (2.7ms)[0m  [1m[35mDROP TABLE IF EXISTS "cat_rental_requests" CASCADE[0m
  [1m[35m (92.0ms)[0m  [1m[35mCREATE TABLE "cat_rental_requests" ("id" bigserial primary key, "cat_id" integer NOT NULL, "end_date" date NOT NULL, "start_date" date NOT NULL, "status" character varying NOT NULL, "created_at" timestamp NOT NULL, "updated_at" timestamp NOT NULL)[0m
  [1m[35m (7.7ms)[0m  [1m[35mCREATE  INDEX  "index_cat_rental_requests_on_cat_id" ON "cat_rental_requests"  ("cat_id")[0m
  [1m[35m (0.4ms)[0m  [1m[35mDROP TABLE IF EXISTS "cats" CASCADE[0m
  [1m[35m (22.6ms)[0m  [1m[35mCREATE TABLE "cats" ("id" bigserial primary key, "birth_date" date NOT NULL, "color" character varying NOT NULL, "name" character varying NOT NULL, "sex" character varying NOT NULL, "description" text, "created_at" timestamp NOT NULL, "updated_at" timestamp NOT NULL)[0m
  [1m[35m (15.7ms)[0m  [1m[35mCREATE TABLE "schema_migrations" ("version" character varying NOT NULL PRIMARY KEY)[0m
  [1m[35m (3.8ms)[0m  [1m[34mSELECT "schema_migrations"."version" FROM "schema_migrations" ORDER BY "schema_migrations"."version" ASC[0m
  [1m[35m (3.3ms)[0m  [1m[32mINSERT INTO "schema_migrations" (version) VALUES (20170713053709)[0m
  [1m[35m (3.2ms)[0m  [1m[32mINSERT INTO "schema_migrations" (version) VALUES
(20170713053554);

[0m
  [1m[35m (20.8ms)[0m  [1m[35mCREATE TABLE "ar_internal_metadata" ("key" character varying NOT NULL PRIMARY KEY, "value" character varying, "created_at" timestamp NOT NULL, "updated_at" timestamp NOT NULL)[0m
  [1m[36mActiveRecord::InternalMetadata Load (1.2ms)[0m  [1m[34mSELECT  "ar_internal_metadata".* FROM "ar_internal_metadata" WHERE "ar_internal_metadata"."key" = $1 LIMIT $2[0m  [["key", "environment"], ["LIMIT", 1]]
  [1m[35m (0.4ms)[0m  [1m[35mBEGIN[0m
  [1m[35mSQL (1.2ms)[0m  [1m[32mINSERT INTO "ar_internal_metadata" ("key", "value", "created_at", "updated_at") VALUES ($1, $2, $3, $4) RETURNING "key"[0m  [["key", "environment"], ["value", "development"], ["created_at", "2018-07-10 23:32:44.326911"], ["updated_at", "2018-07-10 23:32:44.326911"]]
  [1m[35m (2.5ms)[0m  [1m[35mCOMMIT[0m
  [1m[36mActiveRecord::InternalMetadata Load (0.8ms)[0m  [1m[34mSELECT  "ar_internal_metadata".* FROM "ar_internal_metadata" WHERE "ar_internal_metadata"."key" = $1 LIMIT $2[0m  [["key", "environment"], ["LIMIT", 1]]
  [1m[35m (0.3ms)[0m  [1m[35mBEGIN[0m
  [1m[35mSQL (6.2ms)[0m  [1m[33mUPDATE "ar_internal_metadata" SET "value" = $1, "updated_at" = $2 WHERE "ar_internal_metadata"."key" = $3[0m  [["value", "test"], ["updated_at", "2018-07-10 23:32:44.337742"], ["key", "environment"]]
  [1m[35m (2.8ms)[0m  [1m[35mCOMMIT[0m
  [1m[35m (1.1ms)[0m  [1m[34mSELECT "schema_migrations"."version" FROM "schema_migrations" ORDER BY "schema_migrations"."version" ASC[0m
  [1m[35m (0.6ms)[0m  [1m[34mSELECT pg_try_advisory_lock(723150122408807205)[0m
  [1m[35m (1.6ms)[0m  [1m[34mSELECT "schema_migrations"."version" FROM "schema_migrations" ORDER BY "schema_migrations"."version" ASC[0m
Migrating to CreateUsers (20180710222234)
  [1m[35m (0.5ms)[0m  [1m[34mSELECT pg_advisory_unlock(723150122408807205)[0m
  [1m[35m (0.3ms)[0m  [1m[34mSELECT pg_try_advisory_lock(723150122408807205)[0m
  [1m[35m (2.7ms)[0m  [1m[34mSELECT "schema_migrations"."version" FROM "schema_migrations" ORDER BY "schema_migrations"."version" ASC[0m
Migrating to CreateUsers (20180710222234)
  [1m[35m (0.6ms)[0m  [1m[34mSELECT pg_advisory_unlock(723150122408807205)[0m
  [1m[35m (0.4ms)[0m  [1m[34mSELECT pg_try_advisory_lock(723150122408807205)[0m
  [1m[35m (1.1ms)[0m  [1m[34mSELECT "schema_migrations"."version" FROM "schema_migrations" ORDER BY "schema_migrations"."version" ASC[0m
Migrating to CreateUsers (20180710222234)
  [1m[35m (0.2ms)[0m  [1m[35mBEGIN[0m
  [1m[35m (22.5ms)[0m  [1m[35mCREATE TABLE "users" ("id" bigserial primary key, "session_token" character varying NOT NULL, "password_digest" character varying NOT NULL, "username" character varying NOT NULL, "created_at" timestamp NOT NULL, "updated_at" timestamp NOT NULL)[0m
  [1m[35m (4.0ms)[0m  [1m[31mROLLBACK[0m
  [1m[35m (0.5ms)[0m  [1m[34mSELECT pg_advisory_unlock(723150122408807205)[0m
  [1m[35m (0.3ms)[0m  [1m[34mSELECT pg_try_advisory_lock(723150122408807205)[0m
  [1m[35m (1.0ms)[0m  [1m[34mSELECT "schema_migrations"."version" FROM "schema_migrations" ORDER BY "schema_migrations"."version" ASC[0m
Migrating to CreateUsers (20180710222234)
  [1m[35m (0.3ms)[0m  [1m[35mBEGIN[0m
  [1m[35m (10.9ms)[0m  [1m[35mCREATE TABLE "users" ("id" bigserial primary key, "session_token" character varying NOT NULL, "password_digest" character varying NOT NULL, "username" character varying NOT NULL, "created_at" timestamp NOT NULL, "updated_at" timestamp NOT NULL)[0m
  [1m[35m (3.4ms)[0m  [1m[35mCREATE UNIQUE INDEX  "index_users_on_session_token" ON "users"  ("session_token")[0m
  [1m[35mSQL (0.5ms)[0m  [1m[32mINSERT INTO "schema_migrations" ("version") VALUES ($1) RETURNING "version"[0m  [["version", "20180710222234"]]
  [1m[35m (2.4ms)[0m  [1m[35mCOMMIT[0m
  [1m[36mActiveRecord::InternalMetadata Load (1.1ms)[0m  [1m[34mSELECT  "ar_internal_metadata".* FROM "ar_internal_metadata" WHERE "ar_internal_metadata"."key" = $1 LIMIT $2[0m  [["key", "environment"], ["LIMIT", 1]]
  [1m[35m (0.3ms)[0m  [1m[35mBEGIN[0m
  [1m[35m (0.2ms)[0m  [1m[35mCOMMIT[0m
  [1m[35m (0.3ms)[0m  [1m[34mSELECT pg_advisory_unlock(723150122408807205)[0m
  [1m[35m (0.4ms)[0m  [1m[34mSELECT "schema_migrations"."version" FROM "schema_migrations" ORDER BY "schema_migrations"."version" ASC[0m
Started GET "/users" for 127.0.0.1 at 2018-07-10 19:51:14 -0700
  [1m[35m (3.0ms)[0m  [1m[34mSELECT "schema_migrations"."version" FROM "schema_migrations" ORDER BY "schema_migrations"."version" ASC[0m
  
ActionController::RoutingError (No route matches [GET] "/users"):
  
actionpack (5.1.6) lib/action_dispatch/middleware/debug_exceptions.rb:63:in `call'
web-console (3.6.2) lib/web_console/middleware.rb:135:in `call_app'
web-console (3.6.2) lib/web_console/middleware.rb:30:in `block in call'
web-console (3.6.2) lib/web_console/middleware.rb:20:in `catch'
web-console (3.6.2) lib/web_console/middleware.rb:20:in `call'
actionpack (5.1.6) lib/action_dispatch/middleware/show_exceptions.rb:31:in `call'
railties (5.1.6) lib/rails/rack/logger.rb:36:in `call_app'
railties (5.1.6) lib/rails/rack/logger.rb:24:in `block in call'
activesupport (5.1.6) lib/active_support/tagged_logging.rb:69:in `block in tagged'
activesupport (5.1.6) lib/active_support/tagged_logging.rb:26:in `tagged'
activesupport (5.1.6) lib/active_support/tagged_logging.rb:69:in `tagged'
railties (5.1.6) lib/rails/rack/logger.rb:24:in `call'
sprockets-rails (3.2.1) lib/sprockets/rails/quiet_assets.rb:13:in `call'
actionpack (5.1.6) lib/action_dispatch/middleware/remote_ip.rb:79:in `call'
actionpack (5.1.6) lib/action_dispatch/middleware/request_id.rb:25:in `call'
rack (2.0.5) lib/rack/method_override.rb:22:in `call'
rack (2.0.5) lib/rack/runtime.rb:22:in `call'
activesupport (5.1.6) lib/active_support/cache/strategy/local_cache_middleware.rb:27:in `call'
actionpack (5.1.6) lib/action_dispatch/middleware/executor.rb:12:in `call'
actionpack (5.1.6) lib/action_dispatch/middleware/static.rb:125:in `call'
rack (2.0.5) lib/rack/sendfile.rb:111:in `call'
railties (5.1.6) lib/rails/engine.rb:522:in `call'
puma (3.11.4) lib/puma/configuration.rb:225:in `call'
puma (3.11.4) lib/puma/server.rb:632:in `handle_request'
puma (3.11.4) lib/puma/server.rb:446:in `process_client'
puma (3.11.4) lib/puma/server.rb:306:in `block in run'
puma (3.11.4) lib/puma/thread_pool.rb:120:in `block in spawn_thread'
Started GET "/users/new" for 127.0.0.1 at 2018-07-10 19:51:59 -0700
  [1m[35m (1.0ms)[0m  [1m[34mSELECT "schema_migrations"."version" FROM "schema_migrations" ORDER BY "schema_migrations"."version" ASC[0m
Processing by UsersController#new as HTML
  [1m[35m (0.4ms)[0m  [1m[35mBEGIN[0m
  [1m[35m (0.5ms)[0m  [1m[31mROLLBACK[0m
Completed 422 Unprocessable Entity in 54ms (ActiveRecord: 9.2ms)



ActiveRecord::RecordInvalid - Validation failed: Password is too short (minimum is 6 characters):
  app/models/user.rb:21:in `ensure_session_token'
  app/controllers/users_controller.rb:3:in `new'

Started POST "/__better_errors/4bf273c0c47edf91/variables" for 127.0.0.1 at 2018-07-10 19:52:00 -0700
Started GET "/users/new" for 127.0.0.1 at 2018-07-10 19:52:22 -0700
Processing by UsersController#new as HTML
  Rendering users/new.html.erb within layouts/application
  Rendered users/new.html.erb within layouts/application (3.7ms)
Completed 200 OK in 1447ms (Views: 1441.4ms | ActiveRecord: 0.0ms)


Started GET "/cats" for 127.0.0.1 at 2018-07-10 20:01:13 -0700
Processing by CatsController#index as HTML
  Rendering cats/index.html.erb within layouts/application
  [1m[36mCat Load (16.1ms)[0m  [1m[34mSELECT "cats".* FROM "cats"[0m
  Rendered cats/index.html.erb within layouts/application (56.6ms)
Completed 200 OK in 183ms (Views: 110.6ms | ActiveRecord: 50.4ms)


Started GET "/cats/new" for 127.0.0.1 at 2018-07-10 20:01:17 -0700
Processing by CatsController#new as HTML
  Rendering cats/new.html.erb within layouts/application
  Rendered shared/_errors.html.erb (1.3ms)
  Rendered cats/_form.html.erb (1.6ms)
  Rendered cats/new.html.erb within layouts/application (14.7ms)
Completed 200 OK in 100ms (Views: 58.1ms | ActiveRecord: 9.2ms)


Started GET "/cats" for 127.0.0.1 at 2018-07-10 21:28:38 -0700
  [1m[35m (9.4ms)[0m  [1m[34mSELECT "schema_migrations"."version" FROM "schema_migrations" ORDER BY "schema_migrations"."version" ASC[0m
Processing by CatsController#index as HTML
  Rendering cats/index.html.erb within layouts/application
  [1m[36mCat Load (0.8ms)[0m  [1m[34mSELECT "cats".* FROM "cats"[0m
  Rendered cats/index.html.erb within layouts/application (15.1ms)
Completed 200 OK in 588ms (Views: 558.3ms | ActiveRecord: 7.7ms)


Started GET "/users/new" for 127.0.0.1 at 2018-07-10 21:28:48 -0700
Processing by UsersController#new as HTML
  Rendering users/new.html.erb within layouts/application
  Rendered users/new.html.erb within layouts/application (0.6ms)
Completed 200 OK in 64ms (Views: 55.2ms | ActiveRecord: 0.0ms)


Started GET "/users/new" for 127.0.0.1 at 2018-07-10 21:29:27 -0700
Processing by UsersController#new as HTML
  Rendering users/new.html.erb within layouts/application
  Rendered users/new.html.erb within layouts/application (1.0ms)
Completed 200 OK in 91ms (Views: 85.3ms | ActiveRecord: 0.0ms)


  [1m[36mUser Load (16.7ms)[0m  [1m[34mSELECT  "users".* FROM "users" ORDER BY "users"."id" ASC LIMIT $1[0m  [["LIMIT", 1]]
Started GET "/users/new" for 127.0.0.1 at 2018-07-11 10:51:22 -0700
  [1m[35m (1.2ms)[0m  [1m[34mSELECT "schema_migrations"."version" FROM "schema_migrations" ORDER BY "schema_migrations"."version" ASC[0m
Processing by UsersController#new as HTML
  Rendering users/new.html.erb within layouts/application
  Rendered users/new.html.erb within layouts/application (4.7ms)
Completed 200 OK in 504ms (Views: 495.2ms | ActiveRecord: 0.0ms)


Started GET "/users" for 127.0.0.1 at 2018-07-11 10:51:24 -0700
  
ActionController::RoutingError (No route matches [GET] "/users"):
  
actionpack (5.1.6) lib/action_dispatch/middleware/debug_exceptions.rb:63:in `call'
web-console (3.6.2) lib/web_console/middleware.rb:135:in `call_app'
web-console (3.6.2) lib/web_console/middleware.rb:30:in `block in call'
web-console (3.6.2) lib/web_console/middleware.rb:20:in `catch'
web-console (3.6.2) lib/web_console/middleware.rb:20:in `call'
actionpack (5.1.6) lib/action_dispatch/middleware/show_exceptions.rb:31:in `call'
railties (5.1.6) lib/rails/rack/logger.rb:36:in `call_app'
railties (5.1.6) lib/rails/rack/logger.rb:24:in `block in call'
activesupport (5.1.6) lib/active_support/tagged_logging.rb:69:in `block in tagged'
activesupport (5.1.6) lib/active_support/tagged_logging.rb:26:in `tagged'
activesupport (5.1.6) lib/active_support/tagged_logging.rb:69:in `tagged'
railties (5.1.6) lib/rails/rack/logger.rb:24:in `call'
sprockets-rails (3.2.1) lib/sprockets/rails/quiet_assets.rb:13:in `call'
actionpack (5.1.6) lib/action_dispatch/middleware/remote_ip.rb:79:in `call'
actionpack (5.1.6) lib/action_dispatch/middleware/request_id.rb:25:in `call'
rack (2.0.5) lib/rack/method_override.rb:22:in `call'
rack (2.0.5) lib/rack/runtime.rb:22:in `call'
activesupport (5.1.6) lib/active_support/cache/strategy/local_cache_middleware.rb:27:in `call'
actionpack (5.1.6) lib/action_dispatch/middleware/executor.rb:12:in `call'
actionpack (5.1.6) lib/action_dispatch/middleware/static.rb:125:in `call'
rack (2.0.5) lib/rack/sendfile.rb:111:in `call'
railties (5.1.6) lib/rails/engine.rb:522:in `call'
puma (3.11.4) lib/puma/configuration.rb:225:in `call'
puma (3.11.4) lib/puma/server.rb:632:in `handle_request'
puma (3.11.4) lib/puma/server.rb:446:in `process_client'
puma (3.11.4) lib/puma/server.rb:306:in `block in run'
puma (3.11.4) lib/puma/thread_pool.rb:120:in `block in spawn_thread'
Started GET "/users/new" for 127.0.0.1 at 2018-07-11 10:51:28 -0700
Processing by UsersController#new as HTML
  Rendering users/new.html.erb within layouts/application
  Rendered users/new.html.erb within layouts/application (0.4ms)
Completed 200 OK in 34ms (Views: 30.1ms | ActiveRecord: 0.0ms)


Started GET "/users/new" for 127.0.0.1 at 2018-07-11 10:53:58 -0700
  [1m[35m (1.9ms)[0m  [1m[34mSELECT "schema_migrations"."version" FROM "schema_migrations" ORDER BY "schema_migrations"."version" ASC[0m
Processing by UsersController#new as HTML
  [1m[35m (0.6ms)[0m  [1m[35mBEGIN[0m
  [1m[35mSQL (16.9ms)[0m  [1m[32mINSERT INTO "users" ("session_token", "created_at", "updated_at") VALUES ($1, $2, $3) RETURNING "id"[0m  [["session_token", "apAL2FvEkXEeZtydHv46qw"], ["created_at", "2018-07-11 17:54:05.374361"], ["updated_at", "2018-07-11 17:54:05.374361"]]
  [1m[35m (0.5ms)[0m  [1m[31mROLLBACK[0m
Completed 500 Internal Server Error in 5701ms (ActiveRecord: 33.1ms)



PG::NotNullViolation - ERROR:  null value in column "password_digest" violates not-null constraint
DETAIL:  Failing row contains (1, apAL2FvEkXEeZtydHv46qw, null, null, 2018-07-11 17:54:05.374361, 2018-07-11 17:54:05.374361).
:
  app/models/user.rb:23:in `reset_session_token!'
  app/controllers/users_controller.rb:3:in `new'

Started POST "/__better_errors/760dd9eca96fbda3/variables" for 127.0.0.1 at 2018-07-11 10:54:05 -0700
Started GET "/users/new" for 127.0.0.1 at 2018-07-11 10:54:18 -0700
Processing by UsersController#new as HTML
Started GET "/users/new" for 127.0.0.1 at 2018-07-11 10:54:27 -0700
  [1m[35m (0.5ms)[0m  [1m[35mBEGIN[0m
Processing by UsersController#new as HTML
  [1m[35mSQL (611.7ms)[0m  [1m[32mINSERT INTO "users" ("session_token", "created_at", "updated_at") VALUES ($1, $2, $3) RETURNING "id"[0m  [["session_token", "aB1XMBbUnoQdWvvZLeFWIw"], ["created_at", "2018-07-11 17:54:27.991503"], ["updated_at", "2018-07-11 17:54:27.991503"]]
  [1m[35m (0.5ms)[0m  [1m[31mROLLBACK[0m
Completed 500 Internal Server Error in 9918ms (ActiveRecord: 612.7ms)



PG::NotNullViolation - ERROR:  null value in column "password_digest" violates not-null constraint
DETAIL:  Failing row contains (2, aB1XMBbUnoQdWvvZLeFWIw, null, null, 2018-07-11 17:54:27.991503, 2018-07-11 17:54:27.991503).
:
  app/models/user.rb:23:in `reset_session_token!'
  app/controllers/users_controller.rb:3:in `new'

  [1m[35m (0.1ms)[0m  [1m[35mBEGIN[0m
  [1m[35mSQL (2.0ms)[0m  [1m[32mINSERT INTO "users" ("session_token", "created_at", "updated_at") VALUES ($1, $2, $3) RETURNING "id"[0m  [["session_token", "cPgZ5bQqiirh8gYSONlvZg"], ["created_at", "2018-07-11 17:54:28.639222"], ["updated_at", "2018-07-11 17:54:28.639222"]]
  [1m[35m (0.3ms)[0m  [1m[31mROLLBACK[0m
Completed 500 Internal Server Error in 650ms (ActiveRecord: 17.1ms)



PG::NotNullViolation - ERROR:  null value in column "password_digest" violates not-null constraint
DETAIL:  Failing row contains (3, cPgZ5bQqiirh8gYSONlvZg, null, null, 2018-07-11 17:54:28.639222, 2018-07-11 17:54:28.639222).
:
  app/models/user.rb:23:in `reset_session_token!'
  app/controllers/users_controller.rb:3:in `new'

Started POST "/__better_errors/fb88c9886f2bcd28/variables" for 127.0.0.1 at 2018-07-11 10:54:28 -0700
Started GET "/users/new" for 127.0.0.1 at 2018-07-11 10:55:12 -0700
Processing by UsersController#new as HTML
  [1m[35m (0.6ms)[0m  [1m[35mBEGIN[0m
  [1m[35mSQL (7.3ms)[0m  [1m[32mINSERT INTO "users" ("session_token", "created_at", "updated_at") VALUES ($1, $2, $3) RETURNING "id"[0m  [["session_token", "5m_A_pGNFFptjoIGDQ3P0w"], ["created_at", "2018-07-11 17:55:34.541268"], ["updated_at", "2018-07-11 17:55:34.541268"]]
  [1m[35m (0.3ms)[0m  [1m[31mROLLBACK[0m
Completed 500 Internal Server Error in 21664ms (ActiveRecord: 14.5ms)



PG::NotNullViolation - ERROR:  null value in column "password_digest" violates not-null constraint
DETAIL:  Failing row contains (4, 5m_A_pGNFFptjoIGDQ3P0w, null, null, 2018-07-11 17:55:34.541268, 2018-07-11 17:55:34.541268).
:
  app/models/user.rb:23:in `reset_session_token!'
  app/controllers/users_controller.rb:3:in `new'

Started POST "/__better_errors/5ba4d921a0a95ad7/variables" for 127.0.0.1 at 2018-07-11 10:55:34 -0700
Started GET "/users/new" for 127.0.0.1 at 2018-07-11 10:56:42 -0700
Processing by UsersController#new as HTML
  [1m[35m (0.4ms)[0m  [1m[35mBEGIN[0m
  [1m[35mSQL (7.6ms)[0m  [1m[32mINSERT INTO "users" ("session_token", "created_at", "updated_at") VALUES ($1, $2, $3) RETURNING "id"[0m  [["session_token", "TtfZOJQ6Xl6rWrlLdUsEug"], ["created_at", "2018-07-11 17:56:46.222263"], ["updated_at", "2018-07-11 17:56:46.222263"]]
  [1m[35m (0.3ms)[0m  [1m[31mROLLBACK[0m
Completed 500 Internal Server Error in 4143ms (ActiveRecord: 8.3ms)



PG::NotNullViolation - ERROR:  null value in column "password_digest" violates not-null constraint
DETAIL:  Failing row contains (5, TtfZOJQ6Xl6rWrlLdUsEug, null, null, 2018-07-11 17:56:46.222263, 2018-07-11 17:56:46.222263).
:
  app/models/user.rb:22:in `reset_session_token!'
  app/controllers/users_controller.rb:3:in `new'

Started POST "/__better_errors/8a441d0a79b6c3ec/variables" for 127.0.0.1 at 2018-07-11 10:56:46 -0700
Started GET "/users/new" for 127.0.0.1 at 2018-07-11 11:02:32 -0700
  [1m[35m (10.2ms)[0m  [1m[34mSELECT "schema_migrations"."version" FROM "schema_migrations" ORDER BY "schema_migrations"."version" ASC[0m
Processing by UsersController#new as HTML
Started GET "/users/new" for 127.0.0.1 at 2018-07-11 11:02:47 -0700
Processing by UsersController#new as HTML
  Rendering users/new.html.erb within layouts/application
  Rendering users/new.html.erb within layouts/application
  Rendered users/new.html.erb within layouts/application (3.9ms)
  Rendered users/new.html.erb within layouts/application (3.4ms)
Completed 200 OK in 1354ms (Views: 477.4ms | ActiveRecord: 0.0ms)


Completed 200 OK in 14876ms (Views: 1356.0ms | ActiveRecord: 9.1ms)


Started POST "/users" for 127.0.0.1 at 2018-07-11 11:02:56 -0700
Processing by UsersController#create as HTML
  Parameters: {"user"=>{"username"=>"username", "password"=>"[FILTERED]"}}
  [1m[35m (0.2ms)[0m  [1m[35mBEGIN[0m
  [1m[36mUser Exists (14.5ms)[0m  [1m[34mSELECT  1 AS one FROM "users" WHERE "users"."username" = $1 LIMIT $2[0m  [["username", "username"], ["LIMIT", 1]]
  [1m[36mUser Exists (0.9ms)[0m  [1m[34mSELECT  1 AS one FROM "users" WHERE "users"."session_token" = $1 LIMIT $2[0m  [["session_token", "me-nOh89bFLf4oKhv1imKw"], ["LIMIT", 1]]
  [1m[35mSQL (20.9ms)[0m  [1m[32mINSERT INTO "users" ("session_token", "password_digest", "username", "created_at", "updated_at") VALUES ($1, $2, $3, $4, $5) RETURNING "id"[0m  [["session_token", "me-nOh89bFLf4oKhv1imKw"], ["password_digest", "$2a$10$oWAT9W.VnwByXbkbY.tlBO4uYrGXH6jzucZ5oyTE8p6z5RVL0pYw2"], ["username", "username"], ["created_at", "2018-07-11 18:03:04.317604"], ["updated_at", "2018-07-11 18:03:04.317604"]]
  [1m[35m (2.8ms)[0m  [1m[35mCOMMIT[0m
Completed 500 Internal Server Error in 10920ms (ActiveRecord: 50.6ms)



NoMethodError - undefined method `login!' for #<UsersController:0x007ff1d5c829f8>:
  app/controllers/users_controller.rb:12:in `create'

Started POST "/__better_errors/ba7bf731ff9b734f/variables" for 127.0.0.1 at 2018-07-11 11:03:07 -0700
Started POST "/users" for 127.0.0.1 at 2018-07-11 11:15:41 -0700
Processing by UsersController#create as HTML
  Parameters: {"user"=>{"username"=>"username", "password"=>"[FILTERED]"}}
Can't verify CSRF token authenticity.
Completed 422 Unprocessable Entity in 2ms (ActiveRecord: 0.0ms)



ActionController::InvalidAuthenticityToken - ActionController::InvalidAuthenticityToken:

Started POST "/__better_errors/c0c41638075ce648/variables" for 127.0.0.1 at 2018-07-11 11:15:52 -0700
Started GET "/users/new" for 127.0.0.1 at 2018-07-11 11:15:57 -0700
Processing by UsersController#new as HTML
  Rendering users/new.html.erb within layouts/application
  Rendered users/new.html.erb within layouts/application (0.6ms)
Completed 200 OK in 115ms (Views: 66.5ms | ActiveRecord: 18.2ms)


Started GET "/users/new" for 127.0.0.1 at 2018-07-11 11:16:06 -0700
Processing by UsersController#new as HTML
  Rendering users/new.html.erb within layouts/application
  Rendered users/new.html.erb within layouts/application (0.9ms)
Completed 200 OK in 113ms (Views: 85.2ms | ActiveRecord: 0.0ms)


Started POST "/users" for 127.0.0.1 at 2018-07-11 11:16:15 -0700
Processing by UsersController#create as HTML
  Parameters: {"user"=>{"username"=>"username", "password"=>"[FILTERED]"}}
  [1m[35m (0.3ms)[0m  [1m[35mBEGIN[0m
  [1m[36mUser Exists (1.2ms)[0m  [1m[34mSELECT  1 AS one FROM "users" WHERE "users"."username" = $1 LIMIT $2[0m  [["username", "username"], ["LIMIT", 1]]
  [1m[36mUser Exists (0.9ms)[0m  [1m[34mSELECT  1 AS one FROM "users" WHERE "users"."session_token" = $1 LIMIT $2[0m  [["session_token", "ywnmAno1iP5CPXExCX6O1Q"], ["LIMIT", 1]]
  [1m[35m (0.2ms)[0m  [1m[31mROLLBACK[0m
Completed 500 Internal Server Error in 116ms (ActiveRecord: 2.6ms)



NoMethodError - undefined method `<<' for nil:NilClass:
  app/controllers/users_controller.rb:13:in `create'

Started POST "/__better_errors/6729ca4ae0a5eb24/variables" for 127.0.0.1 at 2018-07-11 11:16:15 -0700
Started GET "/users.new" for 127.0.0.1 at 2018-07-11 11:16:36 -0700
  
ActionController::RoutingError (No route matches [GET] "/users.new"):
  
actionpack (5.1.6) lib/action_dispatch/middleware/debug_exceptions.rb:63:in `call'
web-console (3.6.2) lib/web_console/middleware.rb:135:in `call_app'
web-console (3.6.2) lib/web_console/middleware.rb:30:in `block in call'
web-console (3.6.2) lib/web_console/middleware.rb:20:in `catch'
web-console (3.6.2) lib/web_console/middleware.rb:20:in `call'
actionpack (5.1.6) lib/action_dispatch/middleware/show_exceptions.rb:31:in `call'
railties (5.1.6) lib/rails/rack/logger.rb:36:in `call_app'
railties (5.1.6) lib/rails/rack/logger.rb:24:in `block in call'
activesupport (5.1.6) lib/active_support/tagged_logging.rb:69:in `block in tagged'
activesupport (5.1.6) lib/active_support/tagged_logging.rb:26:in `tagged'
activesupport (5.1.6) lib/active_support/tagged_logging.rb:69:in `tagged'
railties (5.1.6) lib/rails/rack/logger.rb:24:in `call'
sprockets-rails (3.2.1) lib/sprockets/rails/quiet_assets.rb:13:in `call'
actionpack (5.1.6) lib/action_dispatch/middleware/remote_ip.rb:79:in `call'
actionpack (5.1.6) lib/action_dispatch/middleware/request_id.rb:25:in `call'
rack (2.0.5) lib/rack/method_override.rb:22:in `call'
rack (2.0.5) lib/rack/runtime.rb:22:in `call'
activesupport (5.1.6) lib/active_support/cache/strategy/local_cache_middleware.rb:27:in `call'
actionpack (5.1.6) lib/action_dispatch/middleware/executor.rb:12:in `call'
actionpack (5.1.6) lib/action_dispatch/middleware/static.rb:125:in `call'
rack (2.0.5) lib/rack/sendfile.rb:111:in `call'
railties (5.1.6) lib/rails/engine.rb:522:in `call'
puma (3.11.4) lib/puma/configuration.rb:225:in `call'
puma (3.11.4) lib/puma/server.rb:632:in `handle_request'
puma (3.11.4) lib/puma/server.rb:446:in `process_client'
puma (3.11.4) lib/puma/server.rb:306:in `block in run'
puma (3.11.4) lib/puma/thread_pool.rb:120:in `block in spawn_thread'
Started GET "/users/new" for 127.0.0.1 at 2018-07-11 11:16:39 -0700
Processing by UsersController#new as HTML
  Rendering users/new.html.erb within layouts/application
  Rendered users/new.html.erb within layouts/application (1.2ms)
Completed 200 OK in 123ms (Views: 80.4ms | ActiveRecord: 8.0ms)


Started POST "/users" for 127.0.0.1 at 2018-07-11 11:16:47 -0700
Processing by UsersController#create as HTML
  Parameters: {"user"=>{"username"=>"username2", "password"=>"[FILTERED]"}}
  [1m[35m (0.3ms)[0m  [1m[35mBEGIN[0m
  [1m[36mUser Exists (1.0ms)[0m  [1m[34mSELECT  1 AS one FROM "users" WHERE "users"."username" = $1 LIMIT $2[0m  [["username", "username2"], ["LIMIT", 1]]
  [1m[36mUser Exists (1.0ms)[0m  [1m[34mSELECT  1 AS one FROM "users" WHERE "users"."session_token" = $1 LIMIT $2[0m  [["session_token", "F-jKZmptPD9igP9pBR3ftw"], ["LIMIT", 1]]
  [1m[35mSQL (1.1ms)[0m  [1m[32mINSERT INTO "users" ("session_token", "password_digest", "username", "created_at", "updated_at") VALUES ($1, $2, $3, $4, $5) RETURNING "id"[0m  [["session_token", "F-jKZmptPD9igP9pBR3ftw"], ["password_digest", "$2a$10$DiRJymgoodPrdww1YImMM.CzJlmn4e.PcjpjYjoaiAX3E5UIunU/S"], ["username", "username2"], ["created_at", "2018-07-11 18:16:58.503492"], ["updated_at", "2018-07-11 18:16:58.503492"]]
  [1m[35m (8.9ms)[0m  [1m[35mCOMMIT[0m
  [1m[35m (0.4ms)[0m  [1m[35mBEGIN[0m
  [1m[36mUser Exists (1.5ms)[0m  [1m[34mSELECT  1 AS one FROM "users" WHERE "users"."username" = $1 AND ("users"."id" != $2) LIMIT $3[0m  [["username", "username2"], ["id", 7], ["LIMIT", 1]]
  [1m[36mUser Exists (0.9ms)[0m  [1m[34mSELECT  1 AS one FROM "users" WHERE "users"."session_token" = $1 AND ("users"."id" != $2) LIMIT $3[0m  [["session_token", "iqh4J6a2dePGsKI6teyLtw"], ["id", 7], ["LIMIT", 1]]
  [1m[35mSQL (14.4ms)[0m  [1m[33mUPDATE "users" SET "session_token" = $1, "updated_at" = $2 WHERE "users"."id" = $3[0m  [["session_token", "iqh4J6a2dePGsKI6teyLtw"], ["updated_at", "2018-07-11 18:17:00.478119"], ["id", 7]]
  [1m[35m (2.1ms)[0m  [1m[35mCOMMIT[0m
Completed 500 Internal Server Error in 12712ms (ActiveRecord: 31.7ms)



NoMethodError - undefined method `user_url' for #<UsersController:0x007ff1dc1abdc0>
Did you mean?  users_url:
  app/controllers/users_controller.rb:12:in `create'

Started POST "/__better_errors/f83716dad93d67de/variables" for 127.0.0.1 at 2018-07-11 11:17:00 -0700
Started POST "/users" for 127.0.0.1 at 2018-07-11 11:24:04 -0700
Processing by UsersController#create as HTML
  Parameters: {"user"=>{"username"=>"username3", "password"=>"[FILTERED]"}}
  [1m[35m (0.6ms)[0m  [1m[35mBEGIN[0m
  [1m[36mUser Exists (2.4ms)[0m  [1m[34mSELECT  1 AS one FROM "users" WHERE "users"."username" = $1 LIMIT $2[0m  [["username", "username3"], ["LIMIT", 1]]
  [1m[36mUser Exists (1.0ms)[0m  [1m[34mSELECT  1 AS one FROM "users" WHERE "users"."session_token" = $1 LIMIT $2[0m  [["session_token", "iOU8zuHVLl04YgTsV6vYrQ"], ["LIMIT", 1]]
  [1m[35mSQL (1.3ms)[0m  [1m[32mINSERT INTO "users" ("session_token", "password_digest", "username", "created_at", "updated_at") VALUES ($1, $2, $3, $4, $5) RETURNING "id"[0m  [["session_token", "iOU8zuHVLl04YgTsV6vYrQ"], ["password_digest", "$2a$10$9jcho4QfIutQjVU1aUGo/.STAnkAor5t9ez5wlXs0.spA4ya15kh."], ["username", "username3"], ["created_at", "2018-07-11 18:24:09.641416"], ["updated_at", "2018-07-11 18:24:09.641416"]]
  [1m[35m (9.0ms)[0m  [1m[35mCOMMIT[0m
  [1m[35m (0.4ms)[0m  [1m[35mBEGIN[0m
  [1m[36mUser Exists (1.1ms)[0m  [1m[34mSELECT  1 AS one FROM "users" WHERE "users"."username" = $1 AND ("users"."id" != $2) LIMIT $3[0m  [["username", "username3"], ["id", 8], ["LIMIT", 1]]
  [1m[36mUser Exists (1.1ms)[0m  [1m[34mSELECT  1 AS one FROM "users" WHERE "users"."session_token" = $1 AND ("users"."id" != $2) LIMIT $3[0m  [["session_token", "0Ri-aKix2MrvFBGx50FtRw"], ["id", 8], ["LIMIT", 1]]
  [1m[35mSQL (1.2ms)[0m  [1m[33mUPDATE "users" SET "session_token" = $1, "updated_at" = $2 WHERE "users"."id" = $3[0m  [["session_token", "0Ri-aKix2MrvFBGx50FtRw"], ["updated_at", "2018-07-11 18:24:10.509836"], ["id", 8]]
  [1m[35m (13.3ms)[0m  [1m[35mCOMMIT[0m
Redirected to http://localhost:3000/cats
Completed 302 Found in 5482ms (ActiveRecord: 38.1ms)


Started GET "/cats" for 127.0.0.1 at 2018-07-11 11:24:10 -0700
Processing by CatsController#index as HTML
  Rendering cats/index.html.erb within layouts/application
  [1m[36mCat Load (1.3ms)[0m  [1m[34mSELECT "cats".* FROM "cats"[0m
  Rendered cats/index.html.erb within layouts/application (14.2ms)
Completed 200 OK in 140ms (Views: 92.1ms | ActiveRecord: 9.7ms)


Started GET "/session/new" for 127.0.0.1 at 2018-07-11 11:35:13 -0700

NameError - uninitialized constant SessionController:

Started POST "/__better_errors/34359bed8870b892/variables" for 127.0.0.1 at 2018-07-11 11:35:13 -0700
Started GET "/session/new" for 127.0.0.1 at 2018-07-11 11:37:41 -0700

SyntaxError - syntax error, unexpected ')', expecting keyword_end:
  app/controllers/sessions_controller.rb:20:in `'

Started POST "/__better_errors/8639574e611c1286/variables" for 127.0.0.1 at 2018-07-11 11:37:41 -0700
Started GET "/session/new" for 127.0.0.1 at 2018-07-11 11:37:44 -0700

SyntaxError - syntax error, unexpected ')', expecting keyword_end:
  app/controllers/sessions_controller.rb:20:in `'

Started POST "/__better_errors/fbb59cd799d805d0/variables" for 127.0.0.1 at 2018-07-11 11:37:44 -0700
Started GET "/session/new" for 127.0.0.1 at 2018-07-11 11:39:53 -0700

SyntaxError - syntax error, unexpected ')', expecting keyword_end:
  app/controllers/sessions_controller.rb:21:in `'

Started POST "/__better_errors/5c4fbf9a4349d84f/variables" for 127.0.0.1 at 2018-07-11 11:39:53 -0700
Started GET "/session/new" for 127.0.0.1 at 2018-07-11 11:40:32 -0700
Processing by SessionsController#new as HTML
  Rendering sessions/new.html.erb within layouts/application
  Rendered sessions/new.html.erb within layouts/application (1.3ms)
Completed 200 OK in 95ms (Views: 88.2ms | ActiveRecord: 0.0ms)


Started POST "/session" for 127.0.0.1 at 2018-07-11 11:40:39 -0700
Processing by SessionsController#create as HTML
  Parameters: {"user"=>{"username"=>"username3", "password"=>"[FILTERED]"}}
  [1m[36mUser Load (0.8ms)[0m  [1m[34mSELECT  "users".* FROM "users" WHERE "users"."username" = $1 LIMIT $2[0m  [["username", "username3"], ["LIMIT", 1]]
Completed 500 Internal Server Error in 352ms (ActiveRecord: 8.0ms)



NameError - undefined local variable or method `user' for #<SessionsController:0x007ff1d53c86c8>
Did you mean?  @user:
  app/controllers/sessions_controller.rb:11:in `create'

Started POST "/__better_errors/494f5621737c7376/variables" for 127.0.0.1 at 2018-07-11 11:40:40 -0700
Started POST "/session" for 127.0.0.1 at 2018-07-11 11:40:51 -0700
Processing by SessionsController#create as HTML
  Parameters: {"user"=>{"username"=>"username3", "password"=>"[FILTERED]"}}
  [1m[36mUser Load (0.9ms)[0m  [1m[34mSELECT  "users".* FROM "users" WHERE "users"."username" = $1 LIMIT $2[0m  [["username", "username3"], ["LIMIT", 1]]
  [1m[35m (0.2ms)[0m  [1m[35mBEGIN[0m
  [1m[36mUser Exists (0.5ms)[0m  [1m[34mSELECT  1 AS one FROM "users" WHERE "users"."username" = $1 AND ("users"."id" != $2) LIMIT $3[0m  [["username", "username3"], ["id", 8], ["LIMIT", 1]]
  [1m[36mUser Exists (0.5ms)[0m  [1m[34mSELECT  1 AS one FROM "users" WHERE "users"."session_token" = $1 AND ("users"."id" != $2) LIMIT $3[0m  [["session_token", "BELC8Lf31xKxOpdI4DMI7g"], ["id", 8], ["LIMIT", 1]]
  [1m[35mSQL (3.2ms)[0m  [1m[33mUPDATE "users" SET "session_token" = $1, "updated_at" = $2 WHERE "users"."id" = $3[0m  [["session_token", "BELC8Lf31xKxOpdI4DMI7g"], ["updated_at", "2018-07-11 18:40:51.485643"], ["id", 8]]
  [1m[35m (3.5ms)[0m  [1m[35mCOMMIT[0m
Redirected to http://localhost:3000/cats
Completed 302 Found in 106ms (ActiveRecord: 8.8ms)


Started GET "/cats" for 127.0.0.1 at 2018-07-11 11:40:51 -0700
Processing by CatsController#index as HTML
  Rendering cats/index.html.erb within layouts/application
  [1m[36mCat Load (0.4ms)[0m  [1m[34mSELECT "cats".* FROM "cats"[0m
  Rendered cats/index.html.erb within layouts/application (4.9ms)
Completed 200 OK in 47ms (Views: 34.0ms | ActiveRecord: 2.7ms)


Started POST "/session" for 127.0.0.1 at 2018-07-11 11:41:00 -0700
Processing by SessionsController#create as HTML
  Parameters: {"user"=>{"username"=>"username3", "password"=>"[FILTERED]"}}
  [1m[36mUser Load (1.6ms)[0m  [1m[34mSELECT  "users".* FROM "users" WHERE "users"."username" = $1 LIMIT $2[0m  [["username", "username3"], ["LIMIT", 1]]
Completed 500 Internal Server Error in 100ms (ActiveRecord: 9.7ms)



NoMethodError - undefined method `<<' for nil:NilClass:
  app/controllers/sessions_controller.rb:14:in `create'

Started POST "/__better_errors/a2fd470a2a036731/variables" for 127.0.0.1 at 2018-07-11 11:41:01 -0700
Started POST "/session" for 127.0.0.1 at 2018-07-11 11:41:16 -0700
Processing by SessionsController#create as HTML
  Parameters: {"user"=>{"username"=>"username3", "password"=>"[FILTERED]"}}
  [1m[36mUser Load (0.7ms)[0m  [1m[34mSELECT  "users".* FROM "users" WHERE "users"."username" = $1 LIMIT $2[0m  [["username", "username3"], ["LIMIT", 1]]
Completed 500 Internal Server Error in 98ms (ActiveRecord: 0.7ms)



NoMethodError - undefined method `<<' for nil:NilClass:
  app/controllers/sessions_controller.rb:14:in `create'

Started POST "/__better_errors/c4b9eeb6cbd1aedd/variables" for 127.0.0.1 at 2018-07-11 11:41:17 -0700
Started POST "/session" for 127.0.0.1 at 2018-07-11 11:41:40 -0700
Processing by SessionsController#create as HTML
  Parameters: {"user"=>{"username"=>"username3", "password"=>"[FILTERED]"}}
  [1m[36mUser Load (0.4ms)[0m  [1m[34mSELECT  "users".* FROM "users" WHERE "users"."username" = $1 LIMIT $2[0m  [["username", "username3"], ["LIMIT", 1]]
  Rendering sessions/new.html.erb within layouts/application
  Rendered sessions/new.html.erb within layouts/application (0.6ms)
Completed 200 OK in 123ms (Views: 33.9ms | ActiveRecord: 0.4ms)


Started POST "/session" for 127.0.0.1 at 2018-07-11 11:42:48 -0700
Processing by SessionsController#create as HTML
  Parameters: {"user"=>{"username"=>"username3", "password"=>"[FILTERED]"}}
  [1m[36mUser Load (0.4ms)[0m  [1m[34mSELECT  "users".* FROM "users" WHERE "users"."username" = $1 LIMIT $2[0m  [["username", "username3"], ["LIMIT", 1]]
  Rendering sessions/new.html.erb within layouts/application
  Rendered sessions/new.html.erb within layouts/application (0.5ms)
Completed 200 OK in 167ms (Views: 73.2ms | ActiveRecord: 0.4ms)


Started POST "/session" for 127.0.0.1 at 2018-07-11 11:43:14 -0700
Processing by SessionsController#create as HTML
  Parameters: {"user"=>{"username"=>"username3", "password"=>"[FILTERED]"}}
  [1m[36mUser Load (1.6ms)[0m  [1m[34mSELECT  "users".* FROM "users" WHERE "users"."username" = $1 LIMIT $2[0m  [["username", "username3"], ["LIMIT", 1]]
  Rendering sessions/new.html.erb within layouts/application
  Rendered sessions/new.html.erb within layouts/application (0.7ms)
Completed 200 OK in 113ms (Views: 28.2ms | ActiveRecord: 1.9ms)


Started POST "/session" for 127.0.0.1 at 2018-07-11 11:43:17 -0700
Processing by SessionsController#create as HTML
  Parameters: {"user"=>{"username"=>"username3", "password"=>"[FILTERED]"}}
  [1m[36mUser Load (0.4ms)[0m  [1m[34mSELECT  "users".* FROM "users" WHERE "users"."username" = $1 LIMIT $2[0m  [["username", "username3"], ["LIMIT", 1]]
  Rendering sessions/new.html.erb within layouts/application
  Rendered sessions/new.html.erb within layouts/application (0.6ms)
Completed 200 OK in 112ms (Views: 31.0ms | ActiveRecord: 0.4ms)


Started POST "/session" for 127.0.0.1 at 2018-07-11 11:44:01 -0700
Processing by SessionsController#create as HTML
  Parameters: {"user"=>{"username"=>"username3", "password"=>"[FILTERED]"}}
  [1m[36mUser Load (0.3ms)[0m  [1m[34mSELECT  "users".* FROM "users" WHERE "users"."username" = $1 LIMIT $2[0m  [["username", "username3"], ["LIMIT", 1]]
Redirected to http://localhost:3000/session/new
Completed 302 Found in 88ms (ActiveRecord: 0.3ms)


Started GET "/session/new" for 127.0.0.1 at 2018-07-11 11:44:01 -0700
Processing by SessionsController#new as HTML
  Rendering sessions/new.html.erb within layouts/application
  Rendered sessions/new.html.erb within layouts/application (0.6ms)
Completed 200 OK in 33ms (Views: 29.7ms | ActiveRecord: 0.0ms)


Started GET "/session/new" for 127.0.0.1 at 2018-07-11 11:44:15 -0700
Processing by SessionsController#new as HTML
  Rendering sessions/new.html.erb within layouts/application
  Rendered sessions/new.html.erb within layouts/application (0.6ms)
Completed 200 OK in 33ms (Views: 29.5ms | ActiveRecord: 0.0ms)


Started POST "/session" for 127.0.0.1 at 2018-07-11 11:44:20 -0700
Processing by SessionsController#create as HTML
  Parameters: {"user"=>{"username"=>"username2", "password"=>"[FILTERED]"}}
  [1m[36mUser Load (0.3ms)[0m  [1m[34mSELECT  "users".* FROM "users" WHERE "users"."username" = $1 LIMIT $2[0m  [["username", "username2"], ["LIMIT", 1]]
Redirected to http://localhost:3000/session/new
Completed 302 Found in 93ms (ActiveRecord: 0.3ms)


Started GET "/session/new" for 127.0.0.1 at 2018-07-11 11:44:20 -0700
Processing by SessionsController#new as HTML
  Rendering sessions/new.html.erb within layouts/application
  Rendered sessions/new.html.erb within layouts/application (0.6ms)
Completed 200 OK in 35ms (Views: 31.8ms | ActiveRecord: 0.0ms)


Started GET "/session/new" for 127.0.0.1 at 2018-07-11 11:44:25 -0700
Processing by SessionsController#new as HTML
  Rendering sessions/new.html.erb within layouts/application
  Rendered sessions/new.html.erb within layouts/application (0.8ms)
Completed 200 OK in 42ms (Views: 38.4ms | ActiveRecord: 0.0ms)


Started GET "/session/new" for 127.0.0.1 at 2018-07-11 11:44:25 -0700
Processing by SessionsController#new as HTML
  Rendering sessions/new.html.erb within layouts/application
  Rendered sessions/new.html.erb within layouts/application (0.5ms)
Completed 200 OK in 40ms (Views: 35.3ms | ActiveRecord: 0.0ms)


Started POST "/session" for 127.0.0.1 at 2018-07-11 11:44:29 -0700
Processing by SessionsController#create as HTML
  Parameters: {"user"=>{"username"=>"sdajkjsda", "password"=>"[FILTERED]"}}
  [1m[36mUser Load (0.3ms)[0m  [1m[34mSELECT  "users".* FROM "users" WHERE "users"."username" = $1 LIMIT $2[0m  [["username", "sdajkjsda"], ["LIMIT", 1]]
Redirected to http://localhost:3000/session/new
Completed 302 Found in 11ms (ActiveRecord: 0.3ms)


Started GET "/session/new" for 127.0.0.1 at 2018-07-11 11:44:29 -0700
Processing by SessionsController#new as HTML
  Rendering sessions/new.html.erb within layouts/application
  Rendered sessions/new.html.erb within layouts/application (0.6ms)
Completed 200 OK in 42ms (Views: 38.9ms | ActiveRecord: 0.0ms)


Started GET "/session/new" for 127.0.0.1 at 2018-07-11 11:44:36 -0700
Processing by SessionsController#new as HTML
  Rendering sessions/new.html.erb within layouts/application
  Rendered sessions/new.html.erb within layouts/application (0.7ms)
Completed 200 OK in 35ms (Views: 32.1ms | ActiveRecord: 0.0ms)


Started POST "/session" for 127.0.0.1 at 2018-07-11 11:44:39 -0700
Processing by SessionsController#create as HTML
  Parameters: {"user"=>{"username"=>"sdadsadsa", "password"=>"[FILTERED]"}}
  [1m[36mUser Load (0.3ms)[0m  [1m[34mSELECT  "users".* FROM "users" WHERE "users"."username" = $1 LIMIT $2[0m  [["username", "sdadsadsa"], ["LIMIT", 1]]
  Rendering sessions/new.html.erb within layouts/application
  Rendered sessions/new.html.erb within layouts/application (0.9ms)
Completed 200 OK in 45ms (Views: 35.6ms | ActiveRecord: 0.3ms)


Started POST "/session" for 127.0.0.1 at 2018-07-11 11:47:53 -0700
Processing by SessionsController#create as HTML
  Parameters: {"user"=>{"username"=>"sdadsadsa", "password"=>"[FILTERED]"}}
  [1m[36mUser Load (0.4ms)[0m  [1m[34mSELECT  "users".* FROM "users" WHERE "users"."username" = $1 LIMIT $2[0m  [["username", "sdadsadsa"], ["LIMIT", 1]]
  Rendering sessions/new.html.erb within layouts/application
  Rendered sessions/new.html.erb within layouts/application (0.8ms)
  [1m[36mUser Load (0.4ms)[0m  [1m[34mSELECT  "users".* FROM "users" WHERE "users"."session_token" = $1 LIMIT $2[0m  [["session_token", "BELC8Lf31xKxOpdI4DMI7g"], ["LIMIT", 1]]
Completed 500 Internal Server Error in 109ms (ActiveRecord: 8.1ms)



NoMethodError - undefined method `name' for #<User:0x007ff1d969e790>:
  app/views/layouts/application.html.erb:22:in `_app_views_layouts_application_html_erb___634507789230285108_70338371079500'
  app/controllers/sessions_controller.rb:15:in `create'

Started POST "/__better_errors/30422badce0c7543/variables" for 127.0.0.1 at 2018-07-11 11:47:54 -0700
Started GET "/session/new" for 127.0.0.1 at 2018-07-11 11:48:09 -0700
Processing by SessionsController#new as HTML
  Rendering sessions/new.html.erb within layouts/application
  Rendered sessions/new.html.erb within layouts/application (0.6ms)
  [1m[36mUser Load (0.5ms)[0m  [1m[34mSELECT  "users".* FROM "users" WHERE "users"."session_token" = $1 LIMIT $2[0m  [["session_token", "BELC8Lf31xKxOpdI4DMI7g"], ["LIMIT", 1]]
Completed 200 OK in 35ms (Views: 30.4ms | ActiveRecord: 0.5ms)


Started GET "/session/new" for 127.0.0.1 at 2018-07-11 11:54:27 -0700
Processing by SessionsController#new as HTML
  Rendering sessions/new.html.erb within layouts/application
  Rendered sessions/new.html.erb within layouts/application (0.6ms)
  [1m[36mUser Load (0.5ms)[0m  [1m[34mSELECT  "users".* FROM "users" WHERE "users"."session_token" = $1 LIMIT $2[0m  [["session_token", "BELC8Lf31xKxOpdI4DMI7g"], ["LIMIT", 1]]
Completed 200 OK in 87ms (Views: 80.6ms | ActiveRecord: 0.5ms)


Started DELETE "/session" for 127.0.0.1 at 2018-07-11 11:54:29 -0700
Processing by SessionsController#destroy as HTML
  Parameters: {"authenticity_token"=>"8j8Pm5eLDFTnWIHZ4RRehI7H74ynd+Z9kTghQ6bXjljX1LF+Ni3fv/kX/hL9OhN2nk9gsPShc/xGAYA/YfEo8w=="}
  [1m[36mUser Load (0.5ms)[0m  [1m[34mSELECT  "users".* FROM "users" WHERE "users"."id" = $1 LIMIT $2[0m  [["id", nil], ["LIMIT", 1]]
Completed 404 Not Found in 3546ms (ActiveRecord: 0.5ms)



ActiveRecord::RecordNotFound - Couldn't find User with 'id'=:
  app/controllers/sessions_controller.rb:21:in `destroy'

Started POST "/__better_errors/b78429d21172ccbf/variables" for 127.0.0.1 at 2018-07-11 11:54:32 -0700
Started DELETE "/session" for 127.0.0.1 at 2018-07-11 11:55:12 -0700
  [1m[35m (8.6ms)[0m  [1m[34mSELECT "schema_migrations"."version" FROM "schema_migrations" ORDER BY "schema_migrations"."version" ASC[0m
Processing by SessionsController#destroy as HTML
  Parameters: {"authenticity_token"=>"8j8Pm5eLDFTnWIHZ4RRehI7H74ynd+Z9kTghQ6bXjljX1LF+Ni3fv/kX/hL9OhN2nk9gsPShc/xGAYA/YfEo8w=="}
  [1m[36mUser Load (0.6ms)[0m  [1m[34mSELECT  "users".* FROM "users" WHERE "users"."id" = $1 LIMIT $2[0m  [["id", nil], ["LIMIT", 1]]
Completed 404 Not Found in 32ms (ActiveRecord: 11.1ms)



ActiveRecord::RecordNotFound - Couldn't find User with 'id'=:
  app/controllers/sessions_controller.rb:20:in `destroy'

Started POST "/__better_errors/be880c2a1c270a4a/variables" for 127.0.0.1 at 2018-07-11 11:55:14 -0700
Started POST "/session" for 127.0.0.1 at 2018-07-11 11:55:26 -0700
Processing by SessionsController#create as HTML
  Parameters: {"user"=>{"username"=>"usernme", "password"=>"[FILTERED]"}}
  [1m[36mUser Load (2.3ms)[0m  [1m[34mSELECT  "users".* FROM "users" WHERE "users"."username" = $1 LIMIT $2[0m  [["username", "usernme"], ["LIMIT", 1]]
  Rendering sessions/new.html.erb within layouts/application
  Rendered sessions/new.html.erb within layouts/application (4.8ms)
  [1m[36mUser Load (0.8ms)[0m  [1m[34mSELECT  "users".* FROM "users" WHERE "users"."session_token" = $1 LIMIT $2[0m  [["session_token", "BELC8Lf31xKxOpdI4DMI7g"], ["LIMIT", 1]]
Completed 200 OK in 544ms (Views: 526.1ms | ActiveRecord: 3.1ms)


Started DELETE "/session" for 127.0.0.1 at 2018-07-11 11:55:47 -0700
Processing by SessionsController#destroy as HTML
  Parameters: {"authenticity_token"=>"QZqCaBOaycXLd/keF6e3KPancbSVhZLmWQlQisnbQW1kcTyNsjwaLtU4htULifra5i/+iMZTB2eOMPH2Dv3nxg=="}
  [1m[36mUser Load (0.5ms)[0m  [1m[34mSELECT  "users".* FROM "users" WHERE "users"."id" = $1 LIMIT $2[0m  [["id", nil], ["LIMIT", 1]]
Completed 404 Not Found in 3ms (ActiveRecord: 0.5ms)



ActiveRecord::RecordNotFound - Couldn't find User with 'id'=:
  app/controllers/sessions_controller.rb:20:in `destroy'

Started POST "/__better_errors/43c4d2b6f30d7f81/variables" for 127.0.0.1 at 2018-07-11 11:55:47 -0700
Started DELETE "/session" for 127.0.0.1 at 2018-07-11 11:55:54 -0700
Processing by SessionsController#destroy as HTML
  Parameters: {"authenticity_token"=>"QZqCaBOaycXLd/keF6e3KPancbSVhZLmWQlQisnbQW1kcTyNsjwaLtU4htULifra5i/+iMZTB2eOMPH2Dv3nxg=="}
Started DELETE "/session" for 127.0.0.1 at 2018-07-11 11:57:32 -0700
  [1m[36mUser Load (0.7ms)[0m  [1m[34mSELECT  "users".* FROM "users" WHERE "users"."id" = $1 LIMIT $2[0m  [["id", nil], ["LIMIT", 1]]
Completed 404 Not Found in 98529ms (ActiveRecord: 6.8ms)



ActiveRecord::RecordNotFound - Couldn't find User with 'id'=:
  app/controllers/sessions_controller.rb:21:in `destroy'

Processing by SessionsController#destroy as HTML
  Parameters: {"authenticity_token"=>"QZqCaBOaycXLd/keF6e3KPancbSVhZLmWQlQisnbQW1kcTyNsjwaLtU4htULifra5i/+iMZTB2eOMPH2Dv3nxg=="}
Completed 500 Internal Server Error in 88ms (ActiveRecord: 0.0ms)



NoMethodError - undefined method `logout!' for #<SessionsController:0x007fcd25df1908>
Did you mean?  logout:
  app/controllers/sessions_controller.rb:20:in `destroy'

Started POST "/__better_errors/5e2db90ef177d8bb/variables" for 127.0.0.1 at 2018-07-11 11:57:33 -0700
Started DELETE "/session" for 127.0.0.1 at 2018-07-11 11:57:51 -0700
Processing by SessionsController#destroy as HTML
  Parameters: {"authenticity_token"=>"QZqCaBOaycXLd/keF6e3KPancbSVhZLmWQlQisnbQW1kcTyNsjwaLtU4htULifra5i/+iMZTB2eOMPH2Dv3nxg=="}
  [1m[36mUser Load (0.6ms)[0m  [1m[34mSELECT  "users".* FROM "users" WHERE "users"."session_token" = $1 LIMIT $2[0m  [["session_token", "BELC8Lf31xKxOpdI4DMI7g"], ["LIMIT", 1]]
  [1m[35m (0.3ms)[0m  [1m[35mBEGIN[0m
  [1m[36mUser Exists (0.8ms)[0m  [1m[34mSELECT  1 AS one FROM "users" WHERE "users"."username" = $1 AND ("users"."id" != $2) LIMIT $3[0m  [["username", "username3"], ["id", 8], ["LIMIT", 1]]
  [1m[36mUser Exists (0.5ms)[0m  [1m[34mSELECT  1 AS one FROM "users" WHERE "users"."session_token" = $1 AND ("users"."id" != $2) LIMIT $3[0m  [["session_token", "e1ONVlm1NrlMM0gn0pn0YA"], ["id", 8], ["LIMIT", 1]]
  [1m[35mSQL (1.1ms)[0m  [1m[33mUPDATE "users" SET "session_token" = $1, "updated_at" = $2 WHERE "users"."id" = $3[0m  [["session_token", "e1ONVlm1NrlMM0gn0pn0YA"], ["updated_at", "2018-07-11 18:57:51.627908"], ["id", 8]]
  [1m[35m (8.9ms)[0m  [1m[35mCOMMIT[0m
Redirected to http://localhost:3000/session/new
Completed 302 Found in 55ms (ActiveRecord: 21.0ms)


Started GET "/session/new" for 127.0.0.1 at 2018-07-11 11:57:51 -0700
Processing by SessionsController#new as HTML
  Rendering sessions/new.html.erb within layouts/application
  Rendered sessions/new.html.erb within layouts/application (1.0ms)
  [1m[36mUser Load (0.6ms)[0m  [1m[34mSELECT  "users".* FROM "users" WHERE "users"."session_token" IS NULL LIMIT $1[0m  [["LIMIT", 1]]
Completed 200 OK in 96ms (Views: 90.5ms | ActiveRecord: 0.6ms)


Started GET "/users/new" for 127.0.0.1 at 2018-07-11 11:57:54 -0700
Processing by UsersController#new as HTML
  Rendering users/new.html.erb within layouts/application
  Rendered users/new.html.erb within layouts/application (1.7ms)
  [1m[36mUser Load (0.5ms)[0m  [1m[34mSELECT  "users".* FROM "users" WHERE "users"."session_token" IS NULL LIMIT $1[0m  [["LIMIT", 1]]
Completed 200 OK in 49ms (Views: 41.7ms | ActiveRecord: 0.5ms)


Started GET "/session/new" for 127.0.0.1 at 2018-07-11 11:57:55 -0700
Processing by SessionsController#new as HTML
  Rendering sessions/new.html.erb within layouts/application
  Rendered sessions/new.html.erb within layouts/application (0.6ms)
  [1m[36mUser Load (1.2ms)[0m  [1m[34mSELECT  "users".* FROM "users" WHERE "users"."session_token" IS NULL LIMIT $1[0m  [["LIMIT", 1]]
Completed 200 OK in 45ms (Views: 40.3ms | ActiveRecord: 1.2ms)


Started GET "/users/new" for 127.0.0.1 at 2018-07-11 11:57:56 -0700
Processing by UsersController#new as HTML
  Rendering users/new.html.erb within layouts/application
  Rendered users/new.html.erb within layouts/application (0.6ms)
  [1m[36mUser Load (0.4ms)[0m  [1m[34mSELECT  "users".* FROM "users" WHERE "users"."session_token" IS NULL LIMIT $1[0m  [["LIMIT", 1]]
Completed 200 OK in 39ms (Views: 33.1ms | ActiveRecord: 0.4ms)


Started GET "/session/new" for 127.0.0.1 at 2018-07-11 11:57:56 -0700
Processing by SessionsController#new as HTML
  Rendering sessions/new.html.erb within layouts/application
  Rendered sessions/new.html.erb within layouts/application (0.5ms)
  [1m[36mUser Load (0.5ms)[0m  [1m[34mSELECT  "users".* FROM "users" WHERE "users"."session_token" IS NULL LIMIT $1[0m  [["LIMIT", 1]]
Completed 200 OK in 39ms (Views: 34.2ms | ActiveRecord: 0.5ms)


Started POST "/session" for 127.0.0.1 at 2018-07-11 11:58:02 -0700
Processing by SessionsController#create as HTML
  Parameters: {"user"=>{"username"=>"username3", "password"=>"[FILTERED]"}}
  [1m[36mUser Load (0.5ms)[0m  [1m[34mSELECT  "users".* FROM "users" WHERE "users"."username" = $1 LIMIT $2[0m  [["username", "username3"], ["LIMIT", 1]]
  [1m[35m (0.3ms)[0m  [1m[35mBEGIN[0m
  [1m[36mUser Exists (0.5ms)[0m  [1m[34mSELECT  1 AS one FROM "users" WHERE "users"."username" = $1 AND ("users"."id" != $2) LIMIT $3[0m  [["username", "username3"], ["id", 8], ["LIMIT", 1]]
  [1m[36mUser Exists (0.6ms)[0m  [1m[34mSELECT  1 AS one FROM "users" WHERE "users"."session_token" = $1 AND ("users"."id" != $2) LIMIT $3[0m  [["session_token", "4ezYMI8d6wBoaa43WATUGQ"], ["id", 8], ["LIMIT", 1]]
  [1m[35mSQL (0.6ms)[0m  [1m[33mUPDATE "users" SET "session_token" = $1, "updated_at" = $2 WHERE "users"."id" = $3[0m  [["session_token", "4ezYMI8d6wBoaa43WATUGQ"], ["updated_at", "2018-07-11 18:58:02.390034"], ["id", 8]]
  [1m[35m (2.2ms)[0m  [1m[35mCOMMIT[0m
Redirected to http://localhost:3000/cats
Completed 302 Found in 90ms (ActiveRecord: 4.7ms)


Started GET "/cats" for 127.0.0.1 at 2018-07-11 11:58:02 -0700
Processing by CatsController#index as HTML
  Rendering cats/index.html.erb within layouts/application
  [1m[36mCat Load (0.9ms)[0m  [1m[34mSELECT "cats".* FROM "cats"[0m
  Rendered cats/index.html.erb within layouts/application (6.5ms)
  [1m[36mUser Load (0.5ms)[0m  [1m[34mSELECT  "users".* FROM "users" WHERE "users"."session_token" = $1 LIMIT $2[0m  [["session_token", "4ezYMI8d6wBoaa43WATUGQ"], ["LIMIT", 1]]
Completed 200 OK in 59ms (Views: 38.5ms | ActiveRecord: 4.1ms)


Started GET "/cats" for 127.0.0.1 at 2018-07-11 12:00:17 -0700
Processing by CatsController#index as HTML
  Rendering cats/index.html.erb within layouts/application
  [1m[36mCat Load (0.4ms)[0m  [1m[34mSELECT "cats".* FROM "cats"[0m
  Rendered cats/index.html.erb within layouts/application (4.7ms)
  [1m[36mUser Load (0.6ms)[0m  [1m[34mSELECT  "users".* FROM "users" WHERE "users"."session_token" = $1 LIMIT $2[0m  [["session_token", "4ezYMI8d6wBoaa43WATUGQ"], ["LIMIT", 1]]
Completed 200 OK in 61ms (Views: 47.0ms | ActiveRecord: 9.4ms)


Started DELETE "/session" for 127.0.0.1 at 2018-07-11 12:00:19 -0700
Processing by SessionsController#destroy as HTML
  Parameters: {"authenticity_token"=>"sYZTUVI8WQpBjxgo0gpFhLOU1zvInlU+xfRFGAunikSUbe2085qK4V/AZ+POJAh2oxxYB5tIwL8SzeRkzIEs7w=="}
  [1m[36mUser Load (0.6ms)[0m  [1m[34mSELECT  "users".* FROM "users" WHERE "users"."session_token" = $1 LIMIT $2[0m  [["session_token", "4ezYMI8d6wBoaa43WATUGQ"], ["LIMIT", 1]]
  [1m[35m (0.2ms)[0m  [1m[35mBEGIN[0m
  [1m[36mUser Exists (0.6ms)[0m  [1m[34mSELECT  1 AS one FROM "users" WHERE "users"."username" = $1 AND ("users"."id" != $2) LIMIT $3[0m  [["username", "username3"], ["id", 8], ["LIMIT", 1]]
  [1m[36mUser Exists (0.5ms)[0m  [1m[34mSELECT  1 AS one FROM "users" WHERE "users"."session_token" = $1 AND ("users"."id" != $2) LIMIT $3[0m  [["session_token", "gwHiGpHgFqz8QleYeHQHfw"], ["id", 8], ["LIMIT", 1]]
  [1m[35mSQL (1.0ms)[0m  [1m[33mUPDATE "users" SET "session_token" = $1, "updated_at" = $2 WHERE "users"."id" = $3[0m  [["session_token", "gwHiGpHgFqz8QleYeHQHfw"], ["updated_at", "2018-07-11 19:00:19.133807"], ["id", 8]]
  [1m[35m (4.9ms)[0m  [1m[35mCOMMIT[0m
Redirected to http://localhost:3000/session/new
Completed 302 Found in 16ms (ActiveRecord: 7.8ms)


Started GET "/session/new" for 127.0.0.1 at 2018-07-11 12:00:19 -0700
Processing by SessionsController#new as HTML
  Rendering sessions/new.html.erb within layouts/application
  Rendered sessions/new.html.erb within layouts/application (1.1ms)
  [1m[36mUser Load (0.4ms)[0m  [1m[34mSELECT  "users".* FROM "users" WHERE "users"."session_token" IS NULL LIMIT $1[0m  [["LIMIT", 1]]
Completed 200 OK in 36ms (Views: 32.4ms | ActiveRecord: 0.4ms)


Started POST "/session" for 127.0.0.1 at 2018-07-11 12:00:24 -0700
Processing by SessionsController#create as HTML
  Parameters: {"authenticity_token"=>"CUhP1vclCIAxZgZNLxyET1ElN4deYZgMF/KGVVMPYFYso/EzVoPbay8peYYzMsm9Qa24uw23DY3AyycplCnG/Q==", "user"=>{"username"=>"username3", "password"=>"[FILTERED]"}}
  [1m[36mUser Load (1.1ms)[0m  [1m[34mSELECT  "users".* FROM "users" WHERE "users"."username" = $1 LIMIT $2[0m  [["username", "username3"], ["LIMIT", 1]]
  [1m[35m (0.2ms)[0m  [1m[35mBEGIN[0m
  [1m[36mUser Exists (0.4ms)[0m  [1m[34mSELECT  1 AS one FROM "users" WHERE "users"."username" = $1 AND ("users"."id" != $2) LIMIT $3[0m  [["username", "username3"], ["id", 8], ["LIMIT", 1]]
  [1m[36mUser Exists (0.6ms)[0m  [1m[34mSELECT  1 AS one FROM "users" WHERE "users"."session_token" = $1 AND ("users"."id" != $2) LIMIT $3[0m  [["session_token", "IDFXAvAbVpu2m4uATV6TOg"], ["id", 8], ["LIMIT", 1]]
  [1m[35mSQL (0.6ms)[0m  [1m[33mUPDATE "users" SET "session_token" = $1, "updated_at" = $2 WHERE "users"."id" = $3[0m  [["session_token", "IDFXAvAbVpu2m4uATV6TOg"], ["updated_at", "2018-07-11 19:00:25.068319"], ["id", 8]]
  [1m[35m (2.4ms)[0m  [1m[35mCOMMIT[0m
Redirected to http://localhost:3000/cats
Completed 302 Found in 87ms (ActiveRecord: 5.3ms)


Started GET "/cats" for 127.0.0.1 at 2018-07-11 12:00:25 -0700
Processing by CatsController#index as HTML
  Rendering cats/index.html.erb within layouts/application
  [1m[36mCat Load (0.5ms)[0m  [1m[34mSELECT "cats".* FROM "cats"[0m
  Rendered cats/index.html.erb within layouts/application (3.1ms)
  [1m[36mUser Load (0.6ms)[0m  [1m[34mSELECT  "users".* FROM "users" WHERE "users"."session_token" = $1 LIMIT $2[0m  [["session_token", "IDFXAvAbVpu2m4uATV6TOg"], ["LIMIT", 1]]
Completed 200 OK in 34ms (Views: 32.7ms | ActiveRecord: 1.0ms)


Started DELETE "/session" for 127.0.0.1 at 2018-07-11 12:00:26 -0700
Processing by SessionsController#destroy as HTML
  Parameters: {"authenticity_token"=>"Pf5rK4mhLhfYwhNdJfF7EWmCewT1OOUQx4szY2dxle8YFdXOKAf9/MaNbJY53zbjeQr0OKbucJEQspIfoFczRA=="}
  [1m[36mUser Load (0.3ms)[0m  [1m[34mSELECT  "users".* FROM "users" WHERE "users"."session_token" = $1 LIMIT $2[0m  [["session_token", "IDFXAvAbVpu2m4uATV6TOg"], ["LIMIT", 1]]
  [1m[35m (0.2ms)[0m  [1m[35mBEGIN[0m
  [1m[36mUser Exists (0.7ms)[0m  [1m[34mSELECT  1 AS one FROM "users" WHERE "users"."username" = $1 AND ("users"."id" != $2) LIMIT $3[0m  [["username", "username3"], ["id", 8], ["LIMIT", 1]]
  [1m[36mUser Exists (1.0ms)[0m  [1m[34mSELECT  1 AS one FROM "users" WHERE "users"."session_token" = $1 AND ("users"."id" != $2) LIMIT $3[0m  [["session_token", "dlX3cJ6DSExm2fFYa6oImg"], ["id", 8], ["LIMIT", 1]]
  [1m[35mSQL (0.5ms)[0m  [1m[33mUPDATE "users" SET "session_token" = $1, "updated_at" = $2 WHERE "users"."id" = $3[0m  [["session_token", "dlX3cJ6DSExm2fFYa6oImg"], ["updated_at", "2018-07-11 19:00:26.467992"], ["id", 8]]
  [1m[35m (2.4ms)[0m  [1m[35mCOMMIT[0m
Redirected to http://localhost:3000/session/new
Completed 302 Found in 12ms (ActiveRecord: 5.1ms)


Started GET "/session/new" for 127.0.0.1 at 2018-07-11 12:00:26 -0700
Processing by SessionsController#new as HTML
  Rendering sessions/new.html.erb within layouts/application
  Rendered sessions/new.html.erb within layouts/application (0.9ms)
  [1m[36mUser Load (0.8ms)[0m  [1m[34mSELECT  "users".* FROM "users" WHERE "users"."session_token" IS NULL LIMIT $1[0m  [["LIMIT", 1]]
Completed 200 OK in 42ms (Views: 38.1ms | ActiveRecord: 0.8ms)


Started GET "/session/new" for 127.0.0.1 at 2018-07-11 12:00:28 -0700
Processing by SessionsController#new as HTML
  Rendering sessions/new.html.erb within layouts/application
  Rendered sessions/new.html.erb within layouts/application (1.6ms)
  [1m[36mUser Load (0.5ms)[0m  [1m[34mSELECT  "users".* FROM "users" WHERE "users"."session_token" IS NULL LIMIT $1[0m  [["LIMIT", 1]]
Completed 200 OK in 41ms (Views: 34.2ms | ActiveRecord: 0.5ms)


Started GET "/users/new" for 127.0.0.1 at 2018-07-11 12:00:28 -0700
Processing by UsersController#new as HTML
  Rendering users/new.html.erb within layouts/application
  Rendered users/new.html.erb within layouts/application (1.0ms)
  [1m[36mUser Load (0.4ms)[0m  [1m[34mSELECT  "users".* FROM "users" WHERE "users"."session_token" IS NULL LIMIT $1[0m  [["LIMIT", 1]]
Completed 200 OK in 38ms (Views: 33.7ms | ActiveRecord: 0.4ms)


Started POST "/users" for 127.0.0.1 at 2018-07-11 12:00:36 -0700
Processing by UsersController#create as HTML
  Parameters: {"authenticity_token"=>"TEvK4Q4TvR6aRB5chcK15ZKTsZJCdbPsiOF11xgENIhpoHQEr7Vu9YQLYZeZ7PgXghs+rhGjJm1f2NSr3yKSIw==", "user"=>{"username"=>"useruser", "password"=>"[FILTERED]"}}
  [1m[35m (0.3ms)[0m  [1m[35mBEGIN[0m
  [1m[36mUser Exists (0.7ms)[0m  [1m[34mSELECT  1 AS one FROM "users" WHERE "users"."username" = $1 LIMIT $2[0m  [["username", "useruser"], ["LIMIT", 1]]
  [1m[36mUser Exists (5.1ms)[0m  [1m[34mSELECT  1 AS one FROM "users" WHERE "users"."session_token" = $1 LIMIT $2[0m  [["session_token", "FNXwkgecscq9TPcVX2gU0A"], ["LIMIT", 1]]
  [1m[35mSQL (9.2ms)[0m  [1m[32mINSERT INTO "users" ("session_token", "password_digest", "username", "created_at", "updated_at") VALUES ($1, $2, $3, $4, $5) RETURNING "id"[0m  [["session_token", "FNXwkgecscq9TPcVX2gU0A"], ["password_digest", "$2a$10$VERrUvkI1c6gVHu6BXGreug.Zi9ZlJwbhh.Ma2swxTEPbrUF4g34G"], ["username", "useruser"], ["created_at", "2018-07-11 19:00:39.078671"], ["updated_at", "2018-07-11 19:00:39.078671"]]
  [1m[35m (5.1ms)[0m  [1m[35mCOMMIT[0m
  [1m[35m (0.3ms)[0m  [1m[35mBEGIN[0m
  [1m[36mUser Exists (0.9ms)[0m  [1m[34mSELECT  1 AS one FROM "users" WHERE "users"."username" = $1 AND ("users"."id" != $2) LIMIT $3[0m  [["username", "useruser"], ["id", 9], ["LIMIT", 1]]
  [1m[36mUser Exists (1.1ms)[0m  [1m[34mSELECT  1 AS one FROM "users" WHERE "users"."session_token" = $1 AND ("users"."id" != $2) LIMIT $3[0m  [["session_token", "7KfCKI9nQkpUTfTLHRY9lg"], ["id", 9], ["LIMIT", 1]]
  [1m[35mSQL (0.9ms)[0m  [1m[33mUPDATE "users" SET "session_token" = $1, "updated_at" = $2 WHERE "users"."id" = $3[0m  [["session_token", "7KfCKI9nQkpUTfTLHRY9lg"], ["updated_at", "2018-07-11 19:00:39.661627"], ["id", 9]]
  [1m[35m (6.2ms)[0m  [1m[35mCOMMIT[0m
Redirected to http://localhost:3000/cats
Completed 302 Found in 3525ms (ActiveRecord: 29.7ms)


Started GET "/cats" for 127.0.0.1 at 2018-07-11 12:00:39 -0700
Processing by CatsController#index as HTML
  Rendering cats/index.html.erb within layouts/application
  [1m[36mCat Load (0.3ms)[0m  [1m[34mSELECT "cats".* FROM "cats"[0m
  Rendered cats/index.html.erb within layouts/application (1.9ms)
  [1m[36mUser Load (0.4ms)[0m  [1m[34mSELECT  "users".* FROM "users" WHERE "users"."session_token" = $1 LIMIT $2[0m  [["session_token", "7KfCKI9nQkpUTfTLHRY9lg"], ["LIMIT", 1]]
Completed 200 OK in 34ms (Views: 32.9ms | ActiveRecord: 0.8ms)


