  [1m[35m (457.9ms)[0m  [1m[35mCREATE DATABASE "ninety_nine_cats_development" ENCODING = 'unicode'[0m
  ↳ bin/rails:9
  [1m[35m (232.4ms)[0m  [1m[35mCREATE DATABASE "ninety_nine_cats_test" ENCODING = 'unicode'[0m
  ↳ bin/rails:9
  [1m[35m (17.3ms)[0m  [1m[35mCREATE TABLE "schema_migrations" ("version" character varying NOT NULL PRIMARY KEY)[0m
  ↳ bin/rails:9
  [1m[35m (12.8ms)[0m  [1m[35mCREATE TABLE "ar_internal_metadata" ("key" character varying NOT NULL PRIMARY KEY, "value" character varying, "created_at" timestamp NOT NULL, "updated_at" timestamp NOT NULL)[0m
  ↳ bin/rails:9
  [1m[35m (0.1ms)[0m  [1m[34mSELECT pg_try_advisory_lock(723150122408807205)[0m
  ↳ bin/rails:9
  [1m[35m (0.9ms)[0m  [1m[34mSELECT "schema_migrations"."version" FROM "schema_migrations" ORDER BY "schema_migrations"."version" ASC[0m
  ↳ bin/rails:9
Migrating to CreateCat (20190410170447)
  [1m[35m (0.2ms)[0m  [1m[35mBEGIN[0m
  ↳ bin/rails:9
  [1m[35m (25.1ms)[0m  [1m[35mCREATE TABLE "cats" ("id" bigserial primary key, "birth_date" date NOT NULL, "color" character varying, "name" character varying NOT NULL, "sex" character varying(1) NOT NULL, "description" text NOT NULL, "created_at" timestamp NOT NULL, "updated_at" timestamp NOT NULL)[0m
  ↳ db/migrate/20190410170447_create_cat.rb:3
  [1m[36mActiveRecord::SchemaMigration Create (0.4ms)[0m  [1m[32mINSERT INTO "schema_migrations" ("version") VALUES ($1) RETURNING "version"[0m  [["version", "20190410170447"]]
  ↳ bin/rails:9
  [1m[35m (6.1ms)[0m  [1m[35mCOMMIT[0m
  ↳ bin/rails:9
  [1m[36mActiveRecord::InternalMetadata Load (0.3ms)[0m  [1m[34mSELECT  "ar_internal_metadata".* FROM "ar_internal_metadata" WHERE "ar_internal_metadata"."key" = $1 LIMIT $2[0m  [["key", "environment"], ["LIMIT", 1]]
  ↳ bin/rails:9
  [1m[35m (1.3ms)[0m  [1m[35mBEGIN[0m
  ↳ bin/rails:9
  [1m[36mActiveRecord::InternalMetadata Create (0.4ms)[0m  [1m[32mINSERT INTO "ar_internal_metadata" ("key", "value", "created_at", "updated_at") VALUES ($1, $2, $3, $4) RETURNING "key"[0m  [["key", "environment"], ["value", "development"], ["created_at", "2019-04-10 17:11:10.485062"], ["updated_at", "2019-04-10 17:11:10.485062"]]
  ↳ bin/rails:9
  [1m[35m (5.9ms)[0m  [1m[35mCOMMIT[0m
  ↳ bin/rails:9
  [1m[35m (0.3ms)[0m  [1m[34mSELECT pg_advisory_unlock(723150122408807205)[0m
  ↳ bin/rails:9
  [1m[35m (1.9ms)[0m  [1m[34mSELECT "schema_migrations"."version" FROM "schema_migrations" ORDER BY "schema_migrations"."version" ASC[0m
  ↳ bin/rails:9
  [1m[35m (0.3ms)[0m  [1m[35mBEGIN[0m
  [1m[35m (0.8ms)[0m  [1m[31mROLLBACK[0m
  [1m[35m (0.1ms)[0m  [1m[35mBEGIN[0m
  [1m[35m (0.2ms)[0m  [1m[31mROLLBACK[0m
Started GET "/cats" for ::1 at 2019-04-10 13:41:51 -0400
  [1m[35m (0.6ms)[0m  [1m[34mSELECT "schema_migrations"."version" FROM "schema_migrations" ORDER BY "schema_migrations"."version" ASC[0m
  ↳ /home/bryce/.rbenv/versions/2.5.1/lib/ruby/gems/2.5.0/gems/activerecord-5.2.3/lib/active_record/log_subscriber.rb:98
Processing by CatsController#index as HTML
  Rendering cats/index.html.erb within layouts/application
  [1m[36mCat Load (0.4ms)[0m  [1m[34mSELECT "cats".* FROM "cats"[0m
  ↳ app/views/cats/index.html.erb:4
  Rendered cats/index.html.erb within layouts/application (6.5ms)
Completed 200 OK in 322ms (Views: 301.8ms | ActiveRecord: 2.0ms)


Started GET "/cats" for ::1 at 2019-04-10 13:41:52 -0400
Processing by CatsController#index as */*
  Rendering cats/index.html.erb within layouts/application
  [1m[36mCat Load (1.8ms)[0m  [1m[34mSELECT "cats".* FROM "cats"[0m
  ↳ app/views/cats/index.html.erb:4
  Rendered cats/index.html.erb within layouts/application (5.4ms)
Completed 200 OK in 29ms (Views: 27.2ms | ActiveRecord: 1.8ms)


  [1m[35m (0.1ms)[0m  [1m[35mBEGIN[0m
  [1m[36mCat Create (1.1ms)[0m  [1m[32mINSERT INTO "cats" ("birth_date", "color", "name", "sex", "description", "created_at", "updated_at") VALUES ($1, $2, $3, $4, $5, $6, $7) RETURNING "id"[0m  [["birth_date", "2007-03-11"], ["color", "white"], ["name", "Sandy Banks"], ["sex", "F"], ["description", "Delinquo caecus agnosco quia adulatio laboriosam terra acervus sollers baiulus reiciendis caste."], ["created_at", "2019-04-10 17:57:55.371909"], ["updated_at", "2019-04-10 17:57:55.371909"]]
  [1m[35m (1.3ms)[0m  [1m[35mCOMMIT[0m
  [1m[35m (1.0ms)[0m  [1m[34mSELECT "schema_migrations"."version" FROM "schema_migrations" ORDER BY "schema_migrations"."version" ASC[0m
  ↳ bin/rails:9
  [1m[36mCat Load (0.5ms)[0m  [1m[34mSELECT "cats".* FROM "cats"[0m
  ↳ db/seeds.rb:9
  [1m[35m (0.1ms)[0m  [1m[35mBEGIN[0m
  ↳ db/seeds.rb:9
  [1m[36mCat Destroy (0.7ms)[0m  [1m[31mDELETE FROM "cats" WHERE "cats"."id" = $1[0m  [["id", 1]]
  ↳ db/seeds.rb:9
  [1m[35m (1.7ms)[0m  [1m[35mCOMMIT[0m
  ↳ db/seeds.rb:9
  [1m[35m (0.1ms)[0m  [1m[35mBEGIN[0m
  ↳ db/seeds.rb:15
  [1m[36mCat Create (0.4ms)[0m  [1m[32mINSERT INTO "cats" ("birth_date", "color", "name", "sex", "description", "created_at", "updated_at") VALUES ($1, $2, $3, $4, $5, $6, $7) RETURNING "id"[0m  [["birth_date", "2010-12-09"], ["color", "black"], ["name", "Adam Meway"], ["sex", "F"], ["description", "Et tantum consequatur accipio deserunt angulus contego dignissimos verbum clibanus autem voluptatem validus."], ["created_at", "2019-04-10 17:58:26.095605"], ["updated_at", "2019-04-10 17:58:26.095605"]]
  ↳ db/seeds.rb:15
  [1m[35m (2.6ms)[0m  [1m[35mCOMMIT[0m
  ↳ db/seeds.rb:15
  [1m[35m (0.1ms)[0m  [1m[35mBEGIN[0m
  ↳ db/seeds.rb:15
  [1m[36mCat Create (1.7ms)[0m  [1m[32mINSERT INTO "cats" ("birth_date", "color", "name", "sex", "description", "created_at", "updated_at") VALUES ($1, $2, $3, $4, $5, $6, $7) RETURNING "id"[0m  [["birth_date", "2015-07-31"], ["color", "orange"], ["name", "Kenny Dewitt"], ["sex", "F"], ["description", "Uterque custodia peior ventus cilicium ubi coaegresco colo consuasor decimus calamitas sed conor."], ["created_at", "2019-04-10 17:58:26.100752"], ["updated_at", "2019-04-10 17:58:26.100752"]]
  ↳ db/seeds.rb:15
  [1m[35m (1.1ms)[0m  [1m[35mCOMMIT[0m
  ↳ db/seeds.rb:15
  [1m[35m (0.1ms)[0m  [1m[35mBEGIN[0m
  ↳ db/seeds.rb:15
  [1m[36mCat Create (0.3ms)[0m  [1m[32mINSERT INTO "cats" ("birth_date", "color", "name", "sex", "description", "created_at", "updated_at") VALUES ($1, $2, $3, $4, $5, $6, $7) RETURNING "id"[0m  [["birth_date", "2015-11-11"], ["color", "calico"], ["name", "Carl Arm"], ["sex", "F"], ["description", "Artificiose despecto substantia chirographum animus dolor compono auditor utor bis vinco."], ["created_at", "2019-04-10 17:58:26.105622"], ["updated_at", "2019-04-10 17:58:26.105622"]]
  ↳ db/seeds.rb:15
  [1m[35m (1.0ms)[0m  [1m[35mCOMMIT[0m
  ↳ db/seeds.rb:15
  [1m[35m (0.1ms)[0m  [1m[35mBEGIN[0m
  ↳ db/seeds.rb:15
  [1m[36mCat Create (0.2ms)[0m  [1m[32mINSERT INTO "cats" ("birth_date", "color", "name", "sex", "description", "created_at", "updated_at") VALUES ($1, $2, $3, $4, $5, $6, $7) RETURNING "id"[0m  [["birth_date", "2013-02-12"], ["color", "black"], ["name", "Helen Back"], ["sex", "F"], ["description", "Video talis condico adhuc vesica tabella vos admiratio et degero torrens animi summa."], ["created_at", "2019-04-10 17:58:26.108702"], ["updated_at", "2019-04-10 17:58:26.108702"]]
  ↳ db/seeds.rb:15
  [1m[35m (0.9ms)[0m  [1m[35mCOMMIT[0m
  ↳ db/seeds.rb:15
  [1m[35m (0.1ms)[0m  [1m[35mBEGIN[0m
  ↳ db/seeds.rb:15
  [1m[36mCat Create (0.4ms)[0m  [1m[32mINSERT INTO "cats" ("birth_date", "color", "name", "sex", "description", "created_at", "updated_at") VALUES ($1, $2, $3, $4, $5, $6, $7) RETURNING "id"[0m  [["birth_date", "2014-02-12"], ["color", "persian-blue"], ["name", "Hugo First"], ["sex", "F"], ["description", "Copia crinis aestus et et virtus concedo fuga sodalitas nostrum."], ["created_at", "2019-04-10 17:58:26.111880"], ["updated_at", "2019-04-10 17:58:26.111880"]]
  ↳ db/seeds.rb:15
  [1m[35m (1.3ms)[0m  [1m[35mCOMMIT[0m
  ↳ db/seeds.rb:15
  [1m[35m (0.1ms)[0m  [1m[35mBEGIN[0m
  ↳ db/seeds.rb:15
  [1m[36mCat Create (0.3ms)[0m  [1m[32mINSERT INTO "cats" ("birth_date", "color", "name", "sex", "description", "created_at", "updated_at") VALUES ($1, $2, $3, $4, $5, $6, $7) RETURNING "id"[0m  [["birth_date", "2016-01-03"], ["color", "persian-blue"], ["name", "Chris Coe"], ["sex", "M"], ["description", "Vetus uredo textus pax cumque pauper vero adipiscor ab astrum conturbo cognomen."], ["created_at", "2019-04-10 17:58:26.115384"], ["updated_at", "2019-04-10 17:58:26.115384"]]
  ↳ db/seeds.rb:15
  [1m[35m (0.9ms)[0m  [1m[35mCOMMIT[0m
  ↳ db/seeds.rb:15
  [1m[35m (0.1ms)[0m  [1m[35mBEGIN[0m
  ↳ db/seeds.rb:15
  [1m[36mCat Create (0.3ms)[0m  [1m[32mINSERT INTO "cats" ("birth_date", "color", "name", "sex", "description", "created_at", "updated_at") VALUES ($1, $2, $3, $4, $5, $6, $7) RETURNING "id"[0m  [["birth_date", "2018-11-04"], ["color", "white"], ["name", "Penny Bunn"], ["sex", "F"], ["description", "Capio calamitas pauper alo consequuntur tersus verus cum absum cunabula calco strenuus necessitatibus."], ["created_at", "2019-04-10 17:58:26.118352"], ["updated_at", "2019-04-10 17:58:26.118352"]]
  ↳ db/seeds.rb:15
  [1m[35m (1.0ms)[0m  [1m[35mCOMMIT[0m
  ↳ db/seeds.rb:15
  [1m[35m (0.2ms)[0m  [1m[35mBEGIN[0m
  ↳ db/seeds.rb:15
  [1m[36mCat Create (0.5ms)[0m  [1m[32mINSERT INTO "cats" ("birth_date", "color", "name", "sex", "description", "created_at", "updated_at") VALUES ($1, $2, $3, $4, $5, $6, $7) RETURNING "id"[0m  [["birth_date", "2005-12-29"], ["color", "black"], ["name", "Ben Down"], ["sex", "F"], ["description", "Vetus vel vito et decet tantillus apto tergum nihil arcesso."], ["created_at", "2019-04-10 17:58:26.122846"], ["updated_at", "2019-04-10 17:58:26.122846"]]
  ↳ db/seeds.rb:15
  [1m[35m (1.4ms)[0m  [1m[35mCOMMIT[0m
  ↳ db/seeds.rb:15
  [1m[35m (0.1ms)[0m  [1m[35mBEGIN[0m
  ↳ db/seeds.rb:15
  [1m[36mCat Create (0.3ms)[0m  [1m[32mINSERT INTO "cats" ("birth_date", "color", "name", "sex", "description", "created_at", "updated_at") VALUES ($1, $2, $3, $4, $5, $6, $7) RETURNING "id"[0m  [["birth_date", "2006-12-08"], ["color", "calico"], ["name", "Owen Money"], ["sex", "F"], ["description", "Statim ultio amissio vester callide confero saepe apto repudiandae rem soleo."], ["created_at", "2019-04-10 17:58:26.126706"], ["updated_at", "2019-04-10 17:58:26.126706"]]
  ↳ db/seeds.rb:15
  [1m[35m (2.6ms)[0m  [1m[35mCOMMIT[0m
  ↳ db/seeds.rb:15
  [1m[35m (0.1ms)[0m  [1m[35mBEGIN[0m
  ↳ db/seeds.rb:15
  [1m[36mCat Create (0.4ms)[0m  [1m[32mINSERT INTO "cats" ("birth_date", "color", "name", "sex", "description", "created_at", "updated_at") VALUES ($1, $2, $3, $4, $5, $6, $7) RETURNING "id"[0m  [["birth_date", "2008-05-05"], ["color", "brown"], ["name", "Willie Waite"], ["sex", "M"], ["description", "Facilis tollo avaritia cattus quasi conculco temeritas appono aestivus adiuvo cervus stips."], ["created_at", "2019-04-10 17:58:26.131421"], ["updated_at", "2019-04-10 17:58:26.131421"]]
  ↳ db/seeds.rb:15
  [1m[35m (1.4ms)[0m  [1m[35mCOMMIT[0m
  ↳ db/seeds.rb:15
  [1m[35m (0.2ms)[0m  [1m[35mBEGIN[0m
  ↳ db/seeds.rb:15
  [1m[36mCat Create (0.9ms)[0m  [1m[32mINSERT INTO "cats" ("birth_date", "color", "name", "sex", "description", "created_at", "updated_at") VALUES ($1, $2, $3, $4, $5, $6, $7) RETURNING "id"[0m  [["birth_date", "2016-03-17"], ["color", "persian-blue"], ["name", "Harry Chest"], ["sex", "F"], ["description", "Rerum delectus ater tego aranea neque dolore molestiae apparatus civitas ambitus utique."], ["created_at", "2019-04-10 17:58:26.135254"], ["updated_at", "2019-04-10 17:58:26.135254"]]
  ↳ db/seeds.rb:15
  [1m[35m (1.6ms)[0m  [1m[35mCOMMIT[0m
  ↳ db/seeds.rb:15
  [1m[35m (0.2ms)[0m  [1m[35mBEGIN[0m
  ↳ db/seeds.rb:15
  [1m[36mCat Create (1.3ms)[0m  [1m[32mINSERT INTO "cats" ("birth_date", "color", "name", "sex", "description", "created_at", "updated_at") VALUES ($1, $2, $3, $4, $5, $6, $7) RETURNING "id"[0m  [["birth_date", "2014-07-01"], ["color", "persian-blue"], ["name", "Rex Easley"], ["sex", "F"], ["description", "Aestas expedita vacuus conservo ulciscor ut explicabo subiungo canonicus absque voluptatem."], ["created_at", "2019-04-10 17:58:26.141211"], ["updated_at", "2019-04-10 17:58:26.141211"]]
  ↳ db/seeds.rb:15
  [1m[35m (3.5ms)[0m  [1m[35mCOMMIT[0m
  ↳ db/seeds.rb:15
  [1m[35m (0.1ms)[0m  [1m[35mBEGIN[0m
  ↳ db/seeds.rb:15
  [1m[36mCat Create (0.9ms)[0m  [1m[32mINSERT INTO "cats" ("birth_date", "color", "name", "sex", "description", "created_at", "updated_at") VALUES ($1, $2, $3, $4, $5, $6, $7) RETURNING "id"[0m  [["birth_date", "2017-09-30"], ["color", "persian-blue"], ["name", "Jack Pott"], ["sex", "F"], ["description", "Currus deleo claudeo adduco aegre et alo veniam defluo denuo pax."], ["created_at", "2019-04-10 17:58:26.149170"], ["updated_at", "2019-04-10 17:58:26.149170"]]
  ↳ db/seeds.rb:15
  [1m[35m (1.9ms)[0m  [1m[35mCOMMIT[0m
  ↳ db/seeds.rb:15
  [1m[35m (0.2ms)[0m  [1m[35mBEGIN[0m
  ↳ db/seeds.rb:15
  [1m[36mCat Create (0.3ms)[0m  [1m[32mINSERT INTO "cats" ("birth_date", "color", "name", "sex", "description", "created_at", "updated_at") VALUES ($1, $2, $3, $4, $5, $6, $7) RETURNING "id"[0m  [["birth_date", "2006-02-18"], ["color", "brown"], ["name", "Ginger Rayl"], ["sex", "M"], ["description", "Tibi repellat averto accedo teres beatus deputo ago agnitio xiphias."], ["created_at", "2019-04-10 17:58:26.154700"], ["updated_at", "2019-04-10 17:58:26.154700"]]
  ↳ db/seeds.rb:15
  [1m[35m (1.7ms)[0m  [1m[35mCOMMIT[0m
  ↳ db/seeds.rb:15
  [1m[35m (0.1ms)[0m  [1m[35mBEGIN[0m
  ↳ db/seeds.rb:15
  [1m[36mCat Create (0.3ms)[0m  [1m[32mINSERT INTO "cats" ("birth_date", "color", "name", "sex", "description", "created_at", "updated_at") VALUES ($1, $2, $3, $4, $5, $6, $7) RETURNING "id"[0m  [["birth_date", "2013-08-09"], ["color", "white"], ["name", "Russell Ingleaves"], ["sex", "F"], ["description", "Cur caelestis colo excepturi tamdiu templum talio cariosus tantum adstringo celo solitudo."], ["created_at", "2019-04-10 17:58:26.158478"], ["updated_at", "2019-04-10 17:58:26.158478"]]
  ↳ db/seeds.rb:15
  [1m[35m (0.9ms)[0m  [1m[35mCOMMIT[0m
  ↳ db/seeds.rb:15
  [1m[35m (0.1ms)[0m  [1m[35mBEGIN[0m
  ↳ db/seeds.rb:15
  [1m[36mCat Create (0.2ms)[0m  [1m[32mINSERT INTO "cats" ("birth_date", "color", "name", "sex", "description", "created_at", "updated_at") VALUES ($1, $2, $3, $4, $5, $6, $7) RETURNING "id"[0m  [["birth_date", "2016-03-02"], ["color", "white"], ["name", "Mark A. Roni"], ["sex", "M"], ["description", "Provident distinctio calco ullam tergiversatio tergeo ventus blanditiis voluptate ait nisi nulla subseco."], ["created_at", "2019-04-10 17:58:26.161144"], ["updated_at", "2019-04-10 17:58:26.161144"]]
  ↳ db/seeds.rb:15
  [1m[35m (1.0ms)[0m  [1m[35mCOMMIT[0m
  ↳ db/seeds.rb:15
  [1m[35m (0.1ms)[0m  [1m[35mBEGIN[0m
  ↳ db/seeds.rb:15
  [1m[36mCat Create (0.3ms)[0m  [1m[32mINSERT INTO "cats" ("birth_date", "color", "name", "sex", "description", "created_at", "updated_at") VALUES ($1, $2, $3, $4, $5, $6, $7) RETURNING "id"[0m  [["birth_date", "2012-05-10"], ["color", "orange"], ["name", "Doll R. Bill"], ["sex", "M"], ["description", "Claro attonbitus defungo unus magni appono aeneus caelum usque voro copia adiuvo."], ["created_at", "2019-04-10 17:58:26.164028"], ["updated_at", "2019-04-10 17:58:26.164028"]]
  ↳ db/seeds.rb:15
  [1m[35m (1.8ms)[0m  [1m[35mCOMMIT[0m
  ↳ db/seeds.rb:15
  [1m[35m (0.3ms)[0m  [1m[35mBEGIN[0m
  ↳ db/seeds.rb:15
  [1m[36mCat Create (0.3ms)[0m  [1m[32mINSERT INTO "cats" ("birth_date", "color", "name", "sex", "description", "created_at", "updated_at") VALUES ($1, $2, $3, $4, $5, $6, $7) RETURNING "id"[0m  [["birth_date", "2008-01-15"], ["color", "orange"], ["name", "Rory Storm"], ["sex", "F"], ["description", "Tondeo alias strenuus vulnero abutor angelus ut solitudo vir victus laboriosam."], ["created_at", "2019-04-10 17:58:26.168807"], ["updated_at", "2019-04-10 17:58:26.168807"]]
  ↳ db/seeds.rb:15
  [1m[35m (1.3ms)[0m  [1m[35mCOMMIT[0m
  ↳ db/seeds.rb:15
  [1m[35m (0.1ms)[0m  [1m[35mBEGIN[0m
  ↳ db/seeds.rb:15
  [1m[36mCat Create (0.2ms)[0m  [1m[32mINSERT INTO "cats" ("birth_date", "color", "name", "sex", "description", "created_at", "updated_at") VALUES ($1, $2, $3, $4, $5, $6, $7) RETURNING "id"[0m  [["birth_date", "2014-06-02"], ["color", "persian-blue"], ["name", "Harry Pitts"], ["sex", "M"], ["description", "Amoveo patria defleo apostolus acquiro toties ipsa vesco clam omnis ea."], ["created_at", "2019-04-10 17:58:26.173649"], ["updated_at", "2019-04-10 17:58:26.173649"]]
  ↳ db/seeds.rb:15
  [1m[35m (1.3ms)[0m  [1m[35mCOMMIT[0m
  ↳ db/seeds.rb:15
  [1m[35m (0.1ms)[0m  [1m[35mBEGIN[0m
  ↳ db/seeds.rb:15
  [1m[36mCat Create (0.2ms)[0m  [1m[32mINSERT INTO "cats" ("birth_date", "color", "name", "sex", "description", "created_at", "updated_at") VALUES ($1, $2, $3, $4, $5, $6, $7) RETURNING "id"[0m  [["birth_date", "2012-10-25"], ["color", "calico"], ["name", "Ilene Wright"], ["sex", "M"], ["description", "Corrupti adficio adeo coma patria congregatio dolor conqueror caelum tamen odit."], ["created_at", "2019-04-10 17:58:26.176794"], ["updated_at", "2019-04-10 17:58:26.176794"]]
  ↳ db/seeds.rb:15
  [1m[35m (1.4ms)[0m  [1m[35mCOMMIT[0m
  ↳ db/seeds.rb:15
  [1m[36mCat Load (0.4ms)[0m  [1m[34mSELECT "cats".* FROM "cats"[0m
Started GET "/cats" for ::1 at 2019-04-10 14:00:49 -0400
Processing by CatsController#index as HTML
  Rendering cats/index.html.erb within layouts/application
  [1m[36mCat Load (0.5ms)[0m  [1m[34mSELECT "cats".* FROM "cats"[0m
  ↳ app/views/cats/index.html.erb:4
  Rendered cats/index.html.erb within layouts/application (59.0ms)
Completed 200 OK in 72ms (Views: 65.6ms | ActiveRecord: 5.4ms)


Started GET "/cats" for ::1 at 2019-04-10 14:00:49 -0400
Processing by CatsController#index as */*
  Rendering cats/index.html.erb within layouts/application
  [1m[36mCat Load (0.3ms)[0m  [1m[34mSELECT "cats".* FROM "cats"[0m
  ↳ app/views/cats/index.html.erb:4
  Rendered cats/index.html.erb within layouts/application (2.0ms)
Completed 200 OK in 31ms (Views: 29.9ms | ActiveRecord: 0.3ms)


Started GET "/cats/1" for ::1 at 2019-04-10 14:16:46 -0400
Processing by CatsController#show as HTML
  Parameters: {"id"=>"1"}
  [1m[36mCat Load (1.5ms)[0m  [1m[34mSELECT  "cats".* FROM "cats" WHERE "cats"."id" = $1 LIMIT $2[0m  [["id", 1], ["LIMIT", 1]]
  ↳ app/controllers/cats_controller.rb:8
Redirected to 
Completed 500 Internal Server Error in 357ms (ActiveRecord: 4.8ms)



NoMethodError - undefined method `index_url' for #<CatsController:0x00007f36f0883f78>
Did you mean?  index:
  app/controllers/cats_controller.rb:12:in `show'

Started POST "/__better_errors/68473a9d912407d6/variables" for ::1 at 2019-04-10 14:16:47 -0400
Started GET "/cats/1" for ::1 at 2019-04-10 14:16:47 -0400
Processing by CatsController#show as */*
  Parameters: {"id"=>"1"}
  [1m[36mCat Load (0.3ms)[0m  [1m[34mSELECT  "cats".* FROM "cats" WHERE "cats"."id" = $1 LIMIT $2[0m  [["id", 1], ["LIMIT", 1]]
  ↳ app/controllers/cats_controller.rb:8
Redirected to 
Completed 500 Internal Server Error in 382ms (ActiveRecord: 0.3ms)



NoMethodError - undefined method `index_url' for #<CatsController:0x0000558f06e84460>
Did you mean?  index:
  app/controllers/cats_controller.rb:12:in `show'

Started GET "/cats/2" for ::1 at 2019-04-10 14:17:29 -0400
Processing by CatsController#show as HTML
  Parameters: {"id"=>"2"}
  [1m[36mCat Load (1.4ms)[0m  [1m[34mSELECT  "cats".* FROM "cats" WHERE "cats"."id" = $1 LIMIT $2[0m  [["id", 2], ["LIMIT", 1]]
  ↳ app/controllers/cats_controller.rb:8
  Rendering cats/show.html.erb within layouts/application
  Rendered cats/show.html.erb within layouts/application (1.7ms)
Completed 200 OK in 41ms (Views: 26.4ms | ActiveRecord: 5.0ms)


Started GET "/cats/2" for ::1 at 2019-04-10 14:17:29 -0400
Processing by CatsController#show as */*
  Parameters: {"id"=>"2"}
  [1m[36mCat Load (0.5ms)[0m  [1m[34mSELECT  "cats".* FROM "cats" WHERE "cats"."id" = $1 LIMIT $2[0m  [["id", 2], ["LIMIT", 1]]
  ↳ app/controllers/cats_controller.rb:8
  Rendering cats/show.html.erb within layouts/application
  Rendered cats/show.html.erb within layouts/application (1.1ms)
Completed 200 OK in 22ms (Views: 19.1ms | ActiveRecord: 0.5ms)


  [1m[36mCat Load (0.3ms)[0m  [1m[34mSELECT  "cats".* FROM "cats" WHERE "cats"."id" = $1 LIMIT $2[0m  [["id", 2], ["LIMIT", 1]]
Started GET "/cats/2" for ::1 at 2019-04-10 15:46:04 -0400
Processing by CatsController#show as HTML
  Parameters: {"id"=>"2"}
  [1m[36mCat Load (0.3ms)[0m  [1m[34mSELECT  "cats".* FROM "cats" WHERE "cats"."id" = $1 LIMIT $2[0m  [["id", 2], ["LIMIT", 1]]
  ↳ app/controllers/cats_controller.rb:8
  Rendering cats/show.html.erb within layouts/application
  Rendered cats/show.html.erb within layouts/application (0.8ms)
Completed 200 OK in 21ms (Views: 17.9ms | ActiveRecord: 0.8ms)


Started GET "/cats/2" for ::1 at 2019-04-10 15:46:04 -0400
Processing by CatsController#show as */*
  Parameters: {"id"=>"2"}
  [1m[36mCat Load (0.2ms)[0m  [1m[34mSELECT  "cats".* FROM "cats" WHERE "cats"."id" = $1 LIMIT $2[0m  [["id", 2], ["LIMIT", 1]]
  ↳ app/controllers/cats_controller.rb:8
  Rendering cats/show.html.erb within layouts/application
  Rendered cats/show.html.erb within layouts/application (0.4ms)
Completed 200 OK in 50ms (Views: 48.7ms | ActiveRecord: 0.2ms)


Started GET "/cats/2" for ::1 at 2019-04-10 15:46:48 -0400
Processing by CatsController#show as HTML
  Parameters: {"id"=>"2"}
  [1m[36mCat Load (0.2ms)[0m  [1m[34mSELECT  "cats".* FROM "cats" WHERE "cats"."id" = $1 LIMIT $2[0m  [["id", 2], ["LIMIT", 1]]
  ↳ app/controllers/cats_controller.rb:8
  Rendering cats/show.html.erb within layouts/application
  Rendered cats/show.html.erb within layouts/application (0.4ms)
Completed 200 OK in 26ms (Views: 25.0ms | ActiveRecord: 0.2ms)


Started GET "/cats/2" for ::1 at 2019-04-10 15:46:48 -0400
Processing by CatsController#show as */*
  Parameters: {"id"=>"2"}
  [1m[36mCat Load (0.2ms)[0m  [1m[34mSELECT  "cats".* FROM "cats" WHERE "cats"."id" = $1 LIMIT $2[0m  [["id", 2], ["LIMIT", 1]]
  ↳ app/controllers/cats_controller.rb:8
  Rendering cats/show.html.erb within layouts/application
  Rendered cats/show.html.erb within layouts/application (2.0ms)
Completed 200 OK in 62ms (Views: 60.7ms | ActiveRecord: 0.2ms)


Started GET "/cats/2" for ::1 at 2019-04-10 15:48:39 -0400
Processing by CatsController#show as HTML
  Parameters: {"id"=>"2"}
  [1m[36mCat Load (0.2ms)[0m  [1m[34mSELECT  "cats".* FROM "cats" WHERE "cats"."id" = $1 LIMIT $2[0m  [["id", 2], ["LIMIT", 1]]
  ↳ app/controllers/cats_controller.rb:8
  Rendering cats/show.html.erb within layouts/application
  Rendered cats/show.html.erb within layouts/application (0.9ms)
Completed 200 OK in 21ms (Views: 19.6ms | ActiveRecord: 0.2ms)


Started GET "/cats/2" for ::1 at 2019-04-10 15:48:39 -0400
Processing by CatsController#show as */*
  Parameters: {"id"=>"2"}
  [1m[36mCat Load (0.3ms)[0m  [1m[34mSELECT  "cats".* FROM "cats" WHERE "cats"."id" = $1 LIMIT $2[0m  [["id", 2], ["LIMIT", 1]]
  ↳ app/controllers/cats_controller.rb:8
  Rendering cats/show.html.erb within layouts/application
  Rendered cats/show.html.erb within layouts/application (1.3ms)
Completed 200 OK in 25ms (Views: 23.8ms | ActiveRecord: 0.3ms)


Started GET "/cats/2" for ::1 at 2019-04-10 15:49:34 -0400
Processing by CatsController#show as HTML
  Parameters: {"id"=>"2"}
  [1m[36mCat Load (0.2ms)[0m  [1m[34mSELECT  "cats".* FROM "cats" WHERE "cats"."id" = $1 LIMIT $2[0m  [["id", 2], ["LIMIT", 1]]
  ↳ app/controllers/cats_controller.rb:8
  Rendering cats/show.html.erb within layouts/application
  Rendered cats/show.html.erb within layouts/application (0.4ms)
Completed 200 OK in 12ms (Views: 10.6ms | ActiveRecord: 0.2ms)


Started GET "/cats/2" for ::1 at 2019-04-10 15:49:34 -0400
Processing by CatsController#show as */*
  Parameters: {"id"=>"2"}
  [1m[36mCat Load (0.2ms)[0m  [1m[34mSELECT  "cats".* FROM "cats" WHERE "cats"."id" = $1 LIMIT $2[0m  [["id", 2], ["LIMIT", 1]]
  ↳ app/controllers/cats_controller.rb:8
  Rendering cats/show.html.erb within layouts/application
  Rendered cats/show.html.erb within layouts/application (3.2ms)
Completed 200 OK in 26ms (Views: 25.1ms | ActiveRecord: 0.2ms)


Started GET "/cats/3" for ::1 at 2019-04-10 15:50:24 -0400
Processing by CatsController#show as HTML
  Parameters: {"id"=>"3"}
  [1m[36mCat Load (0.3ms)[0m  [1m[34mSELECT  "cats".* FROM "cats" WHERE "cats"."id" = $1 LIMIT $2[0m  [["id", 3], ["LIMIT", 1]]
  ↳ app/controllers/cats_controller.rb:8
  Rendering cats/show.html.erb within layouts/application
  Rendered cats/show.html.erb within layouts/application (0.9ms)
Completed 200 OK in 23ms (Views: 20.0ms | ActiveRecord: 0.3ms)


Started GET "/cats/3" for ::1 at 2019-04-10 15:50:24 -0400
Processing by CatsController#show as */*
  Parameters: {"id"=>"3"}
  [1m[36mCat Load (0.3ms)[0m  [1m[34mSELECT  "cats".* FROM "cats" WHERE "cats"."id" = $1 LIMIT $2[0m  [["id", 3], ["LIMIT", 1]]
  ↳ app/controllers/cats_controller.rb:8
  Rendering cats/show.html.erb within layouts/application
  Rendered cats/show.html.erb within layouts/application (0.7ms)
Completed 200 OK in 14ms (Views: 13.0ms | ActiveRecord: 0.3ms)


Started GET "/cats" for ::1 at 2019-04-10 15:50:39 -0400
Processing by CatsController#index as HTML
  Rendering cats/index.html.erb within layouts/application
  [1m[36mCat Load (0.3ms)[0m  [1m[34mSELECT "cats".* FROM "cats"[0m
  ↳ app/views/cats/index.html.erb:4
  Rendered cats/index.html.erb within layouts/application (2.4ms)
Completed 200 OK in 15ms (Views: 14.0ms | ActiveRecord: 0.3ms)


Started GET "/cats" for ::1 at 2019-04-10 15:50:39 -0400
Processing by CatsController#index as */*
  Rendering cats/index.html.erb within layouts/application
  [1m[36mCat Load (1.3ms)[0m  [1m[34mSELECT "cats".* FROM "cats"[0m
  ↳ app/views/cats/index.html.erb:4
  Rendered cats/index.html.erb within layouts/application (2.9ms)
Completed 200 OK in 26ms (Views: 23.6ms | ActiveRecord: 1.3ms)


Started GET "/cats" for ::1 at 2019-04-10 15:52:54 -0400
Processing by CatsController#index as HTML
  Rendering cats/index.html.erb within layouts/application
  [1m[36mCat Load (0.5ms)[0m  [1m[34mSELECT "cats".* FROM "cats"[0m
  ↳ app/views/cats/index.html.erb:4
  Rendered cats/index.html.erb within layouts/application (3.2ms)
Completed 200 OK in 23ms (Views: 21.9ms | ActiveRecord: 0.5ms)


Started GET "/cats" for ::1 at 2019-04-10 15:52:54 -0400
Processing by CatsController#index as */*
  Rendering cats/index.html.erb within layouts/application
  [1m[36mCat Load (1.1ms)[0m  [1m[34mSELECT "cats".* FROM "cats"[0m
  ↳ app/views/cats/index.html.erb:4
  Rendered cats/index.html.erb within layouts/application (11.2ms)
Completed 200 OK in 43ms (Views: 41.9ms | ActiveRecord: 1.1ms)


Started GET "/cats/6" for ::1 at 2019-04-10 15:52:57 -0400
Processing by CatsController#show as HTML
  Parameters: {"id"=>"6"}
  [1m[36mCat Load (0.9ms)[0m  [1m[34mSELECT  "cats".* FROM "cats" WHERE "cats"."id" = $1 LIMIT $2[0m  [["id", 6], ["LIMIT", 1]]
  ↳ app/controllers/cats_controller.rb:8
  Rendering cats/show.html.erb within layouts/application
  Rendered cats/show.html.erb within layouts/application (0.8ms)
Completed 200 OK in 21ms (Views: 18.5ms | ActiveRecord: 0.9ms)


Started GET "/cats" for ::1 at 2019-04-10 15:52:57 -0400
Processing by CatsController#index as */*
  Rendering cats/index.html.erb within layouts/application
  [1m[36mCat Load (0.5ms)[0m  [1m[34mSELECT "cats".* FROM "cats"[0m
  ↳ app/views/cats/index.html.erb:4
  Rendered cats/index.html.erb within layouts/application (3.5ms)
Completed 200 OK in 26ms (Views: 24.3ms | ActiveRecord: 0.5ms)


Started GET "/cats" for ::1 at 2019-04-10 15:52:59 -0400
Processing by CatsController#index as */*
  Rendering cats/index.html.erb within layouts/application
  [1m[36mCat Load (1.3ms)[0m  [1m[34mSELECT "cats".* FROM "cats"[0m
  ↳ app/views/cats/index.html.erb:4
  Rendered cats/index.html.erb within layouts/application (5.8ms)
Completed 200 OK in 39ms (Views: 36.5ms | ActiveRecord: 1.3ms)


Started GET "/cats/13" for ::1 at 2019-04-10 15:53:00 -0400
Processing by CatsController#show as HTML
  Parameters: {"id"=>"13"}
  [1m[36mCat Load (0.2ms)[0m  [1m[34mSELECT  "cats".* FROM "cats" WHERE "cats"."id" = $1 LIMIT $2[0m  [["id", 13], ["LIMIT", 1]]
  ↳ app/controllers/cats_controller.rb:8
  Rendering cats/show.html.erb within layouts/application
  Rendered cats/show.html.erb within layouts/application (0.5ms)
Started GET "/cats" for ::1 at 2019-04-10 15:53:00 -0400
Completed 200 OK in 25ms (Views: 23.6ms | ActiveRecord: 0.2ms)


Processing by CatsController#index as */*
  Rendering cats/index.html.erb within layouts/application
  [1m[36mCat Load (1.2ms)[0m  [1m[34mSELECT "cats".* FROM "cats"[0m
  ↳ app/views/cats/index.html.erb:4
  Rendered cats/index.html.erb within layouts/application (3.5ms)
Completed 200 OK in 31ms (Views: 29.3ms | ActiveRecord: 1.2ms)


Started GET "/cats" for ::1 at 2019-04-10 15:53:03 -0400
Processing by CatsController#index as */*
  Rendering cats/index.html.erb within layouts/application
  [1m[36mCat Load (1.3ms)[0m  [1m[34mSELECT "cats".* FROM "cats"[0m
  ↳ app/views/cats/index.html.erb:4
  Rendered cats/index.html.erb within layouts/application (12.3ms)
Completed 200 OK in 38ms (Views: 35.9ms | ActiveRecord: 1.3ms)


Started GET "/cats/12" for ::1 at 2019-04-10 15:53:07 -0400
Processing by CatsController#show as HTML
  Parameters: {"id"=>"12"}
  [1m[36mCat Load (0.6ms)[0m  [1m[34mSELECT  "cats".* FROM "cats" WHERE "cats"."id" = $1 LIMIT $2[0m  [["id", 12], ["LIMIT", 1]]
  ↳ app/controllers/cats_controller.rb:8
  Rendering cats/show.html.erb within layouts/application
  Rendered cats/show.html.erb within layouts/application (0.8ms)
Completed 200 OK in 19ms (Views: 14.7ms | ActiveRecord: 0.9ms)


Started GET "/cats" for ::1 at 2019-04-10 15:53:08 -0400
Processing by CatsController#index as */*
  Rendering cats/index.html.erb within layouts/application
  [1m[36mCat Load (1.0ms)[0m  [1m[34mSELECT "cats".* FROM "cats"[0m
  ↳ app/views/cats/index.html.erb:4
  Rendered cats/index.html.erb within layouts/application (3.6ms)
Completed 200 OK in 31ms (Views: 29.0ms | ActiveRecord: 1.0ms)


Started GET "/cats" for ::1 at 2019-04-10 15:59:01 -0400
Processing by CatsController#index as */*
  Rendering cats/index.html.erb within layouts/application
  [1m[36mCat Load (0.6ms)[0m  [1m[34mSELECT "cats".* FROM "cats"[0m
  ↳ app/views/cats/index.html.erb:4
  Rendered cats/index.html.erb within layouts/application (15.7ms)
Completed 200 OK in 49ms (Views: 39.6ms | ActiveRecord: 5.8ms)


Started POST "/cats" for ::1 at 2019-04-10 16:01:17 -0400
Processing by CatsController#create as */*
  Parameters: {"cats"=>{"birth_date"=>"2016-02-29", "color"=>"orange", "name"=>"Leapy2", "sex"=>"F", "description"=>"The return of Leapy!!"}}
  [1m[35m (3.6ms)[0m  [1m[35mBEGIN[0m
  ↳ app/controllers/cats_controller.rb:21
  [1m[36mCat Create (0.9ms)[0m  [1m[32mINSERT INTO "cats" ("birth_date", "color", "name", "sex", "description", "created_at", "updated_at") VALUES ($1, $2, $3, $4, $5, $6, $7) RETURNING "id"[0m  [["birth_date", "2016-02-29"], ["color", "orange"], ["name", "Leapy2"], ["sex", "F"], ["description", "The return of Leapy!!"], ["created_at", "2019-04-10 20:01:17.740489"], ["updated_at", "2019-04-10 20:01:17.740489"]]
  ↳ app/controllers/cats_controller.rb:21
  [1m[35m (1.5ms)[0m  [1m[35mCOMMIT[0m
  ↳ app/controllers/cats_controller.rb:21
  Rendering cats/show.html.erb within layouts/application
  Rendered cats/show.html.erb within layouts/application (0.6ms)
Completed 200 OK in 52ms (Views: 39.8ms | ActiveRecord: 6.0ms)


Started POST "/cats" for ::1 at 2019-04-10 16:01:49 -0400
Processing by CatsController#create as */*
  Parameters: {"cats"=>{"birth_date"=>"2016-02-29", "color"=>"orange"}}
  [1m[35m (0.1ms)[0m  [1m[35mBEGIN[0m
  ↳ app/controllers/cats_controller.rb:21
  [1m[35m (0.1ms)[0m  [1m[31mROLLBACK[0m
  ↳ app/controllers/cats_controller.rb:21
Completed 200 OK in 5ms (Views: 0.1ms | ActiveRecord: 0.2ms)


  [1m[36mCat Load (0.3ms)[0m  [1m[34mSELECT  "cats".* FROM "cats" ORDER BY "cats"."id" DESC LIMIT $1[0m  [["LIMIT", 1]]
Started POST "/cats" for ::1 at 2019-04-10 16:04:56 -0400
Processing by CatsController#create as */*
Completed 400 Bad Request in 1ms (ActiveRecord: 0.0ms)



ActionController::ParameterMissing - param is missing or the value is empty: cats:
  app/controllers/cats_controller.rb:31:in `cat_params'
  app/controllers/cats_controller.rb:20:in `create'

Started GET "/cats/new" for ::1 at 2019-04-10 16:26:18 -0400
Processing by CatsController#new as HTML
  Rendering cats/new.html.erb within layouts/application
  Rendered cats/new.html.erb within layouts/application (0.4ms)
Completed 200 OK in 62ms (Views: 34.0ms | ActiveRecord: 12.8ms)


Started GET "/cats/new" for ::1 at 2019-04-10 16:26:18 -0400
Processing by CatsController#new as */*
  Rendering cats/new.html.erb within layouts/application
  Rendered cats/new.html.erb within layouts/application (1.8ms)
Completed 200 OK in 27ms (Views: 26.8ms | ActiveRecord: 0.0ms)


Started GET "/cats/new" for ::1 at 2019-04-10 16:27:23 -0400
Processing by CatsController#new as HTML
  Rendering cats/new.html.erb within layouts/application
  Rendered cats/new.html.erb within layouts/application (0.4ms)
Completed 200 OK in 28ms (Views: 27.6ms | ActiveRecord: 0.0ms)


Started GET "/cats/new" for ::1 at 2019-04-10 16:27:24 -0400
Processing by CatsController#new as */*
  Rendering cats/new.html.erb within layouts/application
  Rendered cats/new.html.erb within layouts/application (0.7ms)
Completed 200 OK in 26ms (Views: 22.6ms | ActiveRecord: 0.0ms)


Started GET "/cats/new" for ::1 at 2019-04-10 16:27:46 -0400
Processing by CatsController#new as HTML
  Rendering cats/new.html.erb within layouts/application
  Rendered cats/new.html.erb within layouts/application (1.0ms)
Completed 200 OK in 31ms (Views: 29.2ms | ActiveRecord: 0.0ms)


Started GET "/cats/new" for ::1 at 2019-04-10 16:27:46 -0400
Processing by CatsController#new as */*
  Rendering cats/new.html.erb within layouts/application
  Rendered cats/new.html.erb within layouts/application (0.6ms)
Completed 200 OK in 21ms (Views: 20.0ms | ActiveRecord: 0.0ms)


Started GET "/cats/new" for ::1 at 2019-04-10 16:28:06 -0400
Processing by CatsController#new as HTML
  Rendering cats/new.html.erb within layouts/application
  Rendered cats/new.html.erb within layouts/application (1.4ms)
Completed 200 OK in 35ms (Views: 31.9ms | ActiveRecord: 0.0ms)


Started GET "/cats/new" for ::1 at 2019-04-10 16:28:06 -0400
Processing by CatsController#new as */*
  Rendering cats/new.html.erb within layouts/application
  Rendered cats/new.html.erb within layouts/application (1.8ms)
Completed 200 OK in 25ms (Views: 24.5ms | ActiveRecord: 0.0ms)


Started GET "/cats/new" for ::1 at 2019-04-10 16:30:33 -0400
Processing by CatsController#new as HTML
  Rendering cats/new.html.erb within layouts/application
  Rendered cats/new.html.erb within layouts/application (0.8ms)
Completed 200 OK in 25ms (Views: 25.0ms | ActiveRecord: 0.0ms)


Started GET "/cats/new" for ::1 at 2019-04-10 16:30:34 -0400
Processing by CatsController#new as */*
  Rendering cats/new.html.erb within layouts/application
  Rendered cats/new.html.erb within layouts/application (0.8ms)
Completed 200 OK in 46ms (Views: 45.4ms | ActiveRecord: 0.0ms)


Started POST "/cats" for ::1 at 2019-04-10 16:31:47 -0400
Processing by CatsController#create as HTML
  Parameters: {"cat"=>{"name"=>"Poochy", "birth_date"=>"2007-06-07", "color"=>"brown", "sex"=>"M", "description"=>"Not really a cat."}}
Completed 400 Bad Request in 2ms (ActiveRecord: 0.0ms)



ActionController::ParameterMissing - param is missing or the value is empty: cats:
  app/controllers/cats_controller.rb:33:in `cat_params'
  app/controllers/cats_controller.rb:22:in `create'

Started POST "/__better_errors/ae92122d357564b9/variables" for ::1 at 2019-04-10 16:31:47 -0400
Started GET "/cats" for ::1 at 2019-04-10 16:31:48 -0400
Processing by CatsController#index as */*
  Rendering cats/index.html.erb within layouts/application
  [1m[36mCat Load (0.5ms)[0m  [1m[34mSELECT "cats".* FROM "cats"[0m
  ↳ app/views/cats/index.html.erb:4
  Rendered cats/index.html.erb within layouts/application (2.9ms)
Completed 200 OK in 20ms (Views: 18.8ms | ActiveRecord: 0.5ms)


Started POST "/cats" for ::1 at 2019-04-10 16:33:17 -0400
Processing by CatsController#create as HTML
  Parameters: {"cat"=>{"name"=>"Poochy", "birth_date"=>"2007-06-07", "color"=>"brown", "sex"=>"M", "description"=>"Not really a cat."}}
  [1m[35m (0.2ms)[0m  [1m[35mBEGIN[0m
  ↳ app/controllers/cats_controller.rb:23
  [1m[36mCat Create (0.8ms)[0m  [1m[32mINSERT INTO "cats" ("birth_date", "color", "name", "sex", "description", "created_at", "updated_at") VALUES ($1, $2, $3, $4, $5, $6, $7) RETURNING "id"[0m  [["birth_date", "2007-06-07"], ["color", "brown"], ["name", "Poochy"], ["sex", "M"], ["description", "Not really a cat."], ["created_at", "2019-04-10 20:33:17.106243"], ["updated_at", "2019-04-10 20:33:17.106243"]]
  ↳ app/controllers/cats_controller.rb:23
  [1m[35m (1.3ms)[0m  [1m[35mCOMMIT[0m
  ↳ app/controllers/cats_controller.rb:23
  Rendering cats/show.html.erb within layouts/application
  Rendered cats/show.html.erb within layouts/application (1.0ms)
Completed 200 OK in 47ms (Views: 17.5ms | ActiveRecord: 13.2ms)


Started GET "/cats" for ::1 at 2019-04-10 16:33:17 -0400
Processing by CatsController#index as */*
  Rendering cats/index.html.erb within layouts/application
  [1m[36mCat Load (0.6ms)[0m  [1m[34mSELECT "cats".* FROM "cats"[0m
  ↳ app/views/cats/index.html.erb:4
  Rendered cats/index.html.erb within layouts/application (4.6ms)
Completed 200 OK in 29ms (Views: 26.4ms | ActiveRecord: 0.6ms)


Started GET "/cats" for ::1 at 2019-04-10 16:48:01 -0400
Processing by CatsController#index as HTML
  Rendering cats/index.html.erb within layouts/application
  [1m[36mCat Load (0.5ms)[0m  [1m[34mSELECT "cats".* FROM "cats"[0m
  ↳ app/views/cats/index.html.erb:4
  Rendered cats/index.html.erb within layouts/application (14.6ms)
Completed 200 OK in 54ms (Views: 46.0ms | ActiveRecord: 5.2ms)


Started GET "/cats" for ::1 at 2019-04-10 16:48:01 -0400
Processing by CatsController#index as */*
  Rendering cats/index.html.erb within layouts/application
  [1m[36mCat Load (2.3ms)[0m  [1m[34mSELECT "cats".* FROM "cats"[0m
  ↳ app/views/cats/index.html.erb:4
  Rendered cats/index.html.erb within layouts/application (4.9ms)
Completed 200 OK in 32ms (Views: 28.5ms | ActiveRecord: 2.3ms)


Started GET "/cats/new" for ::1 at 2019-04-10 16:48:12 -0400
Processing by CatsController#new as HTML
  Rendering cats/new.html.erb within layouts/application
  Rendered cats/new.html.erb within layouts/application (2.0ms)
Completed 200 OK in 22ms (Views: 21.5ms | ActiveRecord: 0.0ms)


Started GET "/cats/new" for ::1 at 2019-04-10 16:48:12 -0400
Processing by CatsController#new as */*
  Rendering cats/new.html.erb within layouts/application
  Rendered cats/new.html.erb within layouts/application (0.5ms)
Completed 200 OK in 14ms (Views: 14.1ms | ActiveRecord: 0.0ms)


Started POST "/cats" for ::1 at 2019-04-10 16:49:02 -0400
Processing by CatsController#create as HTML
  Parameters: {"cat"=>{"name"=>"Leapy4000", "birth_date"=>"4000-01-01", "color"=>"calico", "sex"=>"M", "description"=>"FUTURE LEAPY"}}
  [1m[35m (0.1ms)[0m  [1m[35mBEGIN[0m
  ↳ app/controllers/cats_controller.rb:23
  [1m[35m (0.1ms)[0m  [1m[31mROLLBACK[0m
  ↳ app/controllers/cats_controller.rb:23
Completed 200 OK in 3ms (Views: 0.2ms | ActiveRecord: 0.2ms)


Started GET "/cats" for ::1 at 2019-04-10 16:49:02 -0400
Processing by CatsController#index as */*
  Rendering cats/index.html.erb within layouts/application
  [1m[36mCat Load (0.5ms)[0m  [1m[34mSELECT "cats".* FROM "cats"[0m
  ↳ app/views/cats/index.html.erb:4
  Rendered cats/index.html.erb within layouts/application (4.1ms)
Completed 200 OK in 43ms (Views: 41.9ms | ActiveRecord: 0.5ms)


Started GET "/cats/new" for ::1 at 2019-04-10 16:49:21 -0400
Processing by CatsController#new as */*
  Rendering cats/new.html.erb within layouts/application
  Rendered cats/new.html.erb within layouts/application (0.5ms)
Completed 200 OK in 17ms (Views: 16.9ms | ActiveRecord: 0.0ms)


Started GET "/cats/new" for ::1 at 2019-04-10 16:49:48 -0400
Processing by CatsController#new as HTML
  Rendering cats/new.html.erb within layouts/application
  Rendered cats/new.html.erb within layouts/application (0.8ms)
Completed 200 OK in 54ms (Views: 16.5ms | ActiveRecord: 4.2ms)


Started GET "/cats/new" for ::1 at 2019-04-10 16:49:48 -0400
Processing by CatsController#new as */*
  Rendering cats/new.html.erb within layouts/application
  Rendered cats/new.html.erb within layouts/application (3.7ms)
Completed 200 OK in 37ms (Views: 36.6ms | ActiveRecord: 0.0ms)


Started GET "/cat/2" for ::1 at 2019-04-10 16:59:56 -0400
  
ActionController::RoutingError (No route matches [GET] "/cat/2"):
  
actionpack (5.2.3) lib/action_dispatch/middleware/debug_exceptions.rb:65:in `call'
web-console (3.7.0) lib/web_console/middleware.rb:135:in `call_app'
web-console (3.7.0) lib/web_console/middleware.rb:30:in `block in call'
web-console (3.7.0) lib/web_console/middleware.rb:20:in `catch'
web-console (3.7.0) lib/web_console/middleware.rb:20:in `call'
actionpack (5.2.3) lib/action_dispatch/middleware/show_exceptions.rb:33:in `call'
railties (5.2.3) lib/rails/rack/logger.rb:38:in `call_app'
railties (5.2.3) lib/rails/rack/logger.rb:26:in `block in call'
activesupport (5.2.3) lib/active_support/tagged_logging.rb:71:in `block in tagged'
activesupport (5.2.3) lib/active_support/tagged_logging.rb:28:in `tagged'
activesupport (5.2.3) lib/active_support/tagged_logging.rb:71:in `tagged'
railties (5.2.3) lib/rails/rack/logger.rb:26:in `call'
sprockets-rails (3.2.1) lib/sprockets/rails/quiet_assets.rb:13:in `call'
actionpack (5.2.3) lib/action_dispatch/middleware/remote_ip.rb:81:in `call'
actionpack (5.2.3) lib/action_dispatch/middleware/request_id.rb:27:in `call'
rack (2.0.7) lib/rack/method_override.rb:22:in `call'
rack (2.0.7) lib/rack/runtime.rb:22:in `call'
activesupport (5.2.3) lib/active_support/cache/strategy/local_cache_middleware.rb:29:in `call'
actionpack (5.2.3) lib/action_dispatch/middleware/executor.rb:14:in `call'
actionpack (5.2.3) lib/action_dispatch/middleware/static.rb:127:in `call'
rack (2.0.7) lib/rack/sendfile.rb:111:in `call'
railties (5.2.3) lib/rails/engine.rb:524:in `call'
puma (3.12.1) lib/puma/configuration.rb:227:in `call'
puma (3.12.1) lib/puma/server.rb:660:in `handle_request'
puma (3.12.1) lib/puma/server.rb:474:in `process_client'
puma (3.12.1) lib/puma/server.rb:334:in `block in run'
puma (3.12.1) lib/puma/thread_pool.rb:135:in `block in spawn_thread'
Started GET "/cat/2" for ::1 at 2019-04-10 16:59:57 -0400
  
ActionController::RoutingError (No route matches [GET] "/cat/2"):
  
actionpack (5.2.3) lib/action_dispatch/middleware/debug_exceptions.rb:65:in `call'
web-console (3.7.0) lib/web_console/middleware.rb:135:in `call_app'
web-console (3.7.0) lib/web_console/middleware.rb:30:in `block in call'
web-console (3.7.0) lib/web_console/middleware.rb:20:in `catch'
web-console (3.7.0) lib/web_console/middleware.rb:20:in `call'
actionpack (5.2.3) lib/action_dispatch/middleware/show_exceptions.rb:33:in `call'
railties (5.2.3) lib/rails/rack/logger.rb:38:in `call_app'
railties (5.2.3) lib/rails/rack/logger.rb:26:in `block in call'
activesupport (5.2.3) lib/active_support/tagged_logging.rb:71:in `block in tagged'
activesupport (5.2.3) lib/active_support/tagged_logging.rb:28:in `tagged'
activesupport (5.2.3) lib/active_support/tagged_logging.rb:71:in `tagged'
railties (5.2.3) lib/rails/rack/logger.rb:26:in `call'
sprockets-rails (3.2.1) lib/sprockets/rails/quiet_assets.rb:13:in `call'
actionpack (5.2.3) lib/action_dispatch/middleware/remote_ip.rb:81:in `call'
actionpack (5.2.3) lib/action_dispatch/middleware/request_id.rb:27:in `call'
rack (2.0.7) lib/rack/method_override.rb:22:in `call'
rack (2.0.7) lib/rack/runtime.rb:22:in `call'
activesupport (5.2.3) lib/active_support/cache/strategy/local_cache_middleware.rb:29:in `call'
actionpack (5.2.3) lib/action_dispatch/middleware/executor.rb:14:in `call'
actionpack (5.2.3) lib/action_dispatch/middleware/static.rb:127:in `call'
rack (2.0.7) lib/rack/sendfile.rb:111:in `call'
railties (5.2.3) lib/rails/engine.rb:524:in `call'
puma (3.12.1) lib/puma/configuration.rb:227:in `call'
puma (3.12.1) lib/puma/server.rb:660:in `handle_request'
puma (3.12.1) lib/puma/server.rb:474:in `process_client'
puma (3.12.1) lib/puma/server.rb:334:in `block in run'
puma (3.12.1) lib/puma/thread_pool.rb:135:in `block in spawn_thread'
Started GET "/cat2/2" for ::1 at 2019-04-10 17:00:11 -0400
  
ActionController::RoutingError (No route matches [GET] "/cat2/2"):
  
actionpack (5.2.3) lib/action_dispatch/middleware/debug_exceptions.rb:65:in `call'
web-console (3.7.0) lib/web_console/middleware.rb:135:in `call_app'
web-console (3.7.0) lib/web_console/middleware.rb:30:in `block in call'
web-console (3.7.0) lib/web_console/middleware.rb:20:in `catch'
web-console (3.7.0) lib/web_console/middleware.rb:20:in `call'
actionpack (5.2.3) lib/action_dispatch/middleware/show_exceptions.rb:33:in `call'
railties (5.2.3) lib/rails/rack/logger.rb:38:in `call_app'
railties (5.2.3) lib/rails/rack/logger.rb:26:in `block in call'
activesupport (5.2.3) lib/active_support/tagged_logging.rb:71:in `block in tagged'
activesupport (5.2.3) lib/active_support/tagged_logging.rb:28:in `tagged'
activesupport (5.2.3) lib/active_support/tagged_logging.rb:71:in `tagged'
railties (5.2.3) lib/rails/rack/logger.rb:26:in `call'
sprockets-rails (3.2.1) lib/sprockets/rails/quiet_assets.rb:13:in `call'
actionpack (5.2.3) lib/action_dispatch/middleware/remote_ip.rb:81:in `call'
actionpack (5.2.3) lib/action_dispatch/middleware/request_id.rb:27:in `call'
rack (2.0.7) lib/rack/method_override.rb:22:in `call'
rack (2.0.7) lib/rack/runtime.rb:22:in `call'
activesupport (5.2.3) lib/active_support/cache/strategy/local_cache_middleware.rb:29:in `call'
actionpack (5.2.3) lib/action_dispatch/middleware/executor.rb:14:in `call'
actionpack (5.2.3) lib/action_dispatch/middleware/static.rb:127:in `call'
rack (2.0.7) lib/rack/sendfile.rb:111:in `call'
railties (5.2.3) lib/rails/engine.rb:524:in `call'
puma (3.12.1) lib/puma/configuration.rb:227:in `call'
puma (3.12.1) lib/puma/server.rb:660:in `handle_request'
puma (3.12.1) lib/puma/server.rb:474:in `process_client'
puma (3.12.1) lib/puma/server.rb:334:in `block in run'
puma (3.12.1) lib/puma/thread_pool.rb:135:in `block in spawn_thread'
Started GET "/cat2/2" for ::1 at 2019-04-10 17:00:12 -0400
  
ActionController::RoutingError (No route matches [GET] "/cat2/2"):
  
actionpack (5.2.3) lib/action_dispatch/middleware/debug_exceptions.rb:65:in `call'
web-console (3.7.0) lib/web_console/middleware.rb:135:in `call_app'
web-console (3.7.0) lib/web_console/middleware.rb:30:in `block in call'
web-console (3.7.0) lib/web_console/middleware.rb:20:in `catch'
web-console (3.7.0) lib/web_console/middleware.rb:20:in `call'
actionpack (5.2.3) lib/action_dispatch/middleware/show_exceptions.rb:33:in `call'
railties (5.2.3) lib/rails/rack/logger.rb:38:in `call_app'
railties (5.2.3) lib/rails/rack/logger.rb:26:in `block in call'
activesupport (5.2.3) lib/active_support/tagged_logging.rb:71:in `block in tagged'
activesupport (5.2.3) lib/active_support/tagged_logging.rb:28:in `tagged'
activesupport (5.2.3) lib/active_support/tagged_logging.rb:71:in `tagged'
railties (5.2.3) lib/rails/rack/logger.rb:26:in `call'
sprockets-rails (3.2.1) lib/sprockets/rails/quiet_assets.rb:13:in `call'
actionpack (5.2.3) lib/action_dispatch/middleware/remote_ip.rb:81:in `call'
actionpack (5.2.3) lib/action_dispatch/middleware/request_id.rb:27:in `call'
rack (2.0.7) lib/rack/method_override.rb:22:in `call'
rack (2.0.7) lib/rack/runtime.rb:22:in `call'
activesupport (5.2.3) lib/active_support/cache/strategy/local_cache_middleware.rb:29:in `call'
actionpack (5.2.3) lib/action_dispatch/middleware/executor.rb:14:in `call'
actionpack (5.2.3) lib/action_dispatch/middleware/static.rb:127:in `call'
rack (2.0.7) lib/rack/sendfile.rb:111:in `call'
railties (5.2.3) lib/rails/engine.rb:524:in `call'
puma (3.12.1) lib/puma/configuration.rb:227:in `call'
puma (3.12.1) lib/puma/server.rb:660:in `handle_request'
puma (3.12.1) lib/puma/server.rb:474:in `process_client'
puma (3.12.1) lib/puma/server.rb:334:in `block in run'
puma (3.12.1) lib/puma/thread_pool.rb:135:in `block in spawn_thread'
Started GET "/cats/2" for ::1 at 2019-04-10 17:00:17 -0400
Processing by CatsController#show as HTML
  Parameters: {"id"=>"2"}
  [1m[36mCat Load (0.5ms)[0m  [1m[34mSELECT  "cats".* FROM "cats" WHERE "cats"."id" = $1 LIMIT $2[0m  [["id", 2], ["LIMIT", 1]]
  ↳ app/controllers/cats_controller.rb:8
  Rendering cats/show.html.erb within layouts/application
  Rendered cats/show.html.erb within layouts/application (0.8ms)
Completed 200 OK in 28ms (Views: 23.6ms | ActiveRecord: 1.1ms)


Started GET "/cats/2" for ::1 at 2019-04-10 17:00:17 -0400
Processing by CatsController#show as */*
  Parameters: {"id"=>"2"}
  [1m[36mCat Load (0.4ms)[0m  [1m[34mSELECT  "cats".* FROM "cats" WHERE "cats"."id" = $1 LIMIT $2[0m  [["id", 2], ["LIMIT", 1]]
  ↳ app/controllers/cats_controller.rb:8
  Rendering cats/show.html.erb within layouts/application
  Rendered cats/show.html.erb within layouts/application (2.3ms)
Completed 200 OK in 37ms (Views: 29.2ms | ActiveRecord: 0.4ms)


Started GET "/cats/2/edit" for ::1 at 2019-04-10 17:00:23 -0400
Processing by CatsController#edit as HTML
  Parameters: {"id"=>"2"}
  Rendering cats/edit.html.erb within layouts/application
  Rendered cats/edit.html.erb within layouts/application (1.8ms)
Completed 500 Internal Server Error in 4ms (ActiveRecord: 0.0ms)



ActionController::UrlGenerationError - No route matches {:action=>"show", :controller=>"cats", :id=>nil}, missing required keys: [:id]:
  app/views/cats/edit.html.erb:2:in `_app_views_cats_edit_html_erb___2844465169637323812_69936976789800'

Started POST "/__better_errors/998bfea8c2e669c7/variables" for ::1 at 2019-04-10 17:00:23 -0400
Started GET "/cats/2/edit" for ::1 at 2019-04-10 17:00:23 -0400
Processing by CatsController#edit as */*
  Parameters: {"id"=>"2"}
  Rendering cats/edit.html.erb within layouts/application
  Rendered cats/edit.html.erb within layouts/application (6.3ms)
Completed 500 Internal Server Error in 17ms (ActiveRecord: 0.0ms)



ActionController::UrlGenerationError - No route matches {:action=>"show", :controller=>"cats", :id=>nil}, missing required keys: [:id]:
  app/views/cats/edit.html.erb:2:in `_app_views_cats_edit_html_erb___2844465169637323812_69936986797500'

Started POST "/__better_errors/998bfea8c2e669c7/eval" for ::1 at 2019-04-10 17:00:59 -0400
Started POST "/__better_errors/998bfea8c2e669c7/eval" for ::1 at 2019-04-10 17:01:45 -0400
Started GET "/cats/2/edit" for ::1 at 2019-04-10 17:04:30 -0400
Processing by CatsController#edit as HTML
  Parameters: {"id"=>"2"}
  [1m[36mCat Load (1.6ms)[0m  [1m[34mSELECT  "cats".* FROM "cats" WHERE "cats"."id" = $1 LIMIT $2[0m  [["id", 2], ["LIMIT", 1]]
  ↳ app/controllers/cats_controller.rb:31
  Rendering cats/edit.html.erb within layouts/application
  Rendered cats/edit.html.erb within layouts/application (1.1ms)
Completed 200 OK in 43ms (Views: 16.5ms | ActiveRecord: 14.7ms)


Started GET "/cats/2/edit" for ::1 at 2019-04-10 17:04:30 -0400
Processing by CatsController#edit as */*
  Parameters: {"id"=>"2"}
  [1m[36mCat Load (0.3ms)[0m  [1m[34mSELECT  "cats".* FROM "cats" WHERE "cats"."id" = $1 LIMIT $2[0m  [["id", 2], ["LIMIT", 1]]
  ↳ app/controllers/cats_controller.rb:31
  Rendering cats/edit.html.erb within layouts/application
  Rendered cats/edit.html.erb within layouts/application (0.7ms)
Completed 200 OK in 31ms (Views: 29.8ms | ActiveRecord: 0.3ms)


Started PATCH "/cats/2" for ::1 at 2019-04-10 17:05:00 -0400
Processing by CatsController#update as HTML
  Parameters: {"cat"=>{"name"=>"Adam Meway", "birth_date"=>"2010-12-09", "color"=>"white", "sex"=>"M", "description"=>"Et tantum consequatur accipio deserunt angulus contego dignissimos verbum clibanus autem voluptatem validus."}, "id"=>"2"}
  Rendering text template
  Rendered text template (0.0ms)
Completed 200 OK in 4ms (Views: 3.5ms | ActiveRecord: 0.0ms)


Started GET "/cats/2" for ::1 at 2019-04-10 17:05:00 -0400
Processing by CatsController#show as */*
  Parameters: {"id"=>"2"}
  [1m[36mCat Load (0.3ms)[0m  [1m[34mSELECT  "cats".* FROM "cats" WHERE "cats"."id" = $1 LIMIT $2[0m  [["id", 2], ["LIMIT", 1]]
  ↳ app/controllers/cats_controller.rb:8
  Rendering cats/show.html.erb within layouts/application
  Rendered cats/show.html.erb within layouts/application (0.7ms)
Completed 200 OK in 34ms (Views: 32.9ms | ActiveRecord: 0.3ms)


Started GET "/cats/2/edit" for ::1 at 2019-04-10 17:07:16 -0400
Processing by CatsController#edit as HTML
  Parameters: {"id"=>"2"}
  [1m[36mCat Load (0.4ms)[0m  [1m[34mSELECT  "cats".* FROM "cats" WHERE "cats"."id" = $1 LIMIT $2[0m  [["id", 2], ["LIMIT", 1]]
  ↳ app/controllers/cats_controller.rb:31
  Rendering cats/edit.html.erb within layouts/application
  Rendered cats/edit.html.erb within layouts/application (0.7ms)
Completed 200 OK in 14ms (Views: 11.9ms | ActiveRecord: 0.4ms)


Started GET "/cats/2/edit" for ::1 at 2019-04-10 17:07:16 -0400
Processing by CatsController#edit as */*
  Parameters: {"id"=>"2"}
  [1m[36mCat Load (0.2ms)[0m  [1m[34mSELECT  "cats".* FROM "cats" WHERE "cats"."id" = $1 LIMIT $2[0m  [["id", 2], ["LIMIT", 1]]
  ↳ app/controllers/cats_controller.rb:31
  Rendering cats/edit.html.erb within layouts/application
  Rendered cats/edit.html.erb within layouts/application (0.8ms)
Completed 200 OK in 32ms (Views: 30.4ms | ActiveRecord: 0.2ms)


Started PATCH "/cats/2" for ::1 at 2019-04-10 17:11:36 -0400
Processing by CatsController#update as HTML
  Parameters: {"cat"=>{"name"=>"Adam Meway", "birth_date"=>"2010-12-09", "color"=>"persian-blue", "sex"=>"F", "description"=>"Et tantum consequatur accipio deserunt angulus contego dignissimos verbum clibanus autem voluptatem validus."}, "id"=>"2"}
  [1m[36mCat Load (0.6ms)[0m  [1m[34mSELECT  "cats".* FROM "cats" WHERE "cats"."id" = $1 LIMIT $2[0m  [["id", 2], ["LIMIT", 1]]
  ↳ app/controllers/cats_controller.rb:40
  [1m[35m (0.3ms)[0m  [1m[35mBEGIN[0m
  ↳ app/controllers/cats_controller.rb:41
  [1m[36mCat Update (4.1ms)[0m  [1m[33mUPDATE "cats" SET "color" = $1, "updated_at" = $2 WHERE "cats"."id" = $3[0m  [["color", "persian-blue"], ["updated_at", "2019-04-10 21:11:36.220888"], ["id", 2]]
  ↳ app/controllers/cats_controller.rb:41
  [1m[35m (1.0ms)[0m  [1m[35mCOMMIT[0m
  ↳ app/controllers/cats_controller.rb:41
  Rendering cats/show.html.erb within layouts/application
  Rendered cats/show.html.erb within layouts/application (0.6ms)
Completed 200 OK in 61ms (Views: 26.7ms | ActiveRecord: 10.5ms)


Started GET "/cats/2" for ::1 at 2019-04-10 17:11:36 -0400
Processing by CatsController#show as */*
  Parameters: {"id"=>"2"}
  [1m[36mCat Load (0.5ms)[0m  [1m[34mSELECT  "cats".* FROM "cats" WHERE "cats"."id" = $1 LIMIT $2[0m  [["id", 2], ["LIMIT", 1]]
  ↳ app/controllers/cats_controller.rb:8
  Rendering cats/show.html.erb within layouts/application
  Rendered cats/show.html.erb within layouts/application (0.7ms)
Completed 200 OK in 23ms (Views: 19.2ms | ActiveRecord: 0.5ms)


Started GET "/cats/2" for ::1 at 2019-04-10 17:14:13 -0400
Processing by CatsController#show as HTML
  Parameters: {"id"=>"2"}
  [1m[36mCat Load (0.3ms)[0m  [1m[34mSELECT  "cats".* FROM "cats" WHERE "cats"."id" = $1 LIMIT $2[0m  [["id", 2], ["LIMIT", 1]]
  ↳ app/controllers/cats_controller.rb:8
  Rendering cats/show.html.erb within layouts/application
  Rendered cats/show.html.erb within layouts/application (1.4ms)
Completed 200 OK in 32ms (Views: 30.4ms | ActiveRecord: 0.3ms)


Started GET "/cats/2" for ::1 at 2019-04-10 17:14:13 -0400
Processing by CatsController#show as */*
  Parameters: {"id"=>"2"}
  [1m[36mCat Load (0.3ms)[0m  [1m[34mSELECT  "cats".* FROM "cats" WHERE "cats"."id" = $1 LIMIT $2[0m  [["id", 2], ["LIMIT", 1]]
  ↳ app/controllers/cats_controller.rb:8
  Rendering cats/show.html.erb within layouts/application
  Rendered cats/show.html.erb within layouts/application (0.6ms)
Completed 200 OK in 26ms (Views: 24.4ms | ActiveRecord: 0.3ms)


Started GET "/cats/2" for ::1 at 2019-04-10 17:14:50 -0400
Processing by CatsController#show as HTML
  Parameters: {"id"=>"2"}
  [1m[36mCat Load (0.2ms)[0m  [1m[34mSELECT  "cats".* FROM "cats" WHERE "cats"."id" = $1 LIMIT $2[0m  [["id", 2], ["LIMIT", 1]]
  ↳ app/controllers/cats_controller.rb:8
  Rendering cats/show.html.erb within layouts/application
  Rendered cats/show.html.erb within layouts/application (2.8ms)
Completed 200 OK in 29ms (Views: 27.8ms | ActiveRecord: 0.2ms)


Started GET "/cats/2" for ::1 at 2019-04-10 17:14:50 -0400
Processing by CatsController#show as */*
  Parameters: {"id"=>"2"}
  [1m[36mCat Load (0.4ms)[0m  [1m[34mSELECT  "cats".* FROM "cats" WHERE "cats"."id" = $1 LIMIT $2[0m  [["id", 2], ["LIMIT", 1]]
  ↳ app/controllers/cats_controller.rb:8
  Rendering cats/show.html.erb within layouts/application
  Rendered cats/show.html.erb within layouts/application (0.7ms)
Completed 200 OK in 46ms (Views: 43.9ms | ActiveRecord: 0.4ms)


Started GET "/cats/2" for ::1 at 2019-04-10 17:15:16 -0400
Processing by CatsController#show as HTML
  Parameters: {"id"=>"2"}
  [1m[36mCat Load (0.4ms)[0m  [1m[34mSELECT  "cats".* FROM "cats" WHERE "cats"."id" = $1 LIMIT $2[0m  [["id", 2], ["LIMIT", 1]]
  ↳ app/controllers/cats_controller.rb:8
  Rendering cats/show.html.erb within layouts/application
  Rendered cats/show.html.erb within layouts/application (1.0ms)
Completed 200 OK in 31ms (Views: 28.8ms | ActiveRecord: 0.4ms)


Started GET "/cats/2" for ::1 at 2019-04-10 17:15:16 -0400
Processing by CatsController#show as */*
  Parameters: {"id"=>"2"}
  [1m[36mCat Load (1.1ms)[0m  [1m[34mSELECT  "cats".* FROM "cats" WHERE "cats"."id" = $1 LIMIT $2[0m  [["id", 2], ["LIMIT", 1]]
  ↳ app/controllers/cats_controller.rb:8
  Rendering cats/show.html.erb within layouts/application
  Rendered cats/show.html.erb within layouts/application (4.5ms)
Completed 200 OK in 46ms (Views: 36.9ms | ActiveRecord: 1.1ms)


Started GET "/cats/2/edit" for ::1 at 2019-04-10 17:37:31 -0400
Processing by CatsController#edit as HTML
  Parameters: {"id"=>"2"}
  [1m[36mCat Load (0.4ms)[0m  [1m[34mSELECT  "cats".* FROM "cats" WHERE "cats"."id" = $1 LIMIT $2[0m  [["id", 2], ["LIMIT", 1]]
  ↳ app/controllers/cats_controller.rb:31
  Rendering cats/edit.html.erb within layouts/application
  Rendered cats/_form.html.erb (0.7ms)
  Rendered cats/edit.html.erb within layouts/application (2.4ms)
Completed 200 OK in 27ms (Views: 22.9ms | ActiveRecord: 0.8ms)


Started GET "/cats/2/edit" for ::1 at 2019-04-10 17:37:31 -0400
Processing by CatsController#edit as */*
  Parameters: {"id"=>"2"}
  [1m[36mCat Load (0.3ms)[0m  [1m[34mSELECT  "cats".* FROM "cats" WHERE "cats"."id" = $1 LIMIT $2[0m  [["id", 2], ["LIMIT", 1]]
  ↳ app/controllers/cats_controller.rb:31
  Rendering cats/edit.html.erb within layouts/application
  Rendered cats/_form.html.erb (0.9ms)
  Rendered cats/edit.html.erb within layouts/application (6.0ms)
Completed 200 OK in 38ms (Views: 36.3ms | ActiveRecord: 0.3ms)


Started GET "/cats/3/edit" for ::1 at 2019-04-10 17:37:43 -0400
Processing by CatsController#edit as HTML
  Parameters: {"id"=>"3"}
  [1m[36mCat Load (0.5ms)[0m  [1m[34mSELECT  "cats".* FROM "cats" WHERE "cats"."id" = $1 LIMIT $2[0m  [["id", 3], ["LIMIT", 1]]
  ↳ app/controllers/cats_controller.rb:31
  Rendering cats/edit.html.erb within layouts/application
  Rendered cats/_form.html.erb (0.7ms)
  Rendered cats/edit.html.erb within layouts/application (2.2ms)
Completed 200 OK in 31ms (Views: 28.7ms | ActiveRecord: 0.5ms)


Started GET "/cats/3/edit" for ::1 at 2019-04-10 17:37:44 -0400
Processing by CatsController#edit as */*
  Parameters: {"id"=>"3"}
  [1m[36mCat Load (0.3ms)[0m  [1m[34mSELECT  "cats".* FROM "cats" WHERE "cats"."id" = $1 LIMIT $2[0m  [["id", 3], ["LIMIT", 1]]
  ↳ app/controllers/cats_controller.rb:31
  Rendering cats/edit.html.erb within layouts/application
  Rendered cats/_form.html.erb (0.8ms)
  Rendered cats/edit.html.erb within layouts/application (8.6ms)
Completed 200 OK in 27ms (Views: 23.9ms | ActiveRecord: 0.3ms)


Started GET "/cats/new" for ::1 at 2019-04-10 17:39:07 -0400
Processing by CatsController#new as HTML
  Rendering cats/new.html.erb within layouts/application
  Rendered cats/_form.html.erb (1.3ms)
  Rendered cats/new.html.erb within layouts/application (2.9ms)
Completed 200 OK in 24ms (Views: 23.6ms | ActiveRecord: 0.0ms)


Started GET "/cats/new" for ::1 at 2019-04-10 17:39:08 -0400
Processing by CatsController#new as */*
  Rendering cats/new.html.erb within layouts/application
  Rendered cats/_form.html.erb (1.1ms)
  Rendered cats/new.html.erb within layouts/application (24.0ms)
Completed 200 OK in 58ms (Views: 57.4ms | ActiveRecord: 0.0ms)


Started POST "/cats" for ::1 at 2019-04-10 17:39:42 -0400
Processing by CatsController#create as HTML
  Parameters: {"cat"=>{"name"=>"LEAPTRON", "birth_date"=>"6000-02-29", "color"=>"brown", "sex"=>"M", "description"=>"REVENGE"}}
  [1m[35m (0.1ms)[0m  [1m[35mBEGIN[0m
  ↳ app/controllers/cats_controller.rb:23
  [1m[35m (0.1ms)[0m  [1m[31mROLLBACK[0m
  ↳ app/controllers/cats_controller.rb:23
Completed 200 OK in 3ms (Views: 0.2ms | ActiveRecord: 0.2ms)


Started GET "/cats" for ::1 at 2019-04-10 17:39:42 -0400
Processing by CatsController#index as */*
  Rendering cats/index.html.erb within layouts/application
  [1m[36mCat Load (0.3ms)[0m  [1m[34mSELECT "cats".* FROM "cats"[0m
  ↳ app/views/cats/index.html.erb:4
  Rendered cats/index.html.erb within layouts/application (7.6ms)
Completed 200 OK in 30ms (Views: 29.2ms | ActiveRecord: 0.3ms)


Started GET "/cats/new" for ::1 at 2019-04-10 17:39:45 -0400
Processing by CatsController#new as */*
  Rendering cats/new.html.erb within layouts/application
  Rendered cats/_form.html.erb (4.3ms)
  Rendered cats/new.html.erb within layouts/application (8.9ms)
Completed 200 OK in 27ms (Views: 26.7ms | ActiveRecord: 0.0ms)


Started POST "/cats" for ::1 at 2019-04-10 17:40:02 -0400
Processing by CatsController#create as HTML
  Parameters: {"cat"=>{"name"=>"LEAPTRON", "birth_date"=>"1000-01-29", "color"=>"brown", "sex"=>"M", "description"=>"REVENGE"}}
  [1m[35m (0.1ms)[0m  [1m[35mBEGIN[0m
  ↳ app/controllers/cats_controller.rb:23
  [1m[36mCat Create (1.3ms)[0m  [1m[32mINSERT INTO "cats" ("birth_date", "color", "name", "sex", "description", "created_at", "updated_at") VALUES ($1, $2, $3, $4, $5, $6, $7) RETURNING "id"[0m  [["birth_date", "1000-01-29"], ["color", "brown"], ["name", "LEAPTRON"], ["sex", "M"], ["description", "REVENGE"], ["created_at", "2019-04-10 21:40:02.143477"], ["updated_at", "2019-04-10 21:40:02.143477"]]
  ↳ app/controllers/cats_controller.rb:23
  [1m[35m (2.6ms)[0m  [1m[35mCOMMIT[0m
  ↳ app/controllers/cats_controller.rb:23
  Rendering cats/show.html.erb within layouts/application
  Rendered cats/show.html.erb within layouts/application (0.5ms)
Completed 200 OK in 26ms (Views: 17.8ms | ActiveRecord: 4.0ms)


Started GET "/cats" for ::1 at 2019-04-10 17:40:02 -0400
Processing by CatsController#index as */*
  Rendering cats/index.html.erb within layouts/application
  [1m[36mCat Load (1.9ms)[0m  [1m[34mSELECT "cats".* FROM "cats"[0m
  ↳ app/views/cats/index.html.erb:4
  Rendered cats/index.html.erb within layouts/application (9.6ms)
Completed 200 OK in 27ms (Views: 24.8ms | ActiveRecord: 1.9ms)


  [1m[35m (0.2ms)[0m  [1m[34mSELECT pg_try_advisory_lock(723150122408807205)[0m
  ↳ bin/rails:9
  [1m[35m (0.9ms)[0m  [1m[34mSELECT "schema_migrations"."version" FROM "schema_migrations" ORDER BY "schema_migrations"."version" ASC[0m
  ↳ bin/rails:9
Migrating to CreateCatRentalRequest (20190410214317)
  [1m[35m (0.3ms)[0m  [1m[35mBEGIN[0m
  ↳ bin/rails:9
  [1m[35m (12.2ms)[0m  [1m[35mCREATE TABLE "cat_rental_requests" ("id" bigserial primary key, "cat_id" integer NOT NULL, "start_date" date NOT NULL, "end_date" date NOT NULL, "status" character varying DEFAULT 'PENDING' NOT NULL)[0m
  ↳ db/migrate/20190410214317_create_cat_rental_request.rb:3
  [1m[35m (6.4ms)[0m  [1m[35mCREATE  INDEX  "index_cat_rental_requests_on_cat_id" ON "cat_rental_requests"  ("cat_id")[0m
  ↳ db/migrate/20190410214317_create_cat_rental_request.rb:9
  [1m[36mActiveRecord::SchemaMigration Create (0.3ms)[0m  [1m[32mINSERT INTO "schema_migrations" ("version") VALUES ($1) RETURNING "version"[0m  [["version", "20190410214317"]]
  ↳ bin/rails:9
  [1m[35m (1.3ms)[0m  [1m[35mCOMMIT[0m
  ↳ bin/rails:9
  [1m[36mActiveRecord::InternalMetadata Load (0.3ms)[0m  [1m[34mSELECT  "ar_internal_metadata".* FROM "ar_internal_metadata" WHERE "ar_internal_metadata"."key" = $1 LIMIT $2[0m  [["key", "environment"], ["LIMIT", 1]]
  ↳ bin/rails:9
  [1m[35m (0.1ms)[0m  [1m[35mBEGIN[0m
  ↳ bin/rails:9
  [1m[35m (0.1ms)[0m  [1m[35mCOMMIT[0m
  ↳ bin/rails:9
  [1m[35m (0.8ms)[0m  [1m[34mSELECT pg_advisory_unlock(723150122408807205)[0m
  ↳ bin/rails:9
  [1m[35m (0.3ms)[0m  [1m[34mSELECT "schema_migrations"."version" FROM "schema_migrations" ORDER BY "schema_migrations"."version" ASC[0m
  ↳ bin/rails:9
  [1m[35m (0.4ms)[0m  [1m[34mSELECT "schema_migrations"."version" FROM "schema_migrations" ORDER BY "schema_migrations"."version" ASC[0m
  ↳ /home/bryce/.rbenv/versions/2.5.1/bin/annotate:23
  [1m[35m (0.2ms)[0m  [1m[34mSELECT pg_try_advisory_lock(723150122408807205)[0m
  ↳ bin/rails:9
  [1m[35m (0.4ms)[0m  [1m[34mSELECT "schema_migrations"."version" FROM "schema_migrations" ORDER BY "schema_migrations"."version" ASC[0m
  ↳ bin/rails:9
Migrating to AddTimestampsToCatRentalRequest (20190410221455)
  [1m[35m (0.1ms)[0m  [1m[35mBEGIN[0m
  ↳ bin/rails:9
  [1m[35m (0.1ms)[0m  [1m[31mROLLBACK[0m
  ↳ bin/rails:9
  [1m[35m (0.1ms)[0m  [1m[34mSELECT pg_advisory_unlock(723150122408807205)[0m
  ↳ bin/rails:9
  [1m[35m (0.1ms)[0m  [1m[34mSELECT pg_try_advisory_lock(723150122408807205)[0m
  ↳ bin/rails:9
  [1m[35m (0.6ms)[0m  [1m[34mSELECT "schema_migrations"."version" FROM "schema_migrations" ORDER BY "schema_migrations"."version" ASC[0m
  ↳ bin/rails:9
Migrating to AddTimestampsToCatRentalRequest (20190410221455)
  [1m[35m (0.1ms)[0m  [1m[35mBEGIN[0m
  ↳ bin/rails:9
  [1m[35m (0.4ms)[0m  [1m[35mALTER TABLE "cat_rental_requests" ADD "created_at" timestamp NOT NULL[0m
  ↳ db/migrate/20190410221455_add_timestamps_to_cat_rental_request.rb:3
  [1m[35m (0.2ms)[0m  [1m[35mALTER TABLE "cat_rental_requests" ADD "updated_at" timestamp NOT NULL[0m
  ↳ db/migrate/20190410221455_add_timestamps_to_cat_rental_request.rb:3
  [1m[36mActiveRecord::SchemaMigration Create (0.2ms)[0m  [1m[32mINSERT INTO "schema_migrations" ("version") VALUES ($1) RETURNING "version"[0m  [["version", "20190410221455"]]
  ↳ bin/rails:9
  [1m[35m (0.9ms)[0m  [1m[35mCOMMIT[0m
  ↳ bin/rails:9
  [1m[36mActiveRecord::InternalMetadata Load (0.2ms)[0m  [1m[34mSELECT  "ar_internal_metadata".* FROM "ar_internal_metadata" WHERE "ar_internal_metadata"."key" = $1 LIMIT $2[0m  [["key", "environment"], ["LIMIT", 1]]
  ↳ bin/rails:9
  [1m[35m (2.3ms)[0m  [1m[35mBEGIN[0m
  ↳ bin/rails:9
  [1m[35m (0.2ms)[0m  [1m[35mCOMMIT[0m
  ↳ bin/rails:9
  [1m[35m (0.3ms)[0m  [1m[34mSELECT pg_advisory_unlock(723150122408807205)[0m
  ↳ bin/rails:9
  [1m[35m (0.3ms)[0m  [1m[34mSELECT "schema_migrations"."version" FROM "schema_migrations" ORDER BY "schema_migrations"."version" ASC[0m
  ↳ bin/rails:9
  [1m[36mCat Load (0.2ms)[0m  [1m[34mSELECT  "cats".* FROM "cats" WHERE "cats"."id" = $1 LIMIT $2[0m  [["id", 2], ["LIMIT", 1]]
  [1m[36mCatRentalRequest Load (0.5ms)[0m  [1m[34mSELECT "cat_rental_requests".* FROM "cat_rental_requests"[0m
  [1m[35m (0.1ms)[0m  [1m[35mBEGIN[0m
  [1m[36mCat Load (0.2ms)[0m  [1m[34mSELECT  "cats".* FROM "cats" WHERE "cats"."id" = $1 LIMIT $2[0m  [["id", 2], ["LIMIT", 1]]
  [1m[36mCatRentalRequest Create (0.5ms)[0m  [1m[32mINSERT INTO "cat_rental_requests" ("cat_id", "start_date", "end_date", "created_at", "updated_at") VALUES ($1, $2, $3, $4, $5) RETURNING "id"[0m  [["cat_id", 2], ["start_date", "2019-04-10"], ["end_date", "2019-04-17"], ["created_at", "2019-04-10 22:58:07.866894"], ["updated_at", "2019-04-10 22:58:07.866894"]]
  [1m[35m (1.1ms)[0m  [1m[35mCOMMIT[0m
  [1m[35m (0.1ms)[0m  [1m[35mBEGIN[0m
  [1m[36mCat Load (0.2ms)[0m  [1m[34mSELECT  "cats".* FROM "cats" WHERE "cats"."id" = $1 LIMIT $2[0m  [["id", 2], ["LIMIT", 1]]
  [1m[36mCatRentalRequest Create (0.2ms)[0m  [1m[32mINSERT INTO "cat_rental_requests" ("cat_id", "start_date", "end_date", "created_at", "updated_at") VALUES ($1, $2, $3, $4, $5) RETURNING "id"[0m  [["cat_id", 2], ["start_date", "2019-04-03"], ["end_date", "2019-04-08"], ["created_at", "2019-04-10 22:58:54.188647"], ["updated_at", "2019-04-10 22:58:54.188647"]]
  [1m[35m (2.3ms)[0m  [1m[35mCOMMIT[0m
  [1m[35m (0.2ms)[0m  [1m[35mBEGIN[0m
  [1m[36mCat Load (0.2ms)[0m  [1m[34mSELECT  "cats".* FROM "cats" WHERE "cats"."id" = $1 LIMIT $2[0m  [["id", 2], ["LIMIT", 1]]
  [1m[36mCatRentalRequest Create (0.3ms)[0m  [1m[32mINSERT INTO "cat_rental_requests" ("cat_id", "start_date", "end_date", "created_at", "updated_at") VALUES ($1, $2, $3, $4, $5) RETURNING "id"[0m  [["cat_id", 2], ["start_date", "2019-04-07"], ["end_date", "2019-04-12"], ["created_at", "2019-04-10 22:59:53.485498"], ["updated_at", "2019-04-10 22:59:53.485498"]]
  [1m[35m (2.5ms)[0m  [1m[35mCOMMIT[0m
  [1m[36mCat Load (0.3ms)[0m  [1m[34mSELECT  "cats".* FROM "cats" WHERE "cats"."id" = $1 LIMIT $2[0m  [["id", 2], ["LIMIT", 1]]
  [1m[36mCatRentalRequest Load (0.3ms)[0m  [1m[34mSELECT  "cat_rental_requests".* FROM "cat_rental_requests" WHERE "cat_rental_requests"."id" = $1 LIMIT $2[0m  [["id", 3], ["LIMIT", 1]]
  [1m[36mCatRentalRequest Load (2.2ms)[0m  [1m[34mSELECT "cat_rental_requests".* FROM "cat_rental_requests" WHERE (
      ('2019-04-07' BETWEEN cat_rental_request.start_date AND cat_rental_request.end_date)
    )[0m
  [1m[36mCatRentalRequest Load (0.8ms)[0m  [1m[34mSELECT  "cat_rental_requests".* FROM "cat_rental_requests" WHERE (
      ('2019-04-07' BETWEEN cat_rental_request.start_date AND cat_rental_request.end_date)
    ) LIMIT $1[0m  [["LIMIT", 11]]
  [1m[36mCatRentalRequest Load (0.8ms)[0m  [1m[34mSELECT "cat_rental_requests".* FROM "cat_rental_requests" WHERE (
      ('2019-04-07' BETWEEN cat_rental_request.start_date AND cat_rental_request.end_date)
    )[0m
  [1m[36mCatRentalRequest Load (0.7ms)[0m  [1m[34mSELECT  "cat_rental_requests".* FROM "cat_rental_requests" WHERE (
      ('2019-04-07' BETWEEN cat_rental_request.start_date AND cat_rental_request.end_date)
    ) LIMIT $1[0m  [["LIMIT", 11]]
  [1m[36mCatRentalRequest Load (0.8ms)[0m  [1m[34mSELECT "cat_rental_requests".* FROM "cat_rental_requests" WHERE (
      ('2019-04-07' BETWEEN cat_rental_request.start_date AND cat_rental_request.end_date)
    )[0m
  [1m[36mCatRentalRequest Load (0.6ms)[0m  [1m[34mSELECT  "cat_rental_requests".* FROM "cat_rental_requests" WHERE (
      ('2019-04-07' BETWEEN cat_rental_request.start_date AND cat_rental_request.end_date)
    ) LIMIT $1[0m  [["LIMIT", 11]]
  [1m[36mCatRentalRequest Load (1.2ms)[0m  [1m[34mSELECT  "cat_rental_requests".* FROM "cat_rental_requests" WHERE (
      ('2019-04-07' BETWEEN cat_rental_request.start_date AND cat_rental_request.end_date)
    ) LIMIT $1[0m  [["LIMIT", 11]]
  [1m[36mCatRentalRequest Load (0.8ms)[0m  [1m[34mSELECT "cat_rental_requests".* FROM "cat_rental_requests" WHERE (
      ('2019-04-07' BETWEEN cat_rental_request.start_date AND cat_rental_request.end_date)
    )[0m
  [1m[36mCatRentalRequest Load (0.6ms)[0m  [1m[34mSELECT "cat_rental_requests".* FROM "cat_rental_requests" WHERE (
      ('2019-04-07' BETWEEN cat_rental_request.start_date AND cat_rental_request.end_date)
    )[0m
  [1m[36mCatRentalRequest Load (0.2ms)[0m  [1m[34mSELECT  "cat_rental_requests".* FROM "cat_rental_requests" WHERE "cat_rental_requests"."id" = $1 LIMIT $2[0m  [["id", 3], ["LIMIT", 1]]
  [1m[36mCatRentalRequest Load (0.9ms)[0m  [1m[34mSELECT "cat_rental_requests".* FROM "cat_rental_requests" WHERE (
      ('2019-04-07' BETWEEN cat_rental_requests.start_date AND cat_rental_requests.end_date)
    )[0m
  [1m[36mCatRentalRequest Load (0.2ms)[0m  [1m[34mSELECT  "cat_rental_requests".* FROM "cat_rental_requests" WHERE "cat_rental_requests"."id" = $1 LIMIT $2[0m  [["id", 3], ["LIMIT", 1]]
  [1m[36mCatRentalRequest Load (0.4ms)[0m  [1m[34mSELECT "cat_rental_requests".* FROM "cat_rental_requests" WHERE (
      ('2019-04-07' BETWEEN cat_rental_requests.start_date AND cat_rental_requests.end_date)
      OR
      (cat_rental_requests.start_date BETWEEN '2019-04-07' AND '2019-04-12')
      OR
      ('2019-04-12' BETWEEN cat_rental_requests.start_date AND cat_rental_requests.end_date)
      OR
      (cat_rental_requests.end_date BETWEEN '2019-04-07' AND '2019-04-12')
      )[0m
  [1m[36mCatRentalRequest Load (0.4ms)[0m  [1m[34mSELECT "cat_rental_requests".* FROM "cat_rental_requests"[0m
  [1m[36mCatRentalRequest Load (0.2ms)[0m  [1m[34mSELECT  "cat_rental_requests".* FROM "cat_rental_requests" WHERE "cat_rental_requests"."id" = $1 LIMIT $2[0m  [["id", 3], ["LIMIT", 1]]
  [1m[36mCatRentalRequest Load (0.4ms)[0m  [1m[34mSELECT "cat_rental_requests".* FROM "cat_rental_requests" WHERE (
      ('2019-04-07' BETWEEN cat_rental_requests.start_date AND cat_rental_requests.end_date)
      OR
      (cat_rental_requests.start_date BETWEEN '2019-04-07' AND '2019-04-12')
      OR
      ('2019-04-12' BETWEEN cat_rental_requests.start_date AND cat_rental_requests.end_date)
      OR
      (cat_rental_requests.end_date BETWEEN '2019-04-07' AND '2019-04-12')
      AND
      cat_rental_requests.id != 3
      )[0m
  [1m[36mCatRentalRequest Load (0.4ms)[0m  [1m[34mSELECT "cat_rental_requests".* FROM "cat_rental_requests" WHERE (
      ('2019-04-07' BETWEEN cat_rental_requests.start_date AND cat_rental_requests.end_date)
      OR
      (cat_rental_requests.start_date BETWEEN '2019-04-07' AND '2019-04-12')
      OR
      ('2019-04-12' BETWEEN cat_rental_requests.start_date AND cat_rental_requests.end_date)
      OR
      (cat_rental_requests.end_date BETWEEN '2019-04-07' AND '2019-04-12')
      AND
      cat_rental_requests.id != 3
      )[0m
  [1m[36mCatRentalRequest Load (0.2ms)[0m  [1m[34mSELECT  "cat_rental_requests".* FROM "cat_rental_requests" WHERE "cat_rental_requests"."id" = $1 LIMIT $2[0m  [["id", 3], ["LIMIT", 1]]
  [1m[36mCatRentalRequest Load (0.4ms)[0m  [1m[34mSELECT "cat_rental_requests".* FROM "cat_rental_requests" WHERE (
      (('2019-04-07' BETWEEN cat_rental_requests.start_date AND cat_rental_requests.end_date)
      OR
      (cat_rental_requests.start_date BETWEEN '2019-04-07' AND '2019-04-12')
      OR
      ('2019-04-12' BETWEEN cat_rental_requests.start_date AND cat_rental_requests.end_date)
      OR
      (cat_rental_requests.end_date BETWEEN '2019-04-07' AND '2019-04-12'))
      AND
      cat_rental_requests.id != 3
      )[0m
  [1m[36mCatRentalRequest Load (0.3ms)[0m  [1m[34mSELECT  "cat_rental_requests".* FROM "cat_rental_requests" WHERE "cat_rental_requests"."id" = $1 LIMIT $2[0m  [["id", 1], ["LIMIT", 1]]
  [1m[36mCatRentalRequest Load (0.3ms)[0m  [1m[34mSELECT  "cat_rental_requests".* FROM "cat_rental_requests" WHERE "cat_rental_requests"."id" = $1 LIMIT $2[0m  [["id", 1], ["LIMIT", 1]]
  [1m[35m (0.2ms)[0m  [1m[35mBEGIN[0m
  [1m[36mCat Load (0.6ms)[0m  [1m[34mSELECT  "cats".* FROM "cats" WHERE "cats"."id" = $1 LIMIT $2[0m  [["id", 2], ["LIMIT", 1]]
  [1m[36mCatRentalRequest Update (0.6ms)[0m  [1m[33mUPDATE "cat_rental_requests" SET "status" = $1, "updated_at" = $2 WHERE "cat_rental_requests"."id" = $3[0m  [["status", "APPROVED"], ["updated_at", "2019-04-10 23:21:18.532488"], ["id", 1]]
  [1m[35m (1.6ms)[0m  [1m[35mCOMMIT[0m
  [1m[36mCatRentalRequest Load (0.2ms)[0m  [1m[34mSELECT  "cat_rental_requests".* FROM "cat_rental_requests" WHERE "cat_rental_requests"."id" = $1 LIMIT $2[0m  [["id", 1], ["LIMIT", 1]]
  [1m[36mCatRentalRequest Load (0.3ms)[0m  [1m[34mSELECT  "cat_rental_requests".* FROM "cat_rental_requests" WHERE "cat_rental_requests"."id" = $1 LIMIT $2[0m  [["id", 3], ["LIMIT", 1]]
  [1m[36mCatRentalRequest Load (0.6ms)[0m  [1m[34mSELECT "cat_rental_requests".* FROM "cat_rental_requests" WHERE (
      (('2019-04-07' BETWEEN cat_rental_requests.start_date AND cat_rental_requests.end_date)
      OR
      (cat_rental_requests.start_date BETWEEN '2019-04-07' AND '2019-04-12')
      OR
      ('2019-04-12' BETWEEN cat_rental_requests.start_date AND cat_rental_requests.end_date)
      OR
      (cat_rental_requests.end_date BETWEEN '2019-04-07' AND '2019-04-12'))
      AND
      cat_rental_requests.id != 3
      ) AND "cat_rental_requests"."status" = $1[0m  [["status", "APPROVED"]]
  [1m[36mCatRentalRequest Exists (0.5ms)[0m  [1m[34mSELECT  1 AS one FROM "cat_rental_requests" WHERE (
      (('2019-04-07' BETWEEN cat_rental_requests.start_date AND cat_rental_requests.end_date)
      OR
      (cat_rental_requests.start_date BETWEEN '2019-04-07' AND '2019-04-12')
      OR
      ('2019-04-12' BETWEEN cat_rental_requests.start_date AND cat_rental_requests.end_date)
      OR
      (cat_rental_requests.end_date BETWEEN '2019-04-07' AND '2019-04-12'))
      AND
      cat_rental_requests.id != 3
      ) AND "cat_rental_requests"."status" = $1 LIMIT $2[0m  [["status", "APPROVED"], ["LIMIT", 1]]
  [1m[36mCatRentalRequest Load (0.1ms)[0m  [1m[34mSELECT  "cat_rental_requests".* FROM "cat_rental_requests" WHERE "cat_rental_requests"."id" = $1 LIMIT $2[0m  [["id", 3], ["LIMIT", 1]]
  [1m[36mCatRentalRequest Load (0.5ms)[0m  [1m[34mSELECT "cat_rental_requests".* FROM "cat_rental_requests" WHERE (
      (('2019-04-07' BETWEEN cat_rental_requests.start_date AND cat_rental_requests.end_date)
      OR
      (cat_rental_requests.start_date BETWEEN '2019-04-07' AND '2019-04-12')
      OR
      ('2019-04-12' BETWEEN cat_rental_requests.start_date AND cat_rental_requests.end_date)
      OR
      (cat_rental_requests.end_date BETWEEN '2019-04-07' AND '2019-04-12'))
      AND
      cat_rental_requests.id != 3
      AND
      cat_rental_requests.cat_id = 2
      )[0m
  [1m[35m (0.1ms)[0m  [1m[35mBEGIN[0m
  [1m[36mCat Load (0.2ms)[0m  [1m[34mSELECT  "cats".* FROM "cats" WHERE "cats"."id" = $1 LIMIT $2[0m  [["id", 2], ["LIMIT", 1]]
  [1m[36mCatRentalRequest Create (0.3ms)[0m  [1m[32mINSERT INTO "cat_rental_requests" ("cat_id", "start_date", "end_date", "created_at", "updated_at") VALUES ($1, $2, $3, $4, $5) RETURNING "id"[0m  [["cat_id", 2], ["start_date", "2019-04-10"], ["end_date", "2019-04-13"], ["created_at", "2019-04-10 23:26:33.577996"], ["updated_at", "2019-04-10 23:26:33.577996"]]
  [1m[35m (1.6ms)[0m  [1m[35mCOMMIT[0m
  [1m[36mCatRentalRequest Destroy (2.4ms)[0m  [1m[31mDELETE FROM "cat_rental_requests" WHERE "cat_rental_requests"."id" = $1[0m  [["id", 4]]
  [1m[35m (0.2ms)[0m  [1m[35mBEGIN[0m
  [1m[36mCatRentalRequest Exists (0.4ms)[0m  [1m[34mSELECT  1 AS one FROM "cat_rental_requests" WHERE (
      (('2019-04-10' BETWEEN cat_rental_requests.start_date AND cat_rental_requests.end_date)
      OR
      (cat_rental_requests.start_date BETWEEN '2019-04-10' AND '2019-04-13')
      OR
      ('2019-04-13' BETWEEN cat_rental_requests.start_date AND cat_rental_requests.end_date)
      OR
      (cat_rental_requests.end_date BETWEEN '2019-04-10' AND '2019-04-13'))
      AND
      cat_rental_requests.id != NULL
      AND
      cat_rental_requests.cat_id = 2
      ) AND "cat_rental_requests"."status" = $1 LIMIT $2[0m  [["status", "APPROVED"], ["LIMIT", 1]]
  [1m[36mCat Load (0.2ms)[0m  [1m[34mSELECT  "cats".* FROM "cats" WHERE "cats"."id" = $1 LIMIT $2[0m  [["id", 2], ["LIMIT", 1]]
  [1m[36mCatRentalRequest Create (0.4ms)[0m  [1m[32mINSERT INTO "cat_rental_requests" ("cat_id", "start_date", "end_date", "created_at", "updated_at") VALUES ($1, $2, $3, $4, $5) RETURNING "id"[0m  [["cat_id", 2], ["start_date", "2019-04-10"], ["end_date", "2019-04-13"], ["created_at", "2019-04-10 23:27:33.018851"], ["updated_at", "2019-04-10 23:27:33.018851"]]
  [1m[35m (1.6ms)[0m  [1m[35mCOMMIT[0m
  [1m[36mCatRentalRequest Load (0.4ms)[0m  [1m[34mSELECT "cat_rental_requests".* FROM "cat_rental_requests" WHERE (
      (('2019-04-10' BETWEEN cat_rental_requests.start_date AND cat_rental_requests.end_date)
      OR
      (cat_rental_requests.start_date BETWEEN '2019-04-10' AND '2019-04-13')
      OR
      ('2019-04-13' BETWEEN cat_rental_requests.start_date AND cat_rental_requests.end_date)
      OR
      (cat_rental_requests.end_date BETWEEN '2019-04-10' AND '2019-04-13'))
      AND
      cat_rental_requests.id != 5
      AND
      cat_rental_requests.cat_id = 2
      ) AND "cat_rental_requests"."status" = $1[0m  [["status", "APPROVED"]]
  [1m[36mCatRentalRequest Exists (0.5ms)[0m  [1m[34mSELECT  1 AS one FROM "cat_rental_requests" WHERE (
      (('2019-04-10' BETWEEN cat_rental_requests.start_date AND cat_rental_requests.end_date)
      OR
      (cat_rental_requests.start_date BETWEEN '2019-04-10' AND '2019-04-13')
      OR
      ('2019-04-13' BETWEEN cat_rental_requests.start_date AND cat_rental_requests.end_date)
      OR
      (cat_rental_requests.end_date BETWEEN '2019-04-10' AND '2019-04-13'))
      AND
      cat_rental_requests.id != 5
      AND
      cat_rental_requests.cat_id = 2
      ) AND "cat_rental_requests"."status" = $1 LIMIT $2[0m  [["status", "APPROVED"], ["LIMIT", 1]]
  [1m[36mCatRentalRequest Load (0.5ms)[0m  [1m[34mSELECT "cat_rental_requests".* FROM "cat_rental_requests" WHERE (
      (('2019-04-10' BETWEEN cat_rental_requests.start_date AND cat_rental_requests.end_date)
      OR
      (cat_rental_requests.start_date BETWEEN '2019-04-10' AND '2019-04-13')
      OR
      ('2019-04-13' BETWEEN cat_rental_requests.start_date AND cat_rental_requests.end_date)
      OR
      (cat_rental_requests.end_date BETWEEN '2019-04-10' AND '2019-04-13'))
      AND
      cat_rental_requests.id != NULL
      AND
      cat_rental_requests.cat_id = 2
      ) AND "cat_rental_requests"."status" = $1[0m  [["status", "APPROVED"]]
  [1m[36mCatRentalRequest Exists (0.4ms)[0m  [1m[34mSELECT  1 AS one FROM "cat_rental_requests" WHERE (
      (('2019-04-10' BETWEEN cat_rental_requests.start_date AND cat_rental_requests.end_date)
      OR
      (cat_rental_requests.start_date BETWEEN '2019-04-10' AND '2019-04-13')
      OR
      ('2019-04-13' BETWEEN cat_rental_requests.start_date AND cat_rental_requests.end_date)
      OR
      (cat_rental_requests.end_date BETWEEN '2019-04-10' AND '2019-04-13'))
      AND
      cat_rental_requests.id != NULL
      AND
      cat_rental_requests.cat_id = 2
      ) AND "cat_rental_requests"."status" = $1 AND "cat_rental_requests"."status" = $2 LIMIT $3[0m  [["status", "APPROVED"], ["status", "APPROVED"], ["LIMIT", 1]]
  [1m[36mCatRentalRequest Exists (0.3ms)[0m  [1m[34mSELECT  1 AS one FROM "cat_rental_requests" WHERE (
      (('2019-04-10' BETWEEN cat_rental_requests.start_date AND cat_rental_requests.end_date)
      OR
      (cat_rental_requests.start_date BETWEEN '2019-04-10' AND '2019-04-13')
      OR
      ('2019-04-13' BETWEEN cat_rental_requests.start_date AND cat_rental_requests.end_date)
      OR
      (cat_rental_requests.end_date BETWEEN '2019-04-10' AND '2019-04-13'))
      AND
      cat_rental_requests.id != NULL
      AND
      cat_rental_requests.cat_id = 2
      ) AND "cat_rental_requests"."status" = $1 AND "cat_rental_requests"."status" = $2 LIMIT $3[0m  [["status", "APPROVED"], ["status", "APPROVED"], ["LIMIT", 1]]
