  [1m[35m (4.7ms)[0m  [1m[35mDROP DATABASE IF EXISTS "url_shortener_development"[0m
  [1m[35m (0.3ms)[0m  [1m[35mDROP DATABASE IF EXISTS "url_shortener_test"[0m
  [1m[35m (750.4ms)[0m  [1m[35mCREATE DATABASE "url_shortener_development" ENCODING = 'unicode'[0m
  [1m[35m (454.7ms)[0m  [1m[35mCREATE DATABASE "url_shortener_test" ENCODING = 'unicode'[0m
  [1m[35mSQL (10.9ms)[0m  [1m[35mCREATE EXTENSION IF NOT EXISTS "plpgsql"[0m
  [1m[35m (44.0ms)[0m  [1m[35mDROP TABLE IF EXISTS "shortened_urls" CASCADE[0m
  [1m[35m (92.5ms)[0m  [1m[35mCREATE TABLE "shortened_urls" ("id" bigserial primary key, "long_url" character varying NOT NULL, "short_url" character varying NOT NULL, "submitter_id" integer NOT NULL, "created_at" timestamp NOT NULL, "updated_at" timestamp NOT NULL)[0m
  [1m[35m (9.3ms)[0m  [1m[35mCREATE UNIQUE INDEX  "index_shortened_urls_on_short_url" ON "shortened_urls"  ("short_url")[0m
  [1m[35m (7.5ms)[0m  [1m[35mCREATE  INDEX  "index_shortened_urls_on_submitter_id" ON "shortened_urls"  ("submitter_id")[0m
  [1m[35m (0.4ms)[0m  [1m[35mDROP TABLE IF EXISTS "tag_topics" CASCADE[0m
  [1m[35m (17.4ms)[0m  [1m[35mCREATE TABLE "tag_topics" ("id" bigserial primary key, "name" character varying NOT NULL, "created_at" timestamp NOT NULL, "updated_at" timestamp NOT NULL)[0m
  [1m[35m (0.7ms)[0m  [1m[35mDROP TABLE IF EXISTS "taggings" CASCADE[0m
  [1m[35m (10.5ms)[0m  [1m[35mCREATE TABLE "taggings" ("id" bigserial primary key, "tag_topic_id" integer NOT NULL, "shortened_url_id" integer NOT NULL, "created_at" timestamp NOT NULL, "updated_at" timestamp NOT NULL)[0m
  [1m[35m (7.4ms)[0m  [1m[35mCREATE  INDEX  "index_taggings_on_shortened_url_id" ON "taggings"  ("shortened_url_id")[0m
  [1m[35m (8.1ms)[0m  [1m[35mCREATE UNIQUE INDEX  "index_taggings_on_tag_topic_id_and_shortened_url_id" ON "taggings"  ("tag_topic_id", "shortened_url_id")[0m
  [1m[35m (0.4ms)[0m  [1m[35mDROP TABLE IF EXISTS "users" CASCADE[0m
  [1m[35m (17.7ms)[0m  [1m[35mCREATE TABLE "users" ("id" bigserial primary key, "email" character varying NOT NULL, "premium" boolean DEFAULT 'f', "created_at" timestamp NOT NULL, "updated_at" timestamp NOT NULL)[0m
  [1m[35m (7.3ms)[0m  [1m[35mCREATE UNIQUE INDEX  "index_users_on_email" ON "users"  ("email")[0m
  [1m[35m (0.5ms)[0m  [1m[35mDROP TABLE IF EXISTS "visits" CASCADE[0m
  [1m[35m (9.3ms)[0m  [1m[35mCREATE TABLE "visits" ("id" bigserial primary key, "user_id" integer NOT NULL, "shortened_url_id" integer NOT NULL, "created_at" timestamp NOT NULL, "updated_at" timestamp NOT NULL)[0m
  [1m[35m (3.4ms)[0m  [1m[35mCREATE  INDEX  "index_visits_on_shortened_url_id" ON "visits"  ("shortened_url_id")[0m
  [1m[35m (7.1ms)[0m  [1m[35mCREATE  INDEX  "index_visits_on_user_id" ON "visits"  ("user_id")[0m
  [1m[35m (48.5ms)[0m  [1m[35mCREATE TABLE "schema_migrations" ("version" character varying NOT NULL PRIMARY KEY)[0m
  [1m[35m (1.7ms)[0m  [1m[34mSELECT "schema_migrations"."version" FROM "schema_migrations" ORDER BY "schema_migrations"."version" ASC[0m
  [1m[35m (10.9ms)[0m  [1m[32mINSERT INTO "schema_migrations" (version) VALUES (20170708075143)[0m
  [1m[35m (3.3ms)[0m  [1m[32mINSERT INTO "schema_migrations" (version) VALUES
(20170708074959),
(20170708074812),
(20170708075057),
(20170708074429);

[0m
  [1m[35m (52.6ms)[0m  [1m[35mCREATE TABLE "ar_internal_metadata" ("key" character varying NOT NULL PRIMARY KEY, "value" character varying, "created_at" timestamp NOT NULL, "updated_at" timestamp NOT NULL)[0m
  [1m[36mActiveRecord::InternalMetadata Load (1.1ms)[0m  [1m[34mSELECT  "ar_internal_metadata".* FROM "ar_internal_metadata" WHERE "ar_internal_metadata"."key" = $1 LIMIT $2[0m  [["key", "environment"], ["LIMIT", 1]]
  [1m[35m (0.3ms)[0m  [1m[35mBEGIN[0m
  [1m[35mSQL (41.8ms)[0m  [1m[32mINSERT INTO "ar_internal_metadata" ("key", "value", "created_at", "updated_at") VALUES ($1, $2, $3, $4) RETURNING "key"[0m  [["key", "environment"], ["value", "development"], ["created_at", "2019-02-12 18:30:51.196203"], ["updated_at", "2019-02-12 18:30:51.196203"]]
  [1m[35m (2.4ms)[0m  [1m[35mCOMMIT[0m
  [1m[36mActiveRecord::InternalMetadata Load (2.9ms)[0m  [1m[34mSELECT  "ar_internal_metadata".* FROM "ar_internal_metadata" WHERE "ar_internal_metadata"."key" = $1 LIMIT $2[0m  [["key", "environment"], ["LIMIT", 1]]
  [1m[35m (0.3ms)[0m  [1m[35mBEGIN[0m
  [1m[35m (1.5ms)[0m  [1m[35mCOMMIT[0m
  [1m[35mSQL (0.6ms)[0m  [1m[35mCREATE EXTENSION IF NOT EXISTS "plpgsql"[0m
  [1m[35m (0.3ms)[0m  [1m[35mDROP TABLE IF EXISTS "shortened_urls" CASCADE[0m
  [1m[35m (23.0ms)[0m  [1m[35mCREATE TABLE "shortened_urls" ("id" bigserial primary key, "long_url" character varying NOT NULL, "short_url" character varying NOT NULL, "submitter_id" integer NOT NULL, "created_at" timestamp NOT NULL, "updated_at" timestamp NOT NULL)[0m
  [1m[35m (6.9ms)[0m  [1m[35mCREATE UNIQUE INDEX  "index_shortened_urls_on_short_url" ON "shortened_urls"  ("short_url")[0m
  [1m[35m (7.0ms)[0m  [1m[35mCREATE  INDEX  "index_shortened_urls_on_submitter_id" ON "shortened_urls"  ("submitter_id")[0m
  [1m[35m (0.3ms)[0m  [1m[35mDROP TABLE IF EXISTS "tag_topics" CASCADE[0m
  [1m[35m (12.4ms)[0m  [1m[35mCREATE TABLE "tag_topics" ("id" bigserial primary key, "name" character varying NOT NULL, "created_at" timestamp NOT NULL, "updated_at" timestamp NOT NULL)[0m
  [1m[35m (0.4ms)[0m  [1m[35mDROP TABLE IF EXISTS "taggings" CASCADE[0m
  [1m[35m (6.0ms)[0m  [1m[35mCREATE TABLE "taggings" ("id" bigserial primary key, "tag_topic_id" integer NOT NULL, "shortened_url_id" integer NOT NULL, "created_at" timestamp NOT NULL, "updated_at" timestamp NOT NULL)[0m
  [1m[35m (4.7ms)[0m  [1m[35mCREATE  INDEX  "index_taggings_on_shortened_url_id" ON "taggings"  ("shortened_url_id")[0m
  [1m[35m (6.4ms)[0m  [1m[35mCREATE UNIQUE INDEX  "index_taggings_on_tag_topic_id_and_shortened_url_id" ON "taggings"  ("tag_topic_id", "shortened_url_id")[0m
  [1m[35m (0.3ms)[0m  [1m[35mDROP TABLE IF EXISTS "users" CASCADE[0m
  [1m[35m (15.2ms)[0m  [1m[35mCREATE TABLE "users" ("id" bigserial primary key, "email" character varying NOT NULL, "premium" boolean DEFAULT 'f', "created_at" timestamp NOT NULL, "updated_at" timestamp NOT NULL)[0m
  [1m[35m (5.9ms)[0m  [1m[35mCREATE UNIQUE INDEX  "index_users_on_email" ON "users"  ("email")[0m
  [1m[35m (0.2ms)[0m  [1m[35mDROP TABLE IF EXISTS "visits" CASCADE[0m
  [1m[35m (8.6ms)[0m  [1m[35mCREATE TABLE "visits" ("id" bigserial primary key, "user_id" integer NOT NULL, "shortened_url_id" integer NOT NULL, "created_at" timestamp NOT NULL, "updated_at" timestamp NOT NULL)[0m
  [1m[35m (3.5ms)[0m  [1m[35mCREATE  INDEX  "index_visits_on_shortened_url_id" ON "visits"  ("shortened_url_id")[0m
  [1m[35m (7.2ms)[0m  [1m[35mCREATE  INDEX  "index_visits_on_user_id" ON "visits"  ("user_id")[0m
  [1m[35m (13.5ms)[0m  [1m[35mCREATE TABLE "schema_migrations" ("version" character varying NOT NULL PRIMARY KEY)[0m
  [1m[35m (0.9ms)[0m  [1m[34mSELECT "schema_migrations"."version" FROM "schema_migrations" ORDER BY "schema_migrations"."version" ASC[0m
  [1m[35m (2.7ms)[0m  [1m[32mINSERT INTO "schema_migrations" (version) VALUES (20170708075143)[0m
  [1m[35m (3.9ms)[0m  [1m[32mINSERT INTO "schema_migrations" (version) VALUES
(20170708074959),
(20170708074812),
(20170708075057),
(20170708074429);

[0m
  [1m[35m (9.7ms)[0m  [1m[35mCREATE TABLE "ar_internal_metadata" ("key" character varying NOT NULL PRIMARY KEY, "value" character varying, "created_at" timestamp NOT NULL, "updated_at" timestamp NOT NULL)[0m
  [1m[36mActiveRecord::InternalMetadata Load (0.7ms)[0m  [1m[34mSELECT  "ar_internal_metadata".* FROM "ar_internal_metadata" WHERE "ar_internal_metadata"."key" = $1 LIMIT $2[0m  [["key", "environment"], ["LIMIT", 1]]
  [1m[35m (1.1ms)[0m  [1m[35mBEGIN[0m
  [1m[35mSQL (0.7ms)[0m  [1m[32mINSERT INTO "ar_internal_metadata" ("key", "value", "created_at", "updated_at") VALUES ($1, $2, $3, $4) RETURNING "key"[0m  [["key", "environment"], ["value", "development"], ["created_at", "2019-02-12 18:30:51.546055"], ["updated_at", "2019-02-12 18:30:51.546055"]]
  [1m[35m (2.4ms)[0m  [1m[35mCOMMIT[0m
  [1m[36mActiveRecord::InternalMetadata Load (0.4ms)[0m  [1m[34mSELECT  "ar_internal_metadata".* FROM "ar_internal_metadata" WHERE "ar_internal_metadata"."key" = $1 LIMIT $2[0m  [["key", "environment"], ["LIMIT", 1]]
  [1m[35m (0.1ms)[0m  [1m[35mBEGIN[0m
  [1m[35mSQL (2.7ms)[0m  [1m[33mUPDATE "ar_internal_metadata" SET "value" = $1, "updated_at" = $2 WHERE "ar_internal_metadata"."key" = $3[0m  [["value", "test"], ["updated_at", "2019-02-12 18:30:51.553611"], ["key", "environment"]]
  [1m[35m (2.6ms)[0m  [1m[35mCOMMIT[0m
  [1m[35m (1.1ms)[0m  [1m[34mSELECT "schema_migrations"."version" FROM "schema_migrations" ORDER BY "schema_migrations"."version" ASC[0m
  [1m[35m (0.4ms)[0m  [1m[35mBEGIN[0m
  [1m[36mUser Exists (1.1ms)[0m  [1m[34mSELECT  1 AS one FROM "users" WHERE "users"."email" = $1 LIMIT $2[0m  [["email", "cwhite@gmail.com"], ["LIMIT", 1]]
  [1m[35mSQL (1.1ms)[0m  [1m[32mINSERT INTO "users" ("email", "premium", "created_at", "updated_at") VALUES ($1, $2, $3, $4) RETURNING "id"[0m  [["email", "cwhite@gmail.com"], ["premium", "t"], ["created_at", "2019-02-12 18:30:51.706802"], ["updated_at", "2019-02-12 18:30:51.706802"]]
  [1m[36mUser Exists (0.6ms)[0m  [1m[34mSELECT  1 AS one FROM "users" WHERE "users"."email" = $1 LIMIT $2[0m  [["email", "bwarford@gmail.com"], ["LIMIT", 1]]
  [1m[35mSQL (0.6ms)[0m  [1m[32mINSERT INTO "users" ("email", "created_at", "updated_at") VALUES ($1, $2, $3) RETURNING "id"[0m  [["email", "bwarford@gmail.com"], ["created_at", "2019-02-12 18:30:51.711116"], ["updated_at", "2019-02-12 18:30:51.711116"]]
  [1m[36mShortenedUrl Exists (1.4ms)[0m  [1m[34mSELECT  1 AS one FROM "shortened_urls" WHERE "shortened_urls"."short_url" = $1 LIMIT $2[0m  [["short_url", "Xc-KTCAwj7de35QTY6wAEA"], ["LIMIT", 1]]
  [1m[36mUser Load (0.6ms)[0m  [1m[34mSELECT  "users".* FROM "users" WHERE "users"."id" = $1 LIMIT $2[0m  [["id", 1], ["LIMIT", 1]]
  [1m[36mShortenedUrl Exists (0.7ms)[0m  [1m[34mSELECT  1 AS one FROM "shortened_urls" WHERE "shortened_urls"."short_url" = $1 LIMIT $2[0m  [["short_url", "Xc-KTCAwj7de35QTY6wAEA"], ["LIMIT", 1]]
  [1m[36mShortenedUrl Load (1.7ms)[0m  [1m[34mSELECT "shortened_urls".* FROM "shortened_urls" WHERE (created_at >= '2019-02-12 18:29:51.789337') AND "shortened_urls"."submitter_id" = $1[0m  [["submitter_id", 1]]
  [1m[36mUser Load (0.7ms)[0m  [1m[34mSELECT  "users".* FROM "users" WHERE "users"."id" = $1 LIMIT $2[0m  [["id", 1], ["LIMIT", 1]]
  [1m[35mSQL (1.3ms)[0m  [1m[32mINSERT INTO "shortened_urls" ("long_url", "short_url", "submitter_id", "created_at", "updated_at") VALUES ($1, $2, $3, $4, $5) RETURNING "id"[0m  [["long_url", "www.google.com"], ["short_url", "Xc-KTCAwj7de35QTY6wAEA"], ["submitter_id", 1], ["created_at", "2019-02-12 18:30:51.795552"], ["updated_at", "2019-02-12 18:30:51.795552"]]
  [1m[36mShortenedUrl Exists (0.7ms)[0m  [1m[34mSELECT  1 AS one FROM "shortened_urls" WHERE "shortened_urls"."short_url" = $1 LIMIT $2[0m  [["short_url", "dAGR_QDO16EYAUaf2tmk8Q"], ["LIMIT", 1]]
  [1m[36mUser Load (0.5ms)[0m  [1m[34mSELECT  "users".* FROM "users" WHERE "users"."id" = $1 LIMIT $2[0m  [["id", 2], ["LIMIT", 1]]
  [1m[36mShortenedUrl Exists (0.4ms)[0m  [1m[34mSELECT  1 AS one FROM "shortened_urls" WHERE "shortened_urls"."short_url" = $1 LIMIT $2[0m  [["short_url", "dAGR_QDO16EYAUaf2tmk8Q"], ["LIMIT", 1]]
  [1m[36mShortenedUrl Load (0.5ms)[0m  [1m[34mSELECT "shortened_urls".* FROM "shortened_urls" WHERE (created_at >= '2019-02-12 18:29:51.803724') AND "shortened_urls"."submitter_id" = $1[0m  [["submitter_id", 2]]
  [1m[36mUser Load (0.4ms)[0m  [1m[34mSELECT  "users".* FROM "users" WHERE "users"."id" = $1 LIMIT $2[0m  [["id", 2], ["LIMIT", 1]]
  [1m[36mShortenedUrl Load (0.4ms)[0m  [1m[34mSELECT "shortened_urls".* FROM "shortened_urls" WHERE "shortened_urls"."submitter_id" = $1[0m  [["submitter_id", 2]]
  [1m[35mSQL (0.5ms)[0m  [1m[32mINSERT INTO "shortened_urls" ("long_url", "short_url", "submitter_id", "created_at", "updated_at") VALUES ($1, $2, $3, $4, $5) RETURNING "id"[0m  [["long_url", "www.google2.com"], ["short_url", "dAGR_QDO16EYAUaf2tmk8Q"], ["submitter_id", 2], ["created_at", "2019-02-12 18:30:51.807518"], ["updated_at", "2019-02-12 18:30:51.807518"]]
  [1m[36mShortenedUrl Exists (0.5ms)[0m  [1m[34mSELECT  1 AS one FROM "shortened_urls" WHERE "shortened_urls"."short_url" = $1 LIMIT $2[0m  [["short_url", "redYRZ4UAFK0ARRFazusYA"], ["LIMIT", 1]]
  [1m[36mUser Load (0.5ms)[0m  [1m[34mSELECT  "users".* FROM "users" WHERE "users"."id" = $1 LIMIT $2[0m  [["id", 2], ["LIMIT", 1]]
  [1m[36mShortenedUrl Exists (0.4ms)[0m  [1m[34mSELECT  1 AS one FROM "shortened_urls" WHERE "shortened_urls"."short_url" = $1 LIMIT $2[0m  [["short_url", "redYRZ4UAFK0ARRFazusYA"], ["LIMIT", 1]]
  [1m[36mShortenedUrl Load (0.7ms)[0m  [1m[34mSELECT "shortened_urls".* FROM "shortened_urls" WHERE (created_at >= '2019-02-12 18:29:51.813896') AND "shortened_urls"."submitter_id" = $1[0m  [["submitter_id", 2]]
  [1m[36mUser Load (0.5ms)[0m  [1m[34mSELECT  "users".* FROM "users" WHERE "users"."id" = $1 LIMIT $2[0m  [["id", 2], ["LIMIT", 1]]
  [1m[36mShortenedUrl Load (0.3ms)[0m  [1m[34mSELECT "shortened_urls".* FROM "shortened_urls" WHERE "shortened_urls"."submitter_id" = $1[0m  [["submitter_id", 2]]
  [1m[35mSQL (0.4ms)[0m  [1m[32mINSERT INTO "shortened_urls" ("long_url", "short_url", "submitter_id", "created_at", "updated_at") VALUES ($1, $2, $3, $4, $5) RETURNING "id"[0m  [["long_url", "www.imdb.com"], ["short_url", "redYRZ4UAFK0ARRFazusYA"], ["submitter_id", 2], ["created_at", "2019-02-12 18:30:51.818586"], ["updated_at", "2019-02-12 18:30:51.818586"]]
  [1m[36mUser Load (0.6ms)[0m  [1m[34mSELECT  "users".* FROM "users" WHERE "users"."id" = $1 LIMIT $2[0m  [["id", 1], ["LIMIT", 1]]
  [1m[36mShortenedUrl Load (0.4ms)[0m  [1m[34mSELECT  "shortened_urls".* FROM "shortened_urls" WHERE "shortened_urls"."id" = $1 LIMIT $2[0m  [["id", 1], ["LIMIT", 1]]
  [1m[35mSQL (7.7ms)[0m  [1m[32mINSERT INTO "visits" ("user_id", "shortened_url_id", "created_at", "updated_at") VALUES ($1, $2, $3, $4) RETURNING "id"[0m  [["user_id", 1], ["shortened_url_id", 1], ["created_at", "2019-02-12 18:30:51.846434"], ["updated_at", "2019-02-12 18:30:51.846434"]]
  [1m[36mUser Load (0.7ms)[0m  [1m[34mSELECT  "users".* FROM "users" WHERE "users"."id" = $1 LIMIT $2[0m  [["id", 1], ["LIMIT", 1]]
  [1m[36mShortenedUrl Load (0.6ms)[0m  [1m[34mSELECT  "shortened_urls".* FROM "shortened_urls" WHERE "shortened_urls"."id" = $1 LIMIT $2[0m  [["id", 1], ["LIMIT", 1]]
  [1m[35mSQL (1.2ms)[0m  [1m[32mINSERT INTO "visits" ("user_id", "shortened_url_id", "created_at", "updated_at") VALUES ($1, $2, $3, $4) RETURNING "id"[0m  [["user_id", 1], ["shortened_url_id", 1], ["created_at", "2019-02-12 18:30:51.861363"], ["updated_at", "2019-02-12 18:30:51.861363"]]
  [1m[36mUser Load (0.7ms)[0m  [1m[34mSELECT  "users".* FROM "users" WHERE "users"."id" = $1 LIMIT $2[0m  [["id", 1], ["LIMIT", 1]]
  [1m[36mShortenedUrl Load (0.6ms)[0m  [1m[34mSELECT  "shortened_urls".* FROM "shortened_urls" WHERE "shortened_urls"."id" = $1 LIMIT $2[0m  [["id", 2], ["LIMIT", 1]]
  [1m[35mSQL (1.1ms)[0m  [1m[32mINSERT INTO "visits" ("user_id", "shortened_url_id", "created_at", "updated_at") VALUES ($1, $2, $3, $4) RETURNING "id"[0m  [["user_id", 1], ["shortened_url_id", 2], ["created_at", "2019-02-12 18:30:51.870477"], ["updated_at", "2019-02-12 18:30:51.870477"]]
  [1m[36mUser Load (0.7ms)[0m  [1m[34mSELECT  "users".* FROM "users" WHERE "users"."id" = $1 LIMIT $2[0m  [["id", 2], ["LIMIT", 1]]
  [1m[36mShortenedUrl Load (0.7ms)[0m  [1m[34mSELECT  "shortened_urls".* FROM "shortened_urls" WHERE "shortened_urls"."id" = $1 LIMIT $2[0m  [["id", 2], ["LIMIT", 1]]
  [1m[35mSQL (1.2ms)[0m  [1m[32mINSERT INTO "visits" ("user_id", "shortened_url_id", "created_at", "updated_at") VALUES ($1, $2, $3, $4) RETURNING "id"[0m  [["user_id", 2], ["shortened_url_id", 2], ["created_at", "2019-02-12 18:30:51.879537"], ["updated_at", "2019-02-12 18:30:51.879537"]]
  [1m[36mUser Load (0.5ms)[0m  [1m[34mSELECT  "users".* FROM "users" WHERE "users"."id" = $1 LIMIT $2[0m  [["id", 2], ["LIMIT", 1]]
  [1m[36mShortenedUrl Load (0.7ms)[0m  [1m[34mSELECT  "shortened_urls".* FROM "shortened_urls" WHERE "shortened_urls"."id" = $1 LIMIT $2[0m  [["id", 2], ["LIMIT", 1]]
  [1m[35mSQL (0.6ms)[0m  [1m[32mINSERT INTO "visits" ("user_id", "shortened_url_id", "created_at", "updated_at") VALUES ($1, $2, $3, $4) RETURNING "id"[0m  [["user_id", 2], ["shortened_url_id", 2], ["created_at", "2019-02-12 18:30:51.887356"], ["updated_at", "2019-02-12 18:30:51.887356"]]
  [1m[36mUser Load (0.2ms)[0m  [1m[34mSELECT  "users".* FROM "users" WHERE "users"."id" = $1 LIMIT $2[0m  [["id", 2], ["LIMIT", 1]]
  [1m[36mShortenedUrl Load (0.4ms)[0m  [1m[34mSELECT  "shortened_urls".* FROM "shortened_urls" WHERE "shortened_urls"."id" = $1 LIMIT $2[0m  [["id", 1], ["LIMIT", 1]]
  [1m[35mSQL (0.4ms)[0m  [1m[32mINSERT INTO "visits" ("user_id", "shortened_url_id", "created_at", "updated_at") VALUES ($1, $2, $3, $4) RETURNING "id"[0m  [["user_id", 2], ["shortened_url_id", 1], ["created_at", "2019-02-12 18:30:51.891814"], ["updated_at", "2019-02-12 18:30:51.891814"]]
  [1m[36mUser Load (0.3ms)[0m  [1m[34mSELECT  "users".* FROM "users" WHERE "users"."id" = $1 LIMIT $2[0m  [["id", 2], ["LIMIT", 1]]
  [1m[36mShortenedUrl Load (0.3ms)[0m  [1m[34mSELECT  "shortened_urls".* FROM "shortened_urls" WHERE "shortened_urls"."id" = $1 LIMIT $2[0m  [["id", 3], ["LIMIT", 1]]
  [1m[35mSQL (0.5ms)[0m  [1m[32mINSERT INTO "visits" ("user_id", "shortened_url_id", "created_at", "updated_at") VALUES ($1, $2, $3, $4) RETURNING "id"[0m  [["user_id", 2], ["shortened_url_id", 3], ["created_at", "2019-02-12 18:30:51.896102"], ["updated_at", "2019-02-12 18:30:51.896102"]]
  [1m[35mSQL (0.8ms)[0m  [1m[32mINSERT INTO "tag_topics" ("name", "created_at", "updated_at") VALUES ($1, $2, $3) RETURNING "id"[0m  [["name", "Search"], ["created_at", "2019-02-12 18:30:51.913471"], ["updated_at", "2019-02-12 18:30:51.913471"]]
  [1m[35mSQL (0.4ms)[0m  [1m[32mINSERT INTO "tag_topics" ("name", "created_at", "updated_at") VALUES ($1, $2, $3) RETURNING "id"[0m  [["name", "Movies"], ["created_at", "2019-02-12 18:30:51.915501"], ["updated_at", "2019-02-12 18:30:51.915501"]]
  [1m[36mTagging Exists (0.9ms)[0m  [1m[34mSELECT  1 AS one FROM "taggings" WHERE "taggings"."shortened_url_id" = $1 AND "taggings"."tag_topic_id" = $2 LIMIT $3[0m  [["shortened_url_id", 1], ["tag_topic_id", 1], ["LIMIT", 1]]
  [1m[35mSQL (1.4ms)[0m  [1m[32mINSERT INTO "taggings" ("tag_topic_id", "shortened_url_id", "created_at", "updated_at") VALUES ($1, $2, $3, $4) RETURNING "id"[0m  [["tag_topic_id", 1], ["shortened_url_id", 1], ["created_at", "2019-02-12 18:30:51.936278"], ["updated_at", "2019-02-12 18:30:51.936278"]]
  [1m[36mTagging Exists (0.5ms)[0m  [1m[34mSELECT  1 AS one FROM "taggings" WHERE "taggings"."shortened_url_id" = $1 AND "taggings"."tag_topic_id" = $2 LIMIT $3[0m  [["shortened_url_id", 2], ["tag_topic_id", 1], ["LIMIT", 1]]
  [1m[35mSQL (0.4ms)[0m  [1m[32mINSERT INTO "taggings" ("tag_topic_id", "shortened_url_id", "created_at", "updated_at") VALUES ($1, $2, $3, $4) RETURNING "id"[0m  [["tag_topic_id", 1], ["shortened_url_id", 2], ["created_at", "2019-02-12 18:30:51.940209"], ["updated_at", "2019-02-12 18:30:51.940209"]]
  [1m[36mTagging Exists (0.5ms)[0m  [1m[34mSELECT  1 AS one FROM "taggings" WHERE "taggings"."shortened_url_id" = $1 AND "taggings"."tag_topic_id" = $2 LIMIT $3[0m  [["shortened_url_id", 3], ["tag_topic_id", 2], ["LIMIT", 1]]
  [1m[35mSQL (0.4ms)[0m  [1m[32mINSERT INTO "taggings" ("tag_topic_id", "shortened_url_id", "created_at", "updated_at") VALUES ($1, $2, $3, $4) RETURNING "id"[0m  [["tag_topic_id", 2], ["shortened_url_id", 3], ["created_at", "2019-02-12 18:30:51.948484"], ["updated_at", "2019-02-12 18:30:51.948484"]]
  [1m[35m (2.4ms)[0m  [1m[35mCOMMIT[0m
  [1m[35m (1.4ms)[0m  [1m[34mSELECT "schema_migrations"."version" FROM "schema_migrations" ORDER BY "schema_migrations"."version" ASC[0m
  [1m[35m (0.3ms)[0m  [1m[35mBEGIN[0m
  [1m[36mUser Exists (1.3ms)[0m  [1m[34mSELECT  1 AS one FROM "users" WHERE "users"."email" = $1 LIMIT $2[0m  [["email", "cwhite@gmail.com"], ["LIMIT", 1]]
  [1m[35m (0.4ms)[0m  [1m[31mROLLBACK[0m
  [1m[36mTagTopic Load (0.7ms)[0m  [1m[34mSELECT  "tag_topics".* FROM "tag_topics" ORDER BY "tag_topics"."id" ASC LIMIT $1[0m  [["LIMIT", 1]]
  [1m[36mShortenedUrl Load (71.4ms)[0m  [1m[34mSELECT  long_url, short_url, COUNT(visits.id) as number_of_visits FROM "shortened_urls" INNER JOIN "visits" ON "visits"."shortened_url_id" = "shortened_urls"."id" INNER JOIN "taggings" ON "shortened_urls"."id" = "taggings"."shortened_url_id" WHERE "taggings"."tag_topic_id" = $1 GROUP BY "shortened_urls"."short_url", "shortened_urls"."long_url" ORDER BY COUNT(visits.id) DESC LIMIT $2[0m  [["tag_topic_id", 1], ["LIMIT", 5]]
  [1m[36mTagTopic Load (0.4ms)[0m  [1m[34mSELECT  "tag_topics".* FROM "tag_topics" ORDER BY "tag_topics"."id" ASC LIMIT $1[0m  [["LIMIT", 1]]
  [1m[36mShortenedUrl Load (87.2ms)[0m  [1m[34mSELECT  long_url, short_url, COUNT(visits.id) as number_of_visits FROM "shortened_urls" INNER JOIN "visits" ON "visits"."shortened_url_id" = "shortened_urls"."id" INNER JOIN "taggings" ON "shortened_urls"."id" = "taggings"."shortened_url_id" WHERE "taggings"."tag_topic_id" = $1 GROUP BY "shortened_urls"."short_url" ORDER BY COUNT(visits.id) DESC LIMIT $2[0m  [["tag_topic_id", 1], ["LIMIT", 5]]
  [1m[36mShortenedUrl Load (2.6ms)[0m  [1m[34mSELECT  long_url, short_url, COUNT(visits.id) as number_of_visits FROM "shortened_urls" INNER JOIN "visits" ON "visits"."shortened_url_id" = "shortened_urls"."id" INNER JOIN "taggings" ON "shortened_urls"."id" = "taggings"."shortened_url_id" WHERE "taggings"."tag_topic_id" = $1 GROUP BY "shortened_urls"."short_url" ORDER BY COUNT(visits.id) DESC LIMIT $2[0m  [["tag_topic_id", 1], ["LIMIT", 5]]
  [1m[36mShortenedUrl Load (43.3ms)[0m  [1m[34mSELECT  long_url, short_url, COUNT(visits.id) as number_of_visits FROM "shortened_urls" INNER JOIN "visits" ON "visits"."shortened_url_id" = "shortened_urls"."id" INNER JOIN "taggings" ON "shortened_urls"."id" = "taggings"."shortened_url_id" WHERE "taggings"."tag_topic_id" = $1 GROUP BY "shortened_urls"."short_url" ORDER BY COUNT(visits.id) DESC LIMIT $2[0m  [["tag_topic_id", 1], ["LIMIT", 5]]
  [1m[36mShortenedUrl Load (2.8ms)[0m  [1m[34mSELECT  long_url, short_url, COUNT(visits.id) as number_of_visits FROM "shortened_urls" INNER JOIN "visits" ON "visits"."shortened_url_id" = "shortened_urls"."id" INNER JOIN "taggings" ON "shortened_urls"."id" = "taggings"."shortened_url_id" WHERE "taggings"."tag_topic_id" = $1 GROUP BY "shortened_urls"."short_url" ORDER BY COUNT(visits.id) DESC LIMIT $2[0m  [["tag_topic_id", 1], ["LIMIT", 5]]
  [1m[36mShortenedUrl Load (1.9ms)[0m  [1m[34mSELECT  long_url, short_url, COUNT(visits.id) as number_of_visits FROM "shortened_urls" INNER JOIN "visits" ON "visits"."shortened_url_id" = "shortened_urls"."id" INNER JOIN "taggings" ON "shortened_urls"."id" = "taggings"."shortened_url_id" WHERE "taggings"."tag_topic_id" = $1 GROUP BY "shortened_urls"."short_url" ORDER BY COUNT(visits.id) DESC LIMIT $2[0m  [["tag_topic_id", 1], ["LIMIT", 1]]
  [1m[36mTagTopic Load (0.6ms)[0m  [1m[34mSELECT  "tag_topics".* FROM "tag_topics" ORDER BY "tag_topics"."id" ASC LIMIT $1[0m  [["LIMIT", 1]]
  [1m[36mShortenedUrl Load (1.6ms)[0m  [1m[34mSELECT  long_url, short_url, COUNT(visits.id) as number_of_visits FROM "shortened_urls" INNER JOIN "visits" ON "visits"."shortened_url_id" = "shortened_urls"."id" INNER JOIN "taggings" ON "shortened_urls"."id" = "taggings"."shortened_url_id" WHERE "taggings"."tag_topic_id" = $1 GROUP BY "shortened_urls"."short_url", "shortened_urls"."long_url" ORDER BY COUNT(visits.id) DESC LIMIT $2[0m  [["tag_topic_id", 1], ["LIMIT", 5]]
