  [1m[35m (1228.5ms)[0m  [1m[35mCREATE DATABASE "first_routes_and_controllers_development" ENCODING = 'unicode'[0m
  ↳ bin/rails:9
  [1m[35m (581.6ms)[0m  [1m[35mCREATE DATABASE "first_routes_and_controllers_test" ENCODING = 'unicode'[0m
  ↳ bin/rails:9
Started GET "/" for ::1 at 2019-04-08 12:58:40 -0700
Processing by Rails::WelcomeController#index as HTML
  Rendering /Users/oliver_almalel/.rbenv/versions/2.5.1/lib/ruby/gems/2.5.0/gems/railties-5.2.3/lib/rails/templates/rails/welcome/index.html.erb
  Rendered /Users/oliver_almalel/.rbenv/versions/2.5.1/lib/ruby/gems/2.5.0/gems/railties-5.2.3/lib/rails/templates/rails/welcome/index.html.erb (35.0ms)
Completed 200 OK in 77ms (Views: 49.2ms | ActiveRecord: 0.0ms)


Started GET "/users" for ::1 at 2019-04-08 13:05:22 -0700
  
ActionController::RoutingError (No route matches [GET] "/users"):
  
actionpack (5.2.3) lib/action_dispatch/middleware/debug_exceptions.rb:65:in `call'
web-console (3.7.0) lib/web_console/middleware.rb:135:in `call_app'
web-console (3.7.0) lib/web_console/middleware.rb:30:in `block in call'
web-console (3.7.0) lib/web_console/middleware.rb:20:in `catch'
web-console (3.7.0) lib/web_console/middleware.rb:20:in `call'
actionpack (5.2.3) lib/action_dispatch/middleware/show_exceptions.rb:33:in `call'
railties (5.2.3) lib/rails/rack/logger.rb:38:in `call_app'
railties (5.2.3) lib/rails/rack/logger.rb:26:in `block in call'
activesupport (5.2.3) lib/active_support/tagged_logging.rb:71:in `block in tagged'
activesupport (5.2.3) lib/active_support/tagged_logging.rb:28:in `tagged'
activesupport (5.2.3) lib/active_support/tagged_logging.rb:71:in `tagged'
railties (5.2.3) lib/rails/rack/logger.rb:26:in `call'
sprockets-rails (3.2.1) lib/sprockets/rails/quiet_assets.rb:13:in `call'
actionpack (5.2.3) lib/action_dispatch/middleware/remote_ip.rb:81:in `call'
actionpack (5.2.3) lib/action_dispatch/middleware/request_id.rb:27:in `call'
rack (2.0.7) lib/rack/method_override.rb:22:in `call'
rack (2.0.7) lib/rack/runtime.rb:22:in `call'
activesupport (5.2.3) lib/active_support/cache/strategy/local_cache_middleware.rb:29:in `call'
actionpack (5.2.3) lib/action_dispatch/middleware/executor.rb:14:in `call'
actionpack (5.2.3) lib/action_dispatch/middleware/static.rb:127:in `call'
rack (2.0.7) lib/rack/sendfile.rb:111:in `call'
railties (5.2.3) lib/rails/engine.rb:524:in `call'
puma (3.12.1) lib/puma/configuration.rb:227:in `call'
puma (3.12.1) lib/puma/server.rb:660:in `handle_request'
puma (3.12.1) lib/puma/server.rb:474:in `process_client'
puma (3.12.1) lib/puma/server.rb:334:in `block in run'
puma (3.12.1) lib/puma/thread_pool.rb:135:in `block in spawn_thread'
Started GET "/" for ::1 at 2019-04-08 13:09:34 -0700
Processing by Rails::WelcomeController#index as HTML
  Rendering /Users/oliver_almalel/.rbenv/versions/2.5.1/lib/ruby/gems/2.5.0/gems/railties-5.2.3/lib/rails/templates/rails/welcome/index.html.erb
  Rendered /Users/oliver_almalel/.rbenv/versions/2.5.1/lib/ruby/gems/2.5.0/gems/railties-5.2.3/lib/rails/templates/rails/welcome/index.html.erb (4.9ms)
Completed 200 OK in 54ms (Views: 22.1ms | ActiveRecord: 0.0ms)


Started GET "/users" for ::1 at 2019-04-08 13:09:43 -0700
  
ActionController::RoutingError (No route matches [GET] "/users"):
  
actionpack (5.2.3) lib/action_dispatch/middleware/debug_exceptions.rb:65:in `call'
web-console (3.7.0) lib/web_console/middleware.rb:135:in `call_app'
web-console (3.7.0) lib/web_console/middleware.rb:30:in `block in call'
web-console (3.7.0) lib/web_console/middleware.rb:20:in `catch'
web-console (3.7.0) lib/web_console/middleware.rb:20:in `call'
actionpack (5.2.3) lib/action_dispatch/middleware/show_exceptions.rb:33:in `call'
railties (5.2.3) lib/rails/rack/logger.rb:38:in `call_app'
railties (5.2.3) lib/rails/rack/logger.rb:26:in `block in call'
activesupport (5.2.3) lib/active_support/tagged_logging.rb:71:in `block in tagged'
activesupport (5.2.3) lib/active_support/tagged_logging.rb:28:in `tagged'
activesupport (5.2.3) lib/active_support/tagged_logging.rb:71:in `tagged'
railties (5.2.3) lib/rails/rack/logger.rb:26:in `call'
sprockets-rails (3.2.1) lib/sprockets/rails/quiet_assets.rb:13:in `call'
actionpack (5.2.3) lib/action_dispatch/middleware/remote_ip.rb:81:in `call'
actionpack (5.2.3) lib/action_dispatch/middleware/request_id.rb:27:in `call'
rack (2.0.7) lib/rack/method_override.rb:22:in `call'
rack (2.0.7) lib/rack/runtime.rb:22:in `call'
activesupport (5.2.3) lib/active_support/cache/strategy/local_cache_middleware.rb:29:in `call'
actionpack (5.2.3) lib/action_dispatch/middleware/executor.rb:14:in `call'
actionpack (5.2.3) lib/action_dispatch/middleware/static.rb:127:in `call'
rack (2.0.7) lib/rack/sendfile.rb:111:in `call'
railties (5.2.3) lib/rails/engine.rb:524:in `call'
puma (3.12.1) lib/puma/configuration.rb:227:in `call'
puma (3.12.1) lib/puma/server.rb:660:in `handle_request'
puma (3.12.1) lib/puma/server.rb:474:in `process_client'
puma (3.12.1) lib/puma/server.rb:334:in `block in run'
puma (3.12.1) lib/puma/thread_pool.rb:135:in `block in spawn_thread'
Started GET "/" for ::1 at 2019-04-08 13:14:14 -0700
Processing by Rails::WelcomeController#index as HTML
  Rendering /Users/oliver_almalel/.rbenv/versions/2.5.1/lib/ruby/gems/2.5.0/gems/railties-5.2.3/lib/rails/templates/rails/welcome/index.html.erb
  Rendered /Users/oliver_almalel/.rbenv/versions/2.5.1/lib/ruby/gems/2.5.0/gems/railties-5.2.3/lib/rails/templates/rails/welcome/index.html.erb (5.9ms)
Completed 200 OK in 46ms (Views: 15.6ms | ActiveRecord: 0.0ms)


Started GET "/users" for ::1 at 2019-04-08 13:14:20 -0700

AbstractController::ActionNotFound - The action 'index' could not be found for UsersController:

Started GET "/users" for ::1 at 2019-04-08 13:16:42 -0700
Processing by UsersController#index as */*
Completed 500 Internal Server Error in 18ms (ActiveRecord: 0.0ms)



NameError - uninitialized constant UsersController::User:
  app/controllers/users_controller.rb:5:in `index'

Started GET "/users" for ::1 at 2019-04-08 13:23:17 -0700
Processing by UsersController#index as */*
Completed 500 Internal Server Error in 5ms (ActiveRecord: 0.0ms)



LoadError - Unable to autoload constant User, expected /Users/oliver_almalel/Desktop/Ruby Projects/W9D1/first_routes_and_controllers/app/models/user.rb to define it:
  app/controllers/users_controller.rb:5:in `index'

Started GET "/users" for ::1 at 2019-04-08 13:24:54 -0700
Processing by UsersController#index as */*
No template found for UsersController#index, rendering head :no_content
Completed 204 No Content in 375ms (ActiveRecord: 0.0ms)


Started GET "/users" for ::1 at 2019-04-08 13:25:29 -0700
Processing by UsersController#index as HTML
Completed 406 Not Acceptable in 181ms (ActiveRecord: 0.0ms)



ActionController::UnknownFormat - UsersController#index is missing a template for this request format and variant.

request.formats: ["text/html"]
request.variant: []

NOTE! For XHR/Ajax or API requests, this action would normally respond with 204 No Content: an empty white screen. Since you're loading it in a web browser, we assume that you expected to actually render a template, not nothing, so we're showing an error to be extra-clear. If you expect 204 No Content, carry on. That's what you'll get from an XHR or API request. Give it a shot.:

Started POST "/__better_errors/819aa856ac9161e0/variables" for ::1 at 2019-04-08 13:25:29 -0700
Started GET "/users" for ::1 at 2019-04-08 13:27:14 -0700
Processing by UsersController#index as */*
No template found for UsersController#index, rendering head :no_content
Completed 204 No Content in 265ms (ActiveRecord: 0.0ms)


Started GET "/users" for ::1 at 2019-04-08 13:27:29 -0700
Processing by UsersController#index as HTML
Completed 406 Not Acceptable in 172ms (ActiveRecord: 0.0ms)



ActionController::UnknownFormat - UsersController#index is missing a template for this request format and variant.

request.formats: ["text/html"]
request.variant: []

NOTE! For XHR/Ajax or API requests, this action would normally respond with 204 No Content: an empty white screen. Since you're loading it in a web browser, we assume that you expected to actually render a template, not nothing, so we're showing an error to be extra-clear. If you expect 204 No Content, carry on. That's what you'll get from an XHR or API request. Give it a shot.:

Started POST "/__better_errors/fd05d9bfdaa7284c/variables" for ::1 at 2019-04-08 13:27:29 -0700
Started GET "/users" for ::1 at 2019-04-08 13:27:44 -0700
Processing by UsersController#index as */*
  Rendering text template
  Rendered text template (0.0ms)
Completed 200 OK in 18ms (Views: 17.9ms | ActiveRecord: 0.0ms)


Started GET "/users" for ::1 at 2019-04-08 13:27:48 -0700
Processing by UsersController#index as HTML
  Rendering text template
  Rendered text template (0.0ms)
Completed 200 OK in 2ms (Views: 1.2ms | ActiveRecord: 0.0ms)


Started GET "/users?fav_food=pizza" for ::1 at 2019-04-08 13:29:27 -0700
Processing by UsersController#index as */*
  Parameters: {"fav_food"=>"pizza"}
  Rendering text template
  Rendered text template (0.1ms)
Completed 200 OK in 3ms (Views: 2.5ms | ActiveRecord: 0.0ms)


Started GET "/users?fav_food=pizza&admin=true" for ::1 at 2019-04-08 13:30:00 -0700
Processing by UsersController#index as */*
  Parameters: {"fav_food"=>"pizza", "admin"=>"true"}
  Rendering text template
  Rendered text template (0.0ms)
Completed 200 OK in 1ms (Views: 0.5ms | ActiveRecord: 0.0ms)


Started POST "/users?body=testing%20post" for ::1 at 2019-04-08 13:31:24 -0700
  
ActionController::RoutingError (No route matches [POST] "/users"):
  
actionpack (5.2.3) lib/action_dispatch/middleware/debug_exceptions.rb:65:in `call'
web-console (3.7.0) lib/web_console/middleware.rb:135:in `call_app'
web-console (3.7.0) lib/web_console/middleware.rb:30:in `block in call'
web-console (3.7.0) lib/web_console/middleware.rb:20:in `catch'
web-console (3.7.0) lib/web_console/middleware.rb:20:in `call'
actionpack (5.2.3) lib/action_dispatch/middleware/show_exceptions.rb:33:in `call'
railties (5.2.3) lib/rails/rack/logger.rb:38:in `call_app'
railties (5.2.3) lib/rails/rack/logger.rb:26:in `block in call'
activesupport (5.2.3) lib/active_support/tagged_logging.rb:71:in `block in tagged'
activesupport (5.2.3) lib/active_support/tagged_logging.rb:28:in `tagged'
activesupport (5.2.3) lib/active_support/tagged_logging.rb:71:in `tagged'
railties (5.2.3) lib/rails/rack/logger.rb:26:in `call'
sprockets-rails (3.2.1) lib/sprockets/rails/quiet_assets.rb:13:in `call'
actionpack (5.2.3) lib/action_dispatch/middleware/remote_ip.rb:81:in `call'
actionpack (5.2.3) lib/action_dispatch/middleware/request_id.rb:27:in `call'
rack (2.0.7) lib/rack/method_override.rb:22:in `call'
rack (2.0.7) lib/rack/runtime.rb:22:in `call'
activesupport (5.2.3) lib/active_support/cache/strategy/local_cache_middleware.rb:29:in `call'
actionpack (5.2.3) lib/action_dispatch/middleware/executor.rb:14:in `call'
actionpack (5.2.3) lib/action_dispatch/middleware/static.rb:127:in `call'
rack (2.0.7) lib/rack/sendfile.rb:111:in `call'
railties (5.2.3) lib/rails/engine.rb:524:in `call'
puma (3.12.1) lib/puma/configuration.rb:227:in `call'
puma (3.12.1) lib/puma/server.rb:660:in `handle_request'
puma (3.12.1) lib/puma/server.rb:474:in `process_client'
puma (3.12.1) lib/puma/server.rb:334:in `block in run'
puma (3.12.1) lib/puma/thread_pool.rb:135:in `block in spawn_thread'
Started POST "/users?body=testing%20post" for ::1 at 2019-04-08 13:32:21 -0700

AbstractController::ActionNotFound - The action 'create' could not be found for UsersController:

Started POST "/users?body=testing%20post" for ::1 at 2019-04-08 13:33:40 -0700
Processing by UsersController#create as */*
  Parameters: {"body"=>"testing post"}
Completed 200 OK in 1ms (Views: 0.5ms | ActiveRecord: 0.0ms)


Started POST "/users?fav_food=pizza&admin=true&body=testing%20post" for ::1 at 2019-04-08 13:34:20 -0700
Processing by UsersController#create as */*
  Parameters: {"fav_food"=>"pizza", "admin"=>"true", "body"=>"testing post"}
Completed 200 OK in 2ms (Views: 1.2ms | ActiveRecord: 0.0ms)


Started GET "/users/2" for ::1 at 2019-04-08 13:35:34 -0700

AbstractController::ActionNotFound - The action 'show' could not be found for UsersController:

Started POST "/users?body=testing%20post" for ::1 at 2019-04-08 13:37:32 -0700

SyntaxError - syntax error, unexpected tIDENTIFIER, expecting keyword_end
...'/users', to: 'users#create' as: 'new_post'
...                             ^~:
  config/routes.rb:11:in `'

Started POST "/users?body=testing%20post" for ::1 at 2019-04-08 13:37:47 -0700
Processing by UsersController#create as */*
  Parameters: {"body"=>"testing post"}
Completed 200 OK in 2ms (Views: 0.4ms | ActiveRecord: 0.0ms)


Started GET "/users/2" for ::1 at 2019-04-08 13:38:44 -0700
Processing by UsersController#show as */*
  Parameters: {"id"=>"2"}
Completed 200 OK in 1ms (Views: 0.3ms | ActiveRecord: 0.0ms)


Started GET "/users[:id]=2" for ::1 at 2019-04-08 13:41:20 -0700
  
ActionController::RoutingError (No route matches [GET] "/users[:id]=2"):
  
actionpack (5.2.3) lib/action_dispatch/middleware/debug_exceptions.rb:65:in `call'
web-console (3.7.0) lib/web_console/middleware.rb:135:in `call_app'
web-console (3.7.0) lib/web_console/middleware.rb:30:in `block in call'
web-console (3.7.0) lib/web_console/middleware.rb:20:in `catch'
web-console (3.7.0) lib/web_console/middleware.rb:20:in `call'
actionpack (5.2.3) lib/action_dispatch/middleware/show_exceptions.rb:33:in `call'
railties (5.2.3) lib/rails/rack/logger.rb:38:in `call_app'
railties (5.2.3) lib/rails/rack/logger.rb:26:in `block in call'
activesupport (5.2.3) lib/active_support/tagged_logging.rb:71:in `block in tagged'
activesupport (5.2.3) lib/active_support/tagged_logging.rb:28:in `tagged'
activesupport (5.2.3) lib/active_support/tagged_logging.rb:71:in `tagged'
railties (5.2.3) lib/rails/rack/logger.rb:26:in `call'
sprockets-rails (3.2.1) lib/sprockets/rails/quiet_assets.rb:13:in `call'
actionpack (5.2.3) lib/action_dispatch/middleware/remote_ip.rb:81:in `call'
actionpack (5.2.3) lib/action_dispatch/middleware/request_id.rb:27:in `call'
rack (2.0.7) lib/rack/method_override.rb:22:in `call'
rack (2.0.7) lib/rack/runtime.rb:22:in `call'
activesupport (5.2.3) lib/active_support/cache/strategy/local_cache_middleware.rb:29:in `call'
actionpack (5.2.3) lib/action_dispatch/middleware/executor.rb:14:in `call'
actionpack (5.2.3) lib/action_dispatch/middleware/static.rb:127:in `call'
rack (2.0.7) lib/rack/sendfile.rb:111:in `call'
railties (5.2.3) lib/rails/engine.rb:524:in `call'
puma (3.12.1) lib/puma/configuration.rb:227:in `call'
puma (3.12.1) lib/puma/server.rb:660:in `handle_request'
puma (3.12.1) lib/puma/server.rb:474:in `process_client'
puma (3.12.1) lib/puma/server.rb:334:in `block in run'
puma (3.12.1) lib/puma/thread_pool.rb:135:in `block in spawn_thread'
Started GET "/users[id]=2" for ::1 at 2019-04-08 13:42:10 -0700
  
ActionController::RoutingError (No route matches [GET] "/users[id]=2"):
  
actionpack (5.2.3) lib/action_dispatch/middleware/debug_exceptions.rb:65:in `call'
web-console (3.7.0) lib/web_console/middleware.rb:135:in `call_app'
web-console (3.7.0) lib/web_console/middleware.rb:30:in `block in call'
web-console (3.7.0) lib/web_console/middleware.rb:20:in `catch'
web-console (3.7.0) lib/web_console/middleware.rb:20:in `call'
actionpack (5.2.3) lib/action_dispatch/middleware/show_exceptions.rb:33:in `call'
railties (5.2.3) lib/rails/rack/logger.rb:38:in `call_app'
railties (5.2.3) lib/rails/rack/logger.rb:26:in `block in call'
activesupport (5.2.3) lib/active_support/tagged_logging.rb:71:in `block in tagged'
activesupport (5.2.3) lib/active_support/tagged_logging.rb:28:in `tagged'
activesupport (5.2.3) lib/active_support/tagged_logging.rb:71:in `tagged'
railties (5.2.3) lib/rails/rack/logger.rb:26:in `call'
sprockets-rails (3.2.1) lib/sprockets/rails/quiet_assets.rb:13:in `call'
actionpack (5.2.3) lib/action_dispatch/middleware/remote_ip.rb:81:in `call'
actionpack (5.2.3) lib/action_dispatch/middleware/request_id.rb:27:in `call'
rack (2.0.7) lib/rack/method_override.rb:22:in `call'
rack (2.0.7) lib/rack/runtime.rb:22:in `call'
activesupport (5.2.3) lib/active_support/cache/strategy/local_cache_middleware.rb:29:in `call'
actionpack (5.2.3) lib/action_dispatch/middleware/executor.rb:14:in `call'
actionpack (5.2.3) lib/action_dispatch/middleware/static.rb:127:in `call'
rack (2.0.7) lib/rack/sendfile.rb:111:in `call'
railties (5.2.3) lib/rails/engine.rb:524:in `call'
puma (3.12.1) lib/puma/configuration.rb:227:in `call'
puma (3.12.1) lib/puma/server.rb:660:in `handle_request'
puma (3.12.1) lib/puma/server.rb:474:in `process_client'
puma (3.12.1) lib/puma/server.rb:334:in `block in run'
puma (3.12.1) lib/puma/thread_pool.rb:135:in `block in spawn_thread'
Started GET "/users?users[id]=2" for ::1 at 2019-04-08 13:45:06 -0700
Processing by UsersController#index as */*
  Parameters: {"users"=>{"id"=>"2"}}
  Rendering text template
  Rendered text template (0.0ms)
Completed 200 OK in 2ms (Views: 1.1ms | ActiveRecord: 0.0ms)


Started POST "//users?some_category[a_key]=another+value&some_category[a_second_key]=yet+another+value%0Asome_category[a_second_key]:%20%27yet%20another%20value%27%0Asome_category[inner_inner_hash][key]:%20%27value%27%0Asomething_else:%20%27aaahhhhh%27" for ::1 at 2019-04-08 13:47:11 -0700
Processing by UsersController#create as */*
  Parameters: {"some_category"=>{"a_key"=>"another value", "a_second_key"=>"yet another value\nsome_category[a_second_key]: 'yet another value'\nsome_category[inner_inner_hash][key]: 'value'\nsomething_else: 'aaahhhhh'"}}
Completed 200 OK in 1ms (Views: 0.4ms | ActiveRecord: 0.0ms)


Started POST "/users" for ::1 at 2019-04-08 13:50:40 -0700
Processing by UsersController#create as */*
  Parameters: {"some_category"=>{"a_key"=>"another value", "a_second_key"=>"yet another value", "inner_inner_hash"=>"value"}, "something_else"=>"aaahhhhh"}
Completed 200 OK in 11ms (Views: 7.2ms | ActiveRecord: 0.0ms)


Started POST "/users?some_category[a_key]=another+value&some_category[a_second_key]=yet+another+value" for ::1 at 2019-04-08 13:51:37 -0700
Processing by UsersController#create as */*
  Parameters: {"some_category"=>{"a_key"=>"another value", "a_second_key"=>"yet another value"}, "something_else"=>"aaahhhhh"}
Completed 200 OK in 1ms (Views: 0.4ms | ActiveRecord: 0.0ms)


Started POST "/users" for ::1 at 2019-04-08 13:52:33 -0700
Processing by UsersController#create as */*
  Parameters: {"some_category"=>{"a_key"=>"another value", "a_second_key"=>"yet another value", "inner_inner_hash"=>{"key"=>"value"}}, "something_else"=>"aaahhhhh"}
Completed 200 OK in 1ms (Views: 0.4ms | ActiveRecord: 0.0ms)


Started GET "/users" for ::1 at 2019-04-08 13:53:10 -0700
Processing by UsersController#index as */*
  Parameters: {"some_category"=>{"a_key"=>"another value", "a_second_key"=>"yet another value", "inner_inner_hash"=>{"key"=>"value"}}, "something_else"=>"aaahhhhh"}
  Rendering text template
  Rendered text template (0.0ms)
Completed 200 OK in 2ms (Views: 0.8ms | ActiveRecord: 0.0ms)


Started POST "/users" for ::1 at 2019-04-08 13:53:18 -0700
Processing by UsersController#create as */*
  Parameters: {"some_category"=>{"a_key"=>"another value", "a_second_key"=>"yet another value", "inner_inner_hash"=>{"key"=>"value"}}, "something_else"=>"aaahhhhh"}
Completed 200 OK in 3ms (Views: 0.6ms | ActiveRecord: 0.0ms)


  [1m[35m (198.6ms)[0m  [1m[35mCREATE TABLE "schema_migrations" ("version" character varying NOT NULL PRIMARY KEY)[0m
  ↳ bin/rails:9
  [1m[35m (5.8ms)[0m  [1m[35mCREATE TABLE "ar_internal_metadata" ("key" character varying NOT NULL PRIMARY KEY, "value" character varying, "created_at" timestamp NOT NULL, "updated_at" timestamp NOT NULL)[0m
  ↳ bin/rails:9
  [1m[35m (3.1ms)[0m  [1m[34mSELECT pg_try_advisory_lock(2711202859307440470)[0m
  ↳ bin/rails:9
  [1m[35m (2.1ms)[0m  [1m[34mSELECT "schema_migrations"."version" FROM "schema_migrations" ORDER BY "schema_migrations"."version" ASC[0m
  ↳ bin/rails:9
Migrating to CreateUser (20190408205441)
  [1m[35m (23.4ms)[0m  [1m[35mBEGIN[0m
  ↳ bin/rails:9
  [1m[35m (57.6ms)[0m  [1m[35mCREATE TABLE "users" ("id" bigserial primary key, "name" character varying NOT NULL, "email" character varying NOT NULL, "created_at" timestamp NOT NULL, "updated_at" timestamp NOT NULL)[0m
  ↳ db/migrate/20190408205441_create_user.rb:3
  [1m[36mActiveRecord::SchemaMigration Create (37.3ms)[0m  [1m[32mINSERT INTO "schema_migrations" ("version") VALUES ($1) RETURNING "version"[0m  [["version", "20190408205441"]]
  ↳ bin/rails:9
  [1m[35m (43.4ms)[0m  [1m[35mCOMMIT[0m
  ↳ bin/rails:9
  [1m[36mActiveRecord::InternalMetadata Load (0.6ms)[0m  [1m[34mSELECT  "ar_internal_metadata".* FROM "ar_internal_metadata" WHERE "ar_internal_metadata"."key" = $1 LIMIT $2[0m  [["key", "environment"], ["LIMIT", 1]]
  ↳ bin/rails:9
  [1m[35m (0.2ms)[0m  [1m[35mBEGIN[0m
  ↳ bin/rails:9
  [1m[36mActiveRecord::InternalMetadata Create (24.8ms)[0m  [1m[32mINSERT INTO "ar_internal_metadata" ("key", "value", "created_at", "updated_at") VALUES ($1, $2, $3, $4) RETURNING "key"[0m  [["key", "environment"], ["value", "development"], ["created_at", "2019-04-08 20:56:55.316284"], ["updated_at", "2019-04-08 20:56:55.316284"]]
  ↳ bin/rails:9
  [1m[35m (0.5ms)[0m  [1m[35mCOMMIT[0m
  ↳ bin/rails:9
  [1m[35m (0.4ms)[0m  [1m[34mSELECT pg_advisory_unlock(2711202859307440470)[0m
  ↳ bin/rails:9
  [1m[35m (0.5ms)[0m  [1m[34mSELECT "schema_migrations"."version" FROM "schema_migrations" ORDER BY "schema_migrations"."version" ASC[0m
  ↳ bin/rails:9
  [1m[35m (1.2ms)[0m  [1m[34mSELECT "schema_migrations"."version" FROM "schema_migrations" ORDER BY "schema_migrations"."version" ASC[0m
  ↳ /Users/oliver_almalel/.rbenv/versions/2.5.1/bin/annotate:23
  [1m[35m (19.7ms)[0m  [1m[35mBEGIN[0m
  [1m[36mUser Create (5.7ms)[0m  [1m[32mINSERT INTO "users" ("name", "email", "created_at", "updated_at") VALUES ($1, $2, $3, $4) RETURNING "id"[0m  [["name", "Oli"], ["email", "oli@foli.com"], ["created_at", "2019-04-08 21:04:44.155024"], ["updated_at", "2019-04-08 21:04:44.155024"]]
  [1m[35m (25.3ms)[0m  [1m[35mCOMMIT[0m
  [1m[35m (0.2ms)[0m  [1m[35mBEGIN[0m
  [1m[36mUser Create (0.5ms)[0m  [1m[32mINSERT INTO "users" ("name", "email", "created_at", "updated_at") VALUES ($1, $2, $3, $4) RETURNING "id"[0m  [["name", "Lisa"], ["email", "lisa@lisa.com"], ["created_at", "2019-04-08 21:05:06.856947"], ["updated_at", "2019-04-08 21:05:06.856947"]]
  [1m[35m (1.2ms)[0m  [1m[35mCOMMIT[0m
Started GET "/users" for ::1 at 2019-04-08 14:07:14 -0700
  [1m[35m (2.3ms)[0m  [1m[34mSELECT "schema_migrations"."version" FROM "schema_migrations" ORDER BY "schema_migrations"."version" ASC[0m
  ↳ /Users/oliver_almalel/.rbenv/versions/2.5.1/lib/ruby/gems/2.5.0/gems/activerecord-5.2.3/lib/active_record/log_subscriber.rb:98
Processing by UsersController#index as */*
  Parameters: {"some_category"=>{"a_key"=>"another value", "a_second_key"=>"yet another value", "inner_inner_hash"=>{"key"=>"value"}}, "something_else"=>"aaahhhhh"}
  [1m[36mUser Load (1.3ms)[0m  [1m[34mSELECT "users".* FROM "users"[0m
  ↳ app/controllers/users_controller.rb:5
Completed 500 Internal Server Error in 107ms (Views: 17.0ms | ActiveRecord: 74.9ms)



AbstractController::DoubleRenderError - Render and/or redirect were called multiple times in this action. Please note that you may only call render OR redirect, and at most once per action. Also note that neither redirect nor render terminate execution of the action, so if you want to exit an action after redirecting, you need to do something like "redirect_to(...) and return".:
  app/controllers/users_controller.rb:6:in `index'

Started GET "/users" for ::1 at 2019-04-08 14:07:43 -0700
Processing by UsersController#index as */*
  Parameters: {"some_category"=>{"a_key"=>"another value", "a_second_key"=>"yet another value", "inner_inner_hash"=>{"key"=>"value"}}, "something_else"=>"aaahhhhh"}
  [1m[36mUser Load (0.9ms)[0m  [1m[34mSELECT "users".* FROM "users"[0m
  ↳ app/controllers/users_controller.rb:5
Completed 200 OK in 126ms (Views: 28.3ms | ActiveRecord: 90.7ms)


Started POST "/users?name=Mashu&email=mashu@appacademy.io" for ::1 at 2019-04-08 14:10:30 -0700
Processing by UsersController#create as */*
  Parameters: {"name"=>"Mashu", "email"=>"mashu@appacademy.io"}
Completed 400 Bad Request in 9ms (ActiveRecord: 0.0ms)



ActionController::ParameterMissing - param is missing or the value is empty: user:
  app/controllers/users_controller.rb:18:in `create'

Started POST "/users?name=Mashu&email=mashu@appacademy.io&user=MD" for ::1 at 2019-04-08 14:11:38 -0700
Processing by UsersController#create as */*
  Parameters: {"name"=>"Mashu", "email"=>"mashu@appacademy.io", "user"=>"MD"}
Completed 500 Internal Server Error in 6ms (ActiveRecord: 0.0ms)



NoMethodError - undefined method `permit' for "MD":String:
  app/controllers/users_controller.rb:18:in `create'

Started POST "/users?name=Mashu&email=mashu@appacademy.io&user=3" for ::1 at 2019-04-08 14:13:35 -0700
Processing by UsersController#create as */*
  Parameters: {"name"=>"Mashu", "email"=>"mashu@appacademy.io", "user"=>"3"}
Completed 500 Internal Server Error in 5ms (ActiveRecord: 0.0ms)



NoMethodError - undefined method `permit' for "3":String:
  app/controllers/users_controller.rb:18:in `create'

Started POST "/users?name=Mashu&email=mashu@appacademy.io" for ::1 at 2019-04-08 14:14:34 -0700
Processing by UsersController#create as */*
  Parameters: {"name"=>"Mashu", "email"=>"mashu@appacademy.io"}
Completed 400 Bad Request in 7ms (ActiveRecord: 0.0ms)



ActionController::ParameterMissing - param is missing or the value is empty: user:
  app/controllers/users_controller.rb:18:in `create'

Started POST "/users?name=Mashu&email=mashu@appacademy.io&user=3" for ::1 at 2019-04-08 14:14:51 -0700
Processing by UsersController#create as */*
  Parameters: {"name"=>"Mashu", "email"=>"mashu@appacademy.io", "user"=>"3"}
Completed 500 Internal Server Error in 2ms (ActiveRecord: 0.0ms)



NoMethodError - undefined method `[]' for nil:NilClass:
  app/controllers/users_controller.rb:18:in `create'

Started POST "/users?name=Mashu&email=mashu@appacademy.io&user=3" for ::1 at 2019-04-08 14:17:57 -0700
  [1m[35m (1.2ms)[0m  [1m[34mSELECT "schema_migrations"."version" FROM "schema_migrations" ORDER BY "schema_migrations"."version" ASC[0m
  ↳ /Users/oliver_almalel/.rbenv/versions/2.5.1/lib/ruby/gems/2.5.0/gems/activerecord-5.2.3/lib/active_record/log_subscriber.rb:98
Processing by UsersController#create as */*
  Parameters: {"name"=>"Mashu", "email"=>"mashu@appacademy.io", "user"=>"3"}
Completed 400 Bad Request in 16ms (ActiveRecord: 0.0ms)



ActionController::ParameterMissing - param is missing or the value is empty: new_user:
  app/controllers/users_controller.rb:18:in `create'

Started POST "/users?name=Mashu&email=mashu@appacademy.io&new_user=3" for ::1 at 2019-04-08 14:18:21 -0700
Processing by UsersController#create as */*
  Parameters: {"name"=>"Mashu", "email"=>"mashu@appacademy.io", "new_user"=>"3"}
Completed 500 Internal Server Error in 811ms (ActiveRecord: 0.0ms)



NameError - undefined local variable or method `new_user' for #<UsersController:0x00007fe264a75938>
Did you mean?  new_user_url:
  app/controllers/users_controller.rb:18:in `create'

Started POST "/users?new_user[name]=Mashu&new_user[email]=mashu@appacademy.io&new_user=3" for ::1 at 2019-04-08 14:18:55 -0700
Processing by UsersController#create as */*
  Parameters: {"new_user"=>"3"}
Completed 500 Internal Server Error in 501ms (ActiveRecord: 0.0ms)



NameError - undefined local variable or method `new_user' for #<UsersController:0x00007fe263f65c50>
Did you mean?  new_user_url:
  app/controllers/users_controller.rb:18:in `create'

Started POST "/users?user[name]=Mashu&user[email]=mashu@aa.io" for ::1 at 2019-04-08 14:21:07 -0700
Processing by UsersController#create as */*
  Parameters: {"user"=>{"name"=>"Mashu", "email"=>"mashu@aa.io"}}
  [1m[35m (0.2ms)[0m  [1m[35mBEGIN[0m
  ↳ app/controllers/users_controller.rb:20
  [1m[36mUser Create (1.2ms)[0m  [1m[32mINSERT INTO "users" ("name", "email", "created_at", "updated_at") VALUES ($1, $2, $3, $4) RETURNING "id"[0m  [["name", "Mashu"], ["email", "mashu@aa.io"], ["created_at", "2019-04-08 21:21:07.444873"], ["updated_at", "2019-04-08 21:21:07.444873"]]
  ↳ app/controllers/users_controller.rb:20
  [1m[35m (75.4ms)[0m  [1m[35mCOMMIT[0m
  ↳ app/controllers/users_controller.rb:20
Completed 200 OK in 166ms (Views: 0.7ms | ActiveRecord: 134.2ms)


Started POST "/userss" for ::1 at 2019-04-08 14:22:46 -0700
  
ActionController::RoutingError (No route matches [POST] "/userss"):
  
actionpack (5.2.3) lib/action_dispatch/middleware/debug_exceptions.rb:65:in `call'
web-console (3.7.0) lib/web_console/middleware.rb:135:in `call_app'
web-console (3.7.0) lib/web_console/middleware.rb:30:in `block in call'
web-console (3.7.0) lib/web_console/middleware.rb:20:in `catch'
web-console (3.7.0) lib/web_console/middleware.rb:20:in `call'
actionpack (5.2.3) lib/action_dispatch/middleware/show_exceptions.rb:33:in `call'
railties (5.2.3) lib/rails/rack/logger.rb:38:in `call_app'
railties (5.2.3) lib/rails/rack/logger.rb:26:in `block in call'
activesupport (5.2.3) lib/active_support/tagged_logging.rb:71:in `block in tagged'
activesupport (5.2.3) lib/active_support/tagged_logging.rb:28:in `tagged'
activesupport (5.2.3) lib/active_support/tagged_logging.rb:71:in `tagged'
railties (5.2.3) lib/rails/rack/logger.rb:26:in `call'
sprockets-rails (3.2.1) lib/sprockets/rails/quiet_assets.rb:13:in `call'
actionpack (5.2.3) lib/action_dispatch/middleware/remote_ip.rb:81:in `call'
actionpack (5.2.3) lib/action_dispatch/middleware/request_id.rb:27:in `call'
rack (2.0.7) lib/rack/method_override.rb:22:in `call'
rack (2.0.7) lib/rack/runtime.rb:22:in `call'
activesupport (5.2.3) lib/active_support/cache/strategy/local_cache_middleware.rb:29:in `call'
actionpack (5.2.3) lib/action_dispatch/middleware/executor.rb:14:in `call'
actionpack (5.2.3) lib/action_dispatch/middleware/static.rb:127:in `call'
rack (2.0.7) lib/rack/sendfile.rb:111:in `call'
railties (5.2.3) lib/rails/engine.rb:524:in `call'
puma (3.12.1) lib/puma/configuration.rb:227:in `call'
puma (3.12.1) lib/puma/server.rb:660:in `handle_request'
puma (3.12.1) lib/puma/server.rb:474:in `process_client'
puma (3.12.1) lib/puma/server.rb:334:in `block in run'
puma (3.12.1) lib/puma/thread_pool.rb:135:in `block in spawn_thread'
Started POST "/users" for ::1 at 2019-04-08 14:22:52 -0700
Processing by UsersController#create as */*
Completed 400 Bad Request in 1ms (ActiveRecord: 0.0ms)



ActionController::ParameterMissing - param is missing or the value is empty: user:
  app/controllers/users_controller.rb:18:in `create'

Started GET "/users" for ::1 at 2019-04-08 14:23:08 -0700
Processing by UsersController#index as */*
  [1m[36mUser Load (275.2ms)[0m  [1m[34mSELECT "users".* FROM "users"[0m
  ↳ app/controllers/users_controller.rb:5
Completed 200 OK in 282ms (Views: 6.2ms | ActiveRecord: 275.2ms)


Started POST "/users?user[name]=Carly" for ::1 at 2019-04-08 14:25:53 -0700
Processing by UsersController#create as */*
  Parameters: {"user"=>{"name"=>"Carly"}}
  [1m[35m (0.8ms)[0m  [1m[35mBEGIN[0m
  ↳ app/controllers/users_controller.rb:20
  [1m[35m (16.7ms)[0m  [1m[31mROLLBACK[0m
  ↳ app/controllers/users_controller.rb:20
Completed 422 Unprocessable Entity in 43ms (ActiveRecord: 17.6ms)



ActiveRecord::RecordInvalid - Validation failed: Email can't be blank:
  app/controllers/users_controller.rb:20:in `create'

Started POST "/users?user[name]=Carly" for ::1 at 2019-04-08 14:27:04 -0700
Processing by UsersController#create as */*
  Parameters: {"user"=>{"name"=>"Carly"}}
  [1m[35m (17.9ms)[0m  [1m[35mBEGIN[0m
  ↳ app/controllers/users_controller.rb:20
  [1m[35m (0.4ms)[0m  [1m[31mROLLBACK[0m
  ↳ app/controllers/users_controller.rb:20
Completed 422 Unprocessable Entity in 73ms (Views: 0.3ms | ActiveRecord: 43.8ms)


Started GET "/users/oli" for ::1 at 2019-04-08 14:29:19 -0700
Processing by UsersController#show as */*
  Parameters: {"id"=>"oli"}
  [1m[36mUser Load (0.3ms)[0m  [1m[34mSELECT  "users".* FROM "users" WHERE "users"."id" = $1 LIMIT $2[0m  [["id", 0], ["LIMIT", 1]]
  ↳ app/controllers/users_controller.rb:14
Completed 404 Not Found in 46ms (ActiveRecord: 35.3ms)



ActiveRecord::RecordNotFound - Couldn't find User with 'id'=oli:
  app/controllers/users_controller.rb:14:in `show'

Started GET "/users/1" for ::1 at 2019-04-08 14:29:27 -0700
Processing by UsersController#show as */*
  Parameters: {"id"=>"1"}
  [1m[36mUser Load (151.6ms)[0m  [1m[34mSELECT  "users".* FROM "users" WHERE "users"."id" = $1 LIMIT $2[0m  [["id", 1], ["LIMIT", 1]]
  ↳ app/controllers/users_controller.rb:14
Completed 200 OK in 165ms (Views: 0.8ms | ActiveRecord: 151.6ms)


Started GET "/users/3" for ::1 at 2019-04-08 14:29:31 -0700
Processing by UsersController#show as */*
  Parameters: {"id"=>"3"}
  [1m[36mUser Load (35.8ms)[0m  [1m[34mSELECT  "users".* FROM "users" WHERE "users"."id" = $1 LIMIT $2[0m  [["id", 3], ["LIMIT", 1]]
  ↳ app/controllers/users_controller.rb:14
Completed 200 OK in 41ms (Views: 1.1ms | ActiveRecord: 35.8ms)


Started PATCH "/users/4?user[email]=carly@aa.io" for ::1 at 2019-04-08 14:34:02 -0700
Processing by UsersController#update as */*
  Parameters: {"user"=>{"email"=>"carly@aa.io"}, "id"=>"4"}
  [1m[36mUser Load (1.3ms)[0m  [1m[34mSELECT  "users".* FROM "users" WHERE "users"."id" = $1 LIMIT $2[0m  [["id", 4], ["LIMIT", 1]]
  ↳ app/controllers/users_controller.rb:29
Completed 404 Not Found in 23ms (ActiveRecord: 14.4ms)



ActiveRecord::RecordNotFound - Couldn't find User with 'id'=4:
  app/controllers/users_controller.rb:29:in `update'

Started PATCH "/users/3?user[email]=mashu_duek@aa.io" for ::1 at 2019-04-08 14:34:32 -0700
Processing by UsersController#update as */*
  Parameters: {"user"=>{"email"=>"mashu_duek@aa.io"}, "id"=>"3"}
  [1m[36mUser Load (3.9ms)[0m  [1m[34mSELECT  "users".* FROM "users" WHERE "users"."id" = $1 LIMIT $2[0m  [["id", 3], ["LIMIT", 1]]
  ↳ app/controllers/users_controller.rb:29
  [1m[35m (0.2ms)[0m  [1m[35mBEGIN[0m
  ↳ app/controllers/users_controller.rb:30
  [1m[36mUser Update (0.7ms)[0m  [1m[33mUPDATE "users" SET "email" = $1, "updated_at" = $2 WHERE "users"."id" = $3[0m  [["email", "mashu_duek@aa.io"], ["updated_at", "2019-04-08 21:34:32.659869"], ["id", 3]]
  ↳ app/controllers/users_controller.rb:30
  [1m[35m (1.0ms)[0m  [1m[35mCOMMIT[0m
  ↳ app/controllers/users_controller.rb:30
Completed 200 OK in 20ms (Views: 0.9ms | ActiveRecord: 5.9ms)


Started DELETE "/users/3" for ::1 at 2019-04-08 14:39:18 -0700
  
ActionController::RoutingError (No route matches [DELETE] "/users/3"):
  
actionpack (5.2.3) lib/action_dispatch/middleware/debug_exceptions.rb:65:in `call'
web-console (3.7.0) lib/web_console/middleware.rb:135:in `call_app'
web-console (3.7.0) lib/web_console/middleware.rb:30:in `block in call'
web-console (3.7.0) lib/web_console/middleware.rb:20:in `catch'
web-console (3.7.0) lib/web_console/middleware.rb:20:in `call'
actionpack (5.2.3) lib/action_dispatch/middleware/show_exceptions.rb:33:in `call'
railties (5.2.3) lib/rails/rack/logger.rb:38:in `call_app'
railties (5.2.3) lib/rails/rack/logger.rb:26:in `block in call'
activesupport (5.2.3) lib/active_support/tagged_logging.rb:71:in `block in tagged'
activesupport (5.2.3) lib/active_support/tagged_logging.rb:28:in `tagged'
activesupport (5.2.3) lib/active_support/tagged_logging.rb:71:in `tagged'
railties (5.2.3) lib/rails/rack/logger.rb:26:in `call'
sprockets-rails (3.2.1) lib/sprockets/rails/quiet_assets.rb:13:in `call'
actionpack (5.2.3) lib/action_dispatch/middleware/remote_ip.rb:81:in `call'
actionpack (5.2.3) lib/action_dispatch/middleware/request_id.rb:27:in `call'
rack (2.0.7) lib/rack/method_override.rb:22:in `call'
rack (2.0.7) lib/rack/runtime.rb:22:in `call'
activesupport (5.2.3) lib/active_support/cache/strategy/local_cache_middleware.rb:29:in `call'
actionpack (5.2.3) lib/action_dispatch/middleware/executor.rb:14:in `call'
actionpack (5.2.3) lib/action_dispatch/middleware/static.rb:127:in `call'
rack (2.0.7) lib/rack/sendfile.rb:111:in `call'
railties (5.2.3) lib/rails/engine.rb:524:in `call'
puma (3.12.1) lib/puma/configuration.rb:227:in `call'
puma (3.12.1) lib/puma/server.rb:660:in `handle_request'
puma (3.12.1) lib/puma/server.rb:474:in `process_client'
puma (3.12.1) lib/puma/server.rb:334:in `block in run'
puma (3.12.1) lib/puma/thread_pool.rb:135:in `block in spawn_thread'
Started DELETE "/users/3" for ::1 at 2019-04-08 14:40:04 -0700

SyntaxError - syntax error, unexpected tSTRING_BEG, expecting keyword_do or '{' or '('
  delete '/users/:id', to 'users#destroy'
                          ^:
  config/routes.rb:13:in `'

Started DELETE "/users/3" for ::1 at 2019-04-08 14:40:32 -0700
Processing by UsersController#destroy as */*
  Parameters: {"id"=>"3"}
  [1m[36mUser Load (0.9ms)[0m  [1m[34mSELECT  "users".* FROM "users" WHERE "users"."id" = $1 LIMIT $2[0m  [["id", 3], ["LIMIT", 1]]
  ↳ app/controllers/users_controller.rb:38
  [1m[35m (27.0ms)[0m  [1m[35mBEGIN[0m
  ↳ app/controllers/users_controller.rb:39
  [1m[36mUser Destroy (0.7ms)[0m  [1m[31mDELETE FROM "users" WHERE "users"."id" = $1[0m  [["id", 3]]
  ↳ app/controllers/users_controller.rb:39
  [1m[35m (146.6ms)[0m  [1m[35mCOMMIT[0m
  ↳ app/controllers/users_controller.rb:39
Redirected to http://localhost:3000/users
Completed 302 Found in 221ms (ActiveRecord: 199.3ms)


Started GET "/users" for ::1 at 2019-04-08 14:40:32 -0700
Processing by UsersController#index as */*
  [1m[36mUser Load (31.0ms)[0m  [1m[34mSELECT "users".* FROM "users"[0m
  ↳ app/controllers/users_controller.rb:5
Completed 200 OK in 36ms (Views: 3.8ms | ActiveRecord: 31.0ms)


Started POST "/users?user[name]=Mashu%20Reborn&user[email]=mashu_phoenix@aa.io" for ::1 at 2019-04-08 14:43:31 -0700
Processing by UsersController#create as */*
  Parameters: {"user"=>{"name"=>"Mashu Reborn", "email"=>"mashu_phoenix@aa.io"}}
  [1m[35m (0.3ms)[0m  [1m[35mBEGIN[0m
  ↳ app/controllers/users_controller.rb:21
  [1m[36mUser Create (0.5ms)[0m  [1m[32mINSERT INTO "users" ("name", "email", "created_at", "updated_at") VALUES ($1, $2, $3, $4) RETURNING "id"[0m  [["name", "Mashu Reborn"], ["email", "mashu_phoenix@aa.io"], ["created_at", "2019-04-08 21:43:31.320860"], ["updated_at", "2019-04-08 21:43:31.320860"]]
  ↳ app/controllers/users_controller.rb:21
  [1m[35m (1.7ms)[0m  [1m[35mCOMMIT[0m
  ↳ app/controllers/users_controller.rb:21
Completed 200 OK in 42ms (Views: 0.5ms | ActiveRecord: 26.5ms)


Started GET "/users" for ::1 at 2019-04-08 14:43:48 -0700
Processing by UsersController#index as */*
  [1m[36mUser Load (0.6ms)[0m  [1m[34mSELECT "users".* FROM "users"[0m
  ↳ app/controllers/users_controller.rb:5
Completed 200 OK in 4ms (Views: 2.4ms | ActiveRecord: 0.6ms)


Started PATCH "/4?user[name]=Mashu%20BORN%20AGAIN" for ::1 at 2019-04-08 14:44:28 -0700
  
ActionController::RoutingError (No route matches [PATCH] "/4"):
  
actionpack (5.2.3) lib/action_dispatch/middleware/debug_exceptions.rb:65:in `call'
web-console (3.7.0) lib/web_console/middleware.rb:135:in `call_app'
web-console (3.7.0) lib/web_console/middleware.rb:30:in `block in call'
web-console (3.7.0) lib/web_console/middleware.rb:20:in `catch'
web-console (3.7.0) lib/web_console/middleware.rb:20:in `call'
actionpack (5.2.3) lib/action_dispatch/middleware/show_exceptions.rb:33:in `call'
railties (5.2.3) lib/rails/rack/logger.rb:38:in `call_app'
railties (5.2.3) lib/rails/rack/logger.rb:26:in `block in call'
activesupport (5.2.3) lib/active_support/tagged_logging.rb:71:in `block in tagged'
activesupport (5.2.3) lib/active_support/tagged_logging.rb:28:in `tagged'
activesupport (5.2.3) lib/active_support/tagged_logging.rb:71:in `tagged'
railties (5.2.3) lib/rails/rack/logger.rb:26:in `call'
sprockets-rails (3.2.1) lib/sprockets/rails/quiet_assets.rb:13:in `call'
actionpack (5.2.3) lib/action_dispatch/middleware/remote_ip.rb:81:in `call'
actionpack (5.2.3) lib/action_dispatch/middleware/request_id.rb:27:in `call'
rack (2.0.7) lib/rack/method_override.rb:22:in `call'
rack (2.0.7) lib/rack/runtime.rb:22:in `call'
activesupport (5.2.3) lib/active_support/cache/strategy/local_cache_middleware.rb:29:in `call'
actionpack (5.2.3) lib/action_dispatch/middleware/executor.rb:14:in `call'
actionpack (5.2.3) lib/action_dispatch/middleware/static.rb:127:in `call'
rack (2.0.7) lib/rack/sendfile.rb:111:in `call'
railties (5.2.3) lib/rails/engine.rb:524:in `call'
puma (3.12.1) lib/puma/configuration.rb:227:in `call'
puma (3.12.1) lib/puma/server.rb:660:in `handle_request'
puma (3.12.1) lib/puma/server.rb:474:in `process_client'
puma (3.12.1) lib/puma/server.rb:334:in `block in run'
puma (3.12.1) lib/puma/thread_pool.rb:135:in `block in spawn_thread'
Started PATCH "/4?user[name]=Mashu%20Born%20Again" for ::1 at 2019-04-08 14:45:07 -0700
  
ActionController::RoutingError (No route matches [PATCH] "/4"):
  
actionpack (5.2.3) lib/action_dispatch/middleware/debug_exceptions.rb:65:in `call'
web-console (3.7.0) lib/web_console/middleware.rb:135:in `call_app'
web-console (3.7.0) lib/web_console/middleware.rb:30:in `block in call'
web-console (3.7.0) lib/web_console/middleware.rb:20:in `catch'
web-console (3.7.0) lib/web_console/middleware.rb:20:in `call'
actionpack (5.2.3) lib/action_dispatch/middleware/show_exceptions.rb:33:in `call'
railties (5.2.3) lib/rails/rack/logger.rb:38:in `call_app'
railties (5.2.3) lib/rails/rack/logger.rb:26:in `block in call'
activesupport (5.2.3) lib/active_support/tagged_logging.rb:71:in `block in tagged'
activesupport (5.2.3) lib/active_support/tagged_logging.rb:28:in `tagged'
activesupport (5.2.3) lib/active_support/tagged_logging.rb:71:in `tagged'
railties (5.2.3) lib/rails/rack/logger.rb:26:in `call'
sprockets-rails (3.2.1) lib/sprockets/rails/quiet_assets.rb:13:in `call'
actionpack (5.2.3) lib/action_dispatch/middleware/remote_ip.rb:81:in `call'
actionpack (5.2.3) lib/action_dispatch/middleware/request_id.rb:27:in `call'
rack (2.0.7) lib/rack/method_override.rb:22:in `call'
rack (2.0.7) lib/rack/runtime.rb:22:in `call'
activesupport (5.2.3) lib/active_support/cache/strategy/local_cache_middleware.rb:29:in `call'
actionpack (5.2.3) lib/action_dispatch/middleware/executor.rb:14:in `call'
actionpack (5.2.3) lib/action_dispatch/middleware/static.rb:127:in `call'
rack (2.0.7) lib/rack/sendfile.rb:111:in `call'
railties (5.2.3) lib/rails/engine.rb:524:in `call'
puma (3.12.1) lib/puma/configuration.rb:227:in `call'
puma (3.12.1) lib/puma/server.rb:660:in `handle_request'
puma (3.12.1) lib/puma/server.rb:474:in `process_client'
puma (3.12.1) lib/puma/server.rb:334:in `block in run'
puma (3.12.1) lib/puma/thread_pool.rb:135:in `block in spawn_thread'
Started PATCH "/users/4?user[name]=Mashu%20Born%20Again" for ::1 at 2019-04-08 14:45:18 -0700
Processing by UsersController#update as */*
  Parameters: {"user"=>{"name"=>"Mashu Born Again"}, "id"=>"4"}
  [1m[36mUser Load (0.4ms)[0m  [1m[34mSELECT  "users".* FROM "users" WHERE "users"."id" = $1 LIMIT $2[0m  [["id", 4], ["LIMIT", 1]]
  ↳ app/controllers/users_controller.rb:29
  [1m[35m (39.0ms)[0m  [1m[35mBEGIN[0m
  ↳ app/controllers/users_controller.rb:30
  [1m[36mUser Update (0.7ms)[0m  [1m[33mUPDATE "users" SET "name" = $1, "updated_at" = $2 WHERE "users"."id" = $3[0m  [["name", "Mashu Born Again"], ["updated_at", "2019-04-08 21:45:18.162956"], ["id", 4]]
  ↳ app/controllers/users_controller.rb:30
  [1m[35m (5.2ms)[0m  [1m[35mCOMMIT[0m
  ↳ app/controllers/users_controller.rb:30
Completed 200 OK in 53ms (Views: 0.8ms | ActiveRecord: 45.3ms)


Started PATCH "/users/4?user[name]=Mashu%20BORN%20AGAIN" for ::1 at 2019-04-08 14:45:26 -0700
Processing by UsersController#update as */*
  Parameters: {"user"=>{"name"=>"Mashu BORN AGAIN"}, "id"=>"4"}
  [1m[36mUser Load (155.0ms)[0m  [1m[34mSELECT  "users".* FROM "users" WHERE "users"."id" = $1 LIMIT $2[0m  [["id", 4], ["LIMIT", 1]]
  ↳ app/controllers/users_controller.rb:29
  [1m[35m (0.4ms)[0m  [1m[35mBEGIN[0m
  ↳ app/controllers/users_controller.rb:30
  [1m[36mUser Update (126.6ms)[0m  [1m[33mUPDATE "users" SET "name" = $1, "updated_at" = $2 WHERE "users"."id" = $3[0m  [["name", "Mashu BORN AGAIN"], ["updated_at", "2019-04-08 21:45:26.980858"], ["id", 4]]
  ↳ app/controllers/users_controller.rb:30
  [1m[35m (0.9ms)[0m  [1m[35mCOMMIT[0m
  ↳ app/controllers/users_controller.rb:30
Completed 200 OK in 289ms (Views: 0.7ms | ActiveRecord: 282.8ms)


