Started GET "/" for ::1 at 2019-03-08 11:38:15 -0500
DEPRECATION WARNING: ActiveRecord::Base.raise_in_transactional_callbacks= is deprecated, has no effect and will be removed without replacement. (called from block (3 levels) in <class:Railtie> at /usr/local/var/rbenv/versions/2.5.1/lib/ruby/gems/2.5.0/gems/activerecord-5.0.7.1/lib/active_record/railtie.rb:113)

Gem::LoadError - can't activate sqlite3 (~> 1.3.6), already activated sqlite3-1.4.0. Make sure all dependencies are added to Gemfile.:

Started POST "/__better_errors/a0601fce2ed70306/variables" for ::1 at 2019-03-08 11:38:16 -0500
Started GET "/" for ::1 at 2019-03-08 11:38:45 -0500
DEPRECATION WARNING: ActiveRecord::Base.raise_in_transactional_callbacks= is deprecated, has no effect and will be removed without replacement. (called from block (3 levels) in <class:Railtie> at /usr/local/var/rbenv/versions/2.5.1/lib/ruby/gems/2.5.0/gems/activerecord-5.0.7.1/lib/active_record/railtie.rb:113)
Processing by StaticPagesController#index as HTML
  Rendering static_pages/index.html.erb within layouts/application
  Rendered shared/_sections_sidebar.html.erb (2.6ms)
  Rendered shared/_gear_dropdown.html.erb (0.3ms)
  Rendered shared/_main_nav.html.erb (16.6ms)
  Rendered shared/_masthead.html.erb (0.5ms)
  Rendered shared/_search_modal.html.erb (0.3ms)
  Rendered shared/_sections_nav.html.erb (4.8ms)
  Rendered shared/_search_modal.html.erb (0.1ms)
  Rendered shared/_main_content.html.erb (0.7ms)
  Rendered static_pages/index.html.erb within layouts/application (50.0ms)
Completed 200 OK in 962ms (Views: 956.4ms | ActiveRecord: 0.0ms)


Started GET "/assets/application.self-c3d760fa016f716b884523042835374c38aade19021618487cd536d113649675.css?body=1" for ::1 at 2019-03-08 11:38:46 -0500
Started GET "/assets/jquery.self-bd7ddd393353a8d2480a622e80342adf488fb6006d667e8b42e4c0073393abee.js?body=1" for ::1 at 2019-03-08 11:38:46 -0500
Started GET "/assets/jquery_ujs.self-784a997f6726036b1993eb2217c9cb558e1cbb801c6da88105588c56f13b466a.js?body=1" for ::1 at 2019-03-08 11:38:46 -0500
Started GET "/assets/AA_Times_Logo.png" for ::1 at 2019-03-08 11:38:46 -0500
Started GET "/assets/new_office.jpg" for ::1 at 2019-03-08 11:38:46 -0500
Started GET "/" for ::1 at 2019-05-23 13:08:53 -0700
DEPRECATION WARNING: ActiveRecord::Base.raise_in_transactional_callbacks= is deprecated, has no effect and will be removed without replacement. (called from block (3 levels) in <class:Railtie> at /Users/oliver_almalel/.rbenv/versions/2.5.1/lib/ruby/gems/2.5.0/gems/activerecord-5.0.7.1/lib/active_record/railtie.rb:113)
Processing by StaticPagesController#index as HTML
  Rendering static_pages/index.html.erb within layouts/application
  Rendered shared/_sections_sidebar.html.erb (0.4ms)
  Rendered shared/_gear_dropdown.html.erb (7.6ms)
  Rendered shared/_main_nav.html.erb (22.3ms)
  Rendered shared/_masthead.html.erb (0.5ms)
  Rendered shared/_search_modal.html.erb (0.5ms)
  Rendered shared/_sections_nav.html.erb (25.1ms)
  Rendered shared/_search_modal.html.erb (0.1ms)
  Rendered shared/_main_content.html.erb (0.8ms)
  Rendered static_pages/index.html.erb within layouts/application (116.6ms)
Completed 200 OK in 1803ms (Views: 1781.3ms | ActiveRecord: 0.0ms)


Started GET "/assets/application.self-25afc9a1ed496f6bac97e666554f8b82970f5e632fbcf9d517b5814c482e8ff9.css?body=1" for ::1 at 2019-05-23 13:08:56 -0700
Started GET "/assets/components/modal.self-52188644dbb47def5ee35ae02e69eb567ca9b664472357a8a5789dd39032a265.js?body=1" for ::1 at 2019-05-23 13:08:56 -0700
Started GET "/assets/components/dropdown.self-815016af6fab1d5b72abd319213bf62f0c42bab2c585d2e059543ae704a0d74c.js?body=1" for ::1 at 2019-05-23 13:08:56 -0700
Started GET "/assets/components/sidebar.self-2a1277f850a6fa21e1a974ef5152f177ac05516477d5081d593bb137b3d6808b.js?body=1" for ::1 at 2019-05-23 13:08:56 -0700
Started GET "/assets/application.self-f571b9db02bf4ed04c38a6a29072ac382f7d4f47db1fab9817aeadb0d8665235.js?body=1" for ::1 at 2019-05-23 13:08:56 -0700
Started GET "/assets/AA_Times_Logo.png" for ::1 at 2019-05-23 13:08:56 -0700
Started GET "/assets/new_office.jpg" for ::1 at 2019-05-23 13:08:56 -0700
