  [1m[35m (426.9ms)[0m  [1m[35mCREATE DATABASE "Humans_development" ENCODING = 'unicode'[0m
  ↳ /Users/oliver_almalel/.rbenv/versions/2.5.1/bin/rake:23
  [1m[35m (330.5ms)[0m  [1m[35mCREATE DATABASE "Humans_test" ENCODING = 'unicode'[0m
  ↳ /Users/oliver_almalel/.rbenv/versions/2.5.1/bin/rake:23
  [1m[35m (26.2ms)[0m  [1m[35mCREATE TABLE "schema_migrations" ("version" character varying NOT NULL PRIMARY KEY)[0m
  ↳ /Users/oliver_almalel/.rbenv/versions/2.5.1/bin/rake:23
  [1m[35m (6.1ms)[0m  [1m[35mCREATE TABLE "ar_internal_metadata" ("key" character varying NOT NULL PRIMARY KEY, "value" character varying, "created_at" timestamp NOT NULL, "updated_at" timestamp NOT NULL)[0m
  ↳ /Users/oliver_almalel/.rbenv/versions/2.5.1/bin/rake:23
  [1m[35m (0.5ms)[0m  [1m[34mSELECT pg_try_advisory_lock(1820270066278129095)[0m
  ↳ /Users/oliver_almalel/.rbenv/versions/2.5.1/bin/rake:23
  [1m[35m (1.5ms)[0m  [1m[34mSELECT "schema_migrations"."version" FROM "schema_migrations" ORDER BY "schema_migrations"."version" ASC[0m
  ↳ /Users/oliver_almalel/.rbenv/versions/2.5.1/bin/rake:23
Migrating to CreatePeople (20190402042804)
  [1m[35m (0.2ms)[0m  [1m[35mBEGIN[0m
  ↳ /Users/oliver_almalel/.rbenv/versions/2.5.1/bin/rake:23
  [1m[35m (10.1ms)[0m  [1m[35mCREATE TABLE "people" ("id" bigserial primary key, "name" character varying NOT NULL, "house_id" integer)[0m
  ↳ db/migrate/20190402042804_create_people.rb:3
  [1m[36mActiveRecord::SchemaMigration Create (0.7ms)[0m  [1m[32mINSERT INTO "schema_migrations" ("version") VALUES ($1) RETURNING "version"[0m  [["version", "20190402042804"]]
  ↳ /Users/oliver_almalel/.rbenv/versions/2.5.1/bin/rake:23
  [1m[35m (0.4ms)[0m  [1m[35mCOMMIT[0m
  ↳ /Users/oliver_almalel/.rbenv/versions/2.5.1/bin/rake:23
  [1m[36mActiveRecord::InternalMetadata Load (0.5ms)[0m  [1m[34mSELECT  "ar_internal_metadata".* FROM "ar_internal_metadata" WHERE "ar_internal_metadata"."key" = $1 LIMIT $2[0m  [["key", "environment"], ["LIMIT", 1]]
  ↳ /Users/oliver_almalel/.rbenv/versions/2.5.1/bin/rake:23
  [1m[35m (0.3ms)[0m  [1m[35mBEGIN[0m
  ↳ /Users/oliver_almalel/.rbenv/versions/2.5.1/bin/rake:23
  [1m[36mActiveRecord::InternalMetadata Create (1.2ms)[0m  [1m[32mINSERT INTO "ar_internal_metadata" ("key", "value", "created_at", "updated_at") VALUES ($1, $2, $3, $4) RETURNING "key"[0m  [["key", "environment"], ["value", "development"], ["created_at", "2019-04-02 04:29:53.305636"], ["updated_at", "2019-04-02 04:29:53.305636"]]
  ↳ /Users/oliver_almalel/.rbenv/versions/2.5.1/bin/rake:23
  [1m[35m (0.5ms)[0m  [1m[35mCOMMIT[0m
  ↳ /Users/oliver_almalel/.rbenv/versions/2.5.1/bin/rake:23
  [1m[35m (0.5ms)[0m  [1m[34mSELECT pg_advisory_unlock(1820270066278129095)[0m
  ↳ /Users/oliver_almalel/.rbenv/versions/2.5.1/bin/rake:23
  [1m[35m (0.5ms)[0m  [1m[34mSELECT "schema_migrations"."version" FROM "schema_migrations" ORDER BY "schema_migrations"."version" ASC[0m
  ↳ /Users/oliver_almalel/.rbenv/versions/2.5.1/bin/rake:23
  [1m[35m (0.3ms)[0m  [1m[34mSELECT pg_try_advisory_lock(1820270066278129095)[0m
  ↳ /Users/oliver_almalel/.rbenv/versions/2.5.1/bin/rake:23
  [1m[35m (1.3ms)[0m  [1m[34mSELECT "schema_migrations"."version" FROM "schema_migrations" ORDER BY "schema_migrations"."version" ASC[0m
  ↳ /Users/oliver_almalel/.rbenv/versions/2.5.1/bin/rake:23
Migrating to Create (20190402043623)
  [1m[35m (0.3ms)[0m  [1m[35mBEGIN[0m
  ↳ /Users/oliver_almalel/.rbenv/versions/2.5.1/bin/rake:23
  [1m[35m (11.9ms)[0m  [1m[35mCREATE TABLE "house" ("id" bigserial primary key, "address" character varying NOT NULL)[0m
  ↳ db/migrate/20190402043623_create.rb:3
  [1m[36mActiveRecord::SchemaMigration Create (0.6ms)[0m  [1m[32mINSERT INTO "schema_migrations" ("version") VALUES ($1) RETURNING "version"[0m  [["version", "20190402043623"]]
  ↳ /Users/oliver_almalel/.rbenv/versions/2.5.1/bin/rake:23
  [1m[35m (0.7ms)[0m  [1m[35mCOMMIT[0m
  ↳ /Users/oliver_almalel/.rbenv/versions/2.5.1/bin/rake:23
  [1m[36mActiveRecord::InternalMetadata Load (0.6ms)[0m  [1m[34mSELECT  "ar_internal_metadata".* FROM "ar_internal_metadata" WHERE "ar_internal_metadata"."key" = $1 LIMIT $2[0m  [["key", "environment"], ["LIMIT", 1]]
  ↳ /Users/oliver_almalel/.rbenv/versions/2.5.1/bin/rake:23
  [1m[35m (0.2ms)[0m  [1m[35mBEGIN[0m
  ↳ /Users/oliver_almalel/.rbenv/versions/2.5.1/bin/rake:23
  [1m[35m (0.1ms)[0m  [1m[35mCOMMIT[0m
  ↳ /Users/oliver_almalel/.rbenv/versions/2.5.1/bin/rake:23
  [1m[35m (0.3ms)[0m  [1m[34mSELECT pg_advisory_unlock(1820270066278129095)[0m
  ↳ /Users/oliver_almalel/.rbenv/versions/2.5.1/bin/rake:23
  [1m[35m (0.4ms)[0m  [1m[34mSELECT "schema_migrations"."version" FROM "schema_migrations" ORDER BY "schema_migrations"."version" ASC[0m
  ↳ /Users/oliver_almalel/.rbenv/versions/2.5.1/bin/rake:23
  [1m[35m (0.3ms)[0m  [1m[34mSELECT pg_try_advisory_lock(1820270066278129095)[0m
  ↳ /Users/oliver_almalel/.rbenv/versions/2.5.1/bin/rake:23
  [1m[35m (1.9ms)[0m  [1m[34mSELECT "schema_migrations"."version" FROM "schema_migrations" ORDER BY "schema_migrations"."version" ASC[0m
  ↳ /Users/oliver_almalel/.rbenv/versions/2.5.1/bin/rake:23
Migrating to RenameHouseTable (20190402044409)
  [1m[35m (0.2ms)[0m  [1m[35mBEGIN[0m
  ↳ /Users/oliver_almalel/.rbenv/versions/2.5.1/bin/rake:23
  [1m[35m (1.8ms)[0m  [1m[35mALTER TABLE "house" RENAME TO "houses"[0m
  ↳ db/migrate/20190402044409_rename_house_table.rb:3
  [1m[35m (0.6ms)[0m  [1m[35mALTER INDEX "house_pkey" RENAME TO "houses_pkey"[0m
  ↳ db/migrate/20190402044409_rename_house_table.rb:3
  [1m[35m (0.3ms)[0m  [1m[35mALTER TABLE "public"."house_id_seq" RENAME TO "houses_id_seq"[0m
  ↳ db/migrate/20190402044409_rename_house_table.rb:3
  [1m[36mActiveRecord::SchemaMigration Create (0.6ms)[0m  [1m[32mINSERT INTO "schema_migrations" ("version") VALUES ($1) RETURNING "version"[0m  [["version", "20190402044409"]]
  ↳ /Users/oliver_almalel/.rbenv/versions/2.5.1/bin/rake:23
  [1m[35m (0.7ms)[0m  [1m[35mCOMMIT[0m
  ↳ /Users/oliver_almalel/.rbenv/versions/2.5.1/bin/rake:23
  [1m[36mActiveRecord::InternalMetadata Load (0.7ms)[0m  [1m[34mSELECT  "ar_internal_metadata".* FROM "ar_internal_metadata" WHERE "ar_internal_metadata"."key" = $1 LIMIT $2[0m  [["key", "environment"], ["LIMIT", 1]]
  ↳ /Users/oliver_almalel/.rbenv/versions/2.5.1/bin/rake:23
  [1m[35m (0.3ms)[0m  [1m[35mBEGIN[0m
  ↳ /Users/oliver_almalel/.rbenv/versions/2.5.1/bin/rake:23
  [1m[35m (0.2ms)[0m  [1m[35mCOMMIT[0m
  ↳ /Users/oliver_almalel/.rbenv/versions/2.5.1/bin/rake:23
  [1m[35m (0.3ms)[0m  [1m[34mSELECT pg_advisory_unlock(1820270066278129095)[0m
  ↳ /Users/oliver_almalel/.rbenv/versions/2.5.1/bin/rake:23
  [1m[35m (0.4ms)[0m  [1m[34mSELECT "schema_migrations"."version" FROM "schema_migrations" ORDER BY "schema_migrations"."version" ASC[0m
  ↳ /Users/oliver_almalel/.rbenv/versions/2.5.1/bin/rake:23
  [1m[36mHouse Load (1.2ms)[0m  [1m[34mSELECT  "houses".* FROM "houses" WHERE "houses"."id" = $1 LIMIT $2[0m  [["id", 1], ["LIMIT", 1]]
  [1m[36mHouse Exists (0.6ms)[0m  [1m[34mSELECT  1 AS one FROM "houses" WHERE "houses"."address" IS NULL LIMIT $1[0m  [["LIMIT", 1]]
  [1m[36mHouse Exists (1.1ms)[0m  [1m[34mSELECT  1 AS one FROM "houses" WHERE "houses"."address" = $1 LIMIT $2[0m  [["address", "18401 Lemarsh St."], ["LIMIT", 1]]
  [1m[36mHouse Exists (0.7ms)[0m  [1m[34mSELECT  1 AS one FROM "houses" WHERE "houses"."address" = $1 LIMIT $2[0m  [["address", "18401 Lemarsh St."], ["LIMIT", 1]]
  [1m[36mHouse Load (1.0ms)[0m  [1m[34mSELECT "houses".* FROM "houses"[0m
  [1m[35m (0.3ms)[0m  [1m[35mBEGIN[0m
  [1m[36mHouse Exists (0.5ms)[0m  [1m[34mSELECT  1 AS one FROM "houses" WHERE "houses"."address" = $1 LIMIT $2[0m  [["address", "18401 Lemarsh St."], ["LIMIT", 1]]
  [1m[36mHouse Create (1.8ms)[0m  [1m[32mINSERT INTO "houses" ("id", "address") VALUES ($1, $2) RETURNING "id"[0m  [["id", 1], ["address", "18401 Lemarsh St."]]
  [1m[35m (0.7ms)[0m  [1m[35mCOMMIT[0m
  [1m[36mHouse Load (0.6ms)[0m  [1m[34mSELECT "houses".* FROM "houses"[0m
  [1m[35m (0.4ms)[0m  [1m[35mBEGIN[0m
  [1m[35m (0.2ms)[0m  [1m[31mROLLBACK[0m
  [1m[36mHouse Load (0.6ms)[0m  [1m[34mSELECT  "houses".* FROM "houses" WHERE "houses"."id" = $1 LIMIT $2[0m  [["id", 1], ["LIMIT", 1]]
  [1m[35m (0.2ms)[0m  [1m[35mBEGIN[0m
  [1m[36mPerson Create (1.7ms)[0m  [1m[32mINSERT INTO "people" ("name", "house_id") VALUES ($1, $2) RETURNING "id"[0m  [["name", "Oliver Almalel"], ["house_id", 1]]
  [1m[35m (0.6ms)[0m  [1m[35mCOMMIT[0m
  [1m[36mPerson Load (0.7ms)[0m  [1m[34mSELECT "people".* FROM "people"[0m
  [1m[36mHouse Load (0.5ms)[0m  [1m[34mSELECT  "houses".* FROM "houses" ORDER BY "houses"."id" ASC LIMIT $1[0m  [["LIMIT", 1]]
  [1m[36mHouse Load (0.4ms)[0m  [1m[34mSELECT  "houses".* FROM "houses" ORDER BY "houses"."id" ASC LIMIT $1[0m  [["LIMIT", 1]]
  [1m[36mPerson Load (0.4ms)[0m  [1m[34mSELECT  "people".* FROM "people" ORDER BY "people"."id" ASC LIMIT $1[0m  [["LIMIT", 1]]
  [1m[36mHouse Load (0.7ms)[0m  [1m[34mSELECT  "houses".* FROM "houses" WHERE "houses"."id" = $1 LIMIT $2[0m  [["id", 1], ["LIMIT", 1]]
  [1m[36mPerson Load (0.3ms)[0m  [1m[34mSELECT "people".* FROM "people" WHERE "people"."house_id" = $1[0m  [["house_id", 1]]
  [1m[35m (0.3ms)[0m  [1m[35mBEGIN[0m
  [1m[36mHouse Load (0.4ms)[0m  [1m[34mSELECT  "houses".* FROM "houses" WHERE "houses"."id" = $1 LIMIT $2[0m  [["id", 1], ["LIMIT", 1]]
  [1m[36mPerson Create (0.5ms)[0m  [1m[32mINSERT INTO "people" ("name", "house_id") VALUES ($1, $2) RETURNING "id"[0m  [["name", "Kathleen Almalel"], ["house_id", 1]]
  [1m[35m (0.5ms)[0m  [1m[35mCOMMIT[0m
  [1m[36mHouse Load (0.6ms)[0m  [1m[34mSELECT  "houses".* FROM "houses" ORDER BY "houses"."id" DESC LIMIT $1[0m  [["LIMIT", 1]]
  [1m[36mPerson Load (0.5ms)[0m  [1m[34mSELECT "people".* FROM "people" WHERE "people"."house_id" = $1[0m  [["house_id", 1]]
