c:\users\alec\documents\github\physicsproject\physicsgame\debug\vc120.pdb
c:\users\alec\documents\github\physicsproject\physicsgame\debug\vc120.idb
c:\users\alec\documents\github\physicsproject\physicsgame\debug\ball.obj
c:\users\alec\documents\github\physicsproject\physicsgame\debug\game.obj
c:\users\alec\documents\github\physicsproject\physicsgame\debug\level.obj
c:\users\alec\documents\github\physicsproject\physicsgame\debug\main.obj
c:\users\alec\documents\github\physicsproject\physicsgame\debug\body.obj
c:\users\alec\documents\github\physicsproject\physicsgame\debug\collide_coarse.obj
c:\users\alec\documents\github\physicsproject\physicsgame\debug\collide_fine.obj
c:\users\alec\documents\github\physicsproject\physicsgame\debug\contacts.obj
c:\users\alec\documents\github\physicsproject\physicsgame\debug\core.obj
c:\users\alec\documents\github\physicsproject\physicsgame\debug\fgen.obj
c:\users\alec\documents\github\physicsproject\physicsgame\debug\joints.obj
c:\users\alec\documents\github\physicsproject\physicsgame\debug\particle.obj
c:\users\alec\documents\github\physicsproject\physicsgame\debug\pcontacts.obj
c:\users\alec\documents\github\physicsproject\physicsgame\debug\pfgen.obj
c:\users\alec\documents\github\physicsproject\physicsgame\debug\plinks.obj
c:\users\alec\documents\github\physicsproject\physicsgame\debug\pworld.obj
c:\users\alec\documents\github\physicsproject\physicsgame\debug\random.obj
c:\users\alec\documents\github\physicsproject\physicsgame\debug\world.obj
c:\users\bholmes\documents\visual studio 2013\projects\physicsproject\physicsgame\debug\vc120.pdb
c:\users\bholmes\documents\visual studio 2013\projects\physicsproject\physicsgame\debug\vc120.idb
c:\users\bholmes\documents\visual studio 2013\projects\physicsproject\physicsgame\debug\ball.obj
c:\users\bholmes\documents\visual studio 2013\projects\physicsproject\physicsgame\debug\game.obj
c:\users\bholmes\documents\visual studio 2013\projects\physicsproject\physicsgame\debug\level.obj
c:\users\bholmes\documents\visual studio 2013\projects\physicsproject\physicsgame\debug\main.obj
c:\users\bholmes\documents\visual studio 2013\projects\physicsproject\physicsgame\debug\body.obj
c:\users\bholmes\documents\visual studio 2013\projects\physicsproject\physicsgame\debug\collide_coarse.obj
c:\users\bholmes\documents\visual studio 2013\projects\physicsproject\physicsgame\debug\collide_fine.obj
c:\users\bholmes\documents\visual studio 2013\projects\physicsproject\physicsgame\debug\contacts.obj
c:\users\bholmes\documents\visual studio 2013\projects\physicsproject\physicsgame\debug\core.obj
c:\users\bholmes\documents\visual studio 2013\projects\physicsproject\physicsgame\debug\fgen.obj
c:\users\bholmes\documents\visual studio 2013\projects\physicsproject\physicsgame\debug\joints.obj
c:\users\bholmes\documents\visual studio 2013\projects\physicsproject\physicsgame\debug\particle.obj
c:\users\bholmes\documents\visual studio 2013\projects\physicsproject\physicsgame\debug\pcontacts.obj
c:\users\bholmes\documents\visual studio 2013\projects\physicsproject\physicsgame\debug\pfgen.obj
c:\users\bholmes\documents\visual studio 2013\projects\physicsproject\physicsgame\debug\plinks.obj
c:\users\bholmes\documents\visual studio 2013\projects\physicsproject\physicsgame\debug\pworld.obj
c:\users\bholmes\documents\visual studio 2013\projects\physicsproject\physicsgame\debug\random.obj
c:\users\bholmes\documents\visual studio 2013\projects\physicsproject\physicsgame\debug\world.obj
c:\users\alec\documents\github\physicsproject\debug\physicsgame.ilk
c:\users\alec\documents\github\physicsproject\debug\physicsgame.exe
c:\users\alec\documents\github\physicsproject\debug\physicsgame.pdb
c:\users\bholmes\documents\visual studio 2013\projects\physicsproject\debug\physicsgame.ilk
c:\users\bholmes\documents\visual studio 2013\projects\physicsproject\debug\physicsgame.exe
c:\users\bholmes\documents\visual studio 2013\projects\physicsproject\debug\physicsgame.pdb
c:\users\bholmes\documents\visual studio 2013\projects\physicsproject\physicsgame\debug\physicsgame.tlog\cl.read.1.tlog.uptodatecheck.tmp
c:\users\bholmes\documents\visual studio 2013\projects\physicsproject\physicsgame\debug\physicsgame.tlog\cl.command.1.tlog
c:\users\bholmes\documents\visual studio 2013\projects\physicsproject\physicsgame\debug\physicsgame.tlog\cl.read.1.tlog
c:\users\bholmes\documents\visual studio 2013\projects\physicsproject\physicsgame\debug\physicsgame.tlog\cl.write.1.tlog
c:\users\bholmes\documents\visual studio 2013\projects\physicsproject\physicsgame\debug\physicsgame.tlog\link.command.1.tlog
c:\users\bholmes\documents\visual studio 2013\projects\physicsproject\physicsgame\debug\physicsgame.tlog\link.read.1.tlog
c:\users\bholmes\documents\visual studio 2013\projects\physicsproject\physicsgame\debug\physicsgame.tlog\link.write.1.tlog
