  [1m[35m (6.1ms)[0m  [1m[35mCREATE TABLE "schema_migrations" ("version" character varying NOT NULL PRIMARY KEY)[0m
  [1m[35m (2.4ms)[0m  [1m[35mCREATE TABLE "ar_internal_metadata" ("key" character varying NOT NULL PRIMARY KEY, "value" character varying, "created_at" timestamp NOT NULL, "updated_at" timestamp NOT NULL)[0m
  [1m[35m (0.2ms)[0m  [1m[34mSELECT pg_try_advisory_lock(4795219387431405660);[0m
  [1m[35m (0.4ms)[0m  [1m[34mSELECT "schema_migrations"."version" FROM "schema_migrations" ORDER BY "schema_migrations"."version" ASC[0m
Migrating to CreateCats (20170714053359)
  [1m[35m (0.1ms)[0m  [1m[35mBEGIN[0m
  [1m[35m (3.1ms)[0m  [1m[35mCREATE TABLE "cats" ("id" bigserial primary key, "name" character varying NOT NULL, "created_at" timestamp NOT NULL, "updated_at" timestamp NOT NULL)[0m
  [1m[35mSQL (0.6ms)[0m  [1m[32mINSERT INTO "schema_migrations" ("version") VALUES ($1) RETURNING "version"[0m  [["version", "20170714053359"]]
  [1m[35m (0.3ms)[0m  [1m[35mCOMMIT[0m
Migrating to CreateCorgis (20170714053409)
  [1m[35m (0.2ms)[0m  [1m[35mBEGIN[0m
  [1m[35m (2.6ms)[0m  [1m[35mCREATE TABLE "corgis" ("id" bigserial primary key, "name" character varying NOT NULL, "created_at" timestamp NOT NULL, "updated_at" timestamp NOT NULL)[0m
  [1m[35mSQL (0.2ms)[0m  [1m[32mINSERT INTO "schema_migrations" ("version") VALUES ($1) RETURNING "version"[0m  [["version", "20170714053409"]]
  [1m[35m (0.3ms)[0m  [1m[35mCOMMIT[0m
Migrating to CreateToys (20170714053516)
  [1m[35m (0.2ms)[0m  [1m[35mBEGIN[0m
  [1m[35m (3.3ms)[0m  [1m[35mCREATE TABLE "toys" ("id" bigserial primary key, "name" character varying NOT NULL, "toyable_type" character varying, "toyable_id" bigint, "created_at" timestamp NOT NULL, "updated_at" timestamp NOT NULL)[0m
  [1m[35m (0.8ms)[0m  [1m[35mCREATE  INDEX  "index_toys_on_toyable_type_and_toyable_id" ON "toys"  ("toyable_type", "toyable_id")[0m
  [1m[35m (1.1ms)[0m  [1m[35mCREATE UNIQUE INDEX  "index_toys_on_name_and_toyable_id_and_toyable_type" ON "toys"  ("name", "toyable_id", "toyable_type")[0m
  [1m[35mSQL (0.4ms)[0m  [1m[32mINSERT INTO "schema_migrations" ("version") VALUES ($1) RETURNING "version"[0m  [["version", "20170714053516"]]
  [1m[35m (0.4ms)[0m  [1m[35mCOMMIT[0m
  [1m[36mActiveRecord::InternalMetadata Load (0.3ms)[0m  [1m[34mSELECT  "ar_internal_metadata".* FROM "ar_internal_metadata" WHERE "ar_internal_metadata"."key" = $1 LIMIT $2[0m  [["key", "environment"], ["LIMIT", 1]]
  [1m[35m (0.1ms)[0m  [1m[35mBEGIN[0m
  [1m[35mSQL (0.4ms)[0m  [1m[32mINSERT INTO "ar_internal_metadata" ("key", "value", "created_at", "updated_at") VALUES ($1, $2, $3, $4) RETURNING "key"[0m  [["key", "environment"], ["value", "development"], ["created_at", "2017-07-14 05:37:55.155751"], ["updated_at", "2017-07-14 05:37:55.155751"]]
  [1m[35m (0.2ms)[0m  [1m[35mCOMMIT[0m
  [1m[35m (0.2ms)[0m  [1m[34mSELECT pg_advisory_unlock(4795219387431405660)[0m
  [1m[35m (0.2ms)[0m  [1m[34mSELECT "schema_migrations"."version" FROM "schema_migrations" ORDER BY "schema_migrations"."version" ASC[0m
  [1m[35m (0.5ms)[0m  [1m[34mSELECT "schema_migrations"."version" FROM "schema_migrations" ORDER BY "schema_migrations"."version" ASC[0m
  [1m[35m (0.3ms)[0m  [1m[34mSELECT "ar_internal_metadata"."value" FROM "ar_internal_metadata" WHERE "ar_internal_metadata"."key" = $1[0m  [["key", "environment"]]
  [1m[35m (0.2ms)[0m  [1m[34mSELECT "schema_migrations"."version" FROM "schema_migrations" ORDER BY "schema_migrations"."version" ASC[0m
  [1m[35m (0.1ms)[0m  [1m[34mSELECT "ar_internal_metadata"."value" FROM "ar_internal_metadata" WHERE "ar_internal_metadata"."key" = $1[0m  [["key", "environment"]]
  [1m[35m (0.2ms)[0m  [1m[34mSELECT "schema_migrations"."version" FROM "schema_migrations" ORDER BY "schema_migrations"."version" ASC[0m
  [1m[35m (0.1ms)[0m  [1m[34mSELECT "ar_internal_metadata"."value" FROM "ar_internal_metadata" WHERE "ar_internal_metadata"."key" = $1[0m  [["key", "environment"]]
  [1m[35m (119.1ms)[0m  [1m[35mDROP DATABASE IF EXISTS "polymorphism_and_concerns_development"[0m
  [1m[35m (116.4ms)[0m  [1m[35mDROP DATABASE IF EXISTS "polymorphism_and_concerns_test"[0m
  [1m[35m (4.8ms)[0m  [1m[35mCREATE TABLE "schema_migrations" ("version" character varying NOT NULL PRIMARY KEY)[0m
  [1m[35m (2.8ms)[0m  [1m[35mCREATE TABLE "ar_internal_metadata" ("key" character varying NOT NULL PRIMARY KEY, "value" character varying, "created_at" timestamp NOT NULL, "updated_at" timestamp NOT NULL)[0m
  [1m[35m (0.2ms)[0m  [1m[34mSELECT pg_try_advisory_lock(4795219387431405660);[0m
  [1m[35m (0.4ms)[0m  [1m[34mSELECT "schema_migrations"."version" FROM "schema_migrations" ORDER BY "schema_migrations"."version" ASC[0m
Migrating to CreateCats (20170714053359)
  [1m[35m (0.2ms)[0m  [1m[35mBEGIN[0m
  [1m[35m (3.0ms)[0m  [1m[35mCREATE TABLE "cats" ("id" bigserial primary key, "name" character varying NOT NULL, "created_at" timestamp NOT NULL, "updated_at" timestamp NOT NULL)[0m
  [1m[35mSQL (0.4ms)[0m  [1m[32mINSERT INTO "schema_migrations" ("version") VALUES ($1) RETURNING "version"[0m  [["version", "20170714053359"]]
  [1m[35m (0.3ms)[0m  [1m[35mCOMMIT[0m
Migrating to CreateCorgis (20170714053409)
  [1m[35m (0.2ms)[0m  [1m[35mBEGIN[0m
  [1m[35m (2.5ms)[0m  [1m[35mCREATE TABLE "corgis" ("id" bigserial primary key, "name" character varying NOT NULL, "created_at" timestamp NOT NULL, "updated_at" timestamp NOT NULL)[0m
  [1m[35mSQL (0.3ms)[0m  [1m[32mINSERT INTO "schema_migrations" ("version") VALUES ($1) RETURNING "version"[0m  [["version", "20170714053409"]]
  [1m[35m (0.3ms)[0m  [1m[35mCOMMIT[0m
  [1m[36mActiveRecord::InternalMetadata Load (0.2ms)[0m  [1m[34mSELECT  "ar_internal_metadata".* FROM "ar_internal_metadata" WHERE "ar_internal_metadata"."key" = $1 LIMIT $2[0m  [["key", "environment"], ["LIMIT", 1]]
  [1m[35m (0.1ms)[0m  [1m[35mBEGIN[0m
  [1m[35mSQL (0.4ms)[0m  [1m[32mINSERT INTO "ar_internal_metadata" ("key", "value", "created_at", "updated_at") VALUES ($1, $2, $3, $4) RETURNING "key"[0m  [["key", "environment"], ["value", "development"], ["created_at", "2017-07-14 05:44:38.587678"], ["updated_at", "2017-07-14 05:44:38.587678"]]
  [1m[35m (0.3ms)[0m  [1m[35mCOMMIT[0m
  [1m[35m (0.2ms)[0m  [1m[34mSELECT pg_advisory_unlock(4795219387431405660)[0m
  [1m[35m (0.3ms)[0m  [1m[34mSELECT "schema_migrations"."version" FROM "schema_migrations" ORDER BY "schema_migrations"."version" ASC[0m
  [1m[35m (0.6ms)[0m  [1m[34mSELECT "schema_migrations"."version" FROM "schema_migrations" ORDER BY "schema_migrations"."version" ASC[0m
  [1m[35m (0.6ms)[0m  [1m[34mSELECT "schema_migrations"."version" FROM "schema_migrations" ORDER BY "schema_migrations"."version" ASC[0m
  [1m[35m (0.3ms)[0m  [1m[34mSELECT "ar_internal_metadata"."value" FROM "ar_internal_metadata" WHERE "ar_internal_metadata"."key" = $1[0m  [["key", "environment"]]
  [1m[35m (0.2ms)[0m  [1m[34mSELECT "schema_migrations"."version" FROM "schema_migrations" ORDER BY "schema_migrations"."version" ASC[0m
  [1m[35m (0.1ms)[0m  [1m[34mSELECT "ar_internal_metadata"."value" FROM "ar_internal_metadata" WHERE "ar_internal_metadata"."key" = $1[0m  [["key", "environment"]]
  [1m[35m (0.2ms)[0m  [1m[34mSELECT "schema_migrations"."version" FROM "schema_migrations" ORDER BY "schema_migrations"."version" ASC[0m
  [1m[35m (0.1ms)[0m  [1m[34mSELECT "ar_internal_metadata"."value" FROM "ar_internal_metadata" WHERE "ar_internal_metadata"."key" = $1[0m  [["key", "environment"]]
  [1m[35m (115.5ms)[0m  [1m[35mDROP DATABASE IF EXISTS "polymorphism_and_concerns_test"[0m
  [1m[35m (229.0ms)[0m  [1m[35mCREATE DATABASE "polymorphism_and_concerns_test" ENCODING = 'unicode'[0m
  [1m[35mSQL (0.3ms)[0m  [1m[35mCREATE EXTENSION IF NOT EXISTS "plpgsql"[0m
  [1m[35m (0.2ms)[0m  [1m[35mDROP TABLE IF EXISTS "cats" CASCADE[0m
  [1m[35m (5.7ms)[0m  [1m[35mCREATE TABLE "cats" ("id" bigserial primary key, "name" character varying NOT NULL, "created_at" timestamp NOT NULL, "updated_at" timestamp NOT NULL)[0m
  [1m[35m (0.2ms)[0m  [1m[35mDROP TABLE IF EXISTS "corgis" CASCADE[0m
  [1m[35m (2.7ms)[0m  [1m[35mCREATE TABLE "corgis" ("id" bigserial primary key, "name" character varying NOT NULL, "created_at" timestamp NOT NULL, "updated_at" timestamp NOT NULL)[0m
  [1m[35m (2.1ms)[0m  [1m[35mCREATE TABLE "schema_migrations" ("version" character varying NOT NULL PRIMARY KEY)[0m
  [1m[35m (0.5ms)[0m  [1m[34mSELECT "schema_migrations"."version" FROM "schema_migrations" ORDER BY "schema_migrations"."version" ASC[0m
  [1m[35m (0.4ms)[0m  [1m[32mINSERT INTO "schema_migrations" (version) VALUES (20170714053409)[0m
  [1m[35m (0.3ms)[0m  [1m[32mINSERT INTO "schema_migrations" (version) VALUES
(20170714053359);

[0m
  [1m[35m (2.0ms)[0m  [1m[35mCREATE TABLE "ar_internal_metadata" ("key" character varying NOT NULL PRIMARY KEY, "value" character varying, "created_at" timestamp NOT NULL, "updated_at" timestamp NOT NULL)[0m
  [1m[36mActiveRecord::InternalMetadata Load (0.3ms)[0m  [1m[34mSELECT  "ar_internal_metadata".* FROM "ar_internal_metadata" WHERE "ar_internal_metadata"."key" = $1 LIMIT $2[0m  [["key", "environment"], ["LIMIT", 1]]
  [1m[35m (0.1ms)[0m  [1m[35mBEGIN[0m
  [1m[35mSQL (0.4ms)[0m  [1m[32mINSERT INTO "ar_internal_metadata" ("key", "value", "created_at", "updated_at") VALUES ($1, $2, $3, $4) RETURNING "key"[0m  [["key", "environment"], ["value", "development"], ["created_at", "2017-07-14 05:44:42.231409"], ["updated_at", "2017-07-14 05:44:42.231409"]]
  [1m[35m (0.2ms)[0m  [1m[35mCOMMIT[0m
  [1m[36mActiveRecord::InternalMetadata Load (0.3ms)[0m  [1m[34mSELECT  "ar_internal_metadata".* FROM "ar_internal_metadata" WHERE "ar_internal_metadata"."key" = $1 LIMIT $2[0m  [["key", "environment"], ["LIMIT", 1]]
  [1m[35m (0.1ms)[0m  [1m[35mBEGIN[0m
  [1m[35m (0.1ms)[0m  [1m[35mCOMMIT[0m
  [1m[35m (0.6ms)[0m  [1m[34mSELECT "schema_migrations"."version" FROM "schema_migrations" ORDER BY "schema_migrations"."version" ASC[0m
  [1m[35m (0.1ms)[0m  [1m[35mBEGIN[0m
  [1m[35mSQL (0.7ms)[0m  [1m[32mINSERT INTO "corgis" ("name", "created_at", "updated_at") VALUES ($1, $2, $3) RETURNING "id"[0m  [["name", "Annamae"], ["created_at", "2017-07-14 05:47:29.189179"], ["updated_at", "2017-07-14 05:47:29.189179"]]
  [1m[35m (1.7ms)[0m  [1m[35mCOMMIT[0m
  [1m[35m (0.1ms)[0m  [1m[35mBEGIN[0m
  [1m[35mSQL (0.5ms)[0m  [1m[32mINSERT INTO "cats" ("name", "created_at", "updated_at") VALUES ($1, $2, $3) RETURNING "id"[0m  [["name", "Athena"], ["created_at", "2017-07-14 05:47:29.200002"], ["updated_at", "2017-07-14 05:47:29.200002"]]
  [1m[35m (0.2ms)[0m  [1m[35mCOMMIT[0m
  [1m[35m (0.1ms)[0m  [1m[35mBEGIN[0m
  [1m[35mSQL (0.2ms)[0m  [1m[32mINSERT INTO "corgis" ("name", "created_at", "updated_at") VALUES ($1, $2, $3) RETURNING "id"[0m  [["name", "Zane"], ["created_at", "2017-07-14 05:47:29.201805"], ["updated_at", "2017-07-14 05:47:29.201805"]]
  [1m[35m (0.3ms)[0m  [1m[35mCOMMIT[0m
  [1m[35m (0.1ms)[0m  [1m[35mBEGIN[0m
  [1m[35mSQL (0.2ms)[0m  [1m[32mINSERT INTO "cats" ("name", "created_at", "updated_at") VALUES ($1, $2, $3) RETURNING "id"[0m  [["name", "Bill"], ["created_at", "2017-07-14 05:47:29.203039"], ["updated_at", "2017-07-14 05:47:29.203039"]]
  [1m[35m (0.2ms)[0m  [1m[35mCOMMIT[0m
  [1m[35m (0.1ms)[0m  [1m[35mBEGIN[0m
  [1m[35mSQL (0.2ms)[0m  [1m[32mINSERT INTO "corgis" ("name", "created_at", "updated_at") VALUES ($1, $2, $3) RETURNING "id"[0m  [["name", "Carlie"], ["created_at", "2017-07-14 05:47:29.204215"], ["updated_at", "2017-07-14 05:47:29.204215"]]
  [1m[35m (0.3ms)[0m  [1m[35mCOMMIT[0m
  [1m[35m (0.1ms)[0m  [1m[35mBEGIN[0m
  [1m[35mSQL (0.2ms)[0m  [1m[32mINSERT INTO "cats" ("name", "created_at", "updated_at") VALUES ($1, $2, $3) RETURNING "id"[0m  [["name", "Glen"], ["created_at", "2017-07-14 05:47:29.205375"], ["updated_at", "2017-07-14 05:47:29.205375"]]
  [1m[35m (0.2ms)[0m  [1m[35mCOMMIT[0m
  [1m[35m (0.1ms)[0m  [1m[35mBEGIN[0m
  [1m[35mSQL (0.2ms)[0m  [1m[32mINSERT INTO "corgis" ("name", "created_at", "updated_at") VALUES ($1, $2, $3) RETURNING "id"[0m  [["name", "Jamey"], ["created_at", "2017-07-14 05:47:29.206505"], ["updated_at", "2017-07-14 05:47:29.206505"]]
  [1m[35m (0.2ms)[0m  [1m[35mCOMMIT[0m
  [1m[35m (0.1ms)[0m  [1m[35mBEGIN[0m
  [1m[35mSQL (0.2ms)[0m  [1m[32mINSERT INTO "cats" ("name", "created_at", "updated_at") VALUES ($1, $2, $3) RETURNING "id"[0m  [["name", "Madisyn"], ["created_at", "2017-07-14 05:47:29.207626"], ["updated_at", "2017-07-14 05:47:29.207626"]]
  [1m[35m (0.2ms)[0m  [1m[35mCOMMIT[0m
  [1m[35m (0.1ms)[0m  [1m[35mBEGIN[0m
  [1m[35mSQL (0.2ms)[0m  [1m[32mINSERT INTO "corgis" ("name", "created_at", "updated_at") VALUES ($1, $2, $3) RETURNING "id"[0m  [["name", "Hollie"], ["created_at", "2017-07-14 05:47:29.208720"], ["updated_at", "2017-07-14 05:47:29.208720"]]
  [1m[35m (0.2ms)[0m  [1m[35mCOMMIT[0m
  [1m[35m (0.1ms)[0m  [1m[35mBEGIN[0m
  [1m[35mSQL (0.2ms)[0m  [1m[32mINSERT INTO "cats" ("name", "created_at", "updated_at") VALUES ($1, $2, $3) RETURNING "id"[0m  [["name", "Verna"], ["created_at", "2017-07-14 05:47:29.209786"], ["updated_at", "2017-07-14 05:47:29.209786"]]
  [1m[35m (0.2ms)[0m  [1m[35mCOMMIT[0m
  [1m[35m (0.1ms)[0m  [1m[35mBEGIN[0m
  [1m[35mSQL (0.2ms)[0m  [1m[32mINSERT INTO "corgis" ("name", "created_at", "updated_at") VALUES ($1, $2, $3) RETURNING "id"[0m  [["name", "Virgie"], ["created_at", "2017-07-14 05:47:29.210879"], ["updated_at", "2017-07-14 05:47:29.210879"]]
  [1m[35m (0.2ms)[0m  [1m[35mCOMMIT[0m
  [1m[35m (0.1ms)[0m  [1m[35mBEGIN[0m
  [1m[35mSQL (0.2ms)[0m  [1m[32mINSERT INTO "cats" ("name", "created_at", "updated_at") VALUES ($1, $2, $3) RETURNING "id"[0m  [["name", "Darrick"], ["created_at", "2017-07-14 05:47:29.211946"], ["updated_at", "2017-07-14 05:47:29.211946"]]
  [1m[35m (0.2ms)[0m  [1m[35mCOMMIT[0m
  [1m[35m (0.1ms)[0m  [1m[35mBEGIN[0m
  [1m[35mSQL (0.2ms)[0m  [1m[32mINSERT INTO "corgis" ("name", "created_at", "updated_at") VALUES ($1, $2, $3) RETURNING "id"[0m  [["name", "Lucious"], ["created_at", "2017-07-14 05:47:29.212998"], ["updated_at", "2017-07-14 05:47:29.212998"]]
  [1m[35m (0.2ms)[0m  [1m[35mCOMMIT[0m
  [1m[35m (0.1ms)[0m  [1m[35mBEGIN[0m
  [1m[35mSQL (0.2ms)[0m  [1m[32mINSERT INTO "cats" ("name", "created_at", "updated_at") VALUES ($1, $2, $3) RETURNING "id"[0m  [["name", "Reid"], ["created_at", "2017-07-14 05:47:29.214009"], ["updated_at", "2017-07-14 05:47:29.214009"]]
  [1m[35m (0.2ms)[0m  [1m[35mCOMMIT[0m
  [1m[35m (0.1ms)[0m  [1m[35mBEGIN[0m
  [1m[35mSQL (0.2ms)[0m  [1m[32mINSERT INTO "corgis" ("name", "created_at", "updated_at") VALUES ($1, $2, $3) RETURNING "id"[0m  [["name", "Jeffery"], ["created_at", "2017-07-14 05:47:29.215049"], ["updated_at", "2017-07-14 05:47:29.215049"]]
  [1m[35m (0.2ms)[0m  [1m[35mCOMMIT[0m
  [1m[35m (0.1ms)[0m  [1m[35mBEGIN[0m
  [1m[35mSQL (0.2ms)[0m  [1m[32mINSERT INTO "cats" ("name", "created_at", "updated_at") VALUES ($1, $2, $3) RETURNING "id"[0m  [["name", "Giles"], ["created_at", "2017-07-14 05:47:29.216078"], ["updated_at", "2017-07-14 05:47:29.216078"]]
  [1m[35m (0.2ms)[0m  [1m[35mCOMMIT[0m
  [1m[35m (0.1ms)[0m  [1m[35mBEGIN[0m
  [1m[35mSQL (0.2ms)[0m  [1m[32mINSERT INTO "corgis" ("name", "created_at", "updated_at") VALUES ($1, $2, $3) RETURNING "id"[0m  [["name", "Tyree"], ["created_at", "2017-07-14 05:47:29.217114"], ["updated_at", "2017-07-14 05:47:29.217114"]]
  [1m[35m (0.2ms)[0m  [1m[35mCOMMIT[0m
  [1m[35m (0.1ms)[0m  [1m[35mBEGIN[0m
  [1m[35mSQL (0.2ms)[0m  [1m[32mINSERT INTO "cats" ("name", "created_at", "updated_at") VALUES ($1, $2, $3) RETURNING "id"[0m  [["name", "Cydney"], ["created_at", "2017-07-14 05:47:29.218133"], ["updated_at", "2017-07-14 05:47:29.218133"]]
  [1m[35m (0.2ms)[0m  [1m[35mCOMMIT[0m
  [1m[35m (0.1ms)[0m  [1m[35mBEGIN[0m
  [1m[35mSQL (0.2ms)[0m  [1m[32mINSERT INTO "corgis" ("name", "created_at", "updated_at") VALUES ($1, $2, $3) RETURNING "id"[0m  [["name", "Adelle"], ["created_at", "2017-07-14 05:47:29.219177"], ["updated_at", "2017-07-14 05:47:29.219177"]]
  [1m[35m (0.2ms)[0m  [1m[35mCOMMIT[0m
  [1m[35m (0.1ms)[0m  [1m[35mBEGIN[0m
  [1m[35mSQL (0.2ms)[0m  [1m[32mINSERT INTO "cats" ("name", "created_at", "updated_at") VALUES ($1, $2, $3) RETURNING "id"[0m  [["name", "Florida"], ["created_at", "2017-07-14 05:47:29.220188"], ["updated_at", "2017-07-14 05:47:29.220188"]]
  [1m[35m (0.1ms)[0m  [1m[35mCOMMIT[0m
  [1m[35m (146.2ms)[0m  [1m[35mCREATE TABLE "schema_migrations" ("version" character varying NOT NULL PRIMARY KEY)[0m
  [1m[35m (9.8ms)[0m  [1m[35mCREATE TABLE "ar_internal_metadata" ("key" character varying NOT NULL PRIMARY KEY, "value" character varying, "created_at" timestamp NOT NULL, "updated_at" timestamp NOT NULL)[0m
  [1m[35m (28.2ms)[0m  [1m[34mSELECT pg_try_advisory_lock(4795219387431405660);[0m
  [1m[35m (2.5ms)[0m  [1m[34mSELECT "schema_migrations"."version" FROM "schema_migrations" ORDER BY "schema_migrations"."version" ASC[0m
Migrating to CreateCats (20170714053359)
  [1m[35m (0.3ms)[0m  [1m[35mBEGIN[0m
  [1m[35m (39.5ms)[0m  [1m[35mCREATE TABLE "cats" ("id" bigserial primary key, "name" character varying NOT NULL, "created_at" timestamp NOT NULL, "updated_at" timestamp NOT NULL)[0m
  [1m[35mSQL (1.0ms)[0m  [1m[32mINSERT INTO "schema_migrations" ("version") VALUES ($1) RETURNING "version"[0m  [["version", "20170714053359"]]
  [1m[35m (0.6ms)[0m  [1m[35mCOMMIT[0m
Migrating to CreateCorgis (20170714053409)
  [1m[35m (1.0ms)[0m  [1m[35mBEGIN[0m
  [1m[35m (35.4ms)[0m  [1m[35mCREATE TABLE "corgis" ("id" bigserial primary key, "name" character varying NOT NULL, "created_at" timestamp NOT NULL, "updated_at" timestamp NOT NULL)[0m
  [1m[35mSQL (0.4ms)[0m  [1m[32mINSERT INTO "schema_migrations" ("version") VALUES ($1) RETURNING "version"[0m  [["version", "20170714053409"]]
  [1m[35m (2.1ms)[0m  [1m[35mCOMMIT[0m
Migrating to CreateToys (20190417183859)
  [1m[35m (0.7ms)[0m  [1m[35mBEGIN[0m
  [1m[35m (7.5ms)[0m  [1m[35mCREATE TABLE "toys" ("id" bigserial primary key, "name" character varying NOT NULL, "toyable_id" integer, "toyable_type" character varying, "created_at" timestamp NOT NULL, "updated_at" timestamp NOT NULL)[0m
  [1m[35m (2.1ms)[0m  [1m[35mCREATE UNIQUE INDEX  "index_toys_on_name" ON "toys"  ("name")[0m
  [1m[35m (3.3ms)[0m  [1m[35mCREATE  INDEX  "index_toys_on_toyable_id" ON "toys"  ("toyable_id")[0m
  [1m[35mSQL (0.5ms)[0m  [1m[32mINSERT INTO "schema_migrations" ("version") VALUES ($1) RETURNING "version"[0m  [["version", "20190417183859"]]
  [1m[35m (1.0ms)[0m  [1m[35mCOMMIT[0m
  [1m[36mActiveRecord::InternalMetadata Load (0.6ms)[0m  [1m[34mSELECT  "ar_internal_metadata".* FROM "ar_internal_metadata" WHERE "ar_internal_metadata"."key" = $1 LIMIT $2[0m  [["key", "environment"], ["LIMIT", 1]]
  [1m[35m (0.2ms)[0m  [1m[35mBEGIN[0m
  [1m[35mSQL (1.2ms)[0m  [1m[32mINSERT INTO "ar_internal_metadata" ("key", "value", "created_at", "updated_at") VALUES ($1, $2, $3, $4) RETURNING "key"[0m  [["key", "environment"], ["value", "development"], ["created_at", "2019-04-17 18:42:09.736658"], ["updated_at", "2019-04-17 18:42:09.736658"]]
  [1m[35m (0.5ms)[0m  [1m[35mCOMMIT[0m
  [1m[35m (0.3ms)[0m  [1m[34mSELECT pg_advisory_unlock(4795219387431405660)[0m
  [1m[35m (0.5ms)[0m  [1m[34mSELECT "schema_migrations"."version" FROM "schema_migrations" ORDER BY "schema_migrations"."version" ASC[0m
  [1m[35m (1.4ms)[0m  [1m[34mSELECT "schema_migrations"."version" FROM "schema_migrations" ORDER BY "schema_migrations"."version" ASC[0m
  [1m[35m (26.3ms)[0m  [1m[34mSELECT "schema_migrations"."version" FROM "schema_migrations" ORDER BY "schema_migrations"."version" ASC[0m
  [1m[35m (0.4ms)[0m  [1m[34mSELECT pg_try_advisory_lock(4795219387431405660);[0m
  [1m[35m (0.4ms)[0m  [1m[34mSELECT "schema_migrations"."version" FROM "schema_migrations" ORDER BY "schema_migrations"."version" ASC[0m
Migrating to CreateToys (20190417183859)
  [1m[35m (0.3ms)[0m  [1m[35mBEGIN[0m
  [1m[35m (4.8ms)[0m  [1m[35mDROP INDEX  "index_toys_on_toyable_id"[0m
  [1m[35m (0.5ms)[0m  [1m[35mDROP INDEX  "index_toys_on_name"[0m
  [1m[35m (4.4ms)[0m  [1m[35mDROP TABLE "toys"[0m
  [1m[35mSQL (27.3ms)[0m  [1m[31mDELETE FROM "schema_migrations" WHERE "schema_migrations"."version" = $1[0m  [["version", "20190417183859"]]
  [1m[35m (4.9ms)[0m  [1m[35mCOMMIT[0m
  [1m[35m (0.6ms)[0m  [1m[34mSELECT pg_advisory_unlock(4795219387431405660)[0m
  [1m[35m (0.7ms)[0m  [1m[34mSELECT "schema_migrations"."version" FROM "schema_migrations" ORDER BY "schema_migrations"."version" ASC[0m
  [1m[35m (0.3ms)[0m  [1m[34mSELECT pg_try_advisory_lock(4795219387431405660);[0m
  [1m[35m (1.5ms)[0m  [1m[34mSELECT "schema_migrations"."version" FROM "schema_migrations" ORDER BY "schema_migrations"."version" ASC[0m
Migrating to CreateToys (20190417183859)
  [1m[35m (0.3ms)[0m  [1m[35mBEGIN[0m
  [1m[35m (41.0ms)[0m  [1m[35mCREATE TABLE "toys" ("id" bigserial primary key, "name" character varying NOT NULL, "toyable_id" bigint, "toyable_type" character varying, "created_at" timestamp NOT NULL, "updated_at" timestamp NOT NULL)[0m
  [1m[35m (1.5ms)[0m  [1m[35mCREATE  INDEX  "index_toys_on_toyable_type_and_toyable_id" ON "toys"  ("toyable_type", "toyable_id")[0m
  [1m[35m (1.6ms)[0m  [1m[35mCREATE UNIQUE INDEX  "index_toys_on_name" ON "toys"  ("name")[0m
  [1m[35m (1.5ms)[0m  [1m[35mCREATE  INDEX  "index_toys_on_toyable_id" ON "toys"  ("toyable_id")[0m
  [1m[35m (1.5ms)[0m  [1m[35mCREATE UNIQUE INDEX  "index_toys_on_name_and_toyable_id_and_toyable_type" ON "toys"  ("name", "toyable_id", "toyable_type")[0m
  [1m[35mSQL (0.6ms)[0m  [1m[32mINSERT INTO "schema_migrations" ("version") VALUES ($1) RETURNING "version"[0m  [["version", "20190417183859"]]
  [1m[35m (0.7ms)[0m  [1m[35mCOMMIT[0m
  [1m[36mActiveRecord::InternalMetadata Load (0.7ms)[0m  [1m[34mSELECT  "ar_internal_metadata".* FROM "ar_internal_metadata" WHERE "ar_internal_metadata"."key" = $1 LIMIT $2[0m  [["key", "environment"], ["LIMIT", 1]]
  [1m[35m (24.1ms)[0m  [1m[35mBEGIN[0m
  [1m[35m (0.2ms)[0m  [1m[35mCOMMIT[0m
  [1m[35m (0.5ms)[0m  [1m[34mSELECT pg_advisory_unlock(4795219387431405660)[0m
  [1m[35m (0.3ms)[0m  [1m[34mSELECT "schema_migrations"."version" FROM "schema_migrations" ORDER BY "schema_migrations"."version" ASC[0m
  [1m[35m (2.2ms)[0m  [1m[34mSELECT "schema_migrations"."version" FROM "schema_migrations" ORDER BY "schema_migrations"."version" ASC[0m
  [1m[35m (1.2ms)[0m  [1m[34mSELECT "schema_migrations"."version" FROM "schema_migrations" ORDER BY "schema_migrations"."version" ASC[0m
  [1m[35m (0.2ms)[0m  [1m[35mBEGIN[0m
  [1m[35mSQL (2.5ms)[0m  [1m[32mINSERT INTO "corgis" ("name", "created_at", "updated_at") VALUES ($1, $2, $3) RETURNING "id"[0m  [["name", "Otilia"], ["created_at", "2019-04-17 18:50:33.961547"], ["updated_at", "2019-04-17 18:50:33.961547"]]
  [1m[35m (25.9ms)[0m  [1m[35mCOMMIT[0m
  [1m[35m (0.2ms)[0m  [1m[35mBEGIN[0m
  [1m[35mSQL (27.4ms)[0m  [1m[32mINSERT INTO "cats" ("name", "created_at", "updated_at") VALUES ($1, $2, $3) RETURNING "id"[0m  [["name", "Opal"], ["created_at", "2019-04-17 18:50:34.014944"], ["updated_at", "2019-04-17 18:50:34.014944"]]
  [1m[35m (0.7ms)[0m  [1m[35mCOMMIT[0m
  [1m[35m (0.3ms)[0m  [1m[35mBEGIN[0m
  [1m[35mSQL (1.0ms)[0m  [1m[32mINSERT INTO "corgis" ("name", "created_at", "updated_at") VALUES ($1, $2, $3) RETURNING "id"[0m  [["name", "Haleigh"], ["created_at", "2019-04-17 18:50:34.046079"], ["updated_at", "2019-04-17 18:50:34.046079"]]
  [1m[35m (1.1ms)[0m  [1m[35mCOMMIT[0m
  [1m[35m (0.3ms)[0m  [1m[35mBEGIN[0m
  [1m[35mSQL (0.5ms)[0m  [1m[32mINSERT INTO "cats" ("name", "created_at", "updated_at") VALUES ($1, $2, $3) RETURNING "id"[0m  [["name", "Helena"], ["created_at", "2019-04-17 18:50:34.052008"], ["updated_at", "2019-04-17 18:50:34.052008"]]
  [1m[35m (0.5ms)[0m  [1m[35mCOMMIT[0m
  [1m[35m (0.2ms)[0m  [1m[35mBEGIN[0m
  [1m[35mSQL (0.6ms)[0m  [1m[32mINSERT INTO "corgis" ("name", "created_at", "updated_at") VALUES ($1, $2, $3) RETURNING "id"[0m  [["name", "Marcus"], ["created_at", "2019-04-17 18:50:34.055310"], ["updated_at", "2019-04-17 18:50:34.055310"]]
  [1m[35m (0.5ms)[0m  [1m[35mCOMMIT[0m
  [1m[35m (0.2ms)[0m  [1m[35mBEGIN[0m
  [1m[35mSQL (0.6ms)[0m  [1m[32mINSERT INTO "cats" ("name", "created_at", "updated_at") VALUES ($1, $2, $3) RETURNING "id"[0m  [["name", "Rossie"], ["created_at", "2019-04-17 18:50:34.058662"], ["updated_at", "2019-04-17 18:50:34.058662"]]
  [1m[35m (0.6ms)[0m  [1m[35mCOMMIT[0m
  [1m[35m (0.2ms)[0m  [1m[35mBEGIN[0m
  [1m[35mSQL (0.6ms)[0m  [1m[32mINSERT INTO "corgis" ("name", "created_at", "updated_at") VALUES ($1, $2, $3) RETURNING "id"[0m  [["name", "Gerald"], ["created_at", "2019-04-17 18:50:34.061626"], ["updated_at", "2019-04-17 18:50:34.061626"]]
  [1m[35m (0.6ms)[0m  [1m[35mCOMMIT[0m
  [1m[35m (0.2ms)[0m  [1m[35mBEGIN[0m
  [1m[35mSQL (24.9ms)[0m  [1m[32mINSERT INTO "cats" ("name", "created_at", "updated_at") VALUES ($1, $2, $3) RETURNING "id"[0m  [["name", "Jamey"], ["created_at", "2019-04-17 18:50:34.065525"], ["updated_at", "2019-04-17 18:50:34.065525"]]
  [1m[35m (1.0ms)[0m  [1m[35mCOMMIT[0m
  [1m[35m (0.2ms)[0m  [1m[35mBEGIN[0m
  [1m[35mSQL (0.6ms)[0m  [1m[32mINSERT INTO "corgis" ("name", "created_at", "updated_at") VALUES ($1, $2, $3) RETURNING "id"[0m  [["name", "Jaeden"], ["created_at", "2019-04-17 18:50:34.094423"], ["updated_at", "2019-04-17 18:50:34.094423"]]
  [1m[35m (0.6ms)[0m  [1m[35mCOMMIT[0m
  [1m[35m (0.2ms)[0m  [1m[35mBEGIN[0m
  [1m[35mSQL (0.6ms)[0m  [1m[32mINSERT INTO "cats" ("name", "created_at", "updated_at") VALUES ($1, $2, $3) RETURNING "id"[0m  [["name", "Milford"], ["created_at", "2019-04-17 18:50:34.099060"], ["updated_at", "2019-04-17 18:50:34.099060"]]
  [1m[35m (0.5ms)[0m  [1m[35mCOMMIT[0m
  [1m[35m (0.2ms)[0m  [1m[35mBEGIN[0m
  [1m[35mSQL (0.5ms)[0m  [1m[32mINSERT INTO "corgis" ("name", "created_at", "updated_at") VALUES ($1, $2, $3) RETURNING "id"[0m  [["name", "Deonte"], ["created_at", "2019-04-17 18:50:34.102460"], ["updated_at", "2019-04-17 18:50:34.102460"]]
  [1m[35m (0.5ms)[0m  [1m[35mCOMMIT[0m
  [1m[35m (0.2ms)[0m  [1m[35mBEGIN[0m
  [1m[35mSQL (0.5ms)[0m  [1m[32mINSERT INTO "cats" ("name", "created_at", "updated_at") VALUES ($1, $2, $3) RETURNING "id"[0m  [["name", "Joanne"], ["created_at", "2019-04-17 18:50:34.105393"], ["updated_at", "2019-04-17 18:50:34.105393"]]
  [1m[35m (0.5ms)[0m  [1m[35mCOMMIT[0m
  [1m[35m (0.4ms)[0m  [1m[35mBEGIN[0m
  [1m[35mSQL (0.7ms)[0m  [1m[32mINSERT INTO "corgis" ("name", "created_at", "updated_at") VALUES ($1, $2, $3) RETURNING "id"[0m  [["name", "Mollie"], ["created_at", "2019-04-17 18:50:34.108787"], ["updated_at", "2019-04-17 18:50:34.108787"]]
  [1m[35m (0.5ms)[0m  [1m[35mCOMMIT[0m
  [1m[35m (0.2ms)[0m  [1m[35mBEGIN[0m
  [1m[35mSQL (0.6ms)[0m  [1m[32mINSERT INTO "cats" ("name", "created_at", "updated_at") VALUES ($1, $2, $3) RETURNING "id"[0m  [["name", "Marco"], ["created_at", "2019-04-17 18:50:34.112065"], ["updated_at", "2019-04-17 18:50:34.112065"]]
  [1m[35m (0.6ms)[0m  [1m[35mCOMMIT[0m
  [1m[35m (25.4ms)[0m  [1m[35mBEGIN[0m
  [1m[35mSQL (0.8ms)[0m  [1m[32mINSERT INTO "corgis" ("name", "created_at", "updated_at") VALUES ($1, $2, $3) RETURNING "id"[0m  [["name", "Marie"], ["created_at", "2019-04-17 18:50:34.141428"], ["updated_at", "2019-04-17 18:50:34.141428"]]
  [1m[35m (0.6ms)[0m  [1m[35mCOMMIT[0m
  [1m[35m (0.4ms)[0m  [1m[35mBEGIN[0m
  [1m[35mSQL (0.8ms)[0m  [1m[32mINSERT INTO "cats" ("name", "created_at", "updated_at") VALUES ($1, $2, $3) RETURNING "id"[0m  [["name", "Elfrieda"], ["created_at", "2019-04-17 18:50:34.146398"], ["updated_at", "2019-04-17 18:50:34.146398"]]
  [1m[35m (0.7ms)[0m  [1m[35mCOMMIT[0m
  [1m[35m (0.5ms)[0m  [1m[35mBEGIN[0m
  [1m[35mSQL (0.5ms)[0m  [1m[32mINSERT INTO "corgis" ("name", "created_at", "updated_at") VALUES ($1, $2, $3) RETURNING "id"[0m  [["name", "Marquise"], ["created_at", "2019-04-17 18:50:34.151669"], ["updated_at", "2019-04-17 18:50:34.151669"]]
  [1m[35m (0.4ms)[0m  [1m[35mCOMMIT[0m
  [1m[35m (0.2ms)[0m  [1m[35mBEGIN[0m
  [1m[35mSQL (0.5ms)[0m  [1m[32mINSERT INTO "cats" ("name", "created_at", "updated_at") VALUES ($1, $2, $3) RETURNING "id"[0m  [["name", "Dane"], ["created_at", "2019-04-17 18:50:34.154361"], ["updated_at", "2019-04-17 18:50:34.154361"]]
  [1m[35m (0.8ms)[0m  [1m[35mCOMMIT[0m
  [1m[35m (0.2ms)[0m  [1m[35mBEGIN[0m
  [1m[35mSQL (0.7ms)[0m  [1m[32mINSERT INTO "corgis" ("name", "created_at", "updated_at") VALUES ($1, $2, $3) RETURNING "id"[0m  [["name", "Kathryn"], ["created_at", "2019-04-17 18:50:34.158026"], ["updated_at", "2019-04-17 18:50:34.158026"]]
  [1m[35m (0.6ms)[0m  [1m[35mCOMMIT[0m
  [1m[35m (0.2ms)[0m  [1m[35mBEGIN[0m
  [1m[35mSQL (0.5ms)[0m  [1m[32mINSERT INTO "cats" ("name", "created_at", "updated_at") VALUES ($1, $2, $3) RETURNING "id"[0m  [["name", "Casimer"], ["created_at", "2019-04-17 18:50:34.162125"], ["updated_at", "2019-04-17 18:50:34.162125"]]
  [1m[35m (0.5ms)[0m  [1m[35mCOMMIT[0m
  [1m[35m (0.2ms)[0m  [1m[35mBEGIN[0m
  [1m[36mCat Load (0.6ms)[0m  [1m[34mSELECT  "cats".* FROM "cats" WHERE "cats"."id" = $1 LIMIT $2[0m  [["id", 7], ["LIMIT", 1]]
  [1m[36mToy Exists (5.4ms)[0m  [1m[34mSELECT  1 AS one FROM "toys" WHERE "toys"."name" = $1 AND "toys"."toyable_type" = 'Cat' AND "toys"."toyable_id" = 7 LIMIT $2[0m  [["name", "Kool-Aid Man"], ["LIMIT", 1]]
  [1m[35mSQL (1.1ms)[0m  [1m[32mINSERT INTO "toys" ("name", "toyable_id", "toyable_type", "created_at", "updated_at") VALUES ($1, $2, $3, $4, $5) RETURNING "id"[0m  [["name", "Kool-Aid Man"], ["toyable_id", 7], ["toyable_type", "Cat"], ["created_at", "2019-04-17 18:50:34.252986"], ["updated_at", "2019-04-17 18:50:34.252986"]]
  [1m[35m (0.5ms)[0m  [1m[35mCOMMIT[0m
  [1m[35m (0.2ms)[0m  [1m[35mBEGIN[0m
  [1m[36mCorgi Load (0.5ms)[0m  [1m[34mSELECT  "corgis".* FROM "corgis" WHERE "corgis"."id" = $1 LIMIT $2[0m  [["id", 11], ["LIMIT", 1]]
  [1m[36mToy Exists (0.5ms)[0m  [1m[34mSELECT  1 AS one FROM "toys" WHERE "toys"."name" = $1 AND "toys"."toyable_id" IS NULL LIMIT $2[0m  [["name", "Cyborg Apocalypse"], ["LIMIT", 1]]
  [1m[35m (0.3ms)[0m  [1m[31mROLLBACK[0m
  [1m[35m (0.2ms)[0m  [1m[35mBEGIN[0m
  [1m[36mCat Load (25.3ms)[0m  [1m[34mSELECT  "cats".* FROM "cats" WHERE "cats"."id" = $1 LIMIT $2[0m  [["id", 8], ["LIMIT", 1]]
  [1m[36mToy Exists (0.9ms)[0m  [1m[34mSELECT  1 AS one FROM "toys" WHERE "toys"."name" = $1 AND "toys"."toyable_type" = 'Cat' AND "toys"."toyable_id" = 8 LIMIT $2[0m  [["name", "Deadpool Wolf"], ["LIMIT", 1]]
  [1m[35mSQL (1.1ms)[0m  [1m[32mINSERT INTO "toys" ("name", "toyable_id", "toyable_type", "created_at", "updated_at") VALUES ($1, $2, $3, $4, $5) RETURNING "id"[0m  [["name", "Deadpool Wolf"], ["toyable_id", 8], ["toyable_type", "Cat"], ["created_at", "2019-04-17 18:50:34.294668"], ["updated_at", "2019-04-17 18:50:34.294668"]]
  [1m[35m (0.6ms)[0m  [1m[35mCOMMIT[0m
  [1m[35m (0.2ms)[0m  [1m[35mBEGIN[0m
  [1m[36mCat Load (0.5ms)[0m  [1m[34mSELECT  "cats".* FROM "cats" WHERE "cats"."id" = $1 LIMIT $2[0m  [["id", 9], ["LIMIT", 1]]
  [1m[36mToy Exists (1.1ms)[0m  [1m[34mSELECT  1 AS one FROM "toys" WHERE "toys"."name" = $1 AND "toys"."toyable_type" = 'Cat' AND "toys"."toyable_id" = 9 LIMIT $2[0m  [["name", "Cyborg Hope Summers"], ["LIMIT", 1]]
  [1m[35mSQL (1.3ms)[0m  [1m[32mINSERT INTO "toys" ("name", "toyable_id", "toyable_type", "created_at", "updated_at") VALUES ($1, $2, $3, $4, $5) RETURNING "id"[0m  [["name", "Cyborg Hope Summers"], ["toyable_id", 9], ["toyable_type", "Cat"], ["created_at", "2019-04-17 18:50:34.304474"], ["updated_at", "2019-04-17 18:50:34.304474"]]
  [1m[35m (0.7ms)[0m  [1m[35mCOMMIT[0m
  [1m[35m (0.2ms)[0m  [1m[35mBEGIN[0m
  [1m[36mCorgi Load (0.5ms)[0m  [1m[34mSELECT  "corgis".* FROM "corgis" WHERE "corgis"."id" = $1 LIMIT $2[0m  [["id", 8], ["LIMIT", 1]]
  [1m[36mToy Exists (0.5ms)[0m  [1m[34mSELECT  1 AS one FROM "toys" WHERE "toys"."name" = $1 AND "toys"."toyable_type" = 'Corgi' AND "toys"."toyable_id" = 8 LIMIT $2[0m  [["name", "Red Silverclaw"], ["LIMIT", 1]]
  [1m[35mSQL (0.6ms)[0m  [1m[32mINSERT INTO "toys" ("name", "toyable_id", "toyable_type", "created_at", "updated_at") VALUES ($1, $2, $3, $4, $5) RETURNING "id"[0m  [["name", "Red Silverclaw"], ["toyable_id", 8], ["toyable_type", "Corgi"], ["created_at", "2019-04-17 18:50:34.312654"], ["updated_at", "2019-04-17 18:50:34.312654"]]
  [1m[35m (0.5ms)[0m  [1m[35mCOMMIT[0m
  [1m[35m (25.3ms)[0m  [1m[35mBEGIN[0m
  [1m[36mCat Load (0.5ms)[0m  [1m[34mSELECT  "cats".* FROM "cats" WHERE "cats"."id" = $1 LIMIT $2[0m  [["id", 6], ["LIMIT", 1]]
  [1m[36mToy Exists (0.8ms)[0m  [1m[34mSELECT  1 AS one FROM "toys" WHERE "toys"."name" = $1 AND "toys"."toyable_type" = 'Cat' AND "toys"."toyable_id" = 6 LIMIT $2[0m  [["name", "Wyatt Wingfoot"], ["LIMIT", 1]]
  [1m[35mSQL (0.6ms)[0m  [1m[32mINSERT INTO "toys" ("name", "toyable_id", "toyable_type", "created_at", "updated_at") VALUES ($1, $2, $3, $4, $5) RETURNING "id"[0m  [["name", "Wyatt Wingfoot"], ["toyable_id", 6], ["toyable_type", "Cat"], ["created_at", "2019-04-17 18:50:34.346430"], ["updated_at", "2019-04-17 18:50:34.346430"]]
  [1m[35m (0.5ms)[0m  [1m[35mCOMMIT[0m
  [1m[35m (0.2ms)[0m  [1m[35mBEGIN[0m
  [1m[36mCorgi Load (0.6ms)[0m  [1m[34mSELECT  "corgis".* FROM "corgis" WHERE "corgis"."id" = $1 LIMIT $2[0m  [["id", 1], ["LIMIT", 1]]
  [1m[36mToy Exists (0.8ms)[0m  [1m[34mSELECT  1 AS one FROM "toys" WHERE "toys"."name" = $1 AND "toys"."toyable_type" = 'Corgi' AND "toys"."toyable_id" = 1 LIMIT $2[0m  [["name", "Illustrious Namor Girl"], ["LIMIT", 1]]
  [1m[35mSQL (0.6ms)[0m  [1m[32mINSERT INTO "toys" ("name", "toyable_id", "toyable_type", "created_at", "updated_at") VALUES ($1, $2, $3, $4, $5) RETURNING "id"[0m  [["name", "Illustrious Namor Girl"], ["toyable_id", 1], ["toyable_type", "Corgi"], ["created_at", "2019-04-17 18:50:34.354777"], ["updated_at", "2019-04-17 18:50:34.354777"]]
  [1m[35m (0.6ms)[0m  [1m[35mCOMMIT[0m
  [1m[35m (0.2ms)[0m  [1m[35mBEGIN[0m
  [1m[36mCat Load (0.4ms)[0m  [1m[34mSELECT  "cats".* FROM "cats" WHERE "cats"."id" = $1 LIMIT $2[0m  [["id", 4], ["LIMIT", 1]]
  [1m[36mToy Exists (0.6ms)[0m  [1m[34mSELECT  1 AS one FROM "toys" WHERE "toys"."name" = $1 AND "toys"."toyable_type" = 'Cat' AND "toys"."toyable_id" = 4 LIMIT $2[0m  [["name", "Mera the Hunter"], ["LIMIT", 1]]
  [1m[35mSQL (0.5ms)[0m  [1m[32mINSERT INTO "toys" ("name", "toyable_id", "toyable_type", "created_at", "updated_at") VALUES ($1, $2, $3, $4, $5) RETURNING "id"[0m  [["name", "Mera the Hunter"], ["toyable_id", 4], ["toyable_type", "Cat"], ["created_at", "2019-04-17 18:50:34.361325"], ["updated_at", "2019-04-17 18:50:34.361325"]]
  [1m[35m (0.5ms)[0m  [1m[35mCOMMIT[0m
  [1m[35m (0.2ms)[0m  [1m[35mBEGIN[0m
  [1m[36mCat Load (25.8ms)[0m  [1m[34mSELECT  "cats".* FROM "cats" WHERE "cats"."id" = $1 LIMIT $2[0m  [["id", 10], ["LIMIT", 1]]
  [1m[36mToy Exists (1.0ms)[0m  [1m[34mSELECT  1 AS one FROM "toys" WHERE "toys"."name" = $1 AND "toys"."toyable_type" = 'Cat' AND "toys"."toyable_id" = 10 LIMIT $2[0m  [["name", "Chuck Norris"], ["LIMIT", 1]]
  [1m[35mSQL (0.8ms)[0m  [1m[32mINSERT INTO "toys" ("name", "toyable_id", "toyable_type", "created_at", "updated_at") VALUES ($1, $2, $3, $4, $5) RETURNING "id"[0m  [["name", "Chuck Norris"], ["toyable_id", 10], ["toyable_type", "Cat"], ["created_at", "2019-04-17 18:50:34.394768"], ["updated_at", "2019-04-17 18:50:34.394768"]]
  [1m[35m (0.5ms)[0m  [1m[35mCOMMIT[0m
  [1m[35m (0.3ms)[0m  [1m[35mBEGIN[0m
  [1m[36mCat Load (0.4ms)[0m  [1m[34mSELECT  "cats".* FROM "cats" WHERE "cats"."id" = $1 LIMIT $2[0m  [["id", 10], ["LIMIT", 1]]
  [1m[36mToy Exists (0.7ms)[0m  [1m[34mSELECT  1 AS one FROM "toys" WHERE "toys"."name" = $1 AND "toys"."toyable_type" = 'Cat' AND "toys"."toyable_id" = 10 LIMIT $2[0m  [["name", "Red Cyborg"], ["LIMIT", 1]]
  [1m[35mSQL (0.5ms)[0m  [1m[32mINSERT INTO "toys" ("name", "toyable_id", "toyable_type", "created_at", "updated_at") VALUES ($1, $2, $3, $4, $5) RETURNING "id"[0m  [["name", "Red Cyborg"], ["toyable_id", 10], ["toyable_type", "Cat"], ["created_at", "2019-04-17 18:50:34.403431"], ["updated_at", "2019-04-17 18:50:34.403431"]]
  [1m[35m (0.5ms)[0m  [1m[35mCOMMIT[0m
  [1m[35m (0.2ms)[0m  [1m[35mBEGIN[0m
  [1m[36mCat Load (0.4ms)[0m  [1m[34mSELECT  "cats".* FROM "cats" WHERE "cats"."id" = $1 LIMIT $2[0m  [["id", 4], ["LIMIT", 1]]
  [1m[36mToy Exists (0.7ms)[0m  [1m[34mSELECT  1 AS one FROM "toys" WHERE "toys"."name" = $1 AND "toys"."toyable_type" = 'Cat' AND "toys"."toyable_id" = 4 LIMIT $2[0m  [["name", "Cyborg Moloch XI"], ["LIMIT", 1]]
  [1m[35mSQL (0.5ms)[0m  [1m[32mINSERT INTO "toys" ("name", "toyable_id", "toyable_type", "created_at", "updated_at") VALUES ($1, $2, $3, $4, $5) RETURNING "id"[0m  [["name", "Cyborg Moloch XI"], ["toyable_id", 4], ["toyable_type", "Cat"], ["created_at", "2019-04-17 18:50:34.410521"], ["updated_at", "2019-04-17 18:50:34.410521"]]
  [1m[35m (0.7ms)[0m  [1m[35mCOMMIT[0m
  [1m[35m (0.2ms)[0m  [1m[35mBEGIN[0m
  [1m[36mCorgi Load (25.7ms)[0m  [1m[34mSELECT  "corgis".* FROM "corgis" WHERE "corgis"."id" = $1 LIMIT $2[0m  [["id", 9], ["LIMIT", 1]]
  [1m[36mToy Exists (1.1ms)[0m  [1m[34mSELECT  1 AS one FROM "toys" WHERE "toys"."name" = $1 AND "toys"."toyable_type" = 'Corgi' AND "toys"."toyable_id" = 9 LIMIT $2[0m  [["name", "T"], ["LIMIT", 1]]
  [1m[35mSQL (1.1ms)[0m  [1m[32mINSERT INTO "toys" ("name", "toyable_id", "toyable_type", "created_at", "updated_at") VALUES ($1, $2, $3, $4, $5) RETURNING "id"[0m  [["name", "T"], ["toyable_id", 9], ["toyable_type", "Corgi"], ["created_at", "2019-04-17 18:50:34.444394"], ["updated_at", "2019-04-17 18:50:34.444394"]]
  [1m[35m (0.7ms)[0m  [1m[35mCOMMIT[0m
  [1m[35m (0.3ms)[0m  [1m[35mBEGIN[0m
  [1m[36mCorgi Load (0.6ms)[0m  [1m[34mSELECT  "corgis".* FROM "corgis" WHERE "corgis"."id" = $1 LIMIT $2[0m  [["id", 7], ["LIMIT", 1]]
  [1m[36mToy Exists (0.6ms)[0m  [1m[34mSELECT  1 AS one FROM "toys" WHERE "toys"."name" = $1 AND "toys"."toyable_type" = 'Corgi' AND "toys"."toyable_id" = 7 LIMIT $2[0m  [["name", "Gravity Fist"], ["LIMIT", 1]]
  [1m[35mSQL (0.9ms)[0m  [1m[32mINSERT INTO "toys" ("name", "toyable_id", "toyable_type", "created_at", "updated_at") VALUES ($1, $2, $3, $4, $5) RETURNING "id"[0m  [["name", "Gravity Fist"], ["toyable_id", 7], ["toyable_type", "Corgi"], ["created_at", "2019-04-17 18:50:34.454186"], ["updated_at", "2019-04-17 18:50:34.454186"]]
  [1m[35m (0.6ms)[0m  [1m[35mCOMMIT[0m
  [1m[35m (0.2ms)[0m  [1m[35mBEGIN[0m
  [1m[36mCat Load (0.3ms)[0m  [1m[34mSELECT  "cats".* FROM "cats" WHERE "cats"."id" = $1 LIMIT $2[0m  [["id", 9], ["LIMIT", 1]]
  [1m[36mToy Exists (0.6ms)[0m  [1m[34mSELECT  1 AS one FROM "toys" WHERE "toys"."name" = $1 AND "toys"."toyable_type" = 'Cat' AND "toys"."toyable_id" = 9 LIMIT $2[0m  [["name", "Silverclaw Machine"], ["LIMIT", 1]]
  [1m[35mSQL (0.5ms)[0m  [1m[32mINSERT INTO "toys" ("name", "toyable_id", "toyable_type", "created_at", "updated_at") VALUES ($1, $2, $3, $4, $5) RETURNING "id"[0m  [["name", "Silverclaw Machine"], ["toyable_id", 9], ["toyable_type", "Cat"], ["created_at", "2019-04-17 18:50:34.461881"], ["updated_at", "2019-04-17 18:50:34.461881"]]
  [1m[35m (0.5ms)[0m  [1m[35mCOMMIT[0m
  [1m[35m (0.2ms)[0m  [1m[35mBEGIN[0m
  [1m[36mCat Load (25.0ms)[0m  [1m[34mSELECT  "cats".* FROM "cats" WHERE "cats"."id" = $1 LIMIT $2[0m  [["id", 5], ["LIMIT", 1]]
  [1m[36mToy Exists (1.1ms)[0m  [1m[34mSELECT  1 AS one FROM "toys" WHERE "toys"."name" = $1 AND "toys"."toyable_type" = 'Cat' AND "toys"."toyable_id" = 5 LIMIT $2[0m  [["name", "General Ripcord"], ["LIMIT", 1]]
  [1m[35mSQL (0.9ms)[0m  [1m[32mINSERT INTO "toys" ("name", "toyable_id", "toyable_type", "created_at", "updated_at") VALUES ($1, $2, $3, $4, $5) RETURNING "id"[0m  [["name", "General Ripcord"], ["toyable_id", 5], ["toyable_type", "Cat"], ["created_at", "2019-04-17 18:50:34.494583"], ["updated_at", "2019-04-17 18:50:34.494583"]]
  [1m[35m (0.5ms)[0m  [1m[35mCOMMIT[0m
  [1m[35m (0.2ms)[0m  [1m[35mBEGIN[0m
  [1m[36mCat Load (0.4ms)[0m  [1m[34mSELECT  "cats".* FROM "cats" WHERE "cats"."id" = $1 LIMIT $2[0m  [["id", 11], ["LIMIT", 1]]
  [1m[36mToy Exists (0.6ms)[0m  [1m[34mSELECT  1 AS one FROM "toys" WHERE "toys"."name" = $1 AND "toys"."toyable_id" IS NULL LIMIT $2[0m  [["name", "Gambit Dragon"], ["LIMIT", 1]]
  [1m[35m (0.2ms)[0m  [1m[31mROLLBACK[0m
  [1m[35m (0.2ms)[0m  [1m[35mBEGIN[0m
  [1m[36mCat Load (0.5ms)[0m  [1m[34mSELECT  "cats".* FROM "cats" WHERE "cats"."id" = $1 LIMIT $2[0m  [["id", 2], ["LIMIT", 1]]
  [1m[36mToy Exists (0.7ms)[0m  [1m[34mSELECT  1 AS one FROM "toys" WHERE "toys"."name" = $1 AND "toys"."toyable_type" = 'Cat' AND "toys"."toyable_id" = 2 LIMIT $2[0m  [["name", "Agent Husk"], ["LIMIT", 1]]
  [1m[35mSQL (0.8ms)[0m  [1m[32mINSERT INTO "toys" ("name", "toyable_id", "toyable_type", "created_at", "updated_at") VALUES ($1, $2, $3, $4, $5) RETURNING "id"[0m  [["name", "Agent Husk"], ["toyable_id", 2], ["toyable_type", "Cat"], ["created_at", "2019-04-17 18:50:34.509053"], ["updated_at", "2019-04-17 18:50:34.509053"]]
  [1m[35m (0.5ms)[0m  [1m[35mCOMMIT[0m
  [1m[35m (0.2ms)[0m  [1m[35mBEGIN[0m
  [1m[36mCorgi Load (0.6ms)[0m  [1m[34mSELECT  "corgis".* FROM "corgis" WHERE "corgis"."id" = $1 LIMIT $2[0m  [["id", 6], ["LIMIT", 1]]
  [1m[36mToy Exists (26.0ms)[0m  [1m[34mSELECT  1 AS one FROM "toys" WHERE "toys"."name" = $1 AND "toys"."toyable_type" = 'Corgi' AND "toys"."toyable_id" = 6 LIMIT $2[0m  [["name", "Sabretooth Strange"], ["LIMIT", 1]]
  [1m[35mSQL (0.8ms)[0m  [1m[32mINSERT INTO "toys" ("name", "toyable_id", "toyable_type", "created_at", "updated_at") VALUES ($1, $2, $3, $4, $5) RETURNING "id"[0m  [["name", "Sabretooth Strange"], ["toyable_id", 6], ["toyable_type", "Corgi"], ["created_at", "2019-04-17 18:50:34.542252"], ["updated_at", "2019-04-17 18:50:34.542252"]]
  [1m[35m (4.9ms)[0m  [1m[35mCOMMIT[0m
  [1m[35m (0.8ms)[0m  [1m[35mBEGIN[0m
  [1m[36mCat Load (0.3ms)[0m  [1m[34mSELECT  "cats".* FROM "cats" WHERE "cats"."id" = $1 LIMIT $2[0m  [["id", 6], ["LIMIT", 1]]
  [1m[36mToy Exists (0.7ms)[0m  [1m[34mSELECT  1 AS one FROM "toys" WHERE "toys"."name" = $1 AND "toys"."toyable_type" = 'Cat' AND "toys"."toyable_id" = 6 LIMIT $2[0m  [["name", "Omniscient the Fated"], ["LIMIT", 1]]
  [1m[35mSQL (0.6ms)[0m  [1m[32mINSERT INTO "toys" ("name", "toyable_id", "toyable_type", "created_at", "updated_at") VALUES ($1, $2, $3, $4, $5) RETURNING "id"[0m  [["name", "Omniscient the Fated"], ["toyable_id", 6], ["toyable_type", "Cat"], ["created_at", "2019-04-17 18:50:34.556685"], ["updated_at", "2019-04-17 18:50:34.556685"]]
  [1m[35m (0.5ms)[0m  [1m[35mCOMMIT[0m
  [1m[35m (0.2ms)[0m  [1m[35mBEGIN[0m
  [1m[36mCorgi Load (2.8ms)[0m  [1m[34mSELECT  "corgis".* FROM "corgis" WHERE "corgis"."id" = $1 LIMIT $2[0m  [["id", 5], ["LIMIT", 1]]
  [1m[36mToy Exists (25.1ms)[0m  [1m[34mSELECT  1 AS one FROM "toys" WHERE "toys"."name" = $1 AND "toys"."toyable_type" = 'Corgi' AND "toys"."toyable_id" = 5 LIMIT $2[0m  [["name", "Daredevil I"], ["LIMIT", 1]]
  [1m[35mSQL (1.0ms)[0m  [1m[32mINSERT INTO "toys" ("name", "toyable_id", "toyable_type", "created_at", "updated_at") VALUES ($1, $2, $3, $4, $5) RETURNING "id"[0m  [["name", "Daredevil I"], ["toyable_id", 5], ["toyable_type", "Corgi"], ["created_at", "2019-04-17 18:50:34.592256"], ["updated_at", "2019-04-17 18:50:34.592256"]]
  [1m[35m (0.7ms)[0m  [1m[35mCOMMIT[0m
  [1m[35m (0.3ms)[0m  [1m[35mBEGIN[0m
  [1m[36mCorgi Load (0.3ms)[0m  [1m[34mSELECT  "corgis".* FROM "corgis" WHERE "corgis"."id" = $1 LIMIT $2[0m  [["id", 7], ["LIMIT", 1]]
  [1m[36mToy Exists (0.7ms)[0m  [1m[34mSELECT  1 AS one FROM "toys" WHERE "toys"."name" = $1 AND "toys"."toyable_type" = 'Corgi' AND "toys"."toyable_id" = 7 LIMIT $2[0m  [["name", "Dagger"], ["LIMIT", 1]]
  [1m[35mSQL (0.5ms)[0m  [1m[32mINSERT INTO "toys" ("name", "toyable_id", "toyable_type", "created_at", "updated_at") VALUES ($1, $2, $3, $4, $5) RETURNING "id"[0m  [["name", "Dagger"], ["toyable_id", 7], ["toyable_type", "Corgi"], ["created_at", "2019-04-17 18:50:34.601046"], ["updated_at", "2019-04-17 18:50:34.601046"]]
  [1m[35m (0.6ms)[0m  [1m[35mCOMMIT[0m
  [1m[35m (0.2ms)[0m  [1m[35mBEGIN[0m
  [1m[36mCat Load (0.3ms)[0m  [1m[34mSELECT  "cats".* FROM "cats" WHERE "cats"."id" = $1 LIMIT $2[0m  [["id", 8], ["LIMIT", 1]]
  [1m[36mToy Exists (0.7ms)[0m  [1m[34mSELECT  1 AS one FROM "toys" WHERE "toys"."name" = $1 AND "toys"."toyable_type" = 'Cat' AND "toys"."toyable_id" = 8 LIMIT $2[0m  [["name", "ERG"], ["LIMIT", 1]]
  [1m[35mSQL (0.7ms)[0m  [1m[32mINSERT INTO "toys" ("name", "toyable_id", "toyable_type", "created_at", "updated_at") VALUES ($1, $2, $3, $4, $5) RETURNING "id"[0m  [["name", "ERG"], ["toyable_id", 8], ["toyable_type", "Cat"], ["created_at", "2019-04-17 18:50:34.607875"], ["updated_at", "2019-04-17 18:50:34.607875"]]
  [1m[35m (0.5ms)[0m  [1m[35mCOMMIT[0m
  [1m[35m (0.2ms)[0m  [1m[35mBEGIN[0m
  [1m[36mCorgi Load (0.3ms)[0m  [1m[34mSELECT  "corgis".* FROM "corgis" WHERE "corgis"."id" = $1 LIMIT $2[0m  [["id", 8], ["LIMIT", 1]]
  [1m[36mToy Exists (26.1ms)[0m  [1m[34mSELECT  1 AS one FROM "toys" WHERE "toys"."name" = $1 AND "toys"."toyable_type" = 'Corgi' AND "toys"."toyable_id" = 8 LIMIT $2[0m  [["name", "Songbird XI"], ["LIMIT", 1]]
  [1m[35mSQL (0.6ms)[0m  [1m[32mINSERT INTO "toys" ("name", "toyable_id", "toyable_type", "created_at", "updated_at") VALUES ($1, $2, $3, $4, $5) RETURNING "id"[0m  [["name", "Songbird XI"], ["toyable_id", 8], ["toyable_type", "Corgi"], ["created_at", "2019-04-17 18:50:34.641741"], ["updated_at", "2019-04-17 18:50:34.641741"]]
  [1m[35m (0.6ms)[0m  [1m[35mCOMMIT[0m
  [1m[35m (0.3ms)[0m  [1m[35mBEGIN[0m
  [1m[36mCat Load (0.3ms)[0m  [1m[34mSELECT  "cats".* FROM "cats" WHERE "cats"."id" = $1 LIMIT $2[0m  [["id", 10], ["LIMIT", 1]]
  [1m[36mToy Exists (0.6ms)[0m  [1m[34mSELECT  1 AS one FROM "toys" WHERE "toys"."name" = $1 AND "toys"."toyable_type" = 'Cat' AND "toys"."toyable_id" = 10 LIMIT $2[0m  [["name", "Giant Amazo Woman"], ["LIMIT", 1]]
  [1m[35mSQL (0.8ms)[0m  [1m[32mINSERT INTO "toys" ("name", "toyable_id", "toyable_type", "created_at", "updated_at") VALUES ($1, $2, $3, $4, $5) RETURNING "id"[0m  [["name", "Giant Amazo Woman"], ["toyable_id", 10], ["toyable_type", "Cat"], ["created_at", "2019-04-17 18:50:34.649175"], ["updated_at", "2019-04-17 18:50:34.649175"]]
  [1m[35m (0.5ms)[0m  [1m[35mCOMMIT[0m
  [1m[35m (0.2ms)[0m  [1m[35mBEGIN[0m
  [1m[36mCorgi Load (0.5ms)[0m  [1m[34mSELECT  "corgis".* FROM "corgis" WHERE "corgis"."id" = $1 LIMIT $2[0m  [["id", 3], ["LIMIT", 1]]
  [1m[36mToy Exists (0.9ms)[0m  [1m[34mSELECT  1 AS one FROM "toys" WHERE "toys"."name" = $1 AND "toys"."toyable_type" = 'Corgi' AND "toys"."toyable_id" = 3 LIMIT $2[0m  [["name", "Moonstone"], ["LIMIT", 1]]
  [1m[35mSQL (1.0ms)[0m  [1m[32mINSERT INTO "toys" ("name", "toyable_id", "toyable_type", "created_at", "updated_at") VALUES ($1, $2, $3, $4, $5) RETURNING "id"[0m  [["name", "Moonstone"], ["toyable_id", 3], ["toyable_type", "Corgi"], ["created_at", "2019-04-17 18:50:34.657563"], ["updated_at", "2019-04-17 18:50:34.657563"]]
  [1m[35m (0.5ms)[0m  [1m[35mCOMMIT[0m
  [1m[35m (0.2ms)[0m  [1m[35mBEGIN[0m
  [1m[36mCat Load (0.2ms)[0m  [1m[34mSELECT  "cats".* FROM "cats" WHERE "cats"."id" = $1 LIMIT $2[0m  [["id", 4], ["LIMIT", 1]]
  [1m[36mToy Exists (0.7ms)[0m  [1m[34mSELECT  1 AS one FROM "toys" WHERE "toys"."name" = $1 AND "toys"."toyable_type" = 'Cat' AND "toys"."toyable_id" = 4 LIMIT $2[0m  [["name", "Ymir"], ["LIMIT", 1]]
  [1m[35mSQL (25.5ms)[0m  [1m[32mINSERT INTO "toys" ("name", "toyable_id", "toyable_type", "created_at", "updated_at") VALUES ($1, $2, $3, $4, $5) RETURNING "id"[0m  [["name", "Ymir"], ["toyable_id", 4], ["toyable_type", "Cat"], ["created_at", "2019-04-17 18:50:34.665153"], ["updated_at", "2019-04-17 18:50:34.665153"]]
  [1m[35m (0.8ms)[0m  [1m[35mCOMMIT[0m
  [1m[35m (0.6ms)[0m  [1m[35mBEGIN[0m
  [1m[36mCorgi Load (0.4ms)[0m  [1m[34mSELECT  "corgis".* FROM "corgis" WHERE "corgis"."id" = $1 LIMIT $2[0m  [["id", 1], ["LIMIT", 1]]
  [1m[36mToy Exists (1.4ms)[0m  [1m[34mSELECT  1 AS one FROM "toys" WHERE "toys"."name" = $1 AND "toys"."toyable_type" = 'Corgi' AND "toys"."toyable_id" = 1 LIMIT $2[0m  [["name", "Magnificent Ares of Hearts"], ["LIMIT", 1]]
  [1m[35mSQL (0.5ms)[0m  [1m[32mINSERT INTO "toys" ("name", "toyable_id", "toyable_type", "created_at", "updated_at") VALUES ($1, $2, $3, $4, $5) RETURNING "id"[0m  [["name", "Magnificent Ares of Hearts"], ["toyable_id", 1], ["toyable_type", "Corgi"], ["created_at", "2019-04-17 18:50:34.702075"], ["updated_at", "2019-04-17 18:50:34.702075"]]
  [1m[35m (0.6ms)[0m  [1m[35mCOMMIT[0m
  [1m[35m (0.2ms)[0m  [1m[35mBEGIN[0m
  [1m[36mCorgi Load (0.3ms)[0m  [1m[34mSELECT  "corgis".* FROM "corgis" WHERE "corgis"."id" = $1 LIMIT $2[0m  [["id", 4], ["LIMIT", 1]]
  [1m[36mToy Exists (0.6ms)[0m  [1m[34mSELECT  1 AS one FROM "toys" WHERE "toys"."name" = $1 AND "toys"."toyable_type" = 'Corgi' AND "toys"."toyable_id" = 4 LIMIT $2[0m  [["name", "Doctor Quicksilver Lord"], ["LIMIT", 1]]
  [1m[35mSQL (0.8ms)[0m  [1m[32mINSERT INTO "toys" ("name", "toyable_id", "toyable_type", "created_at", "updated_at") VALUES ($1, $2, $3, $4, $5) RETURNING "id"[0m  [["name", "Doctor Quicksilver Lord"], ["toyable_id", 4], ["toyable_type", "Corgi"], ["created_at", "2019-04-17 18:50:34.709103"], ["updated_at", "2019-04-17 18:50:34.709103"]]
  [1m[35m (0.5ms)[0m  [1m[35mCOMMIT[0m
  [1m[35m (0.2ms)[0m  [1m[35mBEGIN[0m
  [1m[36mCat Load (0.3ms)[0m  [1m[34mSELECT  "cats".* FROM "cats" WHERE "cats"."id" = $1 LIMIT $2[0m  [["id", 8], ["LIMIT", 1]]
  [1m[36mToy Exists (25.6ms)[0m  [1m[34mSELECT  1 AS one FROM "toys" WHERE "toys"."name" = $1 AND "toys"."toyable_type" = 'Cat' AND "toys"."toyable_id" = 8 LIMIT $2[0m  [["name", "Beetle Woman"], ["LIMIT", 1]]
  [1m[35mSQL (1.0ms)[0m  [1m[32mINSERT INTO "toys" ("name", "toyable_id", "toyable_type", "created_at", "updated_at") VALUES ($1, $2, $3, $4, $5) RETURNING "id"[0m  [["name", "Beetle Woman"], ["toyable_id", 8], ["toyable_type", "Cat"], ["created_at", "2019-04-17 18:50:34.742179"], ["updated_at", "2019-04-17 18:50:34.742179"]]
  [1m[35m (0.7ms)[0m  [1m[35mCOMMIT[0m
  [1m[35m (0.3ms)[0m  [1m[35mBEGIN[0m
  [1m[36mCorgi Load (0.7ms)[0m  [1m[34mSELECT  "corgis".* FROM "corgis" WHERE "corgis"."id" = $1 LIMIT $2[0m  [["id", 8], ["LIMIT", 1]]
  [1m[36mToy Exists (0.6ms)[0m  [1m[34mSELECT  1 AS one FROM "toys" WHERE "toys"."name" = $1 AND "toys"."toyable_type" = 'Corgi' AND "toys"."toyable_id" = 8 LIMIT $2[0m  [["name", "Mr Spawn I"], ["LIMIT", 1]]
  [1m[35mSQL (0.6ms)[0m  [1m[32mINSERT INTO "toys" ("name", "toyable_id", "toyable_type", "created_at", "updated_at") VALUES ($1, $2, $3, $4, $5) RETURNING "id"[0m  [["name", "Mr Spawn I"], ["toyable_id", 8], ["toyable_type", "Corgi"], ["created_at", "2019-04-17 18:50:34.753123"], ["updated_at", "2019-04-17 18:50:34.753123"]]
  [1m[35m (0.6ms)[0m  [1m[35mCOMMIT[0m
  [1m[35m (0.3ms)[0m  [1m[35mBEGIN[0m
  [1m[36mCat Load (0.3ms)[0m  [1m[34mSELECT  "cats".* FROM "cats" WHERE "cats"."id" = $1 LIMIT $2[0m  [["id", 6], ["LIMIT", 1]]
  [1m[36mToy Exists (0.6ms)[0m  [1m[34mSELECT  1 AS one FROM "toys" WHERE "toys"."name" = $1 AND "toys"."toyable_type" = 'Cat' AND "toys"."toyable_id" = 6 LIMIT $2[0m  [["name", "Granny Goodness"], ["LIMIT", 1]]
  [1m[35mSQL (0.5ms)[0m  [1m[32mINSERT INTO "toys" ("name", "toyable_id", "toyable_type", "created_at", "updated_at") VALUES ($1, $2, $3, $4, $5) RETURNING "id"[0m  [["name", "Granny Goodness"], ["toyable_id", 6], ["toyable_type", "Cat"], ["created_at", "2019-04-17 18:50:34.760917"], ["updated_at", "2019-04-17 18:50:34.760917"]]
  [1m[35m (0.6ms)[0m  [1m[35mCOMMIT[0m
  [1m[35m (0.3ms)[0m  [1m[35mBEGIN[0m
  [1m[36mCorgi Load (25.5ms)[0m  [1m[34mSELECT  "corgis".* FROM "corgis" WHERE "corgis"."id" = $1 LIMIT $2[0m  [["id", 4], ["LIMIT", 1]]
  [1m[36mToy Exists (1.1ms)[0m  [1m[34mSELECT  1 AS one FROM "toys" WHERE "toys"."name" = $1 AND "toys"."toyable_type" = 'Corgi' AND "toys"."toyable_id" = 4 LIMIT $2[0m  [["name", "Quicksilver"], ["LIMIT", 1]]
  [1m[35mSQL (0.8ms)[0m  [1m[32mINSERT INTO "toys" ("name", "toyable_id", "toyable_type", "created_at", "updated_at") VALUES ($1, $2, $3, $4, $5) RETURNING "id"[0m  [["name", "Quicksilver"], ["toyable_id", 4], ["toyable_type", "Corgi"], ["created_at", "2019-04-17 18:50:34.794361"], ["updated_at", "2019-04-17 18:50:34.794361"]]
  [1m[35m (0.9ms)[0m  [1m[35mCOMMIT[0m
  [1m[35m (0.4ms)[0m  [1m[35mBEGIN[0m
  [1m[36mCat Load (0.4ms)[0m  [1m[34mSELECT  "cats".* FROM "cats" WHERE "cats"."id" = $1 LIMIT $2[0m  [["id", 7], ["LIMIT", 1]]
  [1m[36mToy Exists (0.8ms)[0m  [1m[34mSELECT  1 AS one FROM "toys" WHERE "toys"."name" = $1 AND "toys"."toyable_type" = 'Cat' AND "toys"."toyable_id" = 7 LIMIT $2[0m  [["name", "Colin Wagner"], ["LIMIT", 1]]
  [1m[35mSQL (1.0ms)[0m  [1m[32mINSERT INTO "toys" ("name", "toyable_id", "toyable_type", "created_at", "updated_at") VALUES ($1, $2, $3, $4, $5) RETURNING "id"[0m  [["name", "Colin Wagner"], ["toyable_id", 7], ["toyable_type", "Cat"], ["created_at", "2019-04-17 18:50:34.806337"], ["updated_at", "2019-04-17 18:50:34.806337"]]
  [1m[35m (0.6ms)[0m  [1m[35mCOMMIT[0m
  [1m[35m (0.3ms)[0m  [1m[35mBEGIN[0m
  [1m[36mCat Load (0.3ms)[0m  [1m[34mSELECT  "cats".* FROM "cats" WHERE "cats"."id" = $1 LIMIT $2[0m  [["id", 3], ["LIMIT", 1]]
  [1m[36mToy Exists (0.7ms)[0m  [1m[34mSELECT  1 AS one FROM "toys" WHERE "toys"."name" = $1 AND "toys"."toyable_type" = 'Cat' AND "toys"."toyable_id" = 3 LIMIT $2[0m  [["name", "Mr Aztar the Hunter"], ["LIMIT", 1]]
  [1m[35mSQL (25.2ms)[0m  [1m[32mINSERT INTO "toys" ("name", "toyable_id", "toyable_type", "created_at", "updated_at") VALUES ($1, $2, $3, $4, $5) RETURNING "id"[0m  [["name", "Mr Aztar the Hunter"], ["toyable_id", 3], ["toyable_type", "Cat"], ["created_at", "2019-04-17 18:50:34.815211"], ["updated_at", "2019-04-17 18:50:34.815211"]]
  [1m[35m (0.7ms)[0m  [1m[35mCOMMIT[0m
  [1m[35m (0.3ms)[0m  [1m[35mBEGIN[0m
  [1m[36mCorgi Load (0.4ms)[0m  [1m[34mSELECT  "corgis".* FROM "corgis" WHERE "corgis"."id" = $1 LIMIT $2[0m  [["id", 8], ["LIMIT", 1]]
  [1m[36mToy Exists (1.1ms)[0m  [1m[34mSELECT  1 AS one FROM "toys" WHERE "toys"."name" = $1 AND "toys"."toyable_type" = 'Corgi' AND "toys"."toyable_id" = 8 LIMIT $2[0m  [["name", "Spawn"], ["LIMIT", 1]]
  [1m[35mSQL (0.7ms)[0m  [1m[32mINSERT INTO "toys" ("name", "toyable_id", "toyable_type", "created_at", "updated_at") VALUES ($1, $2, $3, $4, $5) RETURNING "id"[0m  [["name", "Spawn"], ["toyable_id", 8], ["toyable_type", "Corgi"], ["created_at", "2019-04-17 18:50:34.850419"], ["updated_at", "2019-04-17 18:50:34.850419"]]
  [1m[35m (0.5ms)[0m  [1m[35mCOMMIT[0m
  [1m[35m (0.2ms)[0m  [1m[35mBEGIN[0m
  [1m[36mCorgi Load (0.3ms)[0m  [1m[34mSELECT  "corgis".* FROM "corgis" WHERE "corgis"."id" = $1 LIMIT $2[0m  [["id", 10], ["LIMIT", 1]]
  [1m[36mToy Exists (0.7ms)[0m  [1m[34mSELECT  1 AS one FROM "toys" WHERE "toys"."name" = $1 AND "toys"."toyable_type" = 'Corgi' AND "toys"."toyable_id" = 10 LIMIT $2[0m  [["name", "Winter Soldier I"], ["LIMIT", 1]]
  [1m[35mSQL (0.8ms)[0m  [1m[32mINSERT INTO "toys" ("name", "toyable_id", "toyable_type", "created_at", "updated_at") VALUES ($1, $2, $3, $4, $5) RETURNING "id"[0m  [["name", "Winter Soldier I"], ["toyable_id", 10], ["toyable_type", "Corgi"], ["created_at", "2019-04-17 18:50:34.858385"], ["updated_at", "2019-04-17 18:50:34.858385"]]
  [1m[35m (0.5ms)[0m  [1m[35mCOMMIT[0m
  [1m[35m (0.2ms)[0m  [1m[35mBEGIN[0m
  [1m[36mCat Load (0.3ms)[0m  [1m[34mSELECT  "cats".* FROM "cats" WHERE "cats"."id" = $1 LIMIT $2[0m  [["id", 10], ["LIMIT", 1]]
  [1m[36mToy Exists (0.7ms)[0m  [1m[34mSELECT  1 AS one FROM "toys" WHERE "toys"."name" = $1 AND "toys"."toyable_type" = 'Cat' AND "toys"."toyable_id" = 10 LIMIT $2[0m  [["name", "Cyborg Booster Gold Spirit"], ["LIMIT", 1]]
  [1m[35mSQL (25.3ms)[0m  [1m[32mINSERT INTO "toys" ("name", "toyable_id", "toyable_type", "created_at", "updated_at") VALUES ($1, $2, $3, $4, $5) RETURNING "id"[0m  [["name", "Cyborg Booster Gold Spirit"], ["toyable_id", 10], ["toyable_type", "Cat"], ["created_at", "2019-04-17 18:50:34.864909"], ["updated_at", "2019-04-17 18:50:34.864909"]]
  [1m[35m (1.1ms)[0m  [1m[35mCOMMIT[0m
  [1m[35m (0.4ms)[0m  [1m[35mBEGIN[0m
  [1m[36mCat Load (0.5ms)[0m  [1m[34mSELECT  "cats".* FROM "cats" WHERE "cats"."id" = $1 LIMIT $2[0m  [["id", 5], ["LIMIT", 1]]
  [1m[36mToy Exists (0.7ms)[0m  [1m[34mSELECT  1 AS one FROM "toys" WHERE "toys"."name" = $1 AND "toys"."toyable_type" = 'Cat' AND "toys"."toyable_id" = 5 LIMIT $2[0m  [["name", "The Metron Woman"], ["LIMIT", 1]]
  [1m[35mSQL (0.5ms)[0m  [1m[32mINSERT INTO "toys" ("name", "toyable_id", "toyable_type", "created_at", "updated_at") VALUES ($1, $2, $3, $4, $5) RETURNING "id"[0m  [["name", "The Metron Woman"], ["toyable_id", 5], ["toyable_type", "Cat"], ["created_at", "2019-04-17 18:50:34.902591"], ["updated_at", "2019-04-17 18:50:34.902591"]]
  [1m[35m (0.5ms)[0m  [1m[35mCOMMIT[0m
  [1m[35m (0.3ms)[0m  [1m[35mBEGIN[0m
  [1m[36mCat Load (0.5ms)[0m  [1m[34mSELECT  "cats".* FROM "cats" WHERE "cats"."id" = $1 LIMIT $2[0m  [["id", 10], ["LIMIT", 1]]
  [1m[36mToy Exists (0.9ms)[0m  [1m[34mSELECT  1 AS one FROM "toys" WHERE "toys"."name" = $1 AND "toys"."toyable_type" = 'Cat' AND "toys"."toyable_id" = 10 LIMIT $2[0m  [["name", "Tiger Shark Eyes"], ["LIMIT", 1]]
  [1m[35mSQL (0.6ms)[0m  [1m[32mINSERT INTO "toys" ("name", "toyable_id", "toyable_type", "created_at", "updated_at") VALUES ($1, $2, $3, $4, $5) RETURNING "id"[0m  [["name", "Tiger Shark Eyes"], ["toyable_id", 10], ["toyable_type", "Cat"], ["created_at", "2019-04-17 18:50:34.911319"], ["updated_at", "2019-04-17 18:50:34.911319"]]
  [1m[35m (0.5ms)[0m  [1m[35mCOMMIT[0m
  [1m[35m (0.2ms)[0m  [1m[35mBEGIN[0m
  [1m[36mCat Load (25.4ms)[0m  [1m[34mSELECT  "cats".* FROM "cats" WHERE "cats"."id" = $1 LIMIT $2[0m  [["id", 8], ["LIMIT", 1]]
  [1m[36mToy Exists (1.0ms)[0m  [1m[34mSELECT  1 AS one FROM "toys" WHERE "toys"."name" = $1 AND "toys"."toyable_type" = 'Cat' AND "toys"."toyable_id" = 8 LIMIT $2[0m  [["name", "T III"], ["LIMIT", 1]]
  [1m[35mSQL (0.9ms)[0m  [1m[32mINSERT INTO "toys" ("name", "toyable_id", "toyable_type", "created_at", "updated_at") VALUES ($1, $2, $3, $4, $5) RETURNING "id"[0m  [["name", "T III"], ["toyable_id", 8], ["toyable_type", "Cat"], ["created_at", "2019-04-17 18:50:34.944691"], ["updated_at", "2019-04-17 18:50:34.944691"]]
  [1m[35m (0.8ms)[0m  [1m[35mCOMMIT[0m
  [1m[36mToy Load (1.8ms)[0m  [1m[34mSELECT  "toys".* FROM "toys" LIMIT $1[0m  [["LIMIT", 11]]
  [1m[36mToy Load (1.7ms)[0m  [1m[34mSELECT "toys".* FROM "toys"[0m
  [1m[36mToy Load (0.4ms)[0m  [1m[34mSELECT  "toys".* FROM "toys" LIMIT $1[0m  [["LIMIT", 11]]
  [1m[36mToy Load (0.7ms)[0m  [1m[34mSELECT "toys".* FROM "toys"[0m
  [1m[36mCat Load (1.1ms)[0m  [1m[34mSELECT  "cats".* FROM "cats" WHERE "cats"."id" = $1 LIMIT $2[0m  [["id", 3], ["LIMIT", 1]]
  [1m[36mToy Load (0.6ms)[0m  [1m[34mSELECT "toys".* FROM "toys" WHERE "toys"."toyable_id" = $1 AND "toys"."toyable_type" = $2[0m  [["toyable_id", 3], ["toyable_type", "Cat"]]
  [1m[36mCorgi Load (1.2ms)[0m  [1m[34mSELECT  "corgis".* FROM "corgis" WHERE "corgis"."id" = $1 LIMIT $2[0m  [["id", 3], ["LIMIT", 1]]
  [1m[36mToy Load (0.5ms)[0m  [1m[34mSELECT "toys".* FROM "toys" WHERE "toys"."toyable_id" = $1 AND "toys"."toyable_type" = $2[0m  [["toyable_id", 3], ["toyable_type", "Corgi"]]
  [1m[36mToy Load (0.6ms)[0m  [1m[34mSELECT  "toys".* FROM "toys" WHERE "toys"."id" = $1 LIMIT $2[0m  [["id", 4], ["LIMIT", 1]]
  [1m[36mCorgi Load (16.4ms)[0m  [1m[34mSELECT  "corgis".* FROM "corgis" WHERE "corgis"."id" = $1 LIMIT $2[0m  [["id", 8], ["LIMIT", 1]]
  [1m[36mToy Load (0.6ms)[0m  [1m[34mSELECT  "toys".* FROM "toys" WHERE "toys"."id" = $1 AND "toys"."toyable_id" = $2 AND "toys"."toyable_type" = $3 LIMIT $4[0m  [["id", 5], ["toyable_id", 3], ["toyable_type", "corgis"], ["LIMIT", 1]]
  [1m[36mToy Load (0.6ms)[0m  [1m[34mSELECT  "toys".* FROM "toys" WHERE "toys"."id" = $1 AND "toys"."toyable_id" = $2 AND "toys"."toyable_type" = $3 LIMIT $4[0m  [["id", 5], ["toyable_id", 3], ["toyable_type", "cats"], ["LIMIT", 1]]
  [1m[36mToy Load (0.5ms)[0m  [1m[34mSELECT  "toys".* FROM "toys" WHERE "toys"."id" = $1 AND "toys"."toyable_id" = $2 LIMIT $3[0m  [["id", 5], ["toyable_id", 3], ["LIMIT", 1]]
  [1m[36mToy Load (0.6ms)[0m  [1m[34mSELECT  "toys".* FROM "toys" WHERE "toys"."id" = $1 AND "toys"."toyable_id" = $2 LIMIT $3[0m  [["id", 5], ["toyable_id", 5], ["LIMIT", 1]]
  [1m[36mToy Load (0.9ms)[0m  [1m[34mSELECT  "toys".* FROM "toys" WHERE "toys"."id" = $1 AND "toys"."toyable_id" = $2 LIMIT $3[0m  [["id", 5], ["toyable_id", 7], ["LIMIT", 1]]
  [1m[36mToy Load (0.6ms)[0m  [1m[34mSELECT "toys".* FROM "toys"[0m
  [1m[36mToy Load (0.5ms)[0m  [1m[34mSELECT  "toys".* FROM "toys" WHERE "toys"."toyable_id" = $1 AND "toys"."toyable_type" = $2 LIMIT $3[0m  [["toyable_id", 7], ["toyable_type", "Cat"], ["LIMIT", 1]]
  [1m[36mToy Load (14.7ms)[0m  [1m[34mSELECT  "toys".* FROM "toys" WHERE "toys"."name" = $1 LIMIT $2[0m  [["name", "ball"], ["LIMIT", 1]]
  [1m[35m (1.3ms)[0m  [1m[35mBEGIN[0m
  [1m[36mToy Exists (4.8ms)[0m  [1m[34mSELECT  1 AS one FROM "toys" WHERE "toys"."name" = $1 AND "toys"."toyable_id" IS NULL LIMIT $2[0m  [["name", "ball"], ["LIMIT", 1]]
  [1m[35m (4.4ms)[0m  [1m[31mROLLBACK[0m
  [1m[36mToy Load (3.9ms)[0m  [1m[34mSELECT "toys".* FROM "toys"[0m
  [1m[36mToy Load (2.1ms)[0m  [1m[34mSELECT  "toys".* FROM "toys" WHERE "toys"."name" = $1 LIMIT $2[0m  [["name", "Deadpool Wolf"], ["LIMIT", 1]]
  [1m[36mToy Load (0.7ms)[0m  [1m[34mSELECT "toys".* FROM "toys"[0m
  [1m[36mToy Load (0.6ms)[0m  [1m[34mSELECT  "toys".* FROM "toys" WHERE "toys"."name" = $1 LIMIT $2[0m  [["name", "ball"], ["LIMIT", 1]]
  [1m[35m (0.3ms)[0m  [1m[35mBEGIN[0m
  [1m[36mToy Exists (0.6ms)[0m  [1m[34mSELECT  1 AS one FROM "toys" WHERE "toys"."name" = $1 AND "toys"."toyable_id" IS NULL LIMIT $2[0m  [["name", "ball"], ["LIMIT", 1]]
  [1m[35m (0.2ms)[0m  [1m[31mROLLBACK[0m
  [1m[36mToy Load (1.7ms)[0m  [1m[34mSELECT  "toys".* FROM "toys" ORDER BY "toys"."id" ASC LIMIT $1[0m  [["LIMIT", 1]]
  [1m[36mToy Load (0.7ms)[0m  [1m[34mSELECT  "toys".* FROM "toys" WHERE "toys"."name" = $1 LIMIT $2[0m  [["name", "ball"], ["LIMIT", 1]]
  [1m[35m (0.4ms)[0m  [1m[35mBEGIN[0m
  [1m[36mToy Exists (0.6ms)[0m  [1m[34mSELECT  1 AS one FROM "toys" WHERE "toys"."name" = $1 AND "toys"."toyable_id" IS NULL LIMIT $2[0m  [["name", "ball"], ["LIMIT", 1]]
  [1m[35m (0.3ms)[0m  [1m[31mROLLBACK[0m
  [1m[35m (11.8ms)[0m  [1m[35mBEGIN[0m
  [1m[36mToy Exists (0.6ms)[0m  [1m[34mSELECT  1 AS one FROM "toys" WHERE "toys"."name" = $1 AND "toys"."toyable_id" IS NULL LIMIT $2[0m  [["name", "ball"], ["LIMIT", 1]]
  [1m[35m (0.3ms)[0m  [1m[31mROLLBACK[0m
  [1m[36mCat Load (6.8ms)[0m  [1m[34mSELECT "cats".* FROM "cats"[0m
  [1m[36mCat Load (0.4ms)[0m  [1m[34mSELECT  "cats".* FROM "cats" ORDER BY "cats"."id" ASC LIMIT $1[0m  [["LIMIT", 1]]
  [1m[36mToy Load (1.8ms)[0m  [1m[34mSELECT "toys".* FROM "toys" WHERE "toys"."toyable_id" = $1 AND "toys"."toyable_type" = $2[0m  [["toyable_id", 1], ["toyable_type", "Cat"]]
  [1m[36mToy Load (0.6ms)[0m  [1m[34mSELECT  "toys".* FROM "toys" WHERE "toys"."name" = $1 AND "toys"."toyable_id" = $2 LIMIT $3[0m  [["name", "ball"], ["toyable_id", 1], ["LIMIT", 1]]
  [1m[35m (0.2ms)[0m  [1m[35mBEGIN[0m
  [1m[36mToy Exists (0.9ms)[0m  [1m[34mSELECT  1 AS one FROM "toys" WHERE "toys"."name" = $1 AND "toys"."toyable_id" IS NULL LIMIT $2[0m  [["name", "ball"], ["LIMIT", 1]]
  [1m[35m (0.2ms)[0m  [1m[31mROLLBACK[0m
  [1m[35m (0.2ms)[0m  [1m[35mBEGIN[0m
  [1m[36mCat Load (0.3ms)[0m  [1m[34mSELECT  "cats".* FROM "cats" WHERE "cats"."id" = $1 LIMIT $2[0m  [["id", 1], ["LIMIT", 1]]
  [1m[36mToy Exists (2.1ms)[0m  [1m[34mSELECT  1 AS one FROM "toys" WHERE "toys"."name" = $1 AND "toys"."toyable_type" = 'Cat' AND "toys"."toyable_id" = 1 LIMIT $2[0m  [["name", "ball"], ["LIMIT", 1]]
  [1m[35mSQL (21.4ms)[0m  [1m[32mINSERT INTO "toys" ("name", "toyable_id", "toyable_type", "created_at", "updated_at") VALUES ($1, $2, $3, $4, $5) RETURNING "id"[0m  [["name", "ball"], ["toyable_id", 1], ["toyable_type", "Cat"], ["created_at", "2019-04-18 15:31:17.834284"], ["updated_at", "2019-04-18 15:31:17.834284"]]
  [1m[35m (1.6ms)[0m  [1m[35mCOMMIT[0m
