Started GET "/session/new" for ::1 at 2019-04-11 19:56:28 -0700
  [1m[35m (7.4ms)[0m  [1m[34mSELECT "schema_migrations"."version" FROM "schema_migrations" ORDER BY "schema_migrations"."version" ASC[0m

ActiveRecord::PendingMigrationError - Migrations are pending. To resolve this issue, run:

        bin/rails db:migrate RAILS_ENV=development

:

Started POST "/__better_errors/9245d859729692d0/variables" for ::1 at 2019-04-11 19:56:29 -0700
  [1m[35m (3.3ms)[0m  [1m[35mCREATE DATABASE "ninety_nine_cats_development" ENCODING = 'unicode'[0m
  [1m[35m (0.9ms)[0m  [1m[35mCREATE DATABASE "ninety_nine_cats_test" ENCODING = 'unicode'[0m
  [1m[35m (2.1ms)[0m  [1m[34mSELECT "schema_migrations"."version" FROM "schema_migrations" ORDER BY "schema_migrations"."version" ASC[0m
  [1m[35m (20.3ms)[0m  [1m[34mSELECT "ar_internal_metadata"."value" FROM "ar_internal_metadata" WHERE "ar_internal_metadata"."key" = $1[0m  [["key", "environment"]]
  [1m[35m (0.6ms)[0m  [1m[34mSELECT "schema_migrations"."version" FROM "schema_migrations" ORDER BY "schema_migrations"."version" ASC[0m
  [1m[35m (0.4ms)[0m  [1m[34mSELECT "ar_internal_metadata"."value" FROM "ar_internal_metadata" WHERE "ar_internal_metadata"."key" = $1[0m  [["key", "environment"]]
  [1m[35m (0.4ms)[0m  [1m[34mSELECT "schema_migrations"."version" FROM "schema_migrations" ORDER BY "schema_migrations"."version" ASC[0m
  [1m[35m (0.3ms)[0m  [1m[34mSELECT "ar_internal_metadata"."value" FROM "ar_internal_metadata" WHERE "ar_internal_metadata"."key" = $1[0m  [["key", "environment"]]
  [1m[35mSQL (6.7ms)[0m  [1m[35mCREATE EXTENSION IF NOT EXISTS "plpgsql"[0m
  [1m[35m (45.6ms)[0m  [1m[35mDROP TABLE IF EXISTS "cat_rental_requests" CASCADE[0m
  [1m[35m (66.4ms)[0m  [1m[35mCREATE TABLE "cat_rental_requests" ("id" bigserial primary key, "cat_id" integer NOT NULL, "end_date" date NOT NULL, "start_date" date NOT NULL, "status" character varying NOT NULL, "created_at" timestamp NOT NULL, "updated_at" timestamp NOT NULL, "user_id" integer NOT NULL)[0m
  [1m[35m (3.6ms)[0m  [1m[35mCREATE  INDEX  "index_cat_rental_requests_on_cat_id" ON "cat_rental_requests"  ("cat_id")[0m
  [1m[35m (2.0ms)[0m  [1m[35mCREATE  INDEX  "index_cat_rental_requests_on_user_id" ON "cat_rental_requests"  ("user_id")[0m
  [1m[35m (9.0ms)[0m  [1m[35mDROP TABLE IF EXISTS "cats" CASCADE[0m
  [1m[35m (22.2ms)[0m  [1m[35mCREATE TABLE "cats" ("id" bigserial primary key, "birth_date" date NOT NULL, "color" character varying NOT NULL, "name" character varying NOT NULL, "sex" character varying(1) NOT NULL, "description" text, "created_at" timestamp NOT NULL, "updated_at" timestamp NOT NULL, "user_id" integer NOT NULL)[0m
  [1m[35m (1.6ms)[0m  [1m[35mCREATE  INDEX  "index_cats_on_user_id" ON "cats"  ("user_id")[0m
  [1m[35m (10.8ms)[0m  [1m[35mDROP TABLE IF EXISTS "users" CASCADE[0m
  [1m[35m (8.4ms)[0m  [1m[35mCREATE TABLE "users" ("id" bigserial primary key, "password_digest" character varying NOT NULL, "session_token" character varying NOT NULL, "username" character varying NOT NULL, "created_at" timestamp NOT NULL, "updated_at" timestamp NOT NULL)[0m
  [1m[35m (21.2ms)[0m  [1m[35mCREATE UNIQUE INDEX  "index_users_on_session_token" ON "users"  ("session_token")[0m
  [1m[35m (2.1ms)[0m  [1m[35mCREATE UNIQUE INDEX  "index_users_on_username" ON "users"  ("username")[0m
  [1m[35m (2.3ms)[0m  [1m[34mSELECT "schema_migrations"."version" FROM "schema_migrations" ORDER BY "schema_migrations"."version" ASC[0m
  [1m[35m (4.6ms)[0m  [1m[32mINSERT INTO "schema_migrations" (version) VALUES
(20170714033951),
(20170714042324),
(20170714042032),
(20170714033817);

[0m
  [1m[36mActiveRecord::InternalMetadata Load (2.4ms)[0m  [1m[34mSELECT  "ar_internal_metadata".* FROM "ar_internal_metadata" WHERE "ar_internal_metadata"."key" = $1 LIMIT $2[0m  [["key", "environment"], ["LIMIT", 1]]
  [1m[35m (16.6ms)[0m  [1m[35mBEGIN[0m
  [1m[35m (0.2ms)[0m  [1m[35mCOMMIT[0m
  [1m[36mActiveRecord::InternalMetadata Load (0.3ms)[0m  [1m[34mSELECT  "ar_internal_metadata".* FROM "ar_internal_metadata" WHERE "ar_internal_metadata"."key" = $1 LIMIT $2[0m  [["key", "environment"], ["LIMIT", 1]]
  [1m[35m (0.1ms)[0m  [1m[35mBEGIN[0m
  [1m[35m (0.1ms)[0m  [1m[35mCOMMIT[0m
  [1m[35mSQL (3.6ms)[0m  [1m[35mCREATE EXTENSION IF NOT EXISTS "plpgsql"[0m
  [1m[35m (38.1ms)[0m  [1m[35mDROP TABLE IF EXISTS "cat_rental_requests" CASCADE[0m
  [1m[35m (51.5ms)[0m  [1m[35mCREATE TABLE "cat_rental_requests" ("id" bigserial primary key, "cat_id" integer NOT NULL, "end_date" date NOT NULL, "start_date" date NOT NULL, "status" character varying NOT NULL, "created_at" timestamp NOT NULL, "updated_at" timestamp NOT NULL, "user_id" integer NOT NULL)[0m
  [1m[35m (2.5ms)[0m  [1m[35mCREATE  INDEX  "index_cat_rental_requests_on_cat_id" ON "cat_rental_requests"  ("cat_id")[0m
  [1m[35m (1.8ms)[0m  [1m[35mCREATE  INDEX  "index_cat_rental_requests_on_user_id" ON "cat_rental_requests"  ("user_id")[0m
  [1m[35m (19.8ms)[0m  [1m[35mDROP TABLE IF EXISTS "cats" CASCADE[0m
  [1m[35m (7.2ms)[0m  [1m[35mCREATE TABLE "cats" ("id" bigserial primary key, "birth_date" date NOT NULL, "color" character varying NOT NULL, "name" character varying NOT NULL, "sex" character varying(1) NOT NULL, "description" text, "created_at" timestamp NOT NULL, "updated_at" timestamp NOT NULL, "user_id" integer NOT NULL)[0m
  [1m[35m (1.6ms)[0m  [1m[35mCREATE  INDEX  "index_cats_on_user_id" ON "cats"  ("user_id")[0m
  [1m[35m (0.6ms)[0m  [1m[35mDROP TABLE IF EXISTS "users" CASCADE[0m
  [1m[35m (9.6ms)[0m  [1m[35mCREATE TABLE "users" ("id" bigserial primary key, "password_digest" character varying NOT NULL, "session_token" character varying NOT NULL, "username" character varying NOT NULL, "created_at" timestamp NOT NULL, "updated_at" timestamp NOT NULL)[0m
  [1m[35m (3.6ms)[0m  [1m[35mCREATE UNIQUE INDEX  "index_users_on_session_token" ON "users"  ("session_token")[0m
  [1m[35m (1.7ms)[0m  [1m[35mCREATE UNIQUE INDEX  "index_users_on_username" ON "users"  ("username")[0m
  [1m[35m (2.5ms)[0m  [1m[34mSELECT "schema_migrations"."version" FROM "schema_migrations" ORDER BY "schema_migrations"."version" ASC[0m
  [1m[35m (1.1ms)[0m  [1m[32mINSERT INTO "schema_migrations" (version) VALUES
(20170714033951),
(20170714042324),
(20170714042032),
(20170714033817);

[0m
  [1m[36mActiveRecord::InternalMetadata Load (1.5ms)[0m  [1m[34mSELECT  "ar_internal_metadata".* FROM "ar_internal_metadata" WHERE "ar_internal_metadata"."key" = $1 LIMIT $2[0m  [["key", "environment"], ["LIMIT", 1]]
  [1m[35m (0.1ms)[0m  [1m[35mBEGIN[0m
  [1m[36mActiveRecord::InternalMetadata Update (1.6ms)[0m  [1m[33mUPDATE "ar_internal_metadata" SET "value" = $1, "updated_at" = $2 WHERE "ar_internal_metadata"."key" = $3[0m  [["value", "development"], ["updated_at", "2019-04-12 02:56:57.198124"], ["key", "environment"]]
  [1m[35m (0.5ms)[0m  [1m[35mCOMMIT[0m
  [1m[36mActiveRecord::InternalMetadata Load (0.3ms)[0m  [1m[34mSELECT  "ar_internal_metadata".* FROM "ar_internal_metadata" WHERE "ar_internal_metadata"."key" = $1 LIMIT $2[0m  [["key", "environment"], ["LIMIT", 1]]
  [1m[35m (0.1ms)[0m  [1m[35mBEGIN[0m
  [1m[36mActiveRecord::InternalMetadata Update (0.4ms)[0m  [1m[33mUPDATE "ar_internal_metadata" SET "value" = $1, "updated_at" = $2 WHERE "ar_internal_metadata"."key" = $3[0m  [["value", "test"], ["updated_at", "2019-04-12 02:56:57.203604"], ["key", "environment"]]
  [1m[35m (0.4ms)[0m  [1m[35mCOMMIT[0m
  [1m[35m (1.2ms)[0m  [1m[34mSELECT "schema_migrations"."version" FROM "schema_migrations" ORDER BY "schema_migrations"."version" ASC[0m
  [1m[35m (2.3ms)[0m  [1m[35mBEGIN[0m
  [1m[36mUser Exists (0.9ms)[0m  [1m[34mSELECT  1 AS one FROM "users" WHERE "users"."username" = $1 LIMIT $2[0m  [["username", "Yoshiko Bruen Sr."], ["LIMIT", 1]]
  [1m[36mUser Exists (0.3ms)[0m  [1m[34mSELECT  1 AS one FROM "users" WHERE "users"."session_token" = $1 LIMIT $2[0m  [["session_token", "GlIvilwFyFB7-Kw9g1YJQg"], ["LIMIT", 1]]
  [1m[36mUser Create (1.0ms)[0m  [1m[32mINSERT INTO "users" ("password_digest", "session_token", "username", "created_at", "updated_at") VALUES ($1, $2, $3, $4, $5) RETURNING "id"[0m  [["password_digest", "$2a$10$lg19uACZxN1c7do5YFVGRuSe5BERlDhdJcB5PaOQFP.BAsDtdaKfK"], ["session_token", "GlIvilwFyFB7-Kw9g1YJQg"], ["username", "Yoshiko Bruen Sr."], ["created_at", "2019-04-12 02:56:58.485369"], ["updated_at", "2019-04-12 02:56:58.485369"]]
  [1m[35m (1.0ms)[0m  [1m[35mCOMMIT[0m
  [1m[35m (0.2ms)[0m  [1m[35mBEGIN[0m
  [1m[36mUser Load (0.8ms)[0m  [1m[34mSELECT  "users".* FROM "users" WHERE "users"."id" = $1 LIMIT $2[0m  [["id", 1], ["LIMIT", 1]]
  [1m[36mCat Create (1.6ms)[0m  [1m[32mINSERT INTO "cats" ("birth_date", "color", "name", "sex", "description", "created_at", "updated_at", "user_id") VALUES ($1, $2, $3, $4, $5, $6, $7, $8) RETURNING "id"[0m  [["birth_date", "2009-08-06"], ["color", "white"], ["name", "meh"], ["sex", "F"], ["description", "Godard mustache sustainable flannel."], ["created_at", "2019-04-12 02:56:58.536050"], ["updated_at", "2019-04-12 02:56:58.536050"], ["user_id", 1]]
  [1m[35m (0.5ms)[0m  [1m[35mCOMMIT[0m
  [1m[35m (0.2ms)[0m  [1m[35mBEGIN[0m
  [1m[36mUser Exists (0.3ms)[0m  [1m[34mSELECT  1 AS one FROM "users" WHERE "users"."username" = $1 LIMIT $2[0m  [["username", "Salvador Renner"], ["LIMIT", 1]]
  [1m[36mUser Exists (0.2ms)[0m  [1m[34mSELECT  1 AS one FROM "users" WHERE "users"."session_token" = $1 LIMIT $2[0m  [["session_token", "SGbBkUib1UUB2Jb065Q7Dw"], ["LIMIT", 1]]
  [1m[36mUser Create (0.3ms)[0m  [1m[32mINSERT INTO "users" ("password_digest", "session_token", "username", "created_at", "updated_at") VALUES ($1, $2, $3, $4, $5) RETURNING "id"[0m  [["password_digest", "$2a$10$f/0rTZKG35vr9R1NO0XbV.KZ5HxjYo0zeKVAazfQrcGWXEm3FSa1G"], ["session_token", "SGbBkUib1UUB2Jb065Q7Dw"], ["username", "Salvador Renner"], ["created_at", "2019-04-12 02:56:58.610809"], ["updated_at", "2019-04-12 02:56:58.610809"]]
  [1m[35m (0.9ms)[0m  [1m[35mCOMMIT[0m
  [1m[35m (0.2ms)[0m  [1m[35mBEGIN[0m
  [1m[36mUser Load (0.3ms)[0m  [1m[34mSELECT  "users".* FROM "users" WHERE "users"."id" = $1 LIMIT $2[0m  [["id", 2], ["LIMIT", 1]]
  [1m[36mCat Create (0.5ms)[0m  [1m[32mINSERT INTO "cats" ("birth_date", "color", "name", "sex", "description", "created_at", "updated_at", "user_id") VALUES ($1, $2, $3, $4, $5, $6, $7, $8) RETURNING "id"[0m  [["birth_date", "2014-05-27"], ["color", "white"], ["name", "bitters"], ["sex", "F"], ["description", "Scenester kickstarter post-ironic pbr&b helvetica disrupt portland."], ["created_at", "2019-04-12 02:56:58.614971"], ["updated_at", "2019-04-12 02:56:58.614971"], ["user_id", 2]]
  [1m[35m (0.4ms)[0m  [1m[35mCOMMIT[0m
  [1m[35m (1.3ms)[0m  [1m[35mBEGIN[0m
  [1m[36mUser Exists (0.4ms)[0m  [1m[34mSELECT  1 AS one FROM "users" WHERE "users"."username" = $1 LIMIT $2[0m  [["username", "Mr. Tommie Greenholt"], ["LIMIT", 1]]
  [1m[36mUser Exists (0.2ms)[0m  [1m[34mSELECT  1 AS one FROM "users" WHERE "users"."session_token" = $1 LIMIT $2[0m  [["session_token", "gHYuDp8FUEOWoV4fPt_7fQ"], ["LIMIT", 1]]
  [1m[36mUser Create (0.3ms)[0m  [1m[32mINSERT INTO "users" ("password_digest", "session_token", "username", "created_at", "updated_at") VALUES ($1, $2, $3, $4, $5) RETURNING "id"[0m  [["password_digest", "$2a$10$2JdgVXXhwkK9LmeoNExYbOd2lZ7l2XU2VsyBeM7iTdAzpvyDfjjcO"], ["session_token", "gHYuDp8FUEOWoV4fPt_7fQ"], ["username", "Mr. Tommie Greenholt"], ["created_at", "2019-04-12 02:56:58.684222"], ["updated_at", "2019-04-12 02:56:58.684222"]]
  [1m[35m (0.9ms)[0m  [1m[35mCOMMIT[0m
  [1m[35m (0.2ms)[0m  [1m[35mBEGIN[0m
  [1m[36mUser Load (0.4ms)[0m  [1m[34mSELECT  "users".* FROM "users" WHERE "users"."id" = $1 LIMIT $2[0m  [["id", 3], ["LIMIT", 1]]
  [1m[36mCat Create (0.3ms)[0m  [1m[32mINSERT INTO "cats" ("birth_date", "color", "name", "sex", "description", "created_at", "updated_at", "user_id") VALUES ($1, $2, $3, $4, $5, $6, $7, $8) RETURNING "id"[0m  [["birth_date", "2012-04-30"], ["color", "black"], ["name", "cleanse"], ["sex", "F"], ["description", "Plaid selfies locavore chillwave gluten-free 8-bit."], ["created_at", "2019-04-12 02:56:58.688311"], ["updated_at", "2019-04-12 02:56:58.688311"], ["user_id", 3]]
  [1m[35m (0.5ms)[0m  [1m[35mCOMMIT[0m
  [1m[35m (0.2ms)[0m  [1m[35mBEGIN[0m
  [1m[36mUser Exists (0.3ms)[0m  [1m[34mSELECT  1 AS one FROM "users" WHERE "users"."username" = $1 LIMIT $2[0m  [["username", "Paola Considine"], ["LIMIT", 1]]
  [1m[36mUser Exists (0.2ms)[0m  [1m[34mSELECT  1 AS one FROM "users" WHERE "users"."session_token" = $1 LIMIT $2[0m  [["session_token", "k17Opak9kPRpxGdWHfGj7g"], ["LIMIT", 1]]
  [1m[36mUser Create (0.3ms)[0m  [1m[32mINSERT INTO "users" ("password_digest", "session_token", "username", "created_at", "updated_at") VALUES ($1, $2, $3, $4, $5) RETURNING "id"[0m  [["password_digest", "$2a$10$ADoUB.bbpcNlCICKUcZMcuNrIQqxrNG12VSysOnZvRrxAIXdtFlxy"], ["session_token", "k17Opak9kPRpxGdWHfGj7g"], ["username", "Paola Considine"], ["created_at", "2019-04-12 02:56:58.756199"], ["updated_at", "2019-04-12 02:56:58.756199"]]
  [1m[35m (0.9ms)[0m  [1m[35mCOMMIT[0m
  [1m[35m (0.2ms)[0m  [1m[35mBEGIN[0m
  [1m[36mUser Load (0.3ms)[0m  [1m[34mSELECT  "users".* FROM "users" WHERE "users"."id" = $1 LIMIT $2[0m  [["id", 4], ["LIMIT", 1]]
  [1m[36mCat Create (0.4ms)[0m  [1m[32mINSERT INTO "cats" ("birth_date", "color", "name", "sex", "description", "created_at", "updated_at", "user_id") VALUES ($1, $2, $3, $4, $5, $6, $7, $8) RETURNING "id"[0m  [["birth_date", "2009-10-06"], ["color", "brown"], ["name", "williamsburg"], ["sex", "M"], ["description", "Whatever blog synth vinegar umami marfa park."], ["created_at", "2019-04-12 02:56:58.760387"], ["updated_at", "2019-04-12 02:56:58.760387"], ["user_id", 4]]
  [1m[35m (0.4ms)[0m  [1m[35mCOMMIT[0m
  [1m[35m (6.5ms)[0m  [1m[35mBEGIN[0m
  [1m[36mUser Exists (0.6ms)[0m  [1m[34mSELECT  1 AS one FROM "users" WHERE "users"."username" = $1 LIMIT $2[0m  [["username", "Leanora Rolfson II"], ["LIMIT", 1]]
  [1m[36mUser Exists (0.4ms)[0m  [1m[34mSELECT  1 AS one FROM "users" WHERE "users"."session_token" = $1 LIMIT $2[0m  [["session_token", "weCEEkLEZuFkBKbH-EK_kg"], ["LIMIT", 1]]
  [1m[36mUser Create (0.5ms)[0m  [1m[32mINSERT INTO "users" ("password_digest", "session_token", "username", "created_at", "updated_at") VALUES ($1, $2, $3, $4, $5) RETURNING "id"[0m  [["password_digest", "$2a$10$.6GBZd.BrlBpUnidra59OeHmBfZk6SCVK5jDOAgf32uLIHq3auera"], ["session_token", "weCEEkLEZuFkBKbH-EK_kg"], ["username", "Leanora Rolfson II"], ["created_at", "2019-04-12 02:56:58.835343"], ["updated_at", "2019-04-12 02:56:58.835343"]]
  [1m[35m (1.0ms)[0m  [1m[35mCOMMIT[0m
  [1m[35m (0.2ms)[0m  [1m[35mBEGIN[0m
  [1m[36mUser Load (0.6ms)[0m  [1m[34mSELECT  "users".* FROM "users" WHERE "users"."id" = $1 LIMIT $2[0m  [["id", 5], ["LIMIT", 1]]
  [1m[36mCat Create (0.4ms)[0m  [1m[32mINSERT INTO "cats" ("birth_date", "color", "name", "sex", "description", "created_at", "updated_at", "user_id") VALUES ($1, $2, $3, $4, $5, $6, $7, $8) RETURNING "id"[0m  [["birth_date", "2012-07-03"], ["color", "orange"], ["name", "street"], ["sex", "M"], ["description", "Lomo stumptown taxidermy typewriter."], ["created_at", "2019-04-12 02:56:58.841265"], ["updated_at", "2019-04-12 02:56:58.841265"], ["user_id", 5]]
  [1m[35m (0.4ms)[0m  [1m[35mCOMMIT[0m
  [1m[35m (0.2ms)[0m  [1m[35mBEGIN[0m
  [1m[36mUser Exists (0.3ms)[0m  [1m[34mSELECT  1 AS one FROM "users" WHERE "users"."username" = $1 LIMIT $2[0m  [["username", "Melissia Howell"], ["LIMIT", 1]]
  [1m[36mUser Exists (0.2ms)[0m  [1m[34mSELECT  1 AS one FROM "users" WHERE "users"."session_token" = $1 LIMIT $2[0m  [["session_token", "8AO2U9WH0l-Nxm9vpk2Srw"], ["LIMIT", 1]]
  [1m[36mUser Create (0.3ms)[0m  [1m[32mINSERT INTO "users" ("password_digest", "session_token", "username", "created_at", "updated_at") VALUES ($1, $2, $3, $4, $5) RETURNING "id"[0m  [["password_digest", "$2a$10$cF01mKUVqzVOvKq/X3EPfu31cKHFJNwBBJGSrAatdNe3MiNVBx9kC"], ["session_token", "8AO2U9WH0l-Nxm9vpk2Srw"], ["username", "Melissia Howell"], ["created_at", "2019-04-12 02:56:58.911591"], ["updated_at", "2019-04-12 02:56:58.911591"]]
  [1m[35m (1.0ms)[0m  [1m[35mCOMMIT[0m
  [1m[35m (0.2ms)[0m  [1m[35mBEGIN[0m
  [1m[36mUser Load (0.3ms)[0m  [1m[34mSELECT  "users".* FROM "users" WHERE "users"."id" = $1 LIMIT $2[0m  [["id", 6], ["LIMIT", 1]]
  [1m[36mCat Create (0.3ms)[0m  [1m[32mINSERT INTO "cats" ("birth_date", "color", "name", "sex", "description", "created_at", "updated_at", "user_id") VALUES ($1, $2, $3, $4, $5, $6, $7, $8) RETURNING "id"[0m  [["birth_date", "2012-06-07"], ["color", "orange"], ["name", "truffaut"], ["sex", "M"], ["description", "Freegan shabby chic kombucha street."], ["created_at", "2019-04-12 02:56:58.915687"], ["updated_at", "2019-04-12 02:56:58.915687"], ["user_id", 6]]
  [1m[35m (0.4ms)[0m  [1m[35mCOMMIT[0m
  [1m[35m (0.9ms)[0m  [1m[35mBEGIN[0m
  [1m[36mUser Exists (0.5ms)[0m  [1m[34mSELECT  1 AS one FROM "users" WHERE "users"."username" = $1 LIMIT $2[0m  [["username", "Hsiu Cremin IV"], ["LIMIT", 1]]
  [1m[36mUser Exists (0.3ms)[0m  [1m[34mSELECT  1 AS one FROM "users" WHERE "users"."session_token" = $1 LIMIT $2[0m  [["session_token", "K0XC5O9LdNgbvRuXdItJFg"], ["LIMIT", 1]]
  [1m[36mUser Create (0.3ms)[0m  [1m[32mINSERT INTO "users" ("password_digest", "session_token", "username", "created_at", "updated_at") VALUES ($1, $2, $3, $4, $5) RETURNING "id"[0m  [["password_digest", "$2a$10$7TZ4R7oUu8gVMaFjT8Ps8uhFFBdjXs3G/AVY.DmqPNwseNdqvUBku"], ["session_token", "K0XC5O9LdNgbvRuXdItJFg"], ["username", "Hsiu Cremin IV"], ["created_at", "2019-04-12 02:56:58.984306"], ["updated_at", "2019-04-12 02:56:58.984306"]]
  [1m[35m (0.3ms)[0m  [1m[35mCOMMIT[0m
  [1m[35m (0.1ms)[0m  [1m[35mBEGIN[0m
  [1m[36mUser Load (0.2ms)[0m  [1m[34mSELECT  "users".* FROM "users" WHERE "users"."id" = $1 LIMIT $2[0m  [["id", 7], ["LIMIT", 1]]
  [1m[36mCat Create (0.3ms)[0m  [1m[32mINSERT INTO "cats" ("birth_date", "color", "name", "sex", "description", "created_at", "updated_at", "user_id") VALUES ($1, $2, $3, $4, $5, $6, $7, $8) RETURNING "id"[0m  [["birth_date", "2012-10-01"], ["color", "brown"], ["name", "swag"], ["sex", "F"], ["description", "Next level meditation deep v polaroid squid blog green juice austin tote bag."], ["created_at", "2019-04-12 02:56:58.987389"], ["updated_at", "2019-04-12 02:56:58.987389"], ["user_id", 7]]
  [1m[35m (0.4ms)[0m  [1m[35mCOMMIT[0m
  [1m[35m (0.2ms)[0m  [1m[35mBEGIN[0m
  [1m[36mUser Exists (0.3ms)[0m  [1m[34mSELECT  1 AS one FROM "users" WHERE "users"."username" = $1 LIMIT $2[0m  [["username", "Lena Block IV"], ["LIMIT", 1]]
  [1m[36mUser Exists (0.2ms)[0m  [1m[34mSELECT  1 AS one FROM "users" WHERE "users"."session_token" = $1 LIMIT $2[0m  [["session_token", "Y-01nihqeMTGK3Xg-cLtag"], ["LIMIT", 1]]
  [1m[36mUser Create (0.4ms)[0m  [1m[32mINSERT INTO "users" ("password_digest", "session_token", "username", "created_at", "updated_at") VALUES ($1, $2, $3, $4, $5) RETURNING "id"[0m  [["password_digest", "$2a$10$/JOAIuy5afnGosMjn1HUg.mU.S9anOHLSkriSU4IROAM240n/r.UK"], ["session_token", "Y-01nihqeMTGK3Xg-cLtag"], ["username", "Lena Block IV"], ["created_at", "2019-04-12 02:56:59.054576"], ["updated_at", "2019-04-12 02:56:59.054576"]]
  [1m[35m (0.4ms)[0m  [1m[35mCOMMIT[0m
  [1m[35m (0.1ms)[0m  [1m[35mBEGIN[0m
  [1m[36mUser Load (0.3ms)[0m  [1m[34mSELECT  "users".* FROM "users" WHERE "users"."id" = $1 LIMIT $2[0m  [["id", 8], ["LIMIT", 1]]
  [1m[36mCat Create (0.4ms)[0m  [1m[32mINSERT INTO "cats" ("birth_date", "color", "name", "sex", "description", "created_at", "updated_at", "user_id") VALUES ($1, $2, $3, $4, $5, $6, $7, $8) RETURNING "id"[0m  [["birth_date", "2018-04-16"], ["color", "brown"], ["name", "chicharrones"], ["sex", "M"], ["description", "Austin taxidermy thundercats narwhal kinfolk chicharrones flexitarian five dollar toast before they sold out."], ["created_at", "2019-04-12 02:56:59.058255"], ["updated_at", "2019-04-12 02:56:59.058255"], ["user_id", 8]]
  [1m[35m (0.5ms)[0m  [1m[35mCOMMIT[0m
  [1m[35m (8.8ms)[0m  [1m[35mBEGIN[0m
  [1m[36mUser Exists (0.8ms)[0m  [1m[34mSELECT  1 AS one FROM "users" WHERE "users"."username" = $1 LIMIT $2[0m  [["username", "Narcisa Marquardt"], ["LIMIT", 1]]
  [1m[36mUser Exists (0.5ms)[0m  [1m[34mSELECT  1 AS one FROM "users" WHERE "users"."session_token" = $1 LIMIT $2[0m  [["session_token", "aCZVX7U_0CoFbmIoa9i9_Q"], ["LIMIT", 1]]
  [1m[36mUser Create (0.4ms)[0m  [1m[32mINSERT INTO "users" ("password_digest", "session_token", "username", "created_at", "updated_at") VALUES ($1, $2, $3, $4, $5) RETURNING "id"[0m  [["password_digest", "$2a$10$ot1Pz.YyWn1wqBjhbzaf8eZy6tfva1aUkDNLSu1pPaWlXfFQkQm9q"], ["session_token", "aCZVX7U_0CoFbmIoa9i9_Q"], ["username", "Narcisa Marquardt"], ["created_at", "2019-04-12 02:56:59.136091"], ["updated_at", "2019-04-12 02:56:59.136091"]]
  [1m[35m (0.8ms)[0m  [1m[35mCOMMIT[0m
  [1m[35m (0.2ms)[0m  [1m[35mBEGIN[0m
  [1m[36mUser Load (0.2ms)[0m  [1m[34mSELECT  "users".* FROM "users" WHERE "users"."id" = $1 LIMIT $2[0m  [["id", 9], ["LIMIT", 1]]
  [1m[36mCat Create (0.4ms)[0m  [1m[32mINSERT INTO "cats" ("birth_date", "color", "name", "sex", "description", "created_at", "updated_at", "user_id") VALUES ($1, $2, $3, $4, $5, $6, $7, $8) RETURNING "id"[0m  [["birth_date", "2016-03-06"], ["color", "orange"], ["name", "wolf"], ["sex", "F"], ["description", "Marfa 90's narwhal tote bag pug."], ["created_at", "2019-04-12 02:56:59.140475"], ["updated_at", "2019-04-12 02:56:59.140475"], ["user_id", 9]]
  [1m[35m (0.5ms)[0m  [1m[35mCOMMIT[0m
  [1m[35m (0.2ms)[0m  [1m[35mBEGIN[0m
  [1m[36mUser Exists (0.3ms)[0m  [1m[34mSELECT  1 AS one FROM "users" WHERE "users"."username" = $1 LIMIT $2[0m  [["username", "Ollie Lesch"], ["LIMIT", 1]]
  [1m[36mUser Exists (0.3ms)[0m  [1m[34mSELECT  1 AS one FROM "users" WHERE "users"."session_token" = $1 LIMIT $2[0m  [["session_token", "B2GnsG57gdA1IOfbnQ2pzw"], ["LIMIT", 1]]
  [1m[36mUser Create (0.3ms)[0m  [1m[32mINSERT INTO "users" ("password_digest", "session_token", "username", "created_at", "updated_at") VALUES ($1, $2, $3, $4, $5) RETURNING "id"[0m  [["password_digest", "$2a$10$.O2R7/hi82dCfStkWFwqvu.vdJe8qha90zcjbiOxNnttUx5pyF/6u"], ["session_token", "B2GnsG57gdA1IOfbnQ2pzw"], ["username", "Ollie Lesch"], ["created_at", "2019-04-12 02:56:59.210602"], ["updated_at", "2019-04-12 02:56:59.210602"]]
  [1m[35m (0.8ms)[0m  [1m[35mCOMMIT[0m
  [1m[35m (0.2ms)[0m  [1m[35mBEGIN[0m
  [1m[36mUser Load (0.2ms)[0m  [1m[34mSELECT  "users".* FROM "users" WHERE "users"."id" = $1 LIMIT $2[0m  [["id", 10], ["LIMIT", 1]]
  [1m[36mCat Create (0.3ms)[0m  [1m[32mINSERT INTO "cats" ("birth_date", "color", "name", "sex", "description", "created_at", "updated_at", "user_id") VALUES ($1, $2, $3, $4, $5, $6, $7, $8) RETURNING "id"[0m  [["birth_date", "2016-05-28"], ["color", "white"], ["name", "drinking"], ["sex", "M"], ["description", "Chia hashtag mumblecore kale chips pork belly locavore."], ["created_at", "2019-04-12 02:56:59.214478"], ["updated_at", "2019-04-12 02:56:59.214478"], ["user_id", 10]]
  [1m[35m (0.3ms)[0m  [1m[35mCOMMIT[0m
Started GET "/session/new" for ::1 at 2019-04-11 19:57:10 -0700
  [1m[35m (1.6ms)[0m  [1m[34mSELECT "schema_migrations"."version" FROM "schema_migrations" ORDER BY "schema_migrations"."version" ASC[0m
Processing by SessionsController#new as HTML
  Rendering sessions/new.html.erb within layouts/application
  Rendered shared/_errors.html.erb (1.0ms)
  Rendered sessions/new.html.erb within layouts/application (9.6ms)
Completed 200 OK in 1087ms (Views: 1064.7ms | ActiveRecord: 0.0ms)


Started GET "/cats" for ::1 at 2019-04-11 19:57:17 -0700
Processing by CatsController#index as HTML
  Rendering cats/index.html.erb within layouts/application
  [1m[36mCat Load (12.9ms)[0m  [1m[34mSELECT "cats".* FROM "cats"[0m
  Rendered cats/index.html.erb within layouts/application (58.4ms)
Completed 200 OK in 130ms (Views: 77.1ms | ActiveRecord: 35.3ms)


Started GET "/session/new" for ::1 at 2019-04-11 19:57:21 -0700
Processing by SessionsController#new as HTML
  Rendering sessions/new.html.erb within layouts/application
  Rendered shared/_errors.html.erb (0.7ms)
  Rendered sessions/new.html.erb within layouts/application (4.5ms)
Completed 200 OK in 43ms (Views: 41.6ms | ActiveRecord: 0.0ms)


Started GET "/users/new" for ::1 at 2019-04-11 19:57:22 -0700
Processing by UsersController#new as HTML
  Rendering users/new.html.erb within layouts/application
  Rendered shared/_errors.html.erb (0.5ms)
  Rendered users/new.html.erb within layouts/application (6.3ms)
Completed 200 OK in 75ms (Views: 40.6ms | ActiveRecord: 21.5ms)


Started POST "/users" for ::1 at 2019-04-11 19:57:27 -0700
Processing by UsersController#create as HTML
  Parameters: {"authenticity_token"=>"0UdyaUr7949Elchmfu0mvM9RsN8DR6w/Xeo+5vKswuYoUczOAG1+JCXWXt0HLCVm8oCEvt97aPqjkDupokjW7w==", "user"=>{"username"=>"oliver", "password"=>"[FILTERED]"}}
  [1m[35m (11.0ms)[0m  [1m[35mBEGIN[0m
  [1m[36mUser Exists (1.5ms)[0m  [1m[34mSELECT  1 AS one FROM "users" WHERE "users"."username" = $1 LIMIT $2[0m  [["username", "oliver"], ["LIMIT", 1]]
  [1m[36mUser Exists (0.8ms)[0m  [1m[34mSELECT  1 AS one FROM "users" WHERE "users"."session_token" = $1 LIMIT $2[0m  [["session_token", "zxglz8JqG8aqtK89c_f3Zw"], ["LIMIT", 1]]
  [1m[36mUser Create (1.0ms)[0m  [1m[32mINSERT INTO "users" ("password_digest", "session_token", "username", "created_at", "updated_at") VALUES ($1, $2, $3, $4, $5) RETURNING "id"[0m  [["password_digest", "$2a$10$gKBa5yL7qWXHbRp68sN5BO9y.gpM/b4/VxnizY4s7UqmAbap0ht6a"], ["session_token", "zxglz8JqG8aqtK89c_f3Zw"], ["username", "oliver"], ["created_at", "2019-04-12 02:57:27.295214"], ["updated_at", "2019-04-12 02:57:27.295214"]]
  [1m[35m (0.6ms)[0m  [1m[35mCOMMIT[0m
  [1m[35m (0.2ms)[0m  [1m[35mBEGIN[0m
  [1m[36mUser Exists (0.5ms)[0m  [1m[34mSELECT  1 AS one FROM "users" WHERE "users"."username" = $1 AND "users"."id" != $2 LIMIT $3[0m  [["username", "oliver"], ["id", 11], ["LIMIT", 1]]
  [1m[36mUser Exists (0.4ms)[0m  [1m[34mSELECT  1 AS one FROM "users" WHERE "users"."session_token" = $1 AND "users"."id" != $2 LIMIT $3[0m  [["session_token", "SezcY92yyQnUzMY1UQ6EAw"], ["id", 11], ["LIMIT", 1]]
  [1m[36mUser Update (0.7ms)[0m  [1m[33mUPDATE "users" SET "session_token" = $1, "updated_at" = $2 WHERE "users"."id" = $3[0m  [["session_token", "SezcY92yyQnUzMY1UQ6EAw"], ["updated_at", "2019-04-12 02:57:27.302586"], ["id", 11]]
  [1m[35m (0.5ms)[0m  [1m[35mCOMMIT[0m
Redirected to http://localhost:3000/cats
Completed 302 Found in 154ms (ActiveRecord: 17.4ms)


Started GET "/cats" for ::1 at 2019-04-11 19:57:27 -0700
Processing by CatsController#index as HTML
  Rendering cats/index.html.erb within layouts/application
  [1m[36mCat Load (16.2ms)[0m  [1m[34mSELECT "cats".* FROM "cats"[0m
  Rendered cats/index.html.erb within layouts/application (18.2ms)
  [1m[36mUser Load (0.3ms)[0m  [1m[34mSELECT  "users".* FROM "users" WHERE "users"."session_token" = $1 LIMIT $2[0m  [["session_token", "SezcY92yyQnUzMY1UQ6EAw"], ["LIMIT", 1]]
Completed 200 OK in 51ms (Views: 33.6ms | ActiveRecord: 16.8ms)


Started GET "/cats/1" for ::1 at 2019-04-11 19:57:30 -0700
Processing by CatsController#show as HTML
  Parameters: {"id"=>"1"}
  [1m[36mCat Load (0.6ms)[0m  [1m[34mSELECT  "cats".* FROM "cats" WHERE "cats"."id" = $1 LIMIT $2[0m  [["id", 1], ["LIMIT", 1]]
  Rendering cats/show.html.erb within layouts/application
  [1m[36mUser Load (0.3ms)[0m  [1m[34mSELECT  "users".* FROM "users" WHERE "users"."id" = $1 LIMIT $2[0m  [["id", 1], ["LIMIT", 1]]
  [1m[36mUser Load (0.4ms)[0m  [1m[34mSELECT  "users".* FROM "users" WHERE "users"."session_token" = $1 LIMIT $2[0m  [["session_token", "SezcY92yyQnUzMY1UQ6EAw"], ["LIMIT", 1]]
  [1m[36mCatRentalRequest Exists (2.3ms)[0m  [1m[34mSELECT  1 AS one FROM "cat_rental_requests" WHERE "cat_rental_requests"."cat_id" = $1 LIMIT $2[0m  [["cat_id", 1], ["LIMIT", 1]]
  Rendered cats/show.html.erb within layouts/application (1263.2ms)
Completed 200 OK in 1314ms (Views: 1287.1ms | ActiveRecord: 24.2ms)


Started DELETE "/session" for ::1 at 2019-04-11 19:57:35 -0700
Processing by SessionsController#destroy as HTML
  Parameters: {"authenticity_token"=>"Oj0oat3A5CswnfuwhLgv6sNedOYczelsF4DRX7Au5fzDK5bNl1ZtgFHebQv9eSww/o9Ah8DxLanp+tQQ4Mrx9Q=="}
  [1m[36mUser Load (0.7ms)[0m  [1m[34mSELECT  "users".* FROM "users" WHERE "users"."session_token" = $1 LIMIT $2[0m  [["session_token", "SezcY92yyQnUzMY1UQ6EAw"], ["LIMIT", 1]]
  [1m[35m (0.3ms)[0m  [1m[35mBEGIN[0m
  [1m[36mUser Exists (1.2ms)[0m  [1m[34mSELECT  1 AS one FROM "users" WHERE "users"."username" = $1 AND "users"."id" != $2 LIMIT $3[0m  [["username", "oliver"], ["id", 11], ["LIMIT", 1]]
  [1m[36mUser Exists (0.9ms)[0m  [1m[34mSELECT  1 AS one FROM "users" WHERE "users"."session_token" = $1 AND "users"."id" != $2 LIMIT $3[0m  [["session_token", "Qfecu3JwHS9N0ai5bgh8-A"], ["id", 11], ["LIMIT", 1]]
  [1m[36mUser Update (0.6ms)[0m  [1m[33mUPDATE "users" SET "session_token" = $1, "updated_at" = $2 WHERE "users"."id" = $3[0m  [["session_token", "Qfecu3JwHS9N0ai5bgh8-A"], ["updated_at", "2019-04-12 02:57:35.812570"], ["id", 11]]
  [1m[35m (2.0ms)[0m  [1m[35mCOMMIT[0m
Redirected to http://localhost:3000/session/new
Completed 302 Found in 61ms (ActiveRecord: 5.7ms)


Started GET "/session/new" for ::1 at 2019-04-11 19:57:35 -0700
Processing by SessionsController#new as HTML
  Rendering sessions/new.html.erb within layouts/application
  Rendered shared/_errors.html.erb (0.6ms)
  Rendered sessions/new.html.erb within layouts/application (7.1ms)
Completed 200 OK in 90ms (Views: 88.6ms | ActiveRecord: 0.0ms)


Started GET "/cats" for ::1 at 2019-04-11 19:57:39 -0700
Processing by CatsController#index as HTML
  Rendering cats/index.html.erb within layouts/application
  [1m[36mCat Load (0.4ms)[0m  [1m[34mSELECT "cats".* FROM "cats"[0m
  Rendered cats/index.html.erb within layouts/application (2.9ms)
Completed 200 OK in 39ms (Views: 38.7ms | ActiveRecord: 0.4ms)


Started GET "/session/new" for ::1 at 2019-04-11 20:06:19 -0700
Processing by SessionsController#new as HTML
  Rendering sessions/new.html.erb within layouts/application
  Rendered shared/_errors.html.erb (2.6ms)
  Rendered sessions/new.html.erb within layouts/application (11.0ms)
Completed 200 OK in 133ms (Views: 126.9ms | ActiveRecord: 0.0ms)


Started GET "/" for ::1 at 2019-04-11 20:06:24 -0700
Started GET "/cats" for ::1 at 2019-04-11 20:06:24 -0700
Processing by CatsController#index as HTML
  Rendering cats/index.html.erb within layouts/application
  [1m[36mCat Load (13.0ms)[0m  [1m[34mSELECT "cats".* FROM "cats"[0m
  Rendered cats/index.html.erb within layouts/application (37.5ms)
Completed 200 OK in 146ms (Views: 131.9ms | ActiveRecord: 13.0ms)


Started GET "/cats/1" for ::1 at 2019-04-11 20:06:32 -0700
Processing by CatsController#show as HTML
  Parameters: {"id"=>"1"}
  [1m[36mCat Load (1.1ms)[0m  [1m[34mSELECT  "cats".* FROM "cats" WHERE "cats"."id" = $1 LIMIT $2[0m  [["id", 1], ["LIMIT", 1]]
  Rendering cats/show.html.erb within layouts/application
  [1m[36mUser Load (1.1ms)[0m  [1m[34mSELECT  "users".* FROM "users" WHERE "users"."id" = $1 LIMIT $2[0m  [["id", 1], ["LIMIT", 1]]
  [1m[36mCatRentalRequest Exists (21.1ms)[0m  [1m[34mSELECT  1 AS one FROM "cat_rental_requests" WHERE "cat_rental_requests"."cat_id" = $1 LIMIT $2[0m  [["cat_id", 1], ["LIMIT", 1]]
  Rendered cats/show.html.erb within layouts/application (32.4ms)
Completed 200 OK in 102ms (Views: 74.8ms | ActiveRecord: 23.6ms)


Started GET "/session/new" for ::1 at 2019-04-11 20:22:41 -0700
  [1m[35m (3.9ms)[0m  [1m[34mSELECT "schema_migrations"."version" FROM "schema_migrations" ORDER BY "schema_migrations"."version" ASC[0m
Processing by SessionsController#new as HTML
  Rendering sessions/new.html.erb within layouts/application
  Rendered shared/_errors.html.erb (1.3ms)
  Rendered sessions/new.html.erb within layouts/application (15.1ms)
Completed 200 OK in 497ms (Views: 470.0ms | ActiveRecord: 0.0ms)


Started GET "/users/new" for ::1 at 2019-04-11 20:22:43 -0700
Processing by UsersController#new as HTML
  Rendering users/new.html.erb within layouts/application
  Rendered shared/_errors.html.erb (0.5ms)
  Rendered users/new.html.erb within layouts/application (4.3ms)
Completed 200 OK in 96ms (Views: 39.3ms | ActiveRecord: 37.1ms)


Started POST "/users" for ::1 at 2019-04-11 20:22:53 -0700
Processing by UsersController#create as HTML
  Parameters: {"authenticity_token"=>"OzMFeW0t7L79is7FBELUJkssYm5J1sIBzLiVxXZLBi3CJbveJ7tlFZzJWH59g9f8dv1WD5XqBsQywpCKJq8SJA==", "user"=>{"username"=>"kathleen", "password"=>"[FILTERED]"}}
  [1m[35m (0.3ms)[0m  [1m[35mBEGIN[0m
  [1m[36mUser Exists (1.1ms)[0m  [1m[34mSELECT  1 AS one FROM "users" WHERE "users"."username" = $1 LIMIT $2[0m  [["username", "kathleen"], ["LIMIT", 1]]
  [1m[36mUser Exists (0.5ms)[0m  [1m[34mSELECT  1 AS one FROM "users" WHERE "users"."session_token" = $1 LIMIT $2[0m  [["session_token", "z9hfiyNef6rj-Bu-Jvz6zA"], ["LIMIT", 1]]
  [1m[36mUser Create (0.7ms)[0m  [1m[32mINSERT INTO "users" ("password_digest", "session_token", "username", "created_at", "updated_at") VALUES ($1, $2, $3, $4, $5) RETURNING "id"[0m  [["password_digest", "$2a$10$bMW.G4U9N14FM18Fu5BaLeVcwdbT1KKj1DhMVS40jiqD7i9WTOkoi"], ["session_token", "z9hfiyNef6rj-Bu-Jvz6zA"], ["username", "kathleen"], ["created_at", "2019-04-12 03:22:53.130180"], ["updated_at", "2019-04-12 03:22:53.130180"]]
  [1m[35m (0.5ms)[0m  [1m[35mCOMMIT[0m
  [1m[35m (0.1ms)[0m  [1m[35mBEGIN[0m
  [1m[36mUser Exists (0.5ms)[0m  [1m[34mSELECT  1 AS one FROM "users" WHERE "users"."username" = $1 AND "users"."id" != $2 LIMIT $3[0m  [["username", "kathleen"], ["id", 12], ["LIMIT", 1]]
  [1m[36mUser Exists (0.7ms)[0m  [1m[34mSELECT  1 AS one FROM "users" WHERE "users"."session_token" = $1 AND "users"."id" != $2 LIMIT $3[0m  [["session_token", "A4jtKpkT1_czM__7cyxjhA"], ["id", 12], ["LIMIT", 1]]
  [1m[36mUser Update (0.9ms)[0m  [1m[33mUPDATE "users" SET "session_token" = $1, "updated_at" = $2 WHERE "users"."id" = $3[0m  [["session_token", "A4jtKpkT1_czM__7cyxjhA"], ["updated_at", "2019-04-12 03:22:53.172432"], ["id", 12]]
  [1m[35m (0.4ms)[0m  [1m[35mCOMMIT[0m
Completed 500 Internal Server Error in 511ms (ActiveRecord: 5.8ms)



NoMethodError - private method `welcome_email' called for UserMailer:Class:
  app/controllers/users_controller.rb:8:in `create'

Started POST "/__better_errors/701cef9aa60669cf/variables" for ::1 at 2019-04-11 20:22:53 -0700
Started GET "/" for ::1 at 2019-04-11 20:24:10 -0700
Started GET "/cats" for ::1 at 2019-04-11 20:24:10 -0700
Processing by CatsController#index as HTML
  Rendering cats/index.html.erb within layouts/application
  [1m[36mCat Load (8.5ms)[0m  [1m[34mSELECT "cats".* FROM "cats"[0m
  Rendered cats/index.html.erb within layouts/application (75.9ms)
Completed 200 OK in 141ms (Views: 70.1ms | ActiveRecord: 54.5ms)


Started GET "/session/new" for ::1 at 2019-04-11 20:24:12 -0700
Processing by SessionsController#new as HTML
  Rendering sessions/new.html.erb within layouts/application
  Rendered shared/_errors.html.erb (0.8ms)
  Rendered sessions/new.html.erb within layouts/application (6.1ms)
Completed 200 OK in 51ms (Views: 49.7ms | ActiveRecord: 0.0ms)


Started POST "/session" for ::1 at 2019-04-11 20:24:17 -0700
Processing by SessionsController#create as HTML
  Parameters: {"authenticity_token"=>"My+gFsMLNi7lTTeumOaINNnKvbVQwUqbImoS/HM3lHvKOR6xiZ2/hYQOoRXhJ4vu5BuJ1Iz9jl7cEBezI9OAcg==", "user"=>{"username"=>"kathleen", "password"=>"[FILTERED]"}}
  [1m[36mUser Load (0.4ms)[0m  [1m[34mSELECT  "users".* FROM "users" WHERE "users"."username" = $1 LIMIT $2[0m  [["username", "kathleen"], ["LIMIT", 1]]
  [1m[35m (0.2ms)[0m  [1m[35mBEGIN[0m
  [1m[36mUser Exists (0.8ms)[0m  [1m[34mSELECT  1 AS one FROM "users" WHERE "users"."username" = $1 AND "users"."id" != $2 LIMIT $3[0m  [["username", "kathleen"], ["id", 12], ["LIMIT", 1]]
  [1m[36mUser Exists (0.5ms)[0m  [1m[34mSELECT  1 AS one FROM "users" WHERE "users"."session_token" = $1 AND "users"."id" != $2 LIMIT $3[0m  [["session_token", "neXcVDTyPDd1Ee8CPUI65w"], ["id", 12], ["LIMIT", 1]]
  [1m[36mUser Update (0.6ms)[0m  [1m[33mUPDATE "users" SET "session_token" = $1, "updated_at" = $2 WHERE "users"."id" = $3[0m  [["session_token", "neXcVDTyPDd1Ee8CPUI65w"], ["updated_at", "2019-04-12 03:24:17.426139"], ["id", 12]]
  [1m[35m (0.8ms)[0m  [1m[35mCOMMIT[0m
Redirected to http://localhost:3000/cats
Completed 302 Found in 148ms (ActiveRecord: 36.4ms)


Started GET "/cats" for ::1 at 2019-04-11 20:24:17 -0700
Processing by CatsController#index as HTML
  Rendering cats/index.html.erb within layouts/application
  [1m[36mCat Load (20.2ms)[0m  [1m[34mSELECT "cats".* FROM "cats"[0m
  Rendered cats/index.html.erb within layouts/application (31.1ms)
  [1m[36mUser Load (0.6ms)[0m  [1m[34mSELECT  "users".* FROM "users" WHERE "users"."session_token" = $1 LIMIT $2[0m  [["session_token", "neXcVDTyPDd1Ee8CPUI65w"], ["LIMIT", 1]]
Completed 200 OK in 81ms (Views: 60.0ms | ActiveRecord: 20.8ms)


Started DELETE "/session" for ::1 at 2019-04-11 20:24:19 -0700
Processing by SessionsController#destroy as HTML
  Parameters: {"authenticity_token"=>"pMndukPftrUoU4HDs38zHStJaR3JJsDsHw8dq8322kdd32MdCUk/HkkQF3jKvjDHFphdfBUaBCnhdRjknRLOTg=="}
  [1m[36mUser Load (1.7ms)[0m  [1m[34mSELECT  "users".* FROM "users" WHERE "users"."session_token" = $1 LIMIT $2[0m  [["session_token", "neXcVDTyPDd1Ee8CPUI65w"], ["LIMIT", 1]]
  [1m[35m (0.2ms)[0m  [1m[35mBEGIN[0m
  [1m[36mUser Exists (0.6ms)[0m  [1m[34mSELECT  1 AS one FROM "users" WHERE "users"."username" = $1 AND "users"."id" != $2 LIMIT $3[0m  [["username", "kathleen"], ["id", 12], ["LIMIT", 1]]
  [1m[36mUser Exists (0.5ms)[0m  [1m[34mSELECT  1 AS one FROM "users" WHERE "users"."session_token" = $1 AND "users"."id" != $2 LIMIT $3[0m  [["session_token", "xdJYtkdEQtZnCHhmU6bIFg"], ["id", 12], ["LIMIT", 1]]
  [1m[36mUser Update (0.8ms)[0m  [1m[33mUPDATE "users" SET "session_token" = $1, "updated_at" = $2 WHERE "users"."id" = $3[0m  [["session_token", "xdJYtkdEQtZnCHhmU6bIFg"], ["updated_at", "2019-04-12 03:24:19.635013"], ["id", 12]]
  [1m[35m (21.9ms)[0m  [1m[35mCOMMIT[0m
Redirected to http://localhost:3000/session/new
Completed 302 Found in 95ms (ActiveRecord: 25.7ms)


Started GET "/session/new" for ::1 at 2019-04-11 20:24:19 -0700
Processing by SessionsController#new as HTML
  Rendering sessions/new.html.erb within layouts/application
  Rendered shared/_errors.html.erb (0.5ms)
  Rendered sessions/new.html.erb within layouts/application (4.0ms)
Completed 200 OK in 47ms (Views: 46.5ms | ActiveRecord: 0.0ms)


Started GET "/users/new" for ::1 at 2019-04-11 20:24:21 -0700
Processing by UsersController#new as HTML
  Rendering users/new.html.erb within layouts/application
  Rendered shared/_errors.html.erb (0.9ms)
  Rendered users/new.html.erb within layouts/application (6.7ms)
Completed 200 OK in 48ms (Views: 47.4ms | ActiveRecord: 0.0ms)


Started POST "/users" for ::1 at 2019-04-11 20:24:28 -0700
Processing by UsersController#create as HTML
  Parameters: {"authenticity_token"=>"dSGOFZmJ8Fg8Snj2Kx0qROf7jdMSv45v1j3zCjT/NTOMNzCy0x95810J7k1S3Cme2iq5ss6DSqooR/ZFZBshOg==", "user"=>{"username"=>"james", "password"=>"[FILTERED]"}}
  [1m[35m (11.4ms)[0m  [1m[35mBEGIN[0m
  [1m[36mUser Exists (0.7ms)[0m  [1m[34mSELECT  1 AS one FROM "users" WHERE "users"."username" = $1 LIMIT $2[0m  [["username", "james"], ["LIMIT", 1]]
  [1m[36mUser Exists (0.4ms)[0m  [1m[34mSELECT  1 AS one FROM "users" WHERE "users"."session_token" = $1 LIMIT $2[0m  [["session_token", "UjFymXk61iXkPrlnisj2aA"], ["LIMIT", 1]]
  [1m[36mUser Create (0.5ms)[0m  [1m[32mINSERT INTO "users" ("password_digest", "session_token", "username", "created_at", "updated_at") VALUES ($1, $2, $3, $4, $5) RETURNING "id"[0m  [["password_digest", "$2a$10$fhMxeI.SItRNM5Q.PfwOo./WpVLxVKL3Oh0Nle1e8Z4j6DomcwrJ."], ["session_token", "UjFymXk61iXkPrlnisj2aA"], ["username", "james"], ["created_at", "2019-04-12 03:24:28.573585"], ["updated_at", "2019-04-12 03:24:28.573585"]]
  [1m[35m (1.1ms)[0m  [1m[35mCOMMIT[0m
  [1m[35m (0.1ms)[0m  [1m[35mBEGIN[0m
  [1m[36mUser Exists (0.7ms)[0m  [1m[34mSELECT  1 AS one FROM "users" WHERE "users"."username" = $1 AND "users"."id" != $2 LIMIT $3[0m  [["username", "james"], ["id", 13], ["LIMIT", 1]]
  [1m[36mUser Exists (1.1ms)[0m  [1m[34mSELECT  1 AS one FROM "users" WHERE "users"."session_token" = $1 AND "users"."id" != $2 LIMIT $3[0m  [["session_token", "E73MoHniOFshzYoTNqMRjw"], ["id", 13], ["LIMIT", 1]]
  [1m[36mUser Update (0.7ms)[0m  [1m[33mUPDATE "users" SET "session_token" = $1, "updated_at" = $2 WHERE "users"."id" = $3[0m  [["session_token", "E73MoHniOFshzYoTNqMRjw"], ["updated_at", "2019-04-12 03:24:28.582297"], ["id", 13]]
  [1m[35m (0.4ms)[0m  [1m[35mCOMMIT[0m
Completed 500 Internal Server Error in 144ms (ActiveRecord: 17.1ms)



NoMethodError - private method `welcome_email' called for UserMailer:Class:
  app/controllers/users_controller.rb:8:in `create'

Started POST "/__better_errors/678dc6e6599b0605/variables" for ::1 at 2019-04-11 20:24:28 -0700
Started GET "/users/new" for ::1 at 2019-04-11 20:27:50 -0700
Processing by UsersController#new as HTML
  Rendering users/new.html.erb within layouts/application
  Rendered shared/_errors.html.erb (3.4ms)
  Rendered users/new.html.erb within layouts/application (16.9ms)
Completed 200 OK in 138ms (Views: 100.3ms | ActiveRecord: 17.5ms)


Started POST "/users" for ::1 at 2019-04-11 20:27:58 -0700
Processing by UsersController#create as HTML
  Parameters: {"authenticity_token"=>"3KQ6rokwfMVndpF+bu1SE/mTUhI7FIb4uTo95tBCaqUlsoQJw6b1bgY1B8UXLFHJxEJmc+coQj1HQDipgKZ+rA==", "user"=>{"username"=>"kaelen", "password"=>"[FILTERED]"}}
  [1m[35m (17.6ms)[0m  [1m[35mBEGIN[0m
  [1m[36mUser Exists (0.8ms)[0m  [1m[34mSELECT  1 AS one FROM "users" WHERE "users"."username" = $1 LIMIT $2[0m  [["username", "kaelen"], ["LIMIT", 1]]
  [1m[36mUser Exists (0.9ms)[0m  [1m[34mSELECT  1 AS one FROM "users" WHERE "users"."session_token" = $1 LIMIT $2[0m  [["session_token", "vlJbKYHVqeUmESgB_qTYpw"], ["LIMIT", 1]]
  [1m[36mUser Create (1.2ms)[0m  [1m[32mINSERT INTO "users" ("password_digest", "session_token", "username", "created_at", "updated_at") VALUES ($1, $2, $3, $4, $5) RETURNING "id"[0m  [["password_digest", "$2a$10$.BCGK4azXd5ilWfuEZq3D.X/7ASOm3/WkI9RKpjmD7KaLxRZV71um"], ["session_token", "vlJbKYHVqeUmESgB_qTYpw"], ["username", "kaelen"], ["created_at", "2019-04-12 03:27:58.340584"], ["updated_at", "2019-04-12 03:27:58.340584"]]
  [1m[35m (2.1ms)[0m  [1m[35mCOMMIT[0m
  [1m[35m (0.2ms)[0m  [1m[35mBEGIN[0m
  [1m[36mUser Exists (0.5ms)[0m  [1m[34mSELECT  1 AS one FROM "users" WHERE "users"."username" = $1 AND "users"."id" != $2 LIMIT $3[0m  [["username", "kaelen"], ["id", 14], ["LIMIT", 1]]
  [1m[36mUser Exists (20.8ms)[0m  [1m[34mSELECT  1 AS one FROM "users" WHERE "users"."session_token" = $1 AND "users"."id" != $2 LIMIT $3[0m  [["session_token", "qSMufSiak0TV-hqt5ZsX1A"], ["id", 14], ["LIMIT", 1]]
  [1m[36mUser Update (0.6ms)[0m  [1m[33mUPDATE "users" SET "session_token" = $1, "updated_at" = $2 WHERE "users"."id" = $3[0m  [["session_token", "qSMufSiak0TV-hqt5ZsX1A"], ["updated_at", "2019-04-12 03:27:58.431670"], ["id", 14]]
  [1m[35m (0.7ms)[0m  [1m[35mCOMMIT[0m
  Rendering user_mailer/welcome_email.html.erb within layouts/mailer
  Rendered user_mailer/welcome_email.html.erb within layouts/mailer (0.6ms)
  Rendering user_mailer/welcome_email.text.erb within layouts/mailer
  Rendered user_mailer/welcome_email.text.erb within layouts/mailer (0.5ms)
UserMailer#welcome_email: processed outbound mail in 357.5ms
Sent mail to kaelen (20.2ms)
Date: Thu, 11 Apr 2019 20:27:58 -0700
From: admin@99cats.com
To: kaelen
Message-ID: <5cb005bec5c70_18c73fd991a7b55c67064@Olivers-Air.mail>
Subject: Welcome to 99 Cats!  SOooo many Cats!
Mime-Version: 1.0
Content-Type: multipart/alternative;
 boundary="--==_mimepart_5cb005bec1b09_18c73fd991a7b55c669a4";
 charset=UTF-8
Content-Transfer-Encoding: 7bit


----==_mimepart_5cb005bec1b09_18c73fd991a7b55c669a4
Content-Type: text/plain;
 charset=UTF-8
Content-Transfer-Encoding: 7bit

kaelen, you've done it!  Now to the Cats!

  It could be worse.  There could be only 98 Cats!
  Welcome and enjoy.

  Good decisions are only 99 cats away.


----==_mimepart_5cb005bec1b09_18c73fd991a7b55c669a4
Content-Type: text/html;
 charset=UTF-8
Content-Transfer-Encoding: 7bit

<!DOCTYPE html>
<html>
  <head>
    <meta http-equiv="Content-Type" content="text/html; charset=utf-8" />
    <style>
      /* Email styles need to be inline */
    </style>
  </head>

  <body>
    <!DOCTYPE html>
<html lang="en">
<head>
  <meta charset="UTF-8">
  <meta name="viewport" content="width=device-width, initial-scale=1.0">
  <meta http-equiv="X-UA-Compatible" content="ie=edge">
  <title>Document</title>
</head>
<body>
  <h1> kaelen, you've done it!  Now to the Cats!</h1>
  <p>
  It could be worse.  There could be only 98 Cats!
  Welcome and enjoy.
  </p>
<>
</body>
</html>
  </body>
</html>

----==_mimepart_5cb005bec1b09_18c73fd991a7b55c669a4--

Redirected to http://localhost:3000/cats
Completed 302 Found in 694ms (ActiveRecord: 45.6ms)


Started GET "/cats" for ::1 at 2019-04-11 20:27:58 -0700
Processing by CatsController#index as HTML
  Rendering cats/index.html.erb within layouts/application
  [1m[36mCat Load (10.1ms)[0m  [1m[34mSELECT "cats".* FROM "cats"[0m
  Rendered cats/index.html.erb within layouts/application (42.1ms)
  [1m[36mUser Load (3.8ms)[0m  [1m[34mSELECT  "users".* FROM "users" WHERE "users"."session_token" = $1 LIMIT $2[0m  [["session_token", "qSMufSiak0TV-hqt5ZsX1A"], ["LIMIT", 1]]
Completed 200 OK in 91ms (Views: 61.8ms | ActiveRecord: 24.1ms)


Started GET "/session/new" for ::1 at 2019-04-11 20:28:21 -0700
  [1m[35m (2.9ms)[0m  [1m[34mSELECT "schema_migrations"."version" FROM "schema_migrations" ORDER BY "schema_migrations"."version" ASC[0m
Processing by SessionsController#new as HTML
  [1m[36mUser Load (1.6ms)[0m  [1m[34mSELECT  "users".* FROM "users" WHERE "users"."session_token" = $1 LIMIT $2[0m  [["session_token", "qSMufSiak0TV-hqt5ZsX1A"], ["LIMIT", 1]]
Redirected to http://localhost:3000/cats
Filter chain halted as :require_no_user! rendered or redirected
Completed 302 Found in 138ms (ActiveRecord: 47.8ms)


Started GET "/cats" for ::1 at 2019-04-11 20:28:22 -0700
Processing by CatsController#index as HTML
  Rendering cats/index.html.erb within layouts/application
  [1m[36mCat Load (12.3ms)[0m  [1m[34mSELECT "cats".* FROM "cats"[0m
  Rendered cats/index.html.erb within layouts/application (36.9ms)
  [1m[36mUser Load (22.7ms)[0m  [1m[34mSELECT  "users".* FROM "users" WHERE "users"."session_token" = $1 LIMIT $2[0m  [["session_token", "qSMufSiak0TV-hqt5ZsX1A"], ["LIMIT", 1]]
Completed 200 OK in 497ms (Views: 442.4ms | ActiveRecord: 42.6ms)


Started DELETE "/session" for ::1 at 2019-04-11 20:28:27 -0700
Processing by SessionsController#destroy as HTML
  Parameters: {"authenticity_token"=>"GgT+ez9YXwBkahs7a1cTCTFHK1eLmjKOT5u49qDLdFDjEkDcdc7WqwUpjYASlhDTDJYfNlem9kux4b258C9gWQ=="}
  [1m[36mUser Load (23.9ms)[0m  [1m[34mSELECT  "users".* FROM "users" WHERE "users"."session_token" = $1 LIMIT $2[0m  [["session_token", "qSMufSiak0TV-hqt5ZsX1A"], ["LIMIT", 1]]
  [1m[35m (0.4ms)[0m  [1m[35mBEGIN[0m
  [1m[36mUser Exists (0.6ms)[0m  [1m[34mSELECT  1 AS one FROM "users" WHERE "users"."username" = $1 AND "users"."id" != $2 LIMIT $3[0m  [["username", "kaelen"], ["id", 14], ["LIMIT", 1]]
  [1m[36mUser Exists (0.4ms)[0m  [1m[34mSELECT  1 AS one FROM "users" WHERE "users"."session_token" = $1 AND "users"."id" != $2 LIMIT $3[0m  [["session_token", "Okgm49f5MRKJra7f2XVYYw"], ["id", 14], ["LIMIT", 1]]
  [1m[36mUser Update (0.8ms)[0m  [1m[33mUPDATE "users" SET "session_token" = $1, "updated_at" = $2 WHERE "users"."id" = $3[0m  [["session_token", "Okgm49f5MRKJra7f2XVYYw"], ["updated_at", "2019-04-12 03:28:27.082995"], ["id", 14]]
  [1m[35m (3.8ms)[0m  [1m[35mCOMMIT[0m
Redirected to http://localhost:3000/session/new
Completed 302 Found in 76ms (ActiveRecord: 29.9ms)


Started GET "/session/new" for ::1 at 2019-04-11 20:28:27 -0700
Processing by SessionsController#new as HTML
  Rendering sessions/new.html.erb within layouts/application
  Rendered shared/_errors.html.erb (0.5ms)
  Rendered sessions/new.html.erb within layouts/application (5.4ms)
Completed 200 OK in 43ms (Views: 41.9ms | ActiveRecord: 0.0ms)


Started POST "/session" for ::1 at 2019-04-11 20:28:38 -0700
Processing by SessionsController#create as HTML
  Parameters: {"authenticity_token"=>"zBIT6QjouR0uj3avlNM50KZZKNh4TTVy+9Yv+7EI6mI1BK1OQn4wtk/M4BTtEjoKm4gcuaRx8bcFrCq04ez+aw==", "user"=>{"username"=>"olivia", "password"=>"[FILTERED]"}}
  [1m[36mUser Load (0.7ms)[0m  [1m[34mSELECT  "users".* FROM "users" WHERE "users"."username" = $1 LIMIT $2[0m  [["username", "olivia"], ["LIMIT", 1]]
  Rendering sessions/new.html.erb within layouts/application
  Rendered shared/_errors.html.erb (0.5ms)
  Rendered sessions/new.html.erb within layouts/application (5.5ms)
Completed 200 OK in 50ms (Views: 46.9ms | ActiveRecord: 0.7ms)


Started GET "/users/new" for ::1 at 2019-04-11 20:28:43 -0700
Processing by UsersController#new as HTML
  Rendering users/new.html.erb within layouts/application
  Rendered shared/_errors.html.erb (1.3ms)
  Rendered users/new.html.erb within layouts/application (6.8ms)
Completed 200 OK in 45ms (Views: 43.1ms | ActiveRecord: 0.0ms)


Started POST "/users" for ::1 at 2019-04-11 20:28:49 -0700
Processing by UsersController#create as HTML
  Parameters: {"authenticity_token"=>"WvvSswToZildy/0GapKQQpI//iv6uiwwGVAUhgPRBPyj7WwUTn7vgjyIa70TU5OYr+7KSiaG6PXnKhHJUzUQ9Q==", "user"=>{"username"=>"olivia", "password"=>"[FILTERED]"}}
  [1m[35m (7.1ms)[0m  [1m[35mBEGIN[0m
  [1m[36mUser Exists (0.5ms)[0m  [1m[34mSELECT  1 AS one FROM "users" WHERE "users"."username" = $1 LIMIT $2[0m  [["username", "olivia"], ["LIMIT", 1]]
  [1m[36mUser Exists (0.5ms)[0m  [1m[34mSELECT  1 AS one FROM "users" WHERE "users"."session_token" = $1 LIMIT $2[0m  [["session_token", "Qzn3lusZFu6LtKwJnT5tjQ"], ["LIMIT", 1]]
  [1m[36mUser Create (0.8ms)[0m  [1m[32mINSERT INTO "users" ("password_digest", "session_token", "username", "created_at", "updated_at") VALUES ($1, $2, $3, $4, $5) RETURNING "id"[0m  [["password_digest", "$2a$10$cCrCZ2Otp2Tn6QlDwRNcSOyVpfHi1Ovt/Bxp9K9x6gBqFfNvQpdMq"], ["session_token", "Qzn3lusZFu6LtKwJnT5tjQ"], ["username", "olivia"], ["created_at", "2019-04-12 03:28:49.284599"], ["updated_at", "2019-04-12 03:28:49.284599"]]
  [1m[35m (1.1ms)[0m  [1m[35mCOMMIT[0m
  [1m[35m (0.2ms)[0m  [1m[35mBEGIN[0m
  [1m[36mUser Exists (1.1ms)[0m  [1m[34mSELECT  1 AS one FROM "users" WHERE "users"."username" = $1 AND "users"."id" != $2 LIMIT $3[0m  [["username", "olivia"], ["id", 15], ["LIMIT", 1]]
  [1m[36mUser Exists (2.1ms)[0m  [1m[34mSELECT  1 AS one FROM "users" WHERE "users"."session_token" = $1 AND "users"."id" != $2 LIMIT $3[0m  [["session_token", "QSfomP8Q84vXFyr5XB86Vg"], ["id", 15], ["LIMIT", 1]]
  [1m[36mUser Update (1.5ms)[0m  [1m[33mUPDATE "users" SET "session_token" = $1, "updated_at" = $2 WHERE "users"."id" = $3[0m  [["session_token", "QSfomP8Q84vXFyr5XB86Vg"], ["updated_at", "2019-04-12 03:28:49.340183"], ["id", 15]]
  [1m[35m (1.3ms)[0m  [1m[35mCOMMIT[0m
  Rendering user_mailer/welcome_email.html.erb within layouts/mailer
  Rendered user_mailer/welcome_email.html.erb within layouts/mailer (1.2ms)
  Rendering user_mailer/welcome_email.text.erb within layouts/mailer
  Rendered user_mailer/welcome_email.text.erb within layouts/mailer (0.4ms)
UserMailer#welcome_email: processed outbound mail in 459.2ms
Sent mail to olivia (26.6ms)
Date: Thu, 11 Apr 2019 20:28:50 -0700
From: admin@99cats.com
To: olivia
Message-ID: <5cb005f2297e3_1a383fdaf53aecb4169f@Olivers-Air.mail>
Subject: Welcome to 99 Cats!  SOooo many Cats!
Mime-Version: 1.0
Content-Type: multipart/alternative;
 boundary="--==_mimepart_5cb005f224426_1a383fdaf53aecb41511";
 charset=UTF-8
Content-Transfer-Encoding: 7bit


----==_mimepart_5cb005f224426_1a383fdaf53aecb41511
Content-Type: text/plain;
 charset=UTF-8
Content-Transfer-Encoding: 7bit

olivia, you've done it!  Now to the Cats!

  It could be worse.  There could be only 98 Cats!
  Welcome and enjoy.

  Good decisions are only 99 cats away.


----==_mimepart_5cb005f224426_1a383fdaf53aecb41511
Content-Type: text/html;
 charset=UTF-8
Content-Transfer-Encoding: 7bit

<!DOCTYPE html>
<html>
  <head>
    <meta http-equiv="Content-Type" content="text/html; charset=utf-8" />
    <style>
      /* Email styles need to be inline */
    </style>
  </head>

  <body>
    <!DOCTYPE html>
<html lang="en">
<head>
  <meta charset="UTF-8">
  <meta name="viewport" content="width=device-width, initial-scale=1.0">
  <meta http-equiv="X-UA-Compatible" content="ie=edge">
  <title>Document</title>
</head>
<body>
  <h1> olivia, you've done it!  Now to the Cats!</h1>
  <p>
  It could be worse.  There could be only 98 Cats!
  Welcome and enjoy.
  </p>
<>
</body>
</html>
  </body>
</html>

----==_mimepart_5cb005f224426_1a383fdaf53aecb41511--

Redirected to http://localhost:3000/cats
Completed 302 Found in 1184ms (ActiveRecord: 16.2ms)


Started GET "/cats" for ::1 at 2019-04-11 20:28:50 -0700
Processing by CatsController#index as HTML
  Rendering cats/index.html.erb within layouts/application
  [1m[36mCat Load (19.5ms)[0m  [1m[34mSELECT "cats".* FROM "cats"[0m
  Rendered cats/index.html.erb within layouts/application (24.4ms)
  [1m[36mUser Load (9.5ms)[0m  [1m[34mSELECT  "users".* FROM "users" WHERE "users"."session_token" = $1 LIMIT $2[0m  [["session_token", "QSfomP8Q84vXFyr5XB86Vg"], ["LIMIT", 1]]
Completed 200 OK in 96ms (Views: 65.8ms | ActiveRecord: 29.0ms)


Started DELETE "/session" for ::1 at 2019-04-11 20:30:24 -0700
Processing by SessionsController#destroy as HTML
  Parameters: {"authenticity_token"=>"sQVz/Mhs2W7xYdJdKO6NFAk1cy9OyWT9Nip0DWK3M9xIE81bgvpQxZAiROZRL47ONORHTpL1oDjIUHFCMlMn1Q=="}
  [1m[36mUser Load (0.4ms)[0m  [1m[34mSELECT  "users".* FROM "users" WHERE "users"."session_token" = $1 LIMIT $2[0m  [["session_token", "QSfomP8Q84vXFyr5XB86Vg"], ["LIMIT", 1]]
  [1m[35m (0.2ms)[0m  [1m[35mBEGIN[0m
  [1m[36mUser Exists (0.5ms)[0m  [1m[34mSELECT  1 AS one FROM "users" WHERE "users"."username" = $1 AND "users"."id" != $2 LIMIT $3[0m  [["username", "olivia"], ["id", 15], ["LIMIT", 1]]
  [1m[36mUser Exists (25.6ms)[0m  [1m[34mSELECT  1 AS one FROM "users" WHERE "users"."session_token" = $1 AND "users"."id" != $2 LIMIT $3[0m  [["session_token", "W7rjyiN34EfQ01KlCI7Hww"], ["id", 15], ["LIMIT", 1]]
  [1m[36mUser Update (0.7ms)[0m  [1m[33mUPDATE "users" SET "session_token" = $1, "updated_at" = $2 WHERE "users"."id" = $3[0m  [["session_token", "W7rjyiN34EfQ01KlCI7Hww"], ["updated_at", "2019-04-12 03:30:24.381763"], ["id", 15]]
  [1m[35m (0.8ms)[0m  [1m[35mCOMMIT[0m
Redirected to http://localhost:3000/session/new
Completed 302 Found in 83ms (ActiveRecord: 54.6ms)


Started GET "/session/new" for ::1 at 2019-04-11 20:30:24 -0700
Processing by SessionsController#new as HTML
  Rendering sessions/new.html.erb within layouts/application
  Rendered shared/_errors.html.erb (0.9ms)
  Rendered sessions/new.html.erb within layouts/application (6.4ms)
Completed 200 OK in 69ms (Views: 68.4ms | ActiveRecord: 0.0ms)


Started GET "/users/new" for ::1 at 2019-04-11 20:30:26 -0700
Processing by UsersController#new as HTML
  Rendering users/new.html.erb within layouts/application
  Rendered shared/_errors.html.erb (0.7ms)
  Rendered users/new.html.erb within layouts/application (6.6ms)
Completed 200 OK in 57ms (Views: 54.7ms | ActiveRecord: 0.0ms)


Started POST "/users" for ::1 at 2019-04-11 20:30:36 -0700
Processing by UsersController#create as HTML
  Parameters: {"authenticity_token"=>"VoVVY7zYRKjz0A+0/QqfUN2MASbWJPxDpYP4E1lK5uKvk+vE9k7NA5KTmQ+Ey5yK4F01RwoYOIZb+f1cCa7y6w==", "user"=>{"username"=>"zenny", "password"=>"[FILTERED]"}}
  [1m[35m (0.2ms)[0m  [1m[35mBEGIN[0m
  [1m[36mUser Exists (0.5ms)[0m  [1m[34mSELECT  1 AS one FROM "users" WHERE "users"."username" = $1 LIMIT $2[0m  [["username", "zenny"], ["LIMIT", 1]]
  [1m[36mUser Exists (0.4ms)[0m  [1m[34mSELECT  1 AS one FROM "users" WHERE "users"."session_token" = $1 LIMIT $2[0m  [["session_token", "zhfctfT7uhN6QnVqDXvoPw"], ["LIMIT", 1]]
  [1m[36mUser Create (0.4ms)[0m  [1m[32mINSERT INTO "users" ("password_digest", "session_token", "username", "created_at", "updated_at") VALUES ($1, $2, $3, $4, $5) RETURNING "id"[0m  [["password_digest", "$2a$10$8mKvjUDW9Y3m/IwjpOWMAOgC3LjFX4tTnB..fppZmuc.DVAHAbhTC"], ["session_token", "zhfctfT7uhN6QnVqDXvoPw"], ["username", "zenny"], ["created_at", "2019-04-12 03:30:36.752321"], ["updated_at", "2019-04-12 03:30:36.752321"]]
  [1m[35m (0.4ms)[0m  [1m[35mCOMMIT[0m
  [1m[35m (0.1ms)[0m  [1m[35mBEGIN[0m
  [1m[36mUser Exists (26.1ms)[0m  [1m[34mSELECT  1 AS one FROM "users" WHERE "users"."username" = $1 AND "users"."id" != $2 LIMIT $3[0m  [["username", "zenny"], ["id", 16], ["LIMIT", 1]]
  [1m[36mUser Exists (2.1ms)[0m  [1m[34mSELECT  1 AS one FROM "users" WHERE "users"."session_token" = $1 AND "users"."id" != $2 LIMIT $3[0m  [["session_token", "pz61OXmMZICEE9uQNo9kuQ"], ["id", 16], ["LIMIT", 1]]
  [1m[36mUser Update (0.7ms)[0m  [1m[33mUPDATE "users" SET "session_token" = $1, "updated_at" = $2 WHERE "users"."id" = $3[0m  [["session_token", "pz61OXmMZICEE9uQNo9kuQ"], ["updated_at", "2019-04-12 03:30:36.798981"], ["id", 16]]
  [1m[35m (0.6ms)[0m  [1m[35mCOMMIT[0m
Started GET "/" for ::1 at 2019-04-11 20:32:41 -0700
  [1m[35m (2.7ms)[0m  [1m[34mSELECT "schema_migrations"."version" FROM "schema_migrations" ORDER BY "schema_migrations"."version" ASC[0m
Started GET "/cats" for ::1 at 2019-04-11 20:32:41 -0700
Processing by CatsController#index as HTML
  Rendering cats/index.html.erb within layouts/application
  [1m[36mCat Load (2.3ms)[0m  [1m[34mSELECT "cats".* FROM "cats"[0m
  Rendered cats/index.html.erb within layouts/application (32.2ms)
Completed 200 OK in 378ms (Views: 345.2ms | ActiveRecord: 16.3ms)


Started GET "/users/new" for ::1 at 2019-04-11 20:32:43 -0700
Processing by UsersController#new as HTML
  Rendering users/new.html.erb within layouts/application
  Rendered shared/_errors.html.erb (0.7ms)
  Rendered users/new.html.erb within layouts/application (7.1ms)
Completed 200 OK in 90ms (Views: 51.6ms | ActiveRecord: 25.5ms)


Started POST "/users" for ::1 at 2019-04-11 20:32:48 -0700
Processing by UsersController#create as HTML
  Parameters: {"authenticity_token"=>"hSbwYoSwEuIkSBe5DPRcWx3UOvxDLg6yZ1c2HIcl6yF8ME7FziabSUULgQJ1NV+BIAUOnZ8SyneZLTNT18H/KA==", "user"=>{"username"=>"zenny", "password"=>"[FILTERED]"}}
  [1m[35m (9.9ms)[0m  [1m[35mBEGIN[0m
  [1m[36mUser Exists (3.7ms)[0m  [1m[34mSELECT  1 AS one FROM "users" WHERE "users"."username" = $1 LIMIT $2[0m  [["username", "zenny"], ["LIMIT", 1]]
  [1m[36mUser Exists (1.9ms)[0m  [1m[34mSELECT  1 AS one FROM "users" WHERE "users"."session_token" = $1 LIMIT $2[0m  [["session_token", "rAzW-0GU7g7EFbwxOZ1pzg"], ["LIMIT", 1]]
  [1m[35m (0.3ms)[0m  [1m[31mROLLBACK[0m
  Rendering users/new.html.erb within layouts/application
  Rendered shared/_errors.html.erb (0.4ms)
  Rendered users/new.html.erb within layouts/application (4.4ms)
Completed 200 OK in 1393ms (Views: 43.5ms | ActiveRecord: 15.8ms)


Started POST "/users" for ::1 at 2019-04-11 20:33:06 -0700
Processing by UsersController#create as HTML
  Parameters: {"authenticity_token"=>"YXOEok3ikUitHXraqkJZv2rPrfla3CP19vIXIJIgdFiYZToFB3QY48xe7GHTg1plVx6ZmIbg5zAIiBJvwsRgUQ==", "user"=>{"username"=>"momo", "password"=>"[FILTERED]"}}
  [1m[35m (3.2ms)[0m  [1m[35mBEGIN[0m
  [1m[36mUser Exists (0.4ms)[0m  [1m[34mSELECT  1 AS one FROM "users" WHERE "users"."username" = $1 LIMIT $2[0m  [["username", "momo"], ["LIMIT", 1]]
  [1m[36mUser Exists (0.4ms)[0m  [1m[34mSELECT  1 AS one FROM "users" WHERE "users"."session_token" = $1 LIMIT $2[0m  [["session_token", "fJp9AQCuitCPYiuZdQJejQ"], ["LIMIT", 1]]
  [1m[36mUser Create (0.8ms)[0m  [1m[32mINSERT INTO "users" ("password_digest", "session_token", "username", "created_at", "updated_at") VALUES ($1, $2, $3, $4, $5) RETURNING "id"[0m  [["password_digest", "$2a$10$CLAyq707WVPY.cSvn0ZC9u5eAdnZOLHo9wcLwzVcLXG./Uhf2cUau"], ["session_token", "fJp9AQCuitCPYiuZdQJejQ"], ["username", "momo"], ["created_at", "2019-04-12 03:33:06.638327"], ["updated_at", "2019-04-12 03:33:06.638327"]]
  [1m[35m (1.7ms)[0m  [1m[35mCOMMIT[0m
  [1m[35m (0.1ms)[0m  [1m[35mBEGIN[0m
  [1m[36mUser Exists (0.6ms)[0m  [1m[34mSELECT  1 AS one FROM "users" WHERE "users"."username" = $1 AND "users"."id" != $2 LIMIT $3[0m  [["username", "momo"], ["id", 17], ["LIMIT", 1]]
  [1m[36mUser Exists (19.2ms)[0m  [1m[34mSELECT  1 AS one FROM "users" WHERE "users"."session_token" = $1 AND "users"."id" != $2 LIMIT $3[0m  [["session_token", "fm01Ak97eFDktNotD0lIRQ"], ["id", 17], ["LIMIT", 1]]
  [1m[36mUser Update (0.7ms)[0m  [1m[33mUPDATE "users" SET "session_token" = $1, "updated_at" = $2 WHERE "users"."id" = $3[0m  [["session_token", "fm01Ak97eFDktNotD0lIRQ"], ["updated_at", "2019-04-12 03:33:06.686579"], ["id", 17]]
  [1m[35m (0.6ms)[0m  [1m[35mCOMMIT[0m
  Rendering user_mailer/welcome_email.html.erb within layouts/mailer
  Rendered user_mailer/welcome_email.html.erb within layouts/mailer (1.2ms)
  Rendering user_mailer/welcome_email.text.erb within layouts/mailer
  Rendered user_mailer/welcome_email.text.erb within layouts/mailer (0.7ms)
UserMailer#welcome_email: processed outbound mail in 326.7ms
Sent mail to momo (55.3ms)
Date: Thu, 11 Apr 2019 20:33:07 -0700
From: admin@99cats.com
To: momo
Message-ID: <5cb006f35b068_1b5f3ffd8fd635f42677c@Olivers-Air.mail>
Subject: Welcome to 99 Cats!  SOooo many Cats!
Mime-Version: 1.0
Content-Type: multipart/alternative;
 boundary="--==_mimepart_5cb006f3583fd_1b5f3ffd8fd635f426641";
 charset=UTF-8
Content-Transfer-Encoding: 7bit


----==_mimepart_5cb006f3583fd_1b5f3ffd8fd635f426641
Content-Type: text/plain;
 charset=UTF-8
Content-Transfer-Encoding: 7bit

momo, you've done it!  Now to the Cats!

  It could be worse.  There could be only 98 Cats!
  Welcome and enjoy.

  Good decisions are only 99 cats away.


----==_mimepart_5cb006f3583fd_1b5f3ffd8fd635f426641
Content-Type: text/html;
 charset=UTF-8
Content-Transfer-Encoding: 7bit

<!DOCTYPE html>
<html>
  <head>
    <meta http-equiv="Content-Type" content="text/html; charset=utf-8" />
    <style>
      /* Email styles need to be inline */
    </style>
  </head>

  <body>
    <!DOCTYPE html>
<html lang="en">
<head>
  <meta charset="UTF-8">
  <meta name="viewport" content="width=device-width, initial-scale=1.0">
  <meta http-equiv="X-UA-Compatible" content="ie=edge">
  <title>Document</title>
</head>
<body>
  <h1> momo, you've done it!  Now to the Cats!</h1>
  <p>
  It could be worse.  There could be only 98 Cats!
  Welcome and enjoy.
  </p>
<>
</body>
</html>
  </body>
</html>

----==_mimepart_5cb006f3583fd_1b5f3ffd8fd635f426641--

Redirected to http://localhost:3000/cats
Completed 302 Found in 954ms (ActiveRecord: 27.9ms)


Started GET "/cats" for ::1 at 2019-04-11 20:33:07 -0700
Processing by CatsController#index as HTML
  Rendering cats/index.html.erb within layouts/application
  [1m[36mCat Load (5.4ms)[0m  [1m[34mSELECT "cats".* FROM "cats"[0m
  Rendered cats/index.html.erb within layouts/application (11.9ms)
  [1m[36mUser Load (0.9ms)[0m  [1m[34mSELECT  "users".* FROM "users" WHERE "users"."session_token" = $1 LIMIT $2[0m  [["session_token", "fm01Ak97eFDktNotD0lIRQ"], ["LIMIT", 1]]
Completed 200 OK in 76ms (Views: 57.2ms | ActiveRecord: 18.4ms)


